[2025-05-13 19:34:43] === Advanced NS-RAM System Analogy Stress Test v2.2 ===
[2025-05-13 19:34:43] Start time: Tue May 13 07:34:43 PM CEST 2025
[2025-05-13 19:34:43] !!! EXTREME WARNING: DANGEROUS & EXPERIMENTAL SCRIPT !!!
[2025-05-13 19:34:43] Mode: ALL
[2025-05-13 19:34:43] CPU: Intel(R) Core(TM) i7-8559U CPU @ 2.70GHz
BIOS Intel(R) Core(TM) i7-8559U CPU @ 2.70GHz To Be Filled By O.E.M. CPU @ 2.3GHz
[2025-05-13 19:34:43] Kernel: 6.11.0-25-generic
[2025-05-13 19:34:43] [*] Initial system configuration...
[2025-05-13 19:34:43] [*] Compiling custom stress tools...
[2025-05-13 19:34:43] [*] Compiling enhanced hammer tool (v2.2)...
[2025-05-13 19:34:45] [+] Hammer compilation successful.
[2025-05-13 19:34:45] [*] Compiling enhanced spec_havoc tool (v2.1)...
[2025-05-13 19:34:45] [+] Spec Havoc compilation successful.
[2025-05-13 19:34:45] [1] CAPTURING SYSTEM BASELINE
[2025-05-13 19:34:46]   Initial frequency: 2700000 KHz, Initial temp: 31.0 C
[2025-05-13 19:34:46]   Running Baseline Performance (Sysbench with Perf)...
[2025-05-13 19:34:46]   Running sysbench CPU benchmark with perf...
[2025-05-13 19:34:46]     Using perf stat with CSV output.
[2025-05-13 19:35:06]     Sysbench score: 3323.89 events/sec
[2025-05-13 19:35:06]     Perf Metrics: IPC=N/A, L1D Misses=5271054, LLC Misses=122798, Branch Misses=241908351
[2025-05-13 19:35:06]   Baseline Sysbench CPU Score: 3323.89 events/sec
[2025-05-13 19:35:06]   Baseline Perf: IPC=N/A, L1D=5271054, LLC=122798, Branch=241908351
[2025-05-13 19:35:06]   Running Baseline Memory Bandwidth (mbw)...
[2025-05-13 19:35:06]   Running mbw memory benchmark...
[2025-05-13 19:35:13]     WARN: Failed to parse AVG line from mbw. Attempting to average individual MEMCPY results.
[2025-05-13 19:35:13]     MBW Score: 7608.35 MB/s
[2025-05-13 19:35:13]   Baseline MBW Score: 7608.35 MB/s
[2025-05-13 19:35:13]   Getting Baseline ECC Errors...
[2025-05-13 19:35:13]   Checking ECC errors...
[2025-05-13 19:35:13]     WARN: EDAC kernel modules not loaded or no errors reported by edac-ctl. Skipping ECC check.
[2025-05-13 19:35:13]   Baseline ECC: CE=N/A, UE=N/A
[2025-05-13 19:35:13] [*] Generating test data (25 MB)...
[2025-05-13 19:35:14] Original data hash (MD5): ff4e733d570ba34a66b32b91cda16b2f
[2025-05-13 19:35:14] \n[2] NEURON MODE TEST (LIF Analogy)
[2025-05-13 19:35:14] Neuron Cycle 1/5: Applying Pulse (τon)...
[2025-05-13 19:35:14]   Applying stress level 'max' for 5s: --cpu 8 --matrix 8 --vm 8 --vm-bytes 1G --cpu-method all
[2025-05-13 19:35:19]     Timeout reached for stress level 'max', ensuring process 187952 is stopped.
[2025-05-13 19:35:20]   Stress level 'max' application finished.
[2025-05-13 19:35:20]   Running sysbench CPU benchmark with perf...
[2025-05-13 19:35:20]     Using perf stat with CSV output.
[2025-05-13 19:35:40]     Sysbench score: 3322.92 events/sec
[2025-05-13 19:35:40]     Perf Metrics: IPC=N/A, L1D Misses=5087620, LLC Misses=120230, Branch Misses=234251876
[2025-05-13 19:35:40] [*] Cleaning up processes and files...
[2025-05-13 19:35:40]   Process group ID not found or is self, using pkill -P 187206
[2025-05-13 19:35:41] [*] Resetting system state...
[2025-05-13 19:35:41]   Attempting to set CPU governor to powersave...
[2025-05-13 19:35:41]   Attempting to re-enable Intel P-state turbo...
[2025-05-13 19:35:41]   Attempting to reset ASLR to default...
[2025-05-13 19:35:41] [*] Cleanup finished.
