[2025-05-13 19:25:33] === Advanced NS-RAM System Analogy Stress Test v2.2 ===
[2025-05-13 19:25:33] Start time: Tue May 13 07:25:33 PM CEST 2025
[2025-05-13 19:25:33] !!! EXTREME WARNING: DANGEROUS & EXPERIMENTAL SCRIPT !!!
[2025-05-13 19:25:33] Mode: ALL
[2025-05-13 19:25:33] CPU: Intel(R) Core(TM) i7-8559U CPU @ 2.70GHz
BIOS Intel(R) Core(TM) i7-8559U CPU @ 2.70GHz To Be Filled By O.E.M. CPU @ 2.3GHz
[2025-05-13 19:25:33] Kernel: 6.11.0-25-generic
[2025-05-13 19:25:33] [*] Initial system configuration...
[2025-05-13 19:25:33] [*] Compiling custom stress tools...
[2025-05-13 19:25:33] [*] Compiling enhanced hammer tool (v2.2)...
[2025-05-13 19:25:34] [+] Hammer compilation successful.
[2025-05-13 19:25:34] [*] Compiling enhanced spec_havoc tool (v2.1)...
[2025-05-13 19:25:34] [+] Spec Havoc compilation successful.
[2025-05-13 19:25:34] [1] CAPTURING SYSTEM BASELINE
[2025-05-13 19:25:35]   Initial frequency: 2700000 KHz, Initial temp: 29.0 C
[2025-05-13 19:25:35]   Running Baseline Performance (Sysbench with Perf)...
[2025-05-13 19:25:35]   Running sysbench CPU benchmark with perf...
[2025-05-13 19:25:35]     Using perf stat with CSV output.
[2025-05-13 19:25:55]     Sysbench score: 3321.85 events/sec
[2025-05-13 19:25:55]     Perf Metrics: IPC=N/A, L1D Misses=5206311, LLC Misses=118682, Branch Misses=242098429
[2025-05-13 19:25:55]   Baseline Sysbench CPU Score: 3321.85 events/sec
[2025-05-13 19:25:55]   Baseline Perf: IPC=N/A, L1D=N/A, LLC=N/A, Branch=N/A
[2025-05-13 19:25:55]   Running Baseline Memory Bandwidth (mbw)...
[2025-05-13 19:25:55]   Running mbw memory benchmark...
[2025-05-13 19:26:03]     WARN: Failed to parse AVG line from mbw. Attempting to average individual MEMCPY results.
[2025-05-13 19:26:03]     MBW Score: 7740.05 MB/s
[2025-05-13 19:26:03]   Baseline MBW Score: 7740.05 MB/s
[2025-05-13 19:26:03]   Getting Baseline ECC Errors...
[2025-05-13 19:26:03]   Checking ECC errors...
[2025-05-13 19:26:03]     WARN: EDAC kernel modules not loaded or no errors reported by edac-ctl. Skipping ECC check.
[2025-05-13 19:26:03]   Baseline ECC: CE=N/A, UE=N/A
[2025-05-13 19:26:03] [*] Generating test data (25 MB)...
[2025-05-13 19:26:03] Original data hash (MD5): 8ac240ef6d413e36e4678dad128edcfa
[2025-05-13 19:26:04] \n[2] NEURON MODE TEST (LIF Analogy)
[2025-05-13 19:26:04] Neuron Cycle 1/5: Applying Pulse (τon)...
[2025-05-13 19:26:04]   Applying stress level 'max' for 5s: --cpu 8 --matrix 8 --vm 8 --vm-bytes 1G --cpu-method all
[2025-05-13 19:26:09]     stress-ng process 186726 finished early or was killed.
[2025-05-13 19:26:09]   Stress level 'max' application finished.
[2025-05-13 19:26:09]   Running sysbench CPU benchmark with perf...
[2025-05-13 19:26:10]     Using perf stat with CSV output.
[2025-05-13 19:26:30]     Sysbench score: 3319.25 events/sec
[2025-05-13 19:26:30]     Perf Metrics: IPC=N/A, L1D Misses=5307374, LLC Misses=125267, Branch Misses=233906980
[2025-05-13 19:26:30] [*] Cleaning up processes and files...
[2025-05-13 19:26:30]   Process group ID not found or is self, using pkill -P 185982
[2025-05-13 19:26:30] [*] Resetting system state...
[2025-05-13 19:26:30]   Attempting to set CPU governor to powersave...
[2025-05-13 19:26:30] [*] Cleanup finished.
