[10:01:45] === Advanced NS-RAM System Analogy Stress Test v2 ===
[10:01:45] Start time: Tue May 13 10:01:45 AM CEST 2025
[10:01:45] !!! EXTREME WARNING: DANGEROUS & EXPERIMENTAL SCRIPT !!!
[10:01:45] Mode: ALL
[10:01:45] CPU: Intel(R) Core(TM) i7-8559U CPU @ 2.70GHz
BIOS Intel(R) Core(TM) i7-8559U CPU @ 2.70GHz To Be Filled By O.E.M. CPU @ 2.3GHz
[10:01:45] Kernel: 6.11.0-25-generic
[10:01:45] [*] Warming up sysbench...
[10:01:55] [1] SYSTEM SETUP & BASELINE
[10:01:55] [*] Setting performance governor & disabling turbo/boost...
[10:01:55] [*] Disabling ASLR...
[10:01:56] Initial frequency: 2700407 KHz
[10:01:56] Initial temp: 39 C
[10:01:56] [*] Compiling custom stress tools (hammer, spec_havoc)...
[10:01:57] [*] Running Baseline Performance (Sysbench)...
[10:01:57]   Running sysbench CPU benchmark...
[10:02:07] Baseline Sysbench CPU Score: [10:01:57]   Running sysbench CPU benchmark...
3322.35 events/sec
[10:02:07] [*] Generating test data (20 MB)...
[10:02:07] Original data hash (MD5): 5ce1eaa8d67245024ecfe0eb346a5c78
[10:02:07] \n[2] NEURON MODE TEST (LIF Analogy)
[10:02:07] Parameters: Amplitude='max', ON=5s, OFF=5s, Cycles=10
[10:02:07] Estimated duration: 100s
[10:02:07] Neuron Cycle 1/10: Applying Pulse (ON)...
[10:02:07]   Applying stress level 'max' for 5s: --cpu 8 --matrix 8 --vm 8 --vm-bytes 1G --cpu-method all
[10:02:12]   Stress level 'max' finished.
[10:02:12]   Pulse End: Temp=48C, Freq=2700355KHz
[10:02:12] Neuron Cycle 1/10: Recovery phase (OFF - Leaking)...
[10:02:17]   Recovery End: Temp=39C (Drop: 9C), Freq=2699992KHz (Recovered: true)
[10:02:17]   Recovery Time Measured (tau_r analogy): 5.003892443s
[10:02:17] Neuron Cycle 2/10: Applying Pulse (ON)...
[10:02:17]   Applying stress level 'max' for 5s: --cpu 8 --matrix 8 --vm 8 --vm-bytes 1G --cpu-method all
[10:02:22]   Stress level 'max' finished.
[10:02:22]   Pulse End: Temp=47C, Freq=2700034KHz
[10:02:22] Neuron Cycle 2/10: Recovery phase (OFF - Leaking)...
[10:02:27]   Recovery End: Temp=39C (Drop: 8C), Freq=2700014KHz (Recovered: true)
[10:02:27]   Recovery Time Measured (tau_r analogy): 5.003032279s
[10:02:27] Neuron Cycle 3/10: Applying Pulse (ON)...
[10:02:27]   Applying stress level 'max' for 5s: --cpu 8 --matrix 8 --vm 8 --vm-bytes 1G --cpu-method all
[10:02:32]   Stress level 'max' finished.
[10:02:32]   Pulse End: Temp=47C, Freq=2699910KHz
[10:02:32] Neuron Cycle 3/10: Recovery phase (OFF - Leaking)...
[10:02:37]   Recovery End: Temp=39C (Drop: 8C), Freq=2700034KHz (Recovered: true)
[10:02:37]   Recovery Time Measured (tau_r analogy): 5.003893030s
[10:02:37] Neuron Cycle 4/10: Applying Pulse (ON)...
[10:02:37]   Applying stress level 'max' for 5s: --cpu 8 --matrix 8 --vm 8 --vm-bytes 1G --cpu-method all
[10:02:43]   Stress level 'max' finished.
[10:02:43]   Pulse End: Temp=47C, Freq=2700015KHz
[10:02:43] Neuron Cycle 4/10: Recovery phase (OFF - Leaking)...
[10:02:48]   Recovery End: Temp=40C (Drop: 7C), Freq=2701551KHz (Recovered: true)
[10:02:48]   Recovery Time Measured (tau_r analogy): 5.003873093s
[10:02:48] Neuron Cycle 5/10: Applying Pulse (ON)...
[10:02:48]   Applying stress level 'max' for 5s: --cpu 8 --matrix 8 --vm 8 --vm-bytes 1G --cpu-method all
[10:02:53]   Stress level 'max' finished.
[10:02:53]   Pulse End: Temp=43C, Freq=2699425KHz
[10:02:53] Neuron Cycle 5/10: Recovery phase (OFF - Leaking)...
[10:02:58]   Recovery End: Temp=40C (Drop: 3C), Freq=2699818KHz (Recovered: true)
[10:02:58]   Recovery Time Measured (tau_r analogy): 5.003779531s
[10:02:58]   [!] WARN: Low temperature drop during recovery (< 5C). System may be heat-saturated.
[10:02:58] Neuron Cycle 6/10: Applying Pulse (ON)...
[10:02:58]   Applying stress level 'max' for 5s: --cpu 8 --matrix 8 --vm 8 --vm-bytes 1G --cpu-method all
[10:03:04]   Stress level 'max' finished.
[10:03:04]   Pulse End: Temp=43C, Freq=2701556KHz
[10:03:04] Neuron Cycle 6/10: Recovery phase (OFF - Leaking)...
[10:03:09]   Recovery End: Temp=40C (Drop: 3C), Freq=2700032KHz (Recovered: true)
[10:03:09]   Recovery Time Measured (tau_r analogy): 5.003983247s
[10:03:09]   [!] WARN: Low temperature drop during recovery (< 5C). System may be heat-saturated.
[10:03:09] Neuron Cycle 7/10: Applying Pulse (ON)...
[10:03:09]   Applying stress level 'max' for 5s: --cpu 8 --matrix 8 --vm 8 --vm-bytes 1G --cpu-method all
[10:03:14]   Stress level 'max' finished.
[10:03:14]   Pulse End: Temp=46C, Freq=2699345KHz
[10:03:14] Neuron Cycle 7/10: Recovery phase (OFF - Leaking)...
[10:03:19]   Recovery End: Temp=39C (Drop: 7C), Freq=2700098KHz (Recovered: true)
[10:03:19]   Recovery Time Measured (tau_r analogy): 5.003178653s
[10:03:19] Neuron Cycle 8/10: Applying Pulse (ON)...
[10:03:19]   Applying stress level 'max' for 5s: --cpu 8 --matrix 8 --vm 8 --vm-bytes 1G --cpu-method all
[10:03:24]   Stress level 'max' finished.
[10:03:24]   Pulse End: Temp=43C, Freq=2699993KHz
[10:03:24] Neuron Cycle 8/10: Recovery phase (OFF - Leaking)...
[10:03:29]   Recovery End: Temp=41C (Drop: 2C), Freq=2700112KHz (Recovered: true)
[10:03:29]   Recovery Time Measured (tau_r analogy): 5.003318332s
[10:03:29]   [!] WARN: Low temperature drop during recovery (< 5C). System may be heat-saturated.
[10:03:29] Neuron Cycle 9/10: Applying Pulse (ON)...
[10:03:29]   Applying stress level 'max' for 5s: --cpu 8 --matrix 8 --vm 8 --vm-bytes 1G --cpu-method all
[10:03:35]   Stress level 'max' finished.
[10:03:35]   Pulse End: Temp=45C, Freq=2700003KHz
[10:03:35] Neuron Cycle 9/10: Recovery phase (OFF - Leaking)...
[10:03:40]   Recovery End: Temp=41C (Drop: 4C), Freq=2699984KHz (Recovered: true)
[10:03:40]   Recovery Time Measured (tau_r analogy): 5.002983005s
[10:03:40]   [!] WARN: Low temperature drop during recovery (< 5C). System may be heat-saturated.
[10:03:40] Neuron Cycle 10/10: Applying Pulse (ON)...
[10:03:40]   Applying stress level 'max' for 5s: --cpu 8 --matrix 8 --vm 8 --vm-bytes 1G --cpu-method all
[10:03:47]   Stress level 'max' finished.
[10:03:47]   Pulse End: Temp=43C, Freq=2699893KHz
[10:03:47] Neuron Cycle 10/10: Recovery phase (OFF - Leaking)...
[10:03:52]   Recovery End: Temp=41C (Drop: 2C), Freq=2699586KHz (Recovered: true)
[10:03:52]   Recovery Time Measured (tau_r analogy): 5.003985935s
[10:03:52]   [!] WARN: Low temperature drop during recovery (< 5C). System may be heat-saturated.
[10:03:52] [✓] NEURON MODE COMPLETED: System processed 10 pulses. Check warnings for recovery issues.
[10:03:52] \n[3] SYNAPSE MODE TEST (Short-Term Plasticity Analogy)
[10:03:52] Parameters: POT_Load='high', DEP_Load='idle', Pulse=3s
[10:03:52] POT Pulses=5, DEP Pulses=5, Forget=30s, Cycles=3
[10:03:52] \nShort-Term Cycle 1/3: Starting Potentiation...
[10:03:54]   Running sysbench CPU benchmark...
[10:04:04]   Cycle Start State (Sysbench Score): [10:03:54]   Running sysbench CPU benchmark...
3323.75 events/sec
[10:04:04]   Potentiation Pulse 1/5...
[10:04:04]   Applying stress level 'high' for 3s: --cpu 8 --matrix 0 --vm 8 --vm-bytes 512M --cpu-method int64,float
[10:04:07]   Stress level 'high' finished.
[10:04:09]   Running sysbench CPU benchmark...
[10:04:19]     State after POT Pulse 1: [10:04:09]   Running sysbench CPU benchmark...
3323.41 events/sec
[10:04:19]   Potentiation Pulse 2/5...
[10:04:19]   Applying stress level 'high' for 3s: --cpu 8 --matrix 0 --vm 8 --vm-bytes 512M --cpu-method int64,float
[10:04:22]   Stress level 'high' finished.
[10:04:24]   Running sysbench CPU benchmark...
[10:04:34]     State after POT Pulse 2: [10:04:24]   Running sysbench CPU benchmark...
3321.48 events/sec
[10:04:34]   Potentiation Pulse 3/5...
[10:04:34]   Applying stress level 'high' for 3s: --cpu 8 --matrix 0 --vm 8 --vm-bytes 512M --cpu-method int64,float
[10:04:37]   Stress level 'high' finished.
[10:04:39]   Running sysbench CPU benchmark...
[10:04:49]     State after POT Pulse 3: [10:04:39]   Running sysbench CPU benchmark...
3321.75 events/sec
[10:04:49]   Potentiation Pulse 4/5...
[10:04:49]   Applying stress level 'high' for 3s: --cpu 8 --matrix 0 --vm 8 --vm-bytes 512M --cpu-method int64,float
[10:04:52]   Stress level 'high' finished.
[10:04:54]   Running sysbench CPU benchmark...
[10:05:04]     State after POT Pulse 4: [10:04:54]   Running sysbench CPU benchmark...
3321.97 events/sec
[10:05:04]   Potentiation Pulse 5/5...
[10:05:04]   Applying stress level 'high' for 3s: --cpu 8 --matrix 0 --vm 8 --vm-bytes 512M --cpu-method int64,float
[10:05:07]   Stress level 'high' finished.
[10:05:09]   Running sysbench CPU benchmark...
[10:05:19]     State after POT Pulse 5: [10:05:09]   Running sysbench CPU benchmark...
3321.40 events/sec
[10:05:19] Short-Term Cycle 1/3: Starting Depression...
[10:05:19]   Depression Pulse 1/5...
[10:05:19]   Applying IDLE state for 3s.
[10:05:24]   Running sysbench CPU benchmark...
[10:05:34]     State after DEP Pulse 1: [10:05:24]   Running sysbench CPU benchmark...
3321.41 events/sec
[10:05:34]   Depression Pulse 2/5...
[10:05:34]   Applying IDLE state for 3s.
[10:05:39]   Running sysbench CPU benchmark...
[10:05:49]     State after DEP Pulse 2: [10:05:39]   Running sysbench CPU benchmark...
3320.68 events/sec
[10:05:49]   Depression Pulse 3/5...
[10:05:49]   Applying IDLE state for 3s.
[10:05:54]   Running sysbench CPU benchmark...
[10:06:04]     State after DEP Pulse 3: [10:05:54]   Running sysbench CPU benchmark...
3322.11 events/sec
[10:06:04]   Depression Pulse 4/5...
[10:06:04]   Applying IDLE state for 3s.
[10:06:09]   Running sysbench CPU benchmark...
[10:06:19]     State after DEP Pulse 4: [10:06:09]   Running sysbench CPU benchmark...
3319.72 events/sec
[10:06:19]   Depression Pulse 5/5...
[10:06:19]   Applying IDLE state for 3s.
[10:06:24]   Running sysbench CPU benchmark...
[10:06:34]     State after DEP Pulse 5: [10:06:24]   Running sysbench CPU benchmark...
3323.40 events/sec
[10:06:34] Short-Term Cycle 1/3: Starting Forgetting/Relaxation Phase (30s)...
[10:06:39]   Running sysbench CPU benchmark...
[10:06:49]   Forget Time +0s: State=[10:06:39]   Running sysbench CPU benchmark...
3326.28 events/sec
[10:06:54]   Running sysbench CPU benchmark...
[10:07:04]   Forget Time +15s: State=[10:06:54]   Running sysbench CPU benchmark...
3320.08 events/sec
[10:07:04]   Forgetting phase complete.
[10:07:06]   Running sysbench CPU benchmark...
[10:07:16]   Final State after Forget: [10:07:06]   Running sysbench CPU benchmark...
3322.90 events/sec
[10:07:16]   Recovery comparison skipped (invalid scores).
[10:07:16] \nShort-Term Cycle 2/3: Starting Potentiation...
[10:07:18]   Running sysbench CPU benchmark...
[10:07:28]   Cycle Start State (Sysbench Score): [10:07:18]   Running sysbench CPU benchmark...
3317.26 events/sec
[10:07:28]   Potentiation Pulse 1/5...
[10:07:28]   Applying stress level 'high' for 3s: --cpu 8 --matrix 0 --vm 8 --vm-bytes 512M --cpu-method int64,float
[10:07:31]   Stress level 'high' finished.
[10:07:33]   Running sysbench CPU benchmark...
[10:07:43]     State after POT Pulse 1: [10:07:33]   Running sysbench CPU benchmark...
3320.73 events/sec
[10:07:43]   Potentiation Pulse 2/5...
[10:07:43]   Applying stress level 'high' for 3s: --cpu 8 --matrix 0 --vm 8 --vm-bytes 512M --cpu-method int64,float
[10:07:46]   Stress level 'high' finished.
[10:07:48]   Running sysbench CPU benchmark...
[10:07:58]     State after POT Pulse 2: [10:07:48]   Running sysbench CPU benchmark...
3321.96 events/sec
[10:07:58]   Potentiation Pulse 3/5...
[10:07:58]   Applying stress level 'high' for 3s: --cpu 8 --matrix 0 --vm 8 --vm-bytes 512M --cpu-method int64,float
[10:08:01]   Stress level 'high' finished.
[10:08:03]   Running sysbench CPU benchmark...
[10:08:13]     State after POT Pulse 3: [10:08:03]   Running sysbench CPU benchmark...
3322.29 events/sec
[10:08:13]   Potentiation Pulse 4/5...
[10:08:13]   Applying stress level 'high' for 3s: --cpu 8 --matrix 0 --vm 8 --vm-bytes 512M --cpu-method int64,float
[10:08:16]   Stress level 'high' finished.
[10:08:18]   Running sysbench CPU benchmark...
[10:08:28]     State after POT Pulse 4: [10:08:18]   Running sysbench CPU benchmark...
3322.84 events/sec
[10:08:28]   Potentiation Pulse 5/5...
[10:08:28]   Applying stress level 'high' for 3s: --cpu 8 --matrix 0 --vm 8 --vm-bytes 512M --cpu-method int64,float
[10:08:31]   Stress level 'high' finished.
[10:08:33]   Running sysbench CPU benchmark...
[10:08:43]     State after POT Pulse 5: [10:08:33]   Running sysbench CPU benchmark...
3319.10 events/sec
[10:08:43] Short-Term Cycle 2/3: Starting Depression...
[10:08:43]   Depression Pulse 1/5...
[10:08:43]   Applying IDLE state for 3s.
[10:08:48]   Running sysbench CPU benchmark...
[10:08:58]     State after DEP Pulse 1: [10:08:48]   Running sysbench CPU benchmark...
3322.93 events/sec
[10:08:58]   Depression Pulse 2/5...
[10:08:58]   Applying IDLE state for 3s.
[10:09:03]   Running sysbench CPU benchmark...
[10:09:13]     State after DEP Pulse 2: [10:09:03]   Running sysbench CPU benchmark...
3322.58 events/sec
[10:09:13]   Depression Pulse 3/5...
[10:09:13]   Applying IDLE state for 3s.
[10:09:18]   Running sysbench CPU benchmark...
[10:09:28]     State after DEP Pulse 3: [10:09:18]   Running sysbench CPU benchmark...
3316.99 events/sec
[10:09:28]   Depression Pulse 4/5...
[10:09:28]   Applying IDLE state for 3s.
[10:09:33]   Running sysbench CPU benchmark...
[10:09:43]     State after DEP Pulse 4: [10:09:33]   Running sysbench CPU benchmark...
3319.73 events/sec
[10:09:43]   Depression Pulse 5/5...
[10:09:43]   Applying IDLE state for 3s.
[10:09:48]   Running sysbench CPU benchmark...
[10:09:58]     State after DEP Pulse 5: [10:09:48]   Running sysbench CPU benchmark...
3320.37 events/sec
[10:09:58] Short-Term Cycle 2/3: Starting Forgetting/Relaxation Phase (30s)...
[10:10:03]   Running sysbench CPU benchmark...
[10:10:13]   Forget Time +0s: State=[10:10:03]   Running sysbench CPU benchmark...
3318.91 events/sec
[10:10:18]   Running sysbench CPU benchmark...
[10:10:28]   Forget Time +15s: State=[10:10:18]   Running sysbench CPU benchmark...
3321.33 events/sec
[10:10:28]   Forgetting phase complete.
[10:10:30]   Running sysbench CPU benchmark...
[10:10:41]   Final State after Forget: [10:10:30]   Running sysbench CPU benchmark...
3320.70 events/sec
[10:10:41]   Recovery comparison skipped (invalid scores).
[10:10:41] \nShort-Term Cycle 3/3: Starting Potentiation...
[10:10:43]   Running sysbench CPU benchmark...
[10:10:53]   Cycle Start State (Sysbench Score): [10:10:43]   Running sysbench CPU benchmark...
3320.94 events/sec
[10:10:53]   Potentiation Pulse 1/5...
[10:10:53]   Applying stress level 'high' for 3s: --cpu 8 --matrix 0 --vm 8 --vm-bytes 512M --cpu-method int64,float
[10:10:56]   Stress level 'high' finished.
[10:10:58]   Running sysbench CPU benchmark...
[10:11:08]     State after POT Pulse 1: [10:10:58]   Running sysbench CPU benchmark...
3317.89 events/sec
[10:11:08]   Potentiation Pulse 2/5...
[10:11:08]   Applying stress level 'high' for 3s: --cpu 8 --matrix 0 --vm 8 --vm-bytes 512M --cpu-method int64,float
[10:11:11]   Stress level 'high' finished.
[10:11:13]   Running sysbench CPU benchmark...
[10:11:23]     State after POT Pulse 2: [10:11:13]   Running sysbench CPU benchmark...
3316.43 events/sec
[10:11:23]   Potentiation Pulse 3/5...
[10:11:23]   Applying stress level 'high' for 3s: --cpu 8 --matrix 0 --vm 8 --vm-bytes 512M --cpu-method int64,float
[10:11:26]   Stress level 'high' finished.
[10:11:28]   Running sysbench CPU benchmark...
[10:11:38]     State after POT Pulse 3: [10:11:28]   Running sysbench CPU benchmark...
3325.53 events/sec
[10:11:38]   Potentiation Pulse 4/5...
[10:11:38]   Applying stress level 'high' for 3s: --cpu 8 --matrix 0 --vm 8 --vm-bytes 512M --cpu-method int64,float
[10:11:41]   Stress level 'high' finished.
[10:11:43]   Running sysbench CPU benchmark...
[10:11:53]     State after POT Pulse 4: [10:11:43]   Running sysbench CPU benchmark...
3319.25 events/sec
[10:11:53]   Potentiation Pulse 5/5...
[10:11:53]   Applying stress level 'high' for 3s: --cpu 8 --matrix 0 --vm 8 --vm-bytes 512M --cpu-method int64,float
[10:11:56]   Stress level 'high' finished.
[10:11:58]   Running sysbench CPU benchmark...
[10:12:08]     State after POT Pulse 5: [10:11:58]   Running sysbench CPU benchmark...
3322.33 events/sec
[10:12:08] Short-Term Cycle 3/3: Starting Depression...
[10:12:08]   Depression Pulse 1/5...
[10:12:08]   Applying IDLE state for 3s.
[10:12:13]   Running sysbench CPU benchmark...
[10:12:23]     State after DEP Pulse 1: [10:12:13]   Running sysbench CPU benchmark...
3321.34 events/sec
[10:12:23]   Depression Pulse 2/5...
[10:12:23]   Applying IDLE state for 3s.
[10:12:28]   Running sysbench CPU benchmark...
[10:12:38]     State after DEP Pulse 2: [10:12:28]   Running sysbench CPU benchmark...
3320.26 events/sec
[10:12:38]   Depression Pulse 3/5...
[10:12:38]   Applying IDLE state for 3s.
[10:12:43]   Running sysbench CPU benchmark...
[10:12:53]     State after DEP Pulse 3: [10:12:43]   Running sysbench CPU benchmark...
3321.23 events/sec
[10:12:53]   Depression Pulse 4/5...
[10:12:53]   Applying IDLE state for 3s.
[10:12:58]   Running sysbench CPU benchmark...
[10:13:08]     State after DEP Pulse 4: [10:12:58]   Running sysbench CPU benchmark...
3323.97 events/sec
[10:13:08]   Depression Pulse 5/5...
[10:13:08]   Applying IDLE state for 3s.
[10:13:13]   Running sysbench CPU benchmark...
[10:13:23]     State after DEP Pulse 5: [10:13:13]   Running sysbench CPU benchmark...
3322.90 events/sec
[10:13:23] Short-Term Cycle 3/3: Starting Forgetting/Relaxation Phase (30s)...
[10:13:28]   Running sysbench CPU benchmark...
[10:13:38]   Forget Time +0s: State=[10:13:28]   Running sysbench CPU benchmark...
3319.86 events/sec
[10:13:43]   Running sysbench CPU benchmark...
[10:13:53]   Forget Time +15s: State=[10:13:43]   Running sysbench CPU benchmark...
3320.01 events/sec
[10:13:53]   Forgetting phase complete.
[10:13:55]   Running sysbench CPU benchmark...
[10:14:05]   Final State after Forget: [10:13:55]   Running sysbench CPU benchmark...
3320.04 events/sec
[10:14:05]   Recovery comparison skipped (invalid scores).
[10:14:05] [✓] SYNAPSE SHORT-TERM MODE COMPLETED.
[10:14:05] \n[4] SYNAPSE MODE TEST (Long-Term Plasticity Analogy)
[10:14:05] Parameters: POT_Load='max', DEP_Load='idle', Pulse=10s
[10:14:05] Bipolar Cycles=50, Retention Test=60s
[10:14:05] Long-Term Cycle 1/50: Applying Intense Potentiation Pulse...
[10:14:05]   Applying stress level 'max' for 10s: --cpu 8 --matrix 8 --vm 8 --vm-bytes 1G --cpu-method all
[10:14:16]   Stress level 'max' finished.
[10:14:17] Long-Term Cycle 1/50: Applying Intense Depression Pulse/State...
[10:14:17]   Applying IDLE state for 10s.
[10:14:28] Long-Term Cycle 2/50: Applying Intense Potentiation Pulse...
[10:14:28]   Applying stress level 'max' for 10s: --cpu 8 --matrix 8 --vm 8 --vm-bytes 1G --cpu-method all
[10:14:38]   Stress level 'max' finished.
[10:14:39] Long-Term Cycle 2/50: Applying Intense Depression Pulse/State...
[10:14:39]   Applying IDLE state for 10s.
[10:14:50] Long-Term Cycle 3/50: Applying Intense Potentiation Pulse...
[10:14:50]   Applying stress level 'max' for 10s: --cpu 8 --matrix 8 --vm 8 --vm-bytes 1G --cpu-method all
[10:15:00]   Stress level 'max' finished.
[10:15:01] Long-Term Cycle 3/50: Applying Intense Depression Pulse/State...
[10:15:01]   Applying IDLE state for 10s.
[10:15:12] Long-Term Cycle 4/50: Applying Intense Potentiation Pulse...
[10:15:12]   Applying stress level 'max' for 10s: --cpu 8 --matrix 8 --vm 8 --vm-bytes 1G --cpu-method all
[10:15:22]   Stress level 'max' finished.
[10:15:23] Long-Term Cycle 4/50: Applying Intense Depression Pulse/State...
[10:15:23]   Applying IDLE state for 10s.
[10:15:34] Long-Term Cycle 5/50: Applying Intense Potentiation Pulse...
[10:15:34]   Applying stress level 'max' for 10s: --cpu 8 --matrix 8 --vm 8 --vm-bytes 1G --cpu-method all
[10:15:45]   Stress level 'max' finished.
[10:15:46] Long-Term Cycle 5/50: Applying Intense Depression Pulse/State...
[10:15:46]   Applying IDLE state for 10s.
[10:15:57] Long-Term Cycle 6/50: Applying Intense Potentiation Pulse...
[10:15:57]   Applying stress level 'max' for 10s: --cpu 8 --matrix 8 --vm 8 --vm-bytes 1G --cpu-method all
[10:16:07]   Stress level 'max' finished.
[10:16:08] Long-Term Cycle 6/50: Applying Intense Depression Pulse/State...
[10:16:08]   Applying IDLE state for 10s.
[10:16:19] Long-Term Cycle 7/50: Applying Intense Potentiation Pulse...
[10:16:19]   Applying stress level 'max' for 10s: --cpu 8 --matrix 8 --vm 8 --vm-bytes 1G --cpu-method all
[10:16:31]   Stress level 'max' finished.
[10:16:32] Long-Term Cycle 7/50: Applying Intense Depression Pulse/State...
[10:16:32]   Applying IDLE state for 10s.
[10:16:43] Long-Term Cycle 8/50: Applying Intense Potentiation Pulse...
[10:16:43]   Applying stress level 'max' for 10s: --cpu 8 --matrix 8 --vm 8 --vm-bytes 1G --cpu-method all
[10:16:53]   Stress level 'max' finished.
[10:16:54] Long-Term Cycle 8/50: Applying Intense Depression Pulse/State...
[10:16:54]   Applying IDLE state for 10s.
[10:17:05] Long-Term Cycle 9/50: Applying Intense Potentiation Pulse...
[10:17:05]   Applying stress level 'max' for 10s: --cpu 8 --matrix 8 --vm 8 --vm-bytes 1G --cpu-method all
[10:17:17]   Stress level 'max' finished.
[10:17:18] Long-Term Cycle 9/50: Applying Intense Depression Pulse/State...
[10:17:18]   Applying IDLE state for 10s.
[10:17:29] Long-Term Cycle 10/50: Applying Intense Potentiation Pulse...
[10:17:29]   Applying stress level 'max' for 10s: --cpu 8 --matrix 8 --vm 8 --vm-bytes 1G --cpu-method all
[10:17:39]   Stress level 'max' finished.
[10:17:40] Long-Term Cycle 10/50: Applying Intense Depression Pulse/State...
[10:17:40]   Applying IDLE state for 10s.
[10:17:51]   Periodic integrity check (Cycle 10)...
[10:17:51]   Integrity OK.
[10:17:51] Long-Term Cycle 11/50: Applying Intense Potentiation Pulse...
[10:17:51]   Applying stress level 'max' for 10s: --cpu 8 --matrix 8 --vm 8 --vm-bytes 1G --cpu-method all
[10:18:01]   Stress level 'max' finished.
[10:18:02] Long-Term Cycle 11/50: Applying Intense Depression Pulse/State...
[10:18:02]   Applying IDLE state for 10s.
[10:18:13] Long-Term Cycle 12/50: Applying Intense Potentiation Pulse...
[10:18:13]   Applying stress level 'max' for 10s: --cpu 8 --matrix 8 --vm 8 --vm-bytes 1G --cpu-method all
[10:18:24]   Stress level 'max' finished.
[10:18:25] Long-Term Cycle 12/50: Applying Intense Depression Pulse/State...
[10:18:25]   Applying IDLE state for 10s.
[10:18:36] Long-Term Cycle 13/50: Applying Intense Potentiation Pulse...
[10:18:36]   Applying stress level 'max' for 10s: --cpu 8 --matrix 8 --vm 8 --vm-bytes 1G --cpu-method all
[10:18:46]   Stress level 'max' finished.
[10:18:47] Long-Term Cycle 13/50: Applying Intense Depression Pulse/State...
[10:18:47]   Applying IDLE state for 10s.
[10:18:58] Long-Term Cycle 14/50: Applying Intense Potentiation Pulse...
[10:18:58]   Applying stress level 'max' for 10s: --cpu 8 --matrix 8 --vm 8 --vm-bytes 1G --cpu-method all
[10:19:09]   Stress level 'max' finished.
[10:19:10] Long-Term Cycle 14/50: Applying Intense Depression Pulse/State...
[10:19:10]   Applying IDLE state for 10s.
[10:19:21] Long-Term Cycle 15/50: Applying Intense Potentiation Pulse...
[10:19:21]   Applying stress level 'max' for 10s: --cpu 8 --matrix 8 --vm 8 --vm-bytes 1G --cpu-method all
[10:19:31]   Stress level 'max' finished.
[10:19:32] Long-Term Cycle 15/50: Applying Intense Depression Pulse/State...
[10:19:32]   Applying IDLE state for 10s.
[10:19:43] Long-Term Cycle 16/50: Applying Intense Potentiation Pulse...
[10:19:43]   Applying stress level 'max' for 10s: --cpu 8 --matrix 8 --vm 8 --vm-bytes 1G --cpu-method all
[10:19:53]   Stress level 'max' finished.
[10:19:54] Long-Term Cycle 16/50: Applying Intense Depression Pulse/State...
[10:19:54]   Applying IDLE state for 10s.
[10:20:05] Long-Term Cycle 17/50: Applying Intense Potentiation Pulse...
[10:20:05]   Applying stress level 'max' for 10s: --cpu 8 --matrix 8 --vm 8 --vm-bytes 1G --cpu-method all
[10:20:16]   Stress level 'max' finished.
[10:20:17] Long-Term Cycle 17/50: Applying Intense Depression Pulse/State...
[10:20:17]   Applying IDLE state for 10s.
[10:20:28] Long-Term Cycle 18/50: Applying Intense Potentiation Pulse...
[10:20:28]   Applying stress level 'max' for 10s: --cpu 8 --matrix 8 --vm 8 --vm-bytes 1G --cpu-method all
[10:20:38]   Stress level 'max' finished.
[10:20:39] Long-Term Cycle 18/50: Applying Intense Depression Pulse/State...
[10:20:39]   Applying IDLE state for 10s.
[10:20:46] [*] Cleaning up background processes and files...
[10:20:46] [*] Resetting system state (best effort)...
[10:20:46] [*] Cleanup finished.
[10:20:46] [*] Cleaning up background processes and files...
[10:20:46] [*] Resetting system state (best effort)...
[10:20:46] [*] Cleanup finished.
