[12:12:04] === Advanced NS-RAM System Analogy Stress Test v2 ===
[12:12:04] Start time: Tue May 13 12:12:04 PM CEST 2025
[12:12:04] !!! EXTREME WARNING: DANGEROUS & EXPERIMENTAL SCRIPT !!!
[12:12:04] Mode: ALL
[12:12:04] CPU: Intel(R) Core(TM) i7-8559U CPU @ 2.70GHz
BIOS Intel(R) Core(TM) i7-8559U CPU @ 2.70GHz To Be Filled By O.E.M. CPU @ 2.3GHz
[12:12:04] Kernel: 6.11.0-25-generic
[12:12:04] [*] Warming up sysbench...
[12:12:14] [1] SYSTEM SETUP & BASELINE
[12:12:14] [*] Setting performance governor & disabling turbo/boost...
[12:12:14] [*] Disabling ASLR...
[12:12:15] Initial frequency: 2700032 KHz
[12:12:15] Initial temp: 47 C
[12:12:15] [*] Compiling custom stress tools (hammer, spec_havoc)...
[12:12:15] [*] Running Baseline Performance (Sysbench)...
[12:12:16]   Running sysbench CPU benchmark...
[12:12:26]   3319.26 events/sec
[12:12:26] Baseline Sysbench CPU Score: [12:12:16]   Running sysbench CPU benchmark...
[12:12:26]   3319.26 events/sec
3319.26 events/sec
[12:12:26] [*] Generating test data (20 MB)...
[12:12:26] Original data hash (MD5): 57bb78ba0cd9eff3c8bdd75bab38c36e
[12:12:26] \n[2] NEURON MODE TEST (LIF Analogy)
[12:12:26] Parameters: Amplitude='max', ON=5s, OFF=5s, Cycles=10
[12:12:26] Estimated duration: 100s
[12:12:26] Neuron Cycle 1/10: Applying Pulse (ON)...
[12:12:26]   Applying stress level 'max' for 5s: --cpu 8 --matrix 8 --vm 8 --vm-bytes 1G --cpu-method all
[12:12:31]   Stress level 'max' finished.
[12:12:31]   Pulse End: Temp=54C, Freq=2701790KHz
[12:12:31] Neuron Cycle 1/10: Recovery phase (OFF - Leaking)...
[12:12:36]   Recovery End: Temp=46C (Drop: 8C), Freq=2700025KHz (Recovered: true)
[12:12:36]   Recovery Time Measured (tau_r analogy): 5.003943491s
[12:12:36] Neuron Cycle 2/10: Applying Pulse (ON)...
[12:12:36]   Applying stress level 'max' for 5s: --cpu 8 --matrix 8 --vm 8 --vm-bytes 1G --cpu-method all
[12:12:42]   Stress level 'max' finished.
[12:12:42]   Pulse End: Temp=49C, Freq=2700033KHz
[12:12:42] Neuron Cycle 2/10: Recovery phase (OFF - Leaking)...
[12:12:47]   Recovery End: Temp=46C (Drop: 3C), Freq=2702110KHz (Recovered: true)
[12:12:47]   Recovery Time Measured (tau_r analogy): 5.002552340s
[12:12:47]   [!] WARN: Low temperature drop during recovery (< 5C). System may be heat-saturated.
[12:12:47] Neuron Cycle 3/10: Applying Pulse (ON)...
[12:12:47]   Applying stress level 'max' for 5s: --cpu 8 --matrix 8 --vm 8 --vm-bytes 1G --cpu-method all
[12:12:52]   Stress level 'max' finished.
[12:12:52]   Pulse End: Temp=53C, Freq=2700093KHz
[12:12:52] Neuron Cycle 3/10: Recovery phase (OFF - Leaking)...
[12:12:57]   Recovery End: Temp=45C (Drop: 8C), Freq=2700009KHz (Recovered: true)
[12:12:57]   Recovery Time Measured (tau_r analogy): 5.002745591s
[12:12:57] Neuron Cycle 4/10: Applying Pulse (ON)...
[12:12:57]   Applying stress level 'max' for 5s: --cpu 8 --matrix 8 --vm 8 --vm-bytes 1G --cpu-method all
[12:13:02]   Stress level 'max' finished.
[12:13:02]   Pulse End: Temp=52C, Freq=2700161KHz
[12:13:02] Neuron Cycle 4/10: Recovery phase (OFF - Leaking)...
[12:13:07]   Recovery End: Temp=44C (Drop: 8C), Freq=2700929KHz (Recovered: true)
[12:13:07]   Recovery Time Measured (tau_r analogy): 5.003878465s
[12:13:07] Neuron Cycle 5/10: Applying Pulse (ON)...
[12:13:07]   Applying stress level 'max' for 5s: --cpu 8 --matrix 8 --vm 8 --vm-bytes 1G --cpu-method all
[12:13:12]   Stress level 'max' finished.
[12:13:12]   Pulse End: Temp=54C, Freq=2700084KHz
[12:13:12] Neuron Cycle 5/10: Recovery phase (OFF - Leaking)...
[12:13:17]   Recovery End: Temp=45C (Drop: 9C), Freq=2700033KHz (Recovered: true)
[12:13:17]   Recovery Time Measured (tau_r analogy): 5.003968293s
[12:13:17] Neuron Cycle 6/10: Applying Pulse (ON)...
[12:13:17]   Applying stress level 'max' for 5s: --cpu 8 --matrix 8 --vm 8 --vm-bytes 1G --cpu-method all
[12:13:22]   Stress level 'max' finished.
[12:13:22]   Pulse End: Temp=53C, Freq=2700236KHz
[12:13:22] Neuron Cycle 6/10: Recovery phase (OFF - Leaking)...
[12:13:27]   Recovery End: Temp=45C (Drop: 8C), Freq=2700078KHz (Recovered: true)
[12:13:27]   Recovery Time Measured (tau_r analogy): 5.003063287s
[12:13:27] Neuron Cycle 7/10: Applying Pulse (ON)...
[12:13:27]   Applying stress level 'max' for 5s: --cpu 8 --matrix 8 --vm 8 --vm-bytes 1G --cpu-method all
[12:13:32]   Stress level 'max' finished.
[12:13:32]   Pulse End: Temp=52C, Freq=2700004KHz
[12:13:32] Neuron Cycle 7/10: Recovery phase (OFF - Leaking)...
[12:13:37]   Recovery End: Temp=45C (Drop: 7C), Freq=2701842KHz (Recovered: true)
[12:13:37]   Recovery Time Measured (tau_r analogy): 5.003042296s
[12:13:37] Neuron Cycle 8/10: Applying Pulse (ON)...
[12:13:37]   Applying stress level 'max' for 5s: --cpu 8 --matrix 8 --vm 8 --vm-bytes 1G --cpu-method all
[12:13:42]   Stress level 'max' finished.
[12:13:42]   Pulse End: Temp=52C, Freq=2698177KHz
[12:13:42] Neuron Cycle 8/10: Recovery phase (OFF - Leaking)...
[12:13:47]   Recovery End: Temp=45C (Drop: 7C), Freq=2700943KHz (Recovered: true)
[12:13:47]   Recovery Time Measured (tau_r analogy): 5.003778855s
[12:13:47] Neuron Cycle 9/10: Applying Pulse (ON)...
[12:13:47]   Applying stress level 'max' for 5s: --cpu 8 --matrix 8 --vm 8 --vm-bytes 1G --cpu-method all
[12:13:52]   Stress level 'max' finished.
[12:13:52]   Pulse End: Temp=52C, Freq=2700432KHz
[12:13:52] Neuron Cycle 9/10: Recovery phase (OFF - Leaking)...
[12:13:57]   Recovery End: Temp=45C (Drop: 7C), Freq=2700015KHz (Recovered: true)
[12:13:57]   Recovery Time Measured (tau_r analogy): 5.003848462s
[12:13:57] Neuron Cycle 10/10: Applying Pulse (ON)...
[12:13:57]   Applying stress level 'max' for 5s: --cpu 8 --matrix 8 --vm 8 --vm-bytes 1G --cpu-method all
[12:14:03]   Stress level 'max' finished.
[12:14:03]   Pulse End: Temp=48C, Freq=2700008KHz
[12:14:03] Neuron Cycle 10/10: Recovery phase (OFF - Leaking)...
[12:14:08]   Recovery End: Temp=46C (Drop: 2C), Freq=2699993KHz (Recovered: true)
[12:14:08]   Recovery Time Measured (tau_r analogy): 5.003917749s
[12:14:08]   [!] WARN: Low temperature drop during recovery (< 5C). System may be heat-saturated.
[12:14:08] [✓] NEURON MODE COMPLETED: System processed 10 pulses. Check warnings for recovery issues.
[12:14:08] \n[3] SYNAPSE MODE TEST (Short-Term Plasticity Analogy)
[12:14:08] Parameters: POT_Load='high', DEP_Load='idle', Pulse=3s
[12:14:08] POT Pulses=5, DEP Pulses=5, Forget=30s, Cycles=3
[12:14:08] \nShort-Term Cycle 1/3: Starting Potentiation...
[12:14:10]   Running sysbench CPU benchmark...
[12:14:20]   3327.71 events/sec
[12:14:20]   Cycle Start State (Sysbench Score): [12:14:10]   Running sysbench CPU benchmark...
[12:14:20]   3327.71 events/sec
3327.71 events/sec
[12:14:20]   Potentiation Pulse 1/5...
[12:14:20]   Applying stress level 'high' for 3s: --cpu 8 --matrix 0 --vm 8 --vm-bytes 512M --cpu-method int64,float
[12:14:23]   Stress level 'high' finished.
[12:14:25]   Running sysbench CPU benchmark...
[12:14:35]   3321.40 events/sec
[12:14:35]     State after POT Pulse 1: [12:14:25]   Running sysbench CPU benchmark...
[12:14:35]   3321.40 events/sec
3321.40 events/sec
[12:14:35]   Potentiation Pulse 2/5...
[12:14:35]   Applying stress level 'high' for 3s: --cpu 8 --matrix 0 --vm 8 --vm-bytes 512M --cpu-method int64,float
[12:14:38]   Stress level 'high' finished.
[12:14:40]   Running sysbench CPU benchmark...
[12:14:50]   3275.96 events/sec
[12:14:50]     State after POT Pulse 2: [12:14:40]   Running sysbench CPU benchmark...
[12:14:50]   3275.96 events/sec
3275.96 events/sec
[12:14:50]   Potentiation Pulse 3/5...
[12:14:50]   Applying stress level 'high' for 3s: --cpu 8 --matrix 0 --vm 8 --vm-bytes 512M --cpu-method int64,float
[12:14:53]   Stress level 'high' finished.
[12:14:55]   Running sysbench CPU benchmark...
[12:15:05]   3326.57 events/sec
[12:15:05]     State after POT Pulse 3: [12:14:55]   Running sysbench CPU benchmark...
[12:15:05]   3326.57 events/sec
3326.57 events/sec
[12:15:05]   Potentiation Pulse 4/5...
[12:15:05]   Applying stress level 'high' for 3s: --cpu 8 --matrix 0 --vm 8 --vm-bytes 512M --cpu-method int64,float
[12:15:08]   Stress level 'high' finished.
[12:15:10]   Running sysbench CPU benchmark...
[12:15:20]   3325.89 events/sec
[12:15:20]     State after POT Pulse 4: [12:15:10]   Running sysbench CPU benchmark...
[12:15:20]   3325.89 events/sec
3325.89 events/sec
[12:15:20]   Potentiation Pulse 5/5...
[12:15:20]   Applying stress level 'high' for 3s: --cpu 8 --matrix 0 --vm 8 --vm-bytes 512M --cpu-method int64,float
[12:15:23]   Stress level 'high' finished.
[12:15:25]   Running sysbench CPU benchmark...
[12:15:35]   3320.48 events/sec
[12:15:35]     State after POT Pulse 5: [12:15:25]   Running sysbench CPU benchmark...
[12:15:35]   3320.48 events/sec
3320.48 events/sec
[12:15:35] Short-Term Cycle 1/3: Starting Depression...
[12:15:35]   Depression Pulse 1/5...
[12:15:35]   Applying IDLE state for 3s.
[12:15:40]   Running sysbench CPU benchmark...
[12:15:50]   3318.44 events/sec
[12:15:50]     State after DEP Pulse 1: [12:15:40]   Running sysbench CPU benchmark...
[12:15:50]   3318.44 events/sec
3318.44 events/sec
[12:15:50]   Depression Pulse 2/5...
[12:15:50]   Applying IDLE state for 3s.
[12:15:55]   Running sysbench CPU benchmark...
[12:16:05]   3320.21 events/sec
[12:16:05]     State after DEP Pulse 2: [12:15:55]   Running sysbench CPU benchmark...
[12:16:05]   3320.21 events/sec
3320.21 events/sec
[12:16:05]   Depression Pulse 3/5...
[12:16:05]   Applying IDLE state for 3s.
[12:16:10]   Running sysbench CPU benchmark...
[12:16:20]   3320.41 events/sec
[12:16:20]     State after DEP Pulse 3: [12:16:10]   Running sysbench CPU benchmark...
[12:16:20]   3320.41 events/sec
3320.41 events/sec
[12:16:20]   Depression Pulse 4/5...
[12:16:20]   Applying IDLE state for 3s.
[12:16:25]   Running sysbench CPU benchmark...
[12:16:35]   3319.83 events/sec
[12:16:35]     State after DEP Pulse 4: [12:16:25]   Running sysbench CPU benchmark...
[12:16:35]   3319.83 events/sec
3319.83 events/sec
[12:16:35]   Depression Pulse 5/5...
[12:16:35]   Applying IDLE state for 3s.
[12:16:40]   Running sysbench CPU benchmark...
[12:16:50]   3321.18 events/sec
[12:16:50]     State after DEP Pulse 5: [12:16:40]   Running sysbench CPU benchmark...
[12:16:50]   3321.18 events/sec
3321.18 events/sec
[12:16:50] Short-Term Cycle 1/3: Starting Forgetting/Relaxation Phase (30s)...
[12:16:55]   Running sysbench CPU benchmark...
[12:17:05]   3322.57 events/sec
[12:17:05]   Forget Time +0s: State=[12:16:55]   Running sysbench CPU benchmark...
[12:17:05]   3322.57 events/sec
3322.57 events/sec
[12:17:10]   Running sysbench CPU benchmark...
[12:17:20]   3324.85 events/sec
[12:17:20]   Forget Time +15s: State=[12:17:10]   Running sysbench CPU benchmark...
[12:17:20]   3324.85 events/sec
3324.85 events/sec
[12:17:20]   Forgetting phase complete.
[12:17:22]   Running sysbench CPU benchmark...
[12:17:32]   2918.29 events/sec
[12:17:32]   Final State after Forget: [12:17:22]   Running sysbench CPU benchmark...
[12:17:32]   2918.29 events/sec
2918.29 events/sec
[12:17:32]   Recovery comparison skipped (invalid scores: current=[12:17:22]   Running sysbench CPU benchmark...
[12:17:32]   2918.29 events/sec
2918.29, baseline=[12:12:16]   Running sysbench CPU benchmark...
[12:12:26]   3319.26 events/sec
3319.26).
[12:17:32] \nShort-Term Cycle 2/3: Starting Potentiation...
[12:17:34]   Running sysbench CPU benchmark...
[12:17:44]   3255.84 events/sec
[12:17:44]   Cycle Start State (Sysbench Score): [12:17:34]   Running sysbench CPU benchmark...
[12:17:44]   3255.84 events/sec
3255.84 events/sec
[12:17:44]   Potentiation Pulse 1/5...
[12:17:44]   Applying stress level 'high' for 3s: --cpu 8 --matrix 0 --vm 8 --vm-bytes 512M --cpu-method int64,float
[12:17:47]   Stress level 'high' finished.
[12:17:49]   Running sysbench CPU benchmark...
[12:17:59]   3324.23 events/sec
[12:17:59]     State after POT Pulse 1: [12:17:49]   Running sysbench CPU benchmark...
[12:17:59]   3324.23 events/sec
3324.23 events/sec
[12:17:59]   Potentiation Pulse 2/5...
[12:17:59]   Applying stress level 'high' for 3s: --cpu 8 --matrix 0 --vm 8 --vm-bytes 512M --cpu-method int64,float
[12:18:03]   Stress level 'high' finished.
[12:18:05]   Running sysbench CPU benchmark...
[12:18:15]   3322.60 events/sec
[12:18:15]     State after POT Pulse 2: [12:18:05]   Running sysbench CPU benchmark...
[12:18:15]   3322.60 events/sec
3322.60 events/sec
[12:18:15]   Potentiation Pulse 3/5...
[12:18:15]   Applying stress level 'high' for 3s: --cpu 8 --matrix 0 --vm 8 --vm-bytes 512M --cpu-method int64,float
[12:18:18]   Stress level 'high' finished.
[12:18:20]   Running sysbench CPU benchmark...
[12:18:30]   3320.16 events/sec
[12:18:30]     State after POT Pulse 3: [12:18:20]   Running sysbench CPU benchmark...
[12:18:30]   3320.16 events/sec
3320.16 events/sec
[12:18:30]   Potentiation Pulse 4/5...
[12:18:30]   Applying stress level 'high' for 3s: --cpu 8 --matrix 0 --vm 8 --vm-bytes 512M --cpu-method int64,float
[12:18:33]   Stress level 'high' finished.
[12:18:35]   Running sysbench CPU benchmark...
[12:18:45]   3320.68 events/sec
[12:18:45]     State after POT Pulse 4: [12:18:35]   Running sysbench CPU benchmark...
[12:18:45]   3320.68 events/sec
3320.68 events/sec
[12:18:45]   Potentiation Pulse 5/5...
[12:18:45]   Applying stress level 'high' for 3s: --cpu 8 --matrix 0 --vm 8 --vm-bytes 512M --cpu-method int64,float
[12:18:48]   Stress level 'high' finished.
[12:18:50]   Running sysbench CPU benchmark...
[12:19:00]   3326.52 events/sec
[12:19:00]     State after POT Pulse 5: [12:18:50]   Running sysbench CPU benchmark...
[12:19:00]   3326.52 events/sec
3326.52 events/sec
[12:19:00] Short-Term Cycle 2/3: Starting Depression...
[12:19:00]   Depression Pulse 1/5...
[12:19:00]   Applying IDLE state for 3s.
[12:19:05]   Running sysbench CPU benchmark...
[12:19:15]   3321.90 events/sec
[12:19:15]     State after DEP Pulse 1: [12:19:05]   Running sysbench CPU benchmark...
[12:19:15]   3321.90 events/sec
3321.90 events/sec
[12:19:15]   Depression Pulse 2/5...
[12:19:15]   Applying IDLE state for 3s.
[12:19:20]   Running sysbench CPU benchmark...
[12:19:30]   3323.34 events/sec
[12:19:30]     State after DEP Pulse 2: [12:19:20]   Running sysbench CPU benchmark...
[12:19:30]   3323.34 events/sec
3323.34 events/sec
[12:19:30]   Depression Pulse 3/5...
[12:19:30]   Applying IDLE state for 3s.
[12:19:35]   Running sysbench CPU benchmark...
[12:19:45]   3320.34 events/sec
[12:19:45]     State after DEP Pulse 3: [12:19:35]   Running sysbench CPU benchmark...
[12:19:45]   3320.34 events/sec
3320.34 events/sec
[12:19:45]   Depression Pulse 4/5...
[12:19:45]   Applying IDLE state for 3s.
[12:19:50]   Running sysbench CPU benchmark...
[12:20:00]   3322.75 events/sec
[12:20:00]     State after DEP Pulse 4: [12:19:50]   Running sysbench CPU benchmark...
[12:20:00]   3322.75 events/sec
3322.75 events/sec
[12:20:00]   Depression Pulse 5/5...
[12:20:00]   Applying IDLE state for 3s.
[12:20:05]   Running sysbench CPU benchmark...
[12:20:15]   3324.99 events/sec
[12:20:15]     State after DEP Pulse 5: [12:20:05]   Running sysbench CPU benchmark...
[12:20:15]   3324.99 events/sec
3324.99 events/sec
[12:20:15] Short-Term Cycle 2/3: Starting Forgetting/Relaxation Phase (30s)...
[12:20:20]   Running sysbench CPU benchmark...
[12:20:30]   3325.73 events/sec
[12:20:30]   Forget Time +0s: State=[12:20:20]   Running sysbench CPU benchmark...
[12:20:30]   3325.73 events/sec
3325.73 events/sec
[12:20:35]   Running sysbench CPU benchmark...
[12:20:45]   3320.78 events/sec
[12:20:45]   Forget Time +15s: State=[12:20:35]   Running sysbench CPU benchmark...
[12:20:45]   3320.78 events/sec
3320.78 events/sec
[12:20:45]   Forgetting phase complete.
[12:20:47]   Running sysbench CPU benchmark...
[12:20:57]   3141.87 events/sec
[12:20:57]   Final State after Forget: [12:20:47]   Running sysbench CPU benchmark...
[12:20:57]   3141.87 events/sec
3141.87 events/sec
[12:20:57]   Recovery comparison skipped (invalid scores: current=[12:20:47]   Running sysbench CPU benchmark...
[12:20:57]   3141.87 events/sec
3141.87, baseline=[12:12:16]   Running sysbench CPU benchmark...
[12:12:26]   3319.26 events/sec
3319.26).
[12:20:57] \nShort-Term Cycle 3/3: Starting Potentiation...
[12:20:59]   Running sysbench CPU benchmark...
[12:21:09]   3134.24 events/sec
[12:21:09]   Cycle Start State (Sysbench Score): [12:20:59]   Running sysbench CPU benchmark...
[12:21:09]   3134.24 events/sec
3134.24 events/sec
[12:21:09]   Potentiation Pulse 1/5...
[12:21:09]   Applying stress level 'high' for 3s: --cpu 8 --matrix 0 --vm 8 --vm-bytes 512M --cpu-method int64,float
[12:21:12]   Stress level 'high' finished.
[12:21:14]   Running sysbench CPU benchmark...
[12:21:24]   3324.14 events/sec
[12:21:24]     State after POT Pulse 1: [12:21:14]   Running sysbench CPU benchmark...
[12:21:24]   3324.14 events/sec
3324.14 events/sec
[12:21:24]   Potentiation Pulse 2/5...
[12:21:24]   Applying stress level 'high' for 3s: --cpu 8 --matrix 0 --vm 8 --vm-bytes 512M --cpu-method int64,float
[12:21:27]   Stress level 'high' finished.
[12:21:29]   Running sysbench CPU benchmark...
[12:21:39]   3322.38 events/sec
[12:21:39]     State after POT Pulse 2: [12:21:29]   Running sysbench CPU benchmark...
[12:21:39]   3322.38 events/sec
3322.38 events/sec
[12:21:39]   Potentiation Pulse 3/5...
[12:21:39]   Applying stress level 'high' for 3s: --cpu 8 --matrix 0 --vm 8 --vm-bytes 512M --cpu-method int64,float
[12:21:42]   Stress level 'high' finished.
[12:21:44]   Running sysbench CPU benchmark...
[12:21:54]   3320.52 events/sec
[12:21:54]     State after POT Pulse 3: [12:21:44]   Running sysbench CPU benchmark...
[12:21:54]   3320.52 events/sec
3320.52 events/sec
[12:21:54]   Potentiation Pulse 4/5...
[12:21:54]   Applying stress level 'high' for 3s: --cpu 8 --matrix 0 --vm 8 --vm-bytes 512M --cpu-method int64,float
[12:21:57]   Stress level 'high' finished.
[12:21:59]   Running sysbench CPU benchmark...
[12:22:09]   2623.11 events/sec
[12:22:09]     State after POT Pulse 4: [12:21:59]   Running sysbench CPU benchmark...
[12:22:09]   2623.11 events/sec
2623.11 events/sec
[12:22:09]   Potentiation Pulse 5/5...
[12:22:09]   Applying stress level 'high' for 3s: --cpu 8 --matrix 0 --vm 8 --vm-bytes 512M --cpu-method int64,float
[12:22:12]   Stress level 'high' finished.
[12:22:14]   Running sysbench CPU benchmark...
[12:22:24]   3306.32 events/sec
[12:22:24]     State after POT Pulse 5: [12:22:14]   Running sysbench CPU benchmark...
[12:22:24]   3306.32 events/sec
3306.32 events/sec
[12:22:24] Short-Term Cycle 3/3: Starting Depression...
[12:22:24]   Depression Pulse 1/5...
[12:22:24]   Applying IDLE state for 3s.
[12:22:29]   Running sysbench CPU benchmark...
[12:22:39]   3324.35 events/sec
[12:22:39]     State after DEP Pulse 1: [12:22:29]   Running sysbench CPU benchmark...
[12:22:39]   3324.35 events/sec
3324.35 events/sec
[12:22:39]   Depression Pulse 2/5...
[12:22:39]   Applying IDLE state for 3s.
[12:22:44]   Running sysbench CPU benchmark...
[12:22:54]   3319.58 events/sec
[12:22:54]     State after DEP Pulse 2: [12:22:44]   Running sysbench CPU benchmark...
[12:22:54]   3319.58 events/sec
3319.58 events/sec
[12:22:54]   Depression Pulse 3/5...
[12:22:54]   Applying IDLE state for 3s.
[12:22:59]   Running sysbench CPU benchmark...
[12:23:09]   3321.29 events/sec
[12:23:09]     State after DEP Pulse 3: [12:22:59]   Running sysbench CPU benchmark...
[12:23:09]   3321.29 events/sec
3321.29 events/sec
[12:23:09]   Depression Pulse 4/5...
[12:23:09]   Applying IDLE state for 3s.
[12:23:14]   Running sysbench CPU benchmark...
[12:23:24]   3323.60 events/sec
[12:23:24]     State after DEP Pulse 4: [12:23:14]   Running sysbench CPU benchmark...
[12:23:24]   3323.60 events/sec
3323.60 events/sec
[12:23:24]   Depression Pulse 5/5...
[12:23:24]   Applying IDLE state for 3s.
[12:23:29]   Running sysbench CPU benchmark...
[12:23:39]   3324.38 events/sec
[12:23:39]     State after DEP Pulse 5: [12:23:29]   Running sysbench CPU benchmark...
[12:23:39]   3324.38 events/sec
3324.38 events/sec
[12:23:39] Short-Term Cycle 3/3: Starting Forgetting/Relaxation Phase (30s)...
[12:23:44]   Running sysbench CPU benchmark...
[12:23:54]   3316.88 events/sec
[12:23:54]   Forget Time +0s: State=[12:23:44]   Running sysbench CPU benchmark...
[12:23:54]   3316.88 events/sec
3316.88 events/sec
[12:23:59]   Running sysbench CPU benchmark...
[12:24:09]   3322.56 events/sec
[12:24:09]   Forget Time +15s: State=[12:23:59]   Running sysbench CPU benchmark...
[12:24:09]   3322.56 events/sec
3322.56 events/sec
[12:24:09]   Forgetting phase complete.
[12:24:11]   Running sysbench CPU benchmark...
[12:24:21]   3322.39 events/sec
[12:24:21]   Final State after Forget: [12:24:11]   Running sysbench CPU benchmark...
[12:24:21]   3322.39 events/sec
3322.39 events/sec
[12:24:21]   Recovery comparison skipped (invalid scores: current=[12:24:11]   Running sysbench CPU benchmark...
[12:24:21]   3322.39 events/sec
3322.39, baseline=[12:12:16]   Running sysbench CPU benchmark...
[12:12:26]   3319.26 events/sec
3319.26).
[12:24:21] [✓] SYNAPSE SHORT-TERM MODE COMPLETED.
[12:24:21] \n[4] SYNAPSE MODE TEST (Long-Term Plasticity Analogy)
[12:24:21] Parameters: POT_Load='max', DEP_Load='idle', Pulse=10s
[12:24:21] Bipolar Cycles=50, Retention Test=60s
[12:24:21] Long-Term Cycle 1/50: Applying Intense Potentiation Pulse...
[12:24:21]   Applying stress level 'max' for 10s: --cpu 8 --matrix 8 --vm 8 --vm-bytes 1G --cpu-method all
[12:24:32]   Stress level 'max' finished.
[12:24:32]   Running sysbench CPU benchmark...
[12:24:42]   3327.41 events/sec
[12:24:43] Long-Term Cycle 1/50: Applying Intense Depression Pulse/State...
[12:24:43]   Applying IDLE state for 10s.
[12:24:53]   Running sysbench CPU benchmark...
[12:25:03]   3322.79 events/sec
[12:25:04] Long-Term Cycle 2/50: Applying Intense Potentiation Pulse...
[12:25:04]   Applying stress level 'max' for 10s: --cpu 8 --matrix 8 --vm 8 --vm-bytes 1G --cpu-method all
[12:25:15]   Stress level 'max' finished.
[12:25:15]   Running sysbench CPU benchmark...
[12:25:25]   3323.39 events/sec
[12:25:26] Long-Term Cycle 2/50: Applying Intense Depression Pulse/State...
[12:25:26]   Applying IDLE state for 10s.
[12:25:36]   Running sysbench CPU benchmark...
[12:25:46]   3320.93 events/sec
[12:25:47] Long-Term Cycle 3/50: Applying Intense Potentiation Pulse...
[12:25:47]   Applying stress level 'max' for 10s: --cpu 8 --matrix 8 --vm 8 --vm-bytes 1G --cpu-method all
[12:25:57]   Stress level 'max' finished.
[12:25:57]   Running sysbench CPU benchmark...
[12:26:07]   3326.32 events/sec
[12:26:08] Long-Term Cycle 3/50: Applying Intense Depression Pulse/State...
[12:26:08]   Applying IDLE state for 10s.
[12:26:18]   Running sysbench CPU benchmark...
[12:26:28]   3323.61 events/sec
[12:26:29] Long-Term Cycle 4/50: Applying Intense Potentiation Pulse...
[12:26:29]   Applying stress level 'max' for 10s: --cpu 8 --matrix 8 --vm 8 --vm-bytes 1G --cpu-method all
[12:26:40]   Stress level 'max' finished.
[12:26:40]   Running sysbench CPU benchmark...
[12:26:50]   3323.28 events/sec
[12:26:51] Long-Term Cycle 4/50: Applying Intense Depression Pulse/State...
[12:26:51]   Applying IDLE state for 10s.
[12:27:01]   Running sysbench CPU benchmark...
[12:27:11]   3322.33 events/sec
[12:27:12] Long-Term Cycle 5/50: Applying Intense Potentiation Pulse...
[12:27:12]   Applying stress level 'max' for 10s: --cpu 8 --matrix 8 --vm 8 --vm-bytes 1G --cpu-method all
[12:27:23]   Stress level 'max' finished.
[12:27:23]   Running sysbench CPU benchmark...
[12:27:33]   3320.70 events/sec
[12:27:34] Long-Term Cycle 5/50: Applying Intense Depression Pulse/State...
[12:27:34]   Applying IDLE state for 10s.
[12:27:44]   Running sysbench CPU benchmark...
[12:27:54]   3314.06 events/sec
[12:27:55] Long-Term Cycle 6/50: Applying Intense Potentiation Pulse...
[12:27:55]   Applying stress level 'max' for 10s: --cpu 8 --matrix 8 --vm 8 --vm-bytes 1G --cpu-method all
[12:28:05]   Stress level 'max' finished.
[12:28:05]   Running sysbench CPU benchmark...
[12:28:15]   2545.17 events/sec
[12:28:16] Long-Term Cycle 6/50: Applying Intense Depression Pulse/State...
[12:28:16]   Applying IDLE state for 10s.
[12:28:26]   Running sysbench CPU benchmark...
[12:28:36]   3323.68 events/sec
[12:28:37] Long-Term Cycle 7/50: Applying Intense Potentiation Pulse...
[12:28:37]   Applying stress level 'max' for 10s: --cpu 8 --matrix 8 --vm 8 --vm-bytes 1G --cpu-method all
[12:28:47]   Stress level 'max' finished.
[12:28:47]   Running sysbench CPU benchmark...
[12:28:57]   3324.09 events/sec
[12:28:58] Long-Term Cycle 7/50: Applying Intense Depression Pulse/State...
[12:28:58]   Applying IDLE state for 10s.
[12:29:08]   Running sysbench CPU benchmark...
[12:29:18]   3325.30 events/sec
[12:29:19] Long-Term Cycle 8/50: Applying Intense Potentiation Pulse...
[12:29:19]   Applying stress level 'max' for 10s: --cpu 8 --matrix 8 --vm 8 --vm-bytes 1G --cpu-method all
[12:29:30]   Stress level 'max' finished.
[12:29:30]   Running sysbench CPU benchmark...
[12:29:40]   3326.17 events/sec
[12:29:41] Long-Term Cycle 8/50: Applying Intense Depression Pulse/State...
[12:29:41]   Applying IDLE state for 10s.
[12:29:51]   Running sysbench CPU benchmark...
[12:30:01]   3324.62 events/sec
[12:30:02] Long-Term Cycle 9/50: Applying Intense Potentiation Pulse...
[12:30:02]   Applying stress level 'max' for 10s: --cpu 8 --matrix 8 --vm 8 --vm-bytes 1G --cpu-method all
[12:30:13]   Stress level 'max' finished.
[12:30:13]   Running sysbench CPU benchmark...
[12:30:23]   3324.65 events/sec
[12:30:24] Long-Term Cycle 9/50: Applying Intense Depression Pulse/State...
[12:30:24]   Applying IDLE state for 10s.
[12:30:34]   Running sysbench CPU benchmark...
[12:30:44]   3321.80 events/sec
[12:30:45] Long-Term Cycle 10/50: Applying Intense Potentiation Pulse...
[12:30:45]   Applying stress level 'max' for 10s: --cpu 8 --matrix 8 --vm 8 --vm-bytes 1G --cpu-method all
[12:30:55]   Stress level 'max' finished.
[12:30:55]   Running sysbench CPU benchmark...
[12:31:05]   3322.95 events/sec
[12:31:06] Long-Term Cycle 10/50: Applying Intense Depression Pulse/State...
[12:31:06]   Applying IDLE state for 10s.
[12:31:16]   Running sysbench CPU benchmark...
[12:31:26]   3317.95 events/sec
[12:31:26]   Periodic integrity check (Cycle 10)...
[12:31:26]   Integrity OK.
[12:31:27] Long-Term Cycle 11/50: Applying Intense Potentiation Pulse...
[12:31:27]   Applying stress level 'max' for 10s: --cpu 8 --matrix 8 --vm 8 --vm-bytes 1G --cpu-method all
[12:31:38]   Stress level 'max' finished.
[12:31:38]   Running sysbench CPU benchmark...
[12:31:48]   3321.98 events/sec
[12:31:49] Long-Term Cycle 11/50: Applying Intense Depression Pulse/State...
[12:31:49]   Applying IDLE state for 10s.
[12:31:59]   Running sysbench CPU benchmark...
[12:32:09]   3321.09 events/sec
[12:32:10] Long-Term Cycle 12/50: Applying Intense Potentiation Pulse...
[12:32:10]   Applying stress level 'max' for 10s: --cpu 8 --matrix 8 --vm 8 --vm-bytes 1G --cpu-method all
[12:32:20]   Stress level 'max' finished.
[12:32:20]   Running sysbench CPU benchmark...
[12:32:30]   3324.56 events/sec
[12:32:31] Long-Term Cycle 12/50: Applying Intense Depression Pulse/State...
[12:32:31]   Applying IDLE state for 10s.
[12:32:41]   Running sysbench CPU benchmark...
[12:32:51]   3321.78 events/sec
[12:32:52] Long-Term Cycle 13/50: Applying Intense Potentiation Pulse...
[12:32:52]   Applying stress level 'max' for 10s: --cpu 8 --matrix 8 --vm 8 --vm-bytes 1G --cpu-method all
[12:33:02]   Stress level 'max' finished.
[12:33:02]   Running sysbench CPU benchmark...
[12:33:12]   3324.94 events/sec
[12:33:13] Long-Term Cycle 13/50: Applying Intense Depression Pulse/State...
[12:33:13]   Applying IDLE state for 10s.
[12:33:23]   Running sysbench CPU benchmark...
[12:33:33]   3324.08 events/sec
[12:33:34] Long-Term Cycle 14/50: Applying Intense Potentiation Pulse...
[12:33:34]   Applying stress level 'max' for 10s: --cpu 8 --matrix 8 --vm 8 --vm-bytes 1G --cpu-method all
[12:33:45]   Stress level 'max' finished.
[12:33:45]   Running sysbench CPU benchmark...
[12:33:55]   3325.53 events/sec
[12:33:56] Long-Term Cycle 14/50: Applying Intense Depression Pulse/State...
[12:33:56]   Applying IDLE state for 10s.
[12:34:06]   Running sysbench CPU benchmark...
[12:34:16]   3324.96 events/sec
[12:34:17] Long-Term Cycle 15/50: Applying Intense Potentiation Pulse...
[12:34:17]   Applying stress level 'max' for 10s: --cpu 8 --matrix 8 --vm 8 --vm-bytes 1G --cpu-method all
[12:34:27]   Stress level 'max' finished.
[12:34:27]   Running sysbench CPU benchmark...
[12:34:37]   3327.13 events/sec
[12:34:38] Long-Term Cycle 15/50: Applying Intense Depression Pulse/State...
[12:34:38]   Applying IDLE state for 10s.
[12:34:48]   Running sysbench CPU benchmark...
[12:34:58]   3258.78 events/sec
[12:34:59] Long-Term Cycle 16/50: Applying Intense Potentiation Pulse...
[12:34:59]   Applying stress level 'max' for 10s: --cpu 8 --matrix 8 --vm 8 --vm-bytes 1G --cpu-method all
[12:35:10]   Stress level 'max' finished.
[12:35:10]   Running sysbench CPU benchmark...
[12:35:20]   3327.72 events/sec
[12:35:21] Long-Term Cycle 16/50: Applying Intense Depression Pulse/State...
[12:35:21]   Applying IDLE state for 10s.
[12:35:31]   Running sysbench CPU benchmark...
[12:35:41]   3325.01 events/sec
[12:35:42] Long-Term Cycle 17/50: Applying Intense Potentiation Pulse...
[12:35:42]   Applying stress level 'max' for 10s: --cpu 8 --matrix 8 --vm 8 --vm-bytes 1G --cpu-method all
[12:35:52]   Stress level 'max' finished.
[12:35:52]   Running sysbench CPU benchmark...
[12:36:02]   3320.55 events/sec
[12:36:03] Long-Term Cycle 17/50: Applying Intense Depression Pulse/State...
[12:36:03]   Applying IDLE state for 10s.
[12:36:13]   Running sysbench CPU benchmark...
[12:36:23]   3320.67 events/sec
[12:36:24] Long-Term Cycle 18/50: Applying Intense Potentiation Pulse...
[12:36:24]   Applying stress level 'max' for 10s: --cpu 8 --matrix 8 --vm 8 --vm-bytes 1G --cpu-method all
[12:36:34]   Stress level 'max' finished.
[12:36:34]   Running sysbench CPU benchmark...
[12:36:44]   3323.36 events/sec
[12:36:45] Long-Term Cycle 18/50: Applying Intense Depression Pulse/State...
[12:36:45]   Applying IDLE state for 10s.
[12:36:55]   Running sysbench CPU benchmark...
[12:37:05]   3323.26 events/sec
[12:37:06] Long-Term Cycle 19/50: Applying Intense Potentiation Pulse...
[12:37:06]   Applying stress level 'max' for 10s: --cpu 8 --matrix 8 --vm 8 --vm-bytes 1G --cpu-method all
[12:37:17]   Stress level 'max' finished.
[12:37:17]   Running sysbench CPU benchmark...
[12:37:27]   3322.68 events/sec
[12:37:28] Long-Term Cycle 19/50: Applying Intense Depression Pulse/State...
[12:37:28]   Applying IDLE state for 10s.
[12:37:38]   Running sysbench CPU benchmark...
[12:37:48]   3324.41 events/sec
[12:37:49] Long-Term Cycle 20/50: Applying Intense Potentiation Pulse...
[12:37:49]   Applying stress level 'max' for 10s: --cpu 8 --matrix 8 --vm 8 --vm-bytes 1G --cpu-method all
[12:37:59]   Stress level 'max' finished.
[12:37:59]   Running sysbench CPU benchmark...
[12:38:09]   3321.11 events/sec
[12:38:10] Long-Term Cycle 20/50: Applying Intense Depression Pulse/State...
[12:38:10]   Applying IDLE state for 10s.
[12:38:20]   Running sysbench CPU benchmark...
[12:38:30]   3313.59 events/sec
[12:38:30]   Periodic integrity check (Cycle 20)...
[12:38:31]   Integrity OK.
[12:38:32] Long-Term Cycle 21/50: Applying Intense Potentiation Pulse...
[12:38:32]   Applying stress level 'max' for 10s: --cpu 8 --matrix 8 --vm 8 --vm-bytes 1G --cpu-method all
[12:38:42]   Stress level 'max' finished.
[12:38:42]   Running sysbench CPU benchmark...
[12:38:52]   3323.62 events/sec
[12:38:53] Long-Term Cycle 21/50: Applying Intense Depression Pulse/State...
[12:38:53]   Applying IDLE state for 10s.
[12:39:03]   Running sysbench CPU benchmark...
[12:39:13]   3324.37 events/sec
[12:39:14] Long-Term Cycle 22/50: Applying Intense Potentiation Pulse...
[12:39:14]   Applying stress level 'max' for 10s: --cpu 8 --matrix 8 --vm 8 --vm-bytes 1G --cpu-method all
[12:39:25]   Stress level 'max' finished.
[12:39:25]   Running sysbench CPU benchmark...
[12:39:35]   3317.60 events/sec
[12:39:36] Long-Term Cycle 22/50: Applying Intense Depression Pulse/State...
[12:39:36]   Applying IDLE state for 10s.
[12:39:46]   Running sysbench CPU benchmark...
[12:39:56]   3320.56 events/sec
[12:39:57] Long-Term Cycle 23/50: Applying Intense Potentiation Pulse...
[12:39:57]   Applying stress level 'max' for 10s: --cpu 8 --matrix 8 --vm 8 --vm-bytes 1G --cpu-method all
[12:40:07]   Stress level 'max' finished.
[12:40:07]   Running sysbench CPU benchmark...
[12:40:17]   3324.49 events/sec
[12:40:18] Long-Term Cycle 23/50: Applying Intense Depression Pulse/State...
[12:40:18]   Applying IDLE state for 10s.
[12:40:28]   Running sysbench CPU benchmark...
[12:40:38]   3320.64 events/sec
[12:40:39] Long-Term Cycle 24/50: Applying Intense Potentiation Pulse...
[12:40:39]   Applying stress level 'max' for 10s: --cpu 8 --matrix 8 --vm 8 --vm-bytes 1G --cpu-method all
[12:40:50]   Stress level 'max' finished.
[12:40:50]   Running sysbench CPU benchmark...
[12:41:00]   3324.99 events/sec
[12:41:01] Long-Term Cycle 24/50: Applying Intense Depression Pulse/State...
[12:41:01]   Applying IDLE state for 10s.
[12:41:11]   Running sysbench CPU benchmark...
[12:41:21]   3323.85 events/sec
[12:41:22] Long-Term Cycle 25/50: Applying Intense Potentiation Pulse...
[12:41:22]   Applying stress level 'max' for 10s: --cpu 8 --matrix 8 --vm 8 --vm-bytes 1G --cpu-method all
[12:41:32]   Stress level 'max' finished.
[12:41:32]   Running sysbench CPU benchmark...
[12:41:42]   3321.59 events/sec
[12:41:43] Long-Term Cycle 25/50: Applying Intense Depression Pulse/State...
[12:41:43]   Applying IDLE state for 10s.
[12:41:53]   Running sysbench CPU benchmark...
[12:42:03]   3324.74 events/sec
[12:42:04] Long-Term Cycle 26/50: Applying Intense Potentiation Pulse...
[12:42:04]   Applying stress level 'max' for 10s: --cpu 8 --matrix 8 --vm 8 --vm-bytes 1G --cpu-method all
[12:42:15]   Stress level 'max' finished.
[12:42:15]   Running sysbench CPU benchmark...
[12:42:25]   3318.59 events/sec
[12:42:26] Long-Term Cycle 26/50: Applying Intense Depression Pulse/State...
[12:42:26]   Applying IDLE state for 10s.
[12:42:36]   Running sysbench CPU benchmark...
[12:42:46]   3327.32 events/sec
[12:42:47] Long-Term Cycle 27/50: Applying Intense Potentiation Pulse...
[12:42:47]   Applying stress level 'max' for 10s: --cpu 8 --matrix 8 --vm 8 --vm-bytes 1G --cpu-method all
[12:42:58]   Stress level 'max' finished.
[12:42:58]   Running sysbench CPU benchmark...
[12:43:08]   3326.52 events/sec
[12:43:09] Long-Term Cycle 27/50: Applying Intense Depression Pulse/State...
[12:43:09]   Applying IDLE state for 10s.
[12:43:19]   Running sysbench CPU benchmark...
[12:43:29]   3323.22 events/sec
[12:43:30] Long-Term Cycle 28/50: Applying Intense Potentiation Pulse...
[12:43:30]   Applying stress level 'max' for 10s: --cpu 8 --matrix 8 --vm 8 --vm-bytes 1G --cpu-method all
[12:43:41]   Stress level 'max' finished.
[12:43:41]   Running sysbench CPU benchmark...
[12:43:51]   3319.92 events/sec
[12:43:52] Long-Term Cycle 28/50: Applying Intense Depression Pulse/State...
[12:43:52]   Applying IDLE state for 10s.
[12:44:02]   Running sysbench CPU benchmark...
[12:44:12]   3324.38 events/sec
[12:44:13] Long-Term Cycle 29/50: Applying Intense Potentiation Pulse...
[12:44:13]   Applying stress level 'max' for 10s: --cpu 8 --matrix 8 --vm 8 --vm-bytes 1G --cpu-method all
[12:44:23]   Stress level 'max' finished.
[12:44:23]   Running sysbench CPU benchmark...
[12:44:33]   3317.25 events/sec
[12:44:34] Long-Term Cycle 29/50: Applying Intense Depression Pulse/State...
[12:44:34]   Applying IDLE state for 10s.
[12:44:44]   Running sysbench CPU benchmark...
[12:44:54]   3322.88 events/sec
[12:44:55] Long-Term Cycle 30/50: Applying Intense Potentiation Pulse...
[12:44:55]   Applying stress level 'max' for 10s: --cpu 8 --matrix 8 --vm 8 --vm-bytes 1G --cpu-method all
[12:45:06]   Stress level 'max' finished.
[12:45:06]   Running sysbench CPU benchmark...
[12:45:16]   3324.76 events/sec
[12:45:17] Long-Term Cycle 30/50: Applying Intense Depression Pulse/State...
[12:45:17]   Applying IDLE state for 10s.
[12:45:27]   Running sysbench CPU benchmark...
[12:45:37]   3320.64 events/sec
[12:45:37]   Periodic integrity check (Cycle 30)...
[12:45:37]   Integrity OK.
[12:45:38] Long-Term Cycle 31/50: Applying Intense Potentiation Pulse...
[12:45:38]   Applying stress level 'max' for 10s: --cpu 8 --matrix 8 --vm 8 --vm-bytes 1G --cpu-method all
[12:45:49]   Stress level 'max' finished.
[12:45:49]   Running sysbench CPU benchmark...
[12:45:59]   3322.25 events/sec
[12:46:00] Long-Term Cycle 31/50: Applying Intense Depression Pulse/State...
[12:46:00]   Applying IDLE state for 10s.
[12:46:10]   Running sysbench CPU benchmark...
[12:46:20]   3323.32 events/sec
[12:46:21] Long-Term Cycle 32/50: Applying Intense Potentiation Pulse...
[12:46:21]   Applying stress level 'max' for 10s: --cpu 8 --matrix 8 --vm 8 --vm-bytes 1G --cpu-method all
[12:46:32]   Stress level 'max' finished.
[12:46:32]   Running sysbench CPU benchmark...
[12:46:42]   3324.53 events/sec
[12:46:43] Long-Term Cycle 32/50: Applying Intense Depression Pulse/State...
[12:46:43]   Applying IDLE state for 10s.
[12:46:53]   Running sysbench CPU benchmark...
[12:47:03]   3325.10 events/sec
[12:47:04] Long-Term Cycle 33/50: Applying Intense Potentiation Pulse...
[12:47:04]   Applying stress level 'max' for 10s: --cpu 8 --matrix 8 --vm 8 --vm-bytes 1G --cpu-method all
[12:47:14]   Stress level 'max' finished.
[12:47:14]   Running sysbench CPU benchmark...
[12:47:24]   3322.90 events/sec
[12:47:25] Long-Term Cycle 33/50: Applying Intense Depression Pulse/State...
[12:47:25]   Applying IDLE state for 10s.
[12:47:35]   Running sysbench CPU benchmark...
[12:47:45]   3325.69 events/sec
[12:47:46] Long-Term Cycle 34/50: Applying Intense Potentiation Pulse...
[12:47:46]   Applying stress level 'max' for 10s: --cpu 8 --matrix 8 --vm 8 --vm-bytes 1G --cpu-method all
[12:47:56]   Stress level 'max' finished.
[12:47:56]   Running sysbench CPU benchmark...
[12:48:06]   3326.72 events/sec
[12:48:07] Long-Term Cycle 34/50: Applying Intense Depression Pulse/State...
[12:48:07]   Applying IDLE state for 10s.
[12:48:17]   Running sysbench CPU benchmark...
[12:48:27]   3315.86 events/sec
[12:48:28] Long-Term Cycle 35/50: Applying Intense Potentiation Pulse...
[12:48:28]   Applying stress level 'max' for 10s: --cpu 8 --matrix 8 --vm 8 --vm-bytes 1G --cpu-method all
[12:48:39]   Stress level 'max' finished.
[12:48:39]   Running sysbench CPU benchmark...
[12:48:49]   3328.43 events/sec
[12:48:50] Long-Term Cycle 35/50: Applying Intense Depression Pulse/State...
[12:48:50]   Applying IDLE state for 10s.
[12:49:00]   Running sysbench CPU benchmark...
[12:49:10]   3270.99 events/sec
[12:49:11] Long-Term Cycle 36/50: Applying Intense Potentiation Pulse...
[12:49:11]   Applying stress level 'max' for 10s: --cpu 8 --matrix 8 --vm 8 --vm-bytes 1G --cpu-method all
[12:49:21]   Stress level 'max' finished.
[12:49:21]   Running sysbench CPU benchmark...
[12:49:31]   3324.36 events/sec
[12:49:32] Long-Term Cycle 36/50: Applying Intense Depression Pulse/State...
[12:49:32]   Applying IDLE state for 10s.
[12:49:42]   Running sysbench CPU benchmark...
[12:49:52]   3325.89 events/sec
[12:49:53] Long-Term Cycle 37/50: Applying Intense Potentiation Pulse...
[12:49:53]   Applying stress level 'max' for 10s: --cpu 8 --matrix 8 --vm 8 --vm-bytes 1G --cpu-method all
[12:50:04]   Stress level 'max' finished.
[12:50:04]   Running sysbench CPU benchmark...
[12:50:14]   3323.38 events/sec
[12:50:15] Long-Term Cycle 37/50: Applying Intense Depression Pulse/State...
[12:50:15]   Applying IDLE state for 10s.
[12:50:25]   Running sysbench CPU benchmark...
[12:50:35]   3322.98 events/sec
[12:50:36] Long-Term Cycle 38/50: Applying Intense Potentiation Pulse...
[12:50:36]   Applying stress level 'max' for 10s: --cpu 8 --matrix 8 --vm 8 --vm-bytes 1G --cpu-method all
[12:50:46]   Stress level 'max' finished.
[12:50:46]   Running sysbench CPU benchmark...
[12:50:56]   3328.10 events/sec
[12:50:57] Long-Term Cycle 38/50: Applying Intense Depression Pulse/State...
[12:50:57]   Applying IDLE state for 10s.
[12:51:07]   Running sysbench CPU benchmark...
[12:51:17]   3322.59 events/sec
[12:51:18] Long-Term Cycle 39/50: Applying Intense Potentiation Pulse...
[12:51:18]   Applying stress level 'max' for 10s: --cpu 8 --matrix 8 --vm 8 --vm-bytes 1G --cpu-method all
[12:51:28]   Stress level 'max' finished.
[12:51:28]   Running sysbench CPU benchmark...
[12:51:38]   3324.86 events/sec
[12:51:39] Long-Term Cycle 39/50: Applying Intense Depression Pulse/State...
[12:51:39]   Applying IDLE state for 10s.
[12:51:49]   Running sysbench CPU benchmark...
[12:51:59]   3322.66 events/sec
[12:52:00] Long-Term Cycle 40/50: Applying Intense Potentiation Pulse...
[12:52:00]   Applying stress level 'max' for 10s: --cpu 8 --matrix 8 --vm 8 --vm-bytes 1G --cpu-method all
[12:52:11]   Stress level 'max' finished.
[12:52:11]   Running sysbench CPU benchmark...
[12:52:21]   3325.31 events/sec
[12:52:22] Long-Term Cycle 40/50: Applying Intense Depression Pulse/State...
[12:52:22]   Applying IDLE state for 10s.
[12:52:32]   Running sysbench CPU benchmark...
[12:52:42]   3321.81 events/sec
[12:52:42]   Periodic integrity check (Cycle 40)...
[12:52:42]   Integrity OK.
[12:52:43] Long-Term Cycle 41/50: Applying Intense Potentiation Pulse...
[12:52:43]   Applying stress level 'max' for 10s: --cpu 8 --matrix 8 --vm 8 --vm-bytes 1G --cpu-method all
[12:52:54]   Stress level 'max' finished.
[12:52:54]   Running sysbench CPU benchmark...
[12:53:04]   3323.99 events/sec
[12:53:05] Long-Term Cycle 41/50: Applying Intense Depression Pulse/State...
[12:53:05]   Applying IDLE state for 10s.
[12:53:15]   Running sysbench CPU benchmark...
[12:53:25]   3321.28 events/sec
[12:53:26] Long-Term Cycle 42/50: Applying Intense Potentiation Pulse...
[12:53:26]   Applying stress level 'max' for 10s: --cpu 8 --matrix 8 --vm 8 --vm-bytes 1G --cpu-method all
[12:53:36]   Stress level 'max' finished.
[12:53:36]   Running sysbench CPU benchmark...
[12:53:46]   3324.89 events/sec
[12:53:47] Long-Term Cycle 42/50: Applying Intense Depression Pulse/State...
[12:53:47]   Applying IDLE state for 10s.
[12:53:57]   Running sysbench CPU benchmark...
[12:54:07]   3320.50 events/sec
[12:54:08] Long-Term Cycle 43/50: Applying Intense Potentiation Pulse...
[12:54:08]   Applying stress level 'max' for 10s: --cpu 8 --matrix 8 --vm 8 --vm-bytes 1G --cpu-method all
[12:54:18]   Stress level 'max' finished.
[12:54:18]   Running sysbench CPU benchmark...
[12:54:28]   3324.83 events/sec
[12:54:29] Long-Term Cycle 43/50: Applying Intense Depression Pulse/State...
[12:54:29]   Applying IDLE state for 10s.
[12:54:39]   Running sysbench CPU benchmark...
[12:54:49]   3317.90 events/sec
[12:54:50] Long-Term Cycle 44/50: Applying Intense Potentiation Pulse...
[12:54:50]   Applying stress level 'max' for 10s: --cpu 8 --matrix 8 --vm 8 --vm-bytes 1G --cpu-method all
[12:55:01]   Stress level 'max' finished.
[12:55:01]   Running sysbench CPU benchmark...
[12:55:11]   3325.67 events/sec
[12:55:12] Long-Term Cycle 44/50: Applying Intense Depression Pulse/State...
[12:55:12]   Applying IDLE state for 10s.
[12:55:22]   Running sysbench CPU benchmark...
[12:55:32]   3320.69 events/sec
[12:55:33] Long-Term Cycle 45/50: Applying Intense Potentiation Pulse...
[12:55:33]   Applying stress level 'max' for 10s: --cpu 8 --matrix 8 --vm 8 --vm-bytes 1G --cpu-method all
[12:55:43]   Stress level 'max' finished.
[12:55:43]   Running sysbench CPU benchmark...
[12:55:53]   3325.95 events/sec
[12:55:54] Long-Term Cycle 45/50: Applying Intense Depression Pulse/State...
[12:55:54]   Applying IDLE state for 10s.
[12:56:04]   Running sysbench CPU benchmark...
[12:56:14]   3324.29 events/sec
[12:56:15] Long-Term Cycle 46/50: Applying Intense Potentiation Pulse...
[12:56:15]   Applying stress level 'max' for 10s: --cpu 8 --matrix 8 --vm 8 --vm-bytes 1G --cpu-method all
[12:56:26]   Stress level 'max' finished.
[12:56:26]   Running sysbench CPU benchmark...
[12:56:36]   3326.05 events/sec
[12:56:37] Long-Term Cycle 46/50: Applying Intense Depression Pulse/State...
[12:56:37]   Applying IDLE state for 10s.
[12:56:47]   Running sysbench CPU benchmark...
[12:56:57]   3324.56 events/sec
[12:56:58] Long-Term Cycle 47/50: Applying Intense Potentiation Pulse...
[12:56:58]   Applying stress level 'max' for 10s: --cpu 8 --matrix 8 --vm 8 --vm-bytes 1G --cpu-method all
[12:57:08]   Stress level 'max' finished.
[12:57:08]   Running sysbench CPU benchmark...
[12:57:18]   3322.73 events/sec
[12:57:19] Long-Term Cycle 47/50: Applying Intense Depression Pulse/State...
[12:57:19]   Applying IDLE state for 10s.
[12:57:29]   Running sysbench CPU benchmark...
[12:57:39]   3320.35 events/sec
[12:57:40] Long-Term Cycle 48/50: Applying Intense Potentiation Pulse...
[12:57:40]   Applying stress level 'max' for 10s: --cpu 8 --matrix 8 --vm 8 --vm-bytes 1G --cpu-method all
[12:57:51]   Stress level 'max' finished.
[12:57:51]   Running sysbench CPU benchmark...
[12:58:01]   3321.79 events/sec
[12:58:02] Long-Term Cycle 48/50: Applying Intense Depression Pulse/State...
[12:58:02]   Applying IDLE state for 10s.
[12:58:12]   Running sysbench CPU benchmark...
[12:58:22]   3325.37 events/sec
[12:58:23] Long-Term Cycle 49/50: Applying Intense Potentiation Pulse...
[12:58:23]   Applying stress level 'max' for 10s: --cpu 8 --matrix 8 --vm 8 --vm-bytes 1G --cpu-method all
[12:58:33]   Stress level 'max' finished.
[12:58:33]   Running sysbench CPU benchmark...
[12:58:43]   3320.21 events/sec
[12:58:44] Long-Term Cycle 49/50: Applying Intense Depression Pulse/State...
[12:58:44]   Applying IDLE state for 10s.
[12:58:54]   Running sysbench CPU benchmark...
[12:59:04]   3322.00 events/sec
[12:59:05] Long-Term Cycle 50/50: Applying Intense Potentiation Pulse...
[12:59:05]   Applying stress level 'max' for 10s: --cpu 8 --matrix 8 --vm 8 --vm-bytes 1G --cpu-method all
[12:59:16]   Stress level 'max' finished.
[12:59:16]   Running sysbench CPU benchmark...
[12:59:26]   3322.97 events/sec
[12:59:27] Long-Term Cycle 50/50: Applying Intense Depression Pulse/State...
[12:59:27]   Applying IDLE state for 10s.
[12:59:37]   Running sysbench CPU benchmark...
[12:59:47]   3317.82 events/sec
[12:59:47]   Periodic integrity check (Cycle 50)...
[12:59:47]   Integrity OK.
[12:59:48] Long-Term Cycling Phase complete (50 cycles).
[12:59:48] Starting Retention Test Phase (60s idle)...
[12:59:48]   Running sysbench CPU benchmark...
[12:59:58]   3323.23 events/sec
[12:59:58]   Running sysbench CPU benchmark...
[13:00:08]   3318.88 events/sec
[13:00:18]   Running sysbench CPU benchmark...
[13:00:28]   3322.38 events/sec
[13:00:38]   Running sysbench CPU benchmark...
[13:00:48]   3321.55 events/sec
[13:00:58] Retention Test: Final Checks...
[13:00:58]   Hash after retention: 57bb78ba0cd9eff3c8bdd75bab38c36e
[13:00:58]   [✓] Data integrity preserved after retention.
[13:00:58]   [✓] No new critical errors in dmesg post-retention.
[13:00:58]   Running sysbench CPU benchmark...
[13:01:08]   3321.17 events/sec
[13:01:08]   Final Performance State: [13:00:58]   Running sysbench CPU benchmark...
[13:01:08]   3321.17 events/sec
3321.17 events/sec (Baseline: [12:12:16]   Running sysbench CPU benchmark...
[12:12:26]   3319.26 events/sec
3319.26)
[13:01:08] [✓] SYNAPSE LONG-TERM MODE COMPLETED: System endured cycling and retention test without critical persistent failures. Check warnings for performance degradation.
[13:01:08] \n[5] FINAL SYSTEM STATE & OVERALL EVALUATION
[13:01:08]   Running sysbench CPU benchmark...
[13:01:18]   3324.69 events/sec
[13:01:18] Final frequency: 2701610 KHz (Baseline: 2700032 KHz)
[13:01:18] Final temp: 53 C (Baseline: 47 C)
[13:01:18] Final Sysbench Score: [13:01:08]   Running sysbench CPU benchmark...
[13:01:18]   3324.69 events/sec
3324.69 events/sec (Baseline: [12:12:16]   Running sysbench CPU benchmark...
[12:12:26]   3319.26 events/sec
3319.26 events/sec)
[13:01:18] Final MD5 Check: 57bb78ba0cd9eff3c8bdd75bab38c36e (Original: 57bb78ba0cd9eff3c8bdd75bab38c36e)
[13:01:18] \n--- OVERALL VERDICT (NS-RAM Analogy Interpretation) ---
[13:01:18] ⚠️  SYSTEM STRESSED BUT STABLE: Completed tests without critical failures, but warnings indicate non-ideal behavior (throttling, slow recovery, performance dip). (Analogy: Device operated near/beyond optimal point, showing stress effects but no permanent failure mode).
[13:01:18] Test completed at: Tue May 13 01:01:18 PM CEST 2025
[13:01:18] Log file saved to: nsram_analogy_results_20250513_121204.log
[13:01:18] Data directory for plotting: stress_data_20250513_121204
[13:01:18] [*] Cleaning up background processes and files...
[13:01:18] [*] Resetting system state (best effort)...
[13:01:18] [*] Cleanup finished.
