[19:18:31] === Advanced NS-RAM System Analogy Stress Test v2 ===
[19:18:31] Start time: Mon May 12 07:18:31 PM CEST 2025
[19:18:31] !!! EXTREME WARNING: DANGEROUS & EXPERIMENTAL SCRIPT !!!
[19:18:31] Mode: ALL
[19:18:31] CPU: Intel(R) Core(TM) i7-8559U CPU @ 2.70GHz
BIOS Intel(R) Core(TM) i7-8559U CPU @ 2.70GHz To Be Filled By O.E.M. CPU @ 2.3GHz
[19:18:31] Kernel: 6.11.0-25-generic
[19:18:31] [1] SYSTEM SETUP & BASELINE
[19:18:31] [*] Setting performance governor & disabling turbo/boost...
[19:18:31] [*] Disabling ASLR...
[19:18:32] Initial frequency: 2700000 KHz
[19:18:32] Initial temp: N/A C
[19:18:32] [*] Compiling custom stress tools (hammer, spec_havoc)...
[19:18:32] [*] Running Baseline Performance (Sysbench)...
[19:18:32]   Running sysbench CPU benchmark...
[19:18:42]   WARN: Sysbench failed to produce valid score.
[19:18:42] Baseline Sysbench CPU Score: [19:18:32]   Running sysbench CPU benchmark...
[19:18:42]   WARN: Sysbench failed to produce valid score.
N/A events/sec
[19:18:42] [*] Generating test data (20 MB)...
[19:18:42] Original data hash (MD5): f4a566bf4cbe8ffdb0ac82306b9eb954
[19:18:42] \n[2] NEURON MODE TEST (LIF Analogy)
[19:18:42] Parameters: Amplitude='max', ON=5s, OFF=5s, Cycles=10
[19:18:42] Estimated duration: 100s
[19:18:42] Neuron Cycle 1/10: Applying Pulse (ON)...
[19:18:42]   Applying stress level 'max' for 5s: --cpu 8 --matrix 8 --vm 8 --vm-bytes 1G --cpu-method all
[19:18:48]   Stress level 'max' finished.
[19:18:48]   Pulse End: Temp=N/AC, Freq=2700516KHz
[19:18:48] Neuron Cycle 1/10: Recovery phase (OFF - Leaking)...
[19:18:53]   Recovery End: Temp=N/AC (Drop: N/AC), Freq=2700023KHz (Recovered: true)
[19:18:53]   Recovery Time Measured (tau_r analogy): 5.004023352s
[19:18:53] Neuron Cycle 2/10: Applying Pulse (ON)...
[19:18:53]   Applying stress level 'max' for 5s: --cpu 8 --matrix 8 --vm 8 --vm-bytes 1G --cpu-method all
[19:18:58]   Stress level 'max' finished.
[19:18:58]   Pulse End: Temp=N/AC, Freq=2699991KHz
[19:18:58] Neuron Cycle 2/10: Recovery phase (OFF - Leaking)...
[19:19:03]   Recovery End: Temp=N/AC (Drop: N/AC), Freq=2701358KHz (Recovered: true)
[19:19:03]   Recovery Time Measured (tau_r analogy): 5.003795143s
[19:19:03] Neuron Cycle 3/10: Applying Pulse (ON)...
[19:19:03]   Applying stress level 'max' for 5s: --cpu 8 --matrix 8 --vm 8 --vm-bytes 1G --cpu-method all
[19:19:08]   Stress level 'max' finished.
[19:19:08]   Pulse End: Temp=N/AC, Freq=2703078KHz
[19:19:08] Neuron Cycle 3/10: Recovery phase (OFF - Leaking)...
[19:19:13]   Recovery End: Temp=N/AC (Drop: N/AC), Freq=2700004KHz (Recovered: true)
[19:19:13]   Recovery Time Measured (tau_r analogy): 5.002777809s
[19:19:13] Neuron Cycle 4/10: Applying Pulse (ON)...
[19:19:13]   Applying stress level 'max' for 5s: --cpu 8 --matrix 8 --vm 8 --vm-bytes 1G --cpu-method all
[19:19:18]   Stress level 'max' finished.
[19:19:18]   Pulse End: Temp=N/AC, Freq=2701579KHz
[19:19:18] Neuron Cycle 4/10: Recovery phase (OFF - Leaking)...
[19:19:24]   Recovery End: Temp=N/AC (Drop: N/AC), Freq=2699989KHz (Recovered: true)
[19:19:24]   Recovery Time Measured (tau_r analogy): 5.003937029s
[19:19:24] Neuron Cycle 5/10: Applying Pulse (ON)...
[19:19:24]   Applying stress level 'max' for 5s: --cpu 8 --matrix 8 --vm 8 --vm-bytes 1G --cpu-method all
[19:19:29]   Stress level 'max' finished.
[19:19:29]   Pulse End: Temp=N/AC, Freq=2700042KHz
[19:19:29] Neuron Cycle 5/10: Recovery phase (OFF - Leaking)...
[19:19:34]   Recovery End: Temp=N/AC (Drop: N/AC), Freq=2700067KHz (Recovered: true)
[19:19:34]   Recovery Time Measured (tau_r analogy): 5.003927388s
[19:19:34] Neuron Cycle 6/10: Applying Pulse (ON)...
[19:19:34]   Applying stress level 'max' for 5s: --cpu 8 --matrix 8 --vm 8 --vm-bytes 1G --cpu-method all
[19:19:39]   Stress level 'max' finished.
[19:19:39]   Pulse End: Temp=N/AC, Freq=2700758KHz
[19:19:39] Neuron Cycle 6/10: Recovery phase (OFF - Leaking)...
[19:19:44]   Recovery End: Temp=N/AC (Drop: N/AC), Freq=2700014KHz (Recovered: true)
[19:19:44]   Recovery Time Measured (tau_r analogy): 5.003807602s
[19:19:44] Neuron Cycle 7/10: Applying Pulse (ON)...
[19:19:44]   Applying stress level 'max' for 5s: --cpu 8 --matrix 8 --vm 8 --vm-bytes 1G --cpu-method all
[19:19:49]   Stress level 'max' finished.
[19:19:49]   Pulse End: Temp=N/AC, Freq=2700018KHz
[19:19:49] Neuron Cycle 7/10: Recovery phase (OFF - Leaking)...
[19:19:55]   Recovery End: Temp=N/AC (Drop: N/AC), Freq=2700010KHz (Recovered: true)
[19:19:55]   Recovery Time Measured (tau_r analogy): 5.003898856s
[19:19:55] Neuron Cycle 8/10: Applying Pulse (ON)...
[19:19:55]   Applying stress level 'max' for 5s: --cpu 8 --matrix 8 --vm 8 --vm-bytes 1G --cpu-method all
[19:20:00]   Stress level 'max' finished.
[19:20:00]   Pulse End: Temp=N/AC, Freq=2699963KHz
[19:20:00] Neuron Cycle 8/10: Recovery phase (OFF - Leaking)...
[19:20:05]   Recovery End: Temp=N/AC (Drop: N/AC), Freq=2699989KHz (Recovered: true)
[19:20:05]   Recovery Time Measured (tau_r analogy): 5.003073268s
[19:20:05] Neuron Cycle 9/10: Applying Pulse (ON)...
[19:20:05]   Applying stress level 'max' for 5s: --cpu 8 --matrix 8 --vm 8 --vm-bytes 1G --cpu-method all
[19:20:10]   Stress level 'max' finished.
[19:20:10]   Pulse End: Temp=N/AC, Freq=2699312KHz
[19:20:10] Neuron Cycle 9/10: Recovery phase (OFF - Leaking)...
[19:20:15]   Recovery End: Temp=N/AC (Drop: N/AC), Freq=2699765KHz (Recovered: true)
[19:20:15]   Recovery Time Measured (tau_r analogy): 5.003930938s
[19:20:15] Neuron Cycle 10/10: Applying Pulse (ON)...
[19:20:15]   Applying stress level 'max' for 5s: --cpu 8 --matrix 8 --vm 8 --vm-bytes 1G --cpu-method all
[19:20:21]   Stress level 'max' finished.
[19:20:21]   Pulse End: Temp=N/AC, Freq=2700042KHz
[19:20:21] Neuron Cycle 10/10: Recovery phase (OFF - Leaking)...
[19:20:26]   Recovery End: Temp=N/AC (Drop: N/AC), Freq=2699892KHz (Recovered: true)
[19:20:26]   Recovery Time Measured (tau_r analogy): 5.004047118s
[19:20:26] [✓] NEURON MODE COMPLETED: System processed 10 pulses. Check warnings for recovery issues.
[19:20:26] \n[3] SYNAPSE MODE TEST (Short-Term Plasticity Analogy)
[19:20:26] Parameters: POT_Load='high', DEP_Load='idle', Pulse=3s
[19:20:26] POT Pulses=5, DEP Pulses=5, Forget=30s, Cycles=3
[19:20:26] \nShort-Term Cycle 1/3: Starting Potentiation...
[19:20:26]   Running sysbench CPU benchmark...
[19:20:36]   WARN: Sysbench failed to produce valid score.
[19:20:36]   Cycle Start State (Sysbench Score): [19:20:26]   Running sysbench CPU benchmark...
[19:20:36]   WARN: Sysbench failed to produce valid score.
N/A events/sec
[19:20:36]   Potentiation Pulse 1/5...
[19:20:36]   Applying stress level 'high' for 3s: --cpu 8 --matrix 0 --vm 8 --vm-bytes 512M --cpu-method int64,float
[19:20:39]   Stress level 'high' finished.
[19:20:39]   Running sysbench CPU benchmark...
[19:20:49]   WARN: Sysbench failed to produce valid score.
[19:20:49]     State after POT Pulse 1: [19:20:39]   Running sysbench CPU benchmark...
[19:20:49]   WARN: Sysbench failed to produce valid score.
N/A events/sec
[19:20:49]   Potentiation Pulse 2/5...
[19:20:49]   Applying stress level 'high' for 3s: --cpu 8 --matrix 0 --vm 8 --vm-bytes 512M --cpu-method int64,float
[19:20:52]   Stress level 'high' finished.
[19:20:53]   Running sysbench CPU benchmark...
[19:21:03]   WARN: Sysbench failed to produce valid score.
[19:21:03]     State after POT Pulse 2: [19:20:53]   Running sysbench CPU benchmark...
[19:21:03]   WARN: Sysbench failed to produce valid score.
N/A events/sec
[19:21:03]   Potentiation Pulse 3/5...
[19:21:03]   Applying stress level 'high' for 3s: --cpu 8 --matrix 0 --vm 8 --vm-bytes 512M --cpu-method int64,float
[19:21:06]   Stress level 'high' finished.
[19:21:06]   Running sysbench CPU benchmark...
[19:21:16]   WARN: Sysbench failed to produce valid score.
[19:21:16]     State after POT Pulse 3: [19:21:06]   Running sysbench CPU benchmark...
[19:21:16]   WARN: Sysbench failed to produce valid score.
N/A events/sec
[19:21:16]   Potentiation Pulse 4/5...
[19:21:16]   Applying stress level 'high' for 3s: --cpu 8 --matrix 0 --vm 8 --vm-bytes 512M --cpu-method int64,float
[19:21:19]   Stress level 'high' finished.
[19:21:20]   Running sysbench CPU benchmark...
[19:21:30]   WARN: Sysbench failed to produce valid score.
[19:21:30]     State after POT Pulse 4: [19:21:20]   Running sysbench CPU benchmark...
[19:21:30]   WARN: Sysbench failed to produce valid score.
N/A events/sec
[19:21:30]   Potentiation Pulse 5/5...
[19:21:30]   Applying stress level 'high' for 3s: --cpu 8 --matrix 0 --vm 8 --vm-bytes 512M --cpu-method int64,float
[19:21:33]   Stress level 'high' finished.
[19:21:33]   Running sysbench CPU benchmark...
[19:21:43]   WARN: Sysbench failed to produce valid score.
[19:21:43]     State after POT Pulse 5: [19:21:33]   Running sysbench CPU benchmark...
[19:21:43]   WARN: Sysbench failed to produce valid score.
N/A events/sec
[19:21:43] Short-Term Cycle 1/3: Starting Depression...
[19:21:43]   Depression Pulse 1/5...
[19:21:43]   Applying IDLE state for 3s.
[19:21:47]   Running sysbench CPU benchmark...
[19:21:57]   WARN: Sysbench failed to produce valid score.
[19:21:57]     State after DEP Pulse 1: [19:21:47]   Running sysbench CPU benchmark...
[19:21:57]   WARN: Sysbench failed to produce valid score.
N/A events/sec
[19:21:57]   Depression Pulse 2/5...
[19:21:57]   Applying IDLE state for 3s.
[19:22:00]   Running sysbench CPU benchmark...
[19:22:10]   WARN: Sysbench failed to produce valid score.
[19:22:10]     State after DEP Pulse 2: [19:22:00]   Running sysbench CPU benchmark...
[19:22:10]   WARN: Sysbench failed to produce valid score.
N/A events/sec
[19:22:10]   Depression Pulse 3/5...
[19:22:10]   Applying IDLE state for 3s.
[19:22:14]   Running sysbench CPU benchmark...
[19:22:24]   WARN: Sysbench failed to produce valid score.
[19:22:24]     State after DEP Pulse 3: [19:22:14]   Running sysbench CPU benchmark...
[19:22:24]   WARN: Sysbench failed to produce valid score.
N/A events/sec
[19:22:24]   Depression Pulse 4/5...
[19:22:24]   Applying IDLE state for 3s.
[19:22:27]   Running sysbench CPU benchmark...
[19:22:37]   WARN: Sysbench failed to produce valid score.
[19:22:37]     State after DEP Pulse 4: [19:22:27]   Running sysbench CPU benchmark...
[19:22:37]   WARN: Sysbench failed to produce valid score.
N/A events/sec
[19:22:37]   Depression Pulse 5/5...
[19:22:37]   Applying IDLE state for 3s.
[19:22:41]   Running sysbench CPU benchmark...
[19:22:51]   WARN: Sysbench failed to produce valid score.
[19:22:51]     State after DEP Pulse 5: [19:22:41]   Running sysbench CPU benchmark...
[19:22:51]   WARN: Sysbench failed to produce valid score.
N/A events/sec
[19:22:51] Short-Term Cycle 1/3: Starting Forgetting/Relaxation Phase (30s)...
[19:22:56]   Running sysbench CPU benchmark...
[19:23:06]   WARN: Sysbench failed to produce valid score.
[19:23:06]   Forget Time +0s: State=[19:22:56]   Running sysbench CPU benchmark...
[19:23:06]   WARN: Sysbench failed to produce valid score.
N/A events/sec
[19:23:11]   Running sysbench CPU benchmark...
[19:23:21]   WARN: Sysbench failed to produce valid score.
[19:23:21]   Forget Time +15s: State=[19:23:11]   Running sysbench CPU benchmark...
[19:23:21]   WARN: Sysbench failed to produce valid score.
N/A events/sec
[19:23:21]   Forgetting phase complete.
[19:23:21]   Running sysbench CPU benchmark...
[19:23:31]   WARN: Sysbench failed to produce valid score.
[19:23:31]   Final State after Forget: [19:23:21]   Running sysbench CPU benchmark...
[19:23:31]   WARN: Sysbench failed to produce valid score.
N/A events/sec
[19:23:31]   Recovery comparison skipped (invalid scores).
[19:23:31] \nShort-Term Cycle 2/3: Starting Potentiation...
[19:23:31]   Running sysbench CPU benchmark...
[19:23:41]   WARN: Sysbench failed to produce valid score.
[19:23:41]   Cycle Start State (Sysbench Score): [19:23:31]   Running sysbench CPU benchmark...
[19:23:41]   WARN: Sysbench failed to produce valid score.
N/A events/sec
[19:23:41]   Potentiation Pulse 1/5...
[19:23:41]   Applying stress level 'high' for 3s: --cpu 8 --matrix 0 --vm 8 --vm-bytes 512M --cpu-method int64,float
[19:23:44]   Stress level 'high' finished.
[19:23:45]   Running sysbench CPU benchmark...
[19:23:55]   WARN: Sysbench failed to produce valid score.
[19:23:55]     State after POT Pulse 1: [19:23:45]   Running sysbench CPU benchmark...
[19:23:55]   WARN: Sysbench failed to produce valid score.
N/A events/sec
[19:23:55]   Potentiation Pulse 2/5...
[19:23:55]   Applying stress level 'high' for 3s: --cpu 8 --matrix 0 --vm 8 --vm-bytes 512M --cpu-method int64,float
[19:23:58]   Stress level 'high' finished.
[19:23:58]   Running sysbench CPU benchmark...
[19:24:08]   WARN: Sysbench failed to produce valid score.
[19:24:08]     State after POT Pulse 2: [19:23:58]   Running sysbench CPU benchmark...
[19:24:08]   WARN: Sysbench failed to produce valid score.
N/A events/sec
[19:24:08]   Potentiation Pulse 3/5...
[19:24:08]   Applying stress level 'high' for 3s: --cpu 8 --matrix 0 --vm 8 --vm-bytes 512M --cpu-method int64,float
[19:24:11]   Stress level 'high' finished.
[19:24:12]   Running sysbench CPU benchmark...
[19:24:13] [*] Cleaning up background processes and files...
[19:24:13] [*] Resetting system state (best effort)...
[19:24:13] [*] Cleanup finished.
[19:24:13] [*] Cleaning up background processes and files...
[19:24:13] [*] Resetting system state (best effort)...
[19:24:13] [*] Cleanup finished.
