[19:58:16] === Advanced NS-RAM System Analogy Stress Test v2 ===
[19:58:16] Start time: Mon May 12 07:58:16 PM CEST 2025
[19:58:16] !!! EXTREME WARNING: DANGEROUS & EXPERIMENTAL SCRIPT !!!
[19:58:16] Mode: ALL
[19:58:16] CPU: Intel(R) Core(TM) i7-8559U CPU @ 2.70GHz
BIOS Intel(R) Core(TM) i7-8559U CPU @ 2.70GHz To Be Filled By O.E.M. CPU @ 2.3GHz
[19:58:16] Kernel: 6.11.0-25-generic
[19:58:16] [*] Warming up sysbench...
[19:58:26] [1] SYSTEM SETUP & BASELINE
[19:58:26] [*] Setting performance governor & disabling turbo/boost...
[19:58:26] [*] Disabling ASLR...
[19:58:27] Initial frequency: 400000 KHz
[19:58:27] Initial temp: 39 C
[19:58:27] [*] Compiling custom stress tools (hammer, spec_havoc)...
[19:58:27] [*] Running Baseline Performance (Sysbench)...
[19:58:27]   Running sysbench CPU benchmark...
[19:58:37] Baseline Sysbench CPU Score: [19:58:27]   Running sysbench CPU benchmark...
3321.07 events/sec
[19:58:37] [*] Generating test data (20 MB)...
[19:58:37] Original data hash (MD5): fd2cd8b8c4baa2cc65054dc3a37cd5da
[19:58:37] \n[2] NEURON MODE TEST (LIF Analogy)
[19:58:37] Parameters: Amplitude='max', ON=5s, OFF=5s, Cycles=10
[19:58:37] Estimated duration: 100s
[19:58:37] Neuron Cycle 1/10: Applying Pulse (ON)...
[19:58:37]   Applying stress level 'max' for 5s: --cpu 8 --matrix 8 --vm 8 --vm-bytes 1G --cpu-method all
[19:58:42]   Stress level 'max' finished.
[19:58:42]   Pulse End: Temp=50C, Freq=2700034KHz
[19:58:42] Neuron Cycle 1/10: Recovery phase (OFF - Leaking)...
[19:58:48]   Recovery End: Temp=40C (Drop: 10C), Freq=2700035KHz (Recovered: true)
[19:58:48]   Recovery Time Measured (tau_r analogy): 5.003692439s
[19:58:48] Neuron Cycle 2/10: Applying Pulse (ON)...
[19:58:48]   Applying stress level 'max' for 5s: --cpu 8 --matrix 8 --vm 8 --vm-bytes 1G --cpu-method all
[19:58:53]   Stress level 'max' finished.
[19:58:53]   Pulse End: Temp=44C, Freq=2700027KHz
[19:58:53] Neuron Cycle 2/10: Recovery phase (OFF - Leaking)...
[19:58:58]   Recovery End: Temp=40C (Drop: 4C), Freq=2700031KHz (Recovered: true)
[19:58:58]   Recovery Time Measured (tau_r analogy): 5.003918297s
[19:58:58]   [!] WARN: Low temperature drop during recovery (< 5C). System may be heat-saturated.
[19:58:58] Neuron Cycle 3/10: Applying Pulse (ON)...
[19:58:58]   Applying stress level 'max' for 5s: --cpu 8 --matrix 8 --vm 8 --vm-bytes 1G --cpu-method all
[19:59:03]   Stress level 'max' finished.
[19:59:03]   Pulse End: Temp=50C, Freq=2699187KHz
[19:59:03] Neuron Cycle 3/10: Recovery phase (OFF - Leaking)...
[19:59:08]   Recovery End: Temp=41C (Drop: 9C), Freq=2701886KHz (Recovered: true)
[19:59:08]   Recovery Time Measured (tau_r analogy): 5.003160715s
[19:59:08] Neuron Cycle 4/10: Applying Pulse (ON)...
[19:59:08]   Applying stress level 'max' for 5s: --cpu 8 --matrix 8 --vm 8 --vm-bytes 1G --cpu-method all
[19:59:13]   Stress level 'max' finished.
[19:59:13]   Pulse End: Temp=49C, Freq=2699960KHz
[19:59:13] Neuron Cycle 4/10: Recovery phase (OFF - Leaking)...
[19:59:18]   Recovery End: Temp=42C (Drop: 7C), Freq=2700053KHz (Recovered: true)
[19:59:18]   Recovery Time Measured (tau_r analogy): 5.003932911s
[19:59:18] Neuron Cycle 5/10: Applying Pulse (ON)...
[19:59:18]   Applying stress level 'max' for 5s: --cpu 8 --matrix 8 --vm 8 --vm-bytes 1G --cpu-method all
[19:59:23]   Stress level 'max' finished.
[19:59:23]   Pulse End: Temp=50C, Freq=2700249KHz
[19:59:23] Neuron Cycle 5/10: Recovery phase (OFF - Leaking)...
[19:59:28]   Recovery End: Temp=41C (Drop: 9C), Freq=2700036KHz (Recovered: true)
[19:59:28]   Recovery Time Measured (tau_r analogy): 5.003877076s
[19:59:28] Neuron Cycle 6/10: Applying Pulse (ON)...
[19:59:28]   Applying stress level 'max' for 5s: --cpu 8 --matrix 8 --vm 8 --vm-bytes 1G --cpu-method all
[19:59:33]   Stress level 'max' finished.
[19:59:33]   Pulse End: Temp=49C, Freq=2702467KHz
[19:59:33] Neuron Cycle 6/10: Recovery phase (OFF - Leaking)...
[19:59:38]   Recovery End: Temp=42C (Drop: 7C), Freq=2699939KHz (Recovered: true)
[19:59:38]   Recovery Time Measured (tau_r analogy): 5.004056270s
[19:59:39] Neuron Cycle 7/10: Applying Pulse (ON)...
[19:59:39]   Applying stress level 'max' for 5s: --cpu 8 --matrix 8 --vm 8 --vm-bytes 1G --cpu-method all
[19:59:44]   Stress level 'max' finished.
[19:59:44]   Pulse End: Temp=51C, Freq=2700171KHz
[19:59:44] Neuron Cycle 7/10: Recovery phase (OFF - Leaking)...
[19:59:49]   Recovery End: Temp=42C (Drop: 9C), Freq=2701605KHz (Recovered: true)
[19:59:49]   Recovery Time Measured (tau_r analogy): 5.004025187s
[19:59:49] Neuron Cycle 8/10: Applying Pulse (ON)...
[19:59:49]   Applying stress level 'max' for 5s: --cpu 8 --matrix 8 --vm 8 --vm-bytes 1G --cpu-method all
[19:59:54]   Stress level 'max' finished.
[19:59:54]   Pulse End: Temp=47C, Freq=2700044KHz
[19:59:54] Neuron Cycle 8/10: Recovery phase (OFF - Leaking)...
[19:59:59]   Recovery End: Temp=42C (Drop: 5C), Freq=2699995KHz (Recovered: true)
[19:59:59]   Recovery Time Measured (tau_r analogy): 5.003073478s
[19:59:59] Neuron Cycle 9/10: Applying Pulse (ON)...
[19:59:59]   Applying stress level 'max' for 5s: --cpu 8 --matrix 8 --vm 8 --vm-bytes 1G --cpu-method all
[20:00:04]   Stress level 'max' finished.
[20:00:04]   Pulse End: Temp=50C, Freq=2700031KHz
[20:00:04] Neuron Cycle 9/10: Recovery phase (OFF - Leaking)...
[20:00:09]   Recovery End: Temp=41C (Drop: 9C), Freq=2700031KHz (Recovered: true)
[20:00:09]   Recovery Time Measured (tau_r analogy): 5.003972563s
[20:00:09] Neuron Cycle 10/10: Applying Pulse (ON)...
[20:00:09]   Applying stress level 'max' for 5s: --cpu 8 --matrix 8 --vm 8 --vm-bytes 1G --cpu-method all
[20:00:14]   Stress level 'max' finished.
[20:00:14]   Pulse End: Temp=51C, Freq=2701166KHz
[20:00:14] Neuron Cycle 10/10: Recovery phase (OFF - Leaking)...
[20:00:19]   Recovery End: Temp=42C (Drop: 9C), Freq=2701474KHz (Recovered: true)
[20:00:19]   Recovery Time Measured (tau_r analogy): 5.003099776s
[20:00:19] [✓] NEURON MODE COMPLETED: System processed 10 pulses. Check warnings for recovery issues.
[20:00:19] \n[3] SYNAPSE MODE TEST (Short-Term Plasticity Analogy)
[20:00:19] Parameters: POT_Load='high', DEP_Load='idle', Pulse=3s
[20:00:19] POT Pulses=5, DEP Pulses=5, Forget=30s, Cycles=3
[20:00:19] \nShort-Term Cycle 1/3: Starting Potentiation...
[20:00:21]   Running sysbench CPU benchmark...
[20:00:31]   Cycle Start State (Sysbench Score): [20:00:21]   Running sysbench CPU benchmark...
3322.35 events/sec
[20:00:31]   Potentiation Pulse 1/5...
[20:00:31]   Applying stress level 'high' for 3s: --cpu 8 --matrix 0 --vm 8 --vm-bytes 512M --cpu-method int64,float
[20:00:34]   Stress level 'high' finished.
[20:00:36]   Running sysbench CPU benchmark...
[20:00:46]     State after POT Pulse 1: [20:00:36]   Running sysbench CPU benchmark...
3317.98 events/sec
[20:00:46]   Potentiation Pulse 2/5...
[20:00:46]   Applying stress level 'high' for 3s: --cpu 8 --matrix 0 --vm 8 --vm-bytes 512M --cpu-method int64,float
[20:00:49]   Stress level 'high' finished.
[20:00:51]   Running sysbench CPU benchmark...
[20:01:01]     State after POT Pulse 2: [20:00:51]   Running sysbench CPU benchmark...
3290.39 events/sec
[20:01:01]   Potentiation Pulse 3/5...
[20:01:01]   Applying stress level 'high' for 3s: --cpu 8 --matrix 0 --vm 8 --vm-bytes 512M --cpu-method int64,float
[20:01:04]   Stress level 'high' finished.
[20:01:06]   Running sysbench CPU benchmark...
[20:01:16]     State after POT Pulse 3: [20:01:06]   Running sysbench CPU benchmark...
3289.97 events/sec
[20:01:16]   Potentiation Pulse 4/5...
[20:01:16]   Applying stress level 'high' for 3s: --cpu 8 --matrix 0 --vm 8 --vm-bytes 512M --cpu-method int64,float
[20:01:19]   Stress level 'high' finished.
[20:01:21]   Running sysbench CPU benchmark...
[20:01:31]     State after POT Pulse 4: [20:01:21]   Running sysbench CPU benchmark...
3287.77 events/sec
[20:01:31]   Potentiation Pulse 5/5...
[20:01:32]   Applying stress level 'high' for 3s: --cpu 8 --matrix 0 --vm 8 --vm-bytes 512M --cpu-method int64,float
[20:01:35]   Stress level 'high' finished.
[20:01:37]   Running sysbench CPU benchmark...
[20:01:47]     State after POT Pulse 5: [20:01:37]   Running sysbench CPU benchmark...
3291.04 events/sec
[20:01:47] Short-Term Cycle 1/3: Starting Depression...
[20:01:47]   Depression Pulse 1/5...
[20:01:47]   Applying IDLE state for 3s.
[20:01:52]   Running sysbench CPU benchmark...
[20:02:02]     State after DEP Pulse 1: [20:01:52]   Running sysbench CPU benchmark...
3316.94 events/sec
[20:02:02]   Depression Pulse 2/5...
[20:02:02]   Applying IDLE state for 3s.
[20:02:07]   Running sysbench CPU benchmark...
[20:02:17]     State after DEP Pulse 2: [20:02:07]   Running sysbench CPU benchmark...
3320.10 events/sec
[20:02:17]   Depression Pulse 3/5...
[20:02:17]   Applying IDLE state for 3s.
[20:02:22]   Running sysbench CPU benchmark...
[20:02:32]     State after DEP Pulse 3: [20:02:22]   Running sysbench CPU benchmark...
3322.24 events/sec
[20:02:32]   Depression Pulse 4/5...
[20:02:32]   Applying IDLE state for 3s.
[20:02:37]   Running sysbench CPU benchmark...
[20:02:47]     State after DEP Pulse 4: [20:02:37]   Running sysbench CPU benchmark...
3320.30 events/sec
[20:02:47]   Depression Pulse 5/5...
[20:02:47]   Applying IDLE state for 3s.
[20:02:52]   Running sysbench CPU benchmark...
[20:03:02]     State after DEP Pulse 5: [20:02:52]   Running sysbench CPU benchmark...
3324.36 events/sec
[20:03:02] Short-Term Cycle 1/3: Starting Forgetting/Relaxation Phase (30s)...
[20:03:07]   Running sysbench CPU benchmark...
[20:03:17]   Forget Time +0s: State=[20:03:07]   Running sysbench CPU benchmark...
3324.91 events/sec
[20:03:22]   Running sysbench CPU benchmark...
[20:03:32]   Forget Time +15s: State=[20:03:22]   Running sysbench CPU benchmark...
3318.04 events/sec
[20:03:32]   Forgetting phase complete.
[20:03:34]   Running sysbench CPU benchmark...
[20:03:44]   Final State after Forget: [20:03:34]   Running sysbench CPU benchmark...
3327.36 events/sec
[20:03:44]   Recovery comparison skipped (invalid scores).
[20:03:44] \nShort-Term Cycle 2/3: Starting Potentiation...
[20:03:46]   Running sysbench CPU benchmark...
[20:03:56]   Cycle Start State (Sysbench Score): [20:03:46]   Running sysbench CPU benchmark...
3323.77 events/sec
[20:03:56]   Potentiation Pulse 1/5...
[20:03:56]   Applying stress level 'high' for 3s: --cpu 8 --matrix 0 --vm 8 --vm-bytes 512M --cpu-method int64,float
[20:03:59]   Stress level 'high' finished.
[20:04:01]   Running sysbench CPU benchmark...
[20:04:11]     State after POT Pulse 1: [20:04:01]   Running sysbench CPU benchmark...
3327.86 events/sec
[20:04:11]   Potentiation Pulse 2/5...
[20:04:11]   Applying stress level 'high' for 3s: --cpu 8 --matrix 0 --vm 8 --vm-bytes 512M --cpu-method int64,float
[20:04:14]   Stress level 'high' finished.
[20:04:16]   Running sysbench CPU benchmark...
[20:04:26]     State after POT Pulse 2: [20:04:16]   Running sysbench CPU benchmark...
3320.41 events/sec
[20:04:26]   Potentiation Pulse 3/5...
[20:04:26]   Applying stress level 'high' for 3s: --cpu 8 --matrix 0 --vm 8 --vm-bytes 512M --cpu-method int64,float
[20:04:29]   Stress level 'high' finished.
[20:04:31]   Running sysbench CPU benchmark...
[20:04:41]     State after POT Pulse 3: [20:04:31]   Running sysbench CPU benchmark...
3324.27 events/sec
[20:04:41]   Potentiation Pulse 4/5...
[20:04:41]   Applying stress level 'high' for 3s: --cpu 8 --matrix 0 --vm 8 --vm-bytes 512M --cpu-method int64,float
[20:04:44]   Stress level 'high' finished.
[20:04:46]   Running sysbench CPU benchmark...
[20:04:56]     State after POT Pulse 4: [20:04:46]   Running sysbench CPU benchmark...
3321.51 events/sec
[20:04:56]   Potentiation Pulse 5/5...
[20:04:56]   Applying stress level 'high' for 3s: --cpu 8 --matrix 0 --vm 8 --vm-bytes 512M --cpu-method int64,float
[20:04:59]   Stress level 'high' finished.
[20:05:01]   Running sysbench CPU benchmark...
[20:05:11]     State after POT Pulse 5: [20:05:01]   Running sysbench CPU benchmark...
3320.37 events/sec
[20:05:11] Short-Term Cycle 2/3: Starting Depression...
[20:05:11]   Depression Pulse 1/5...
[20:05:11]   Applying IDLE state for 3s.
[20:05:16]   Running sysbench CPU benchmark...
[20:05:26]     State after DEP Pulse 1: [20:05:16]   Running sysbench CPU benchmark...
3320.80 events/sec
[20:05:26]   Depression Pulse 2/5...
[20:05:26]   Applying IDLE state for 3s.
[20:05:31]   Running sysbench CPU benchmark...
[20:05:41]     State after DEP Pulse 2: [20:05:31]   Running sysbench CPU benchmark...
3325.21 events/sec
[20:05:41]   Depression Pulse 3/5...
[20:05:41]   Applying IDLE state for 3s.
[20:05:46]   Running sysbench CPU benchmark...
[20:05:56]     State after DEP Pulse 3: [20:05:46]   Running sysbench CPU benchmark...
3326.77 events/sec
[20:05:56]   Depression Pulse 4/5...
[20:05:56]   Applying IDLE state for 3s.
[20:06:01]   Running sysbench CPU benchmark...
[20:06:11]     State after DEP Pulse 4: [20:06:01]   Running sysbench CPU benchmark...
3323.69 events/sec
[20:06:11]   Depression Pulse 5/5...
[20:06:11]   Applying IDLE state for 3s.
[20:06:16]   Running sysbench CPU benchmark...
[20:06:26]     State after DEP Pulse 5: [20:06:16]   Running sysbench CPU benchmark...
3319.81 events/sec
[20:06:26] Short-Term Cycle 2/3: Starting Forgetting/Relaxation Phase (30s)...
[20:06:31]   Running sysbench CPU benchmark...
[20:06:41]   Forget Time +0s: State=[20:06:31]   Running sysbench CPU benchmark...
3317.31 events/sec
[20:06:46]   Running sysbench CPU benchmark...
[20:06:56]   Forget Time +15s: State=[20:06:46]   Running sysbench CPU benchmark...
3323.91 events/sec
[20:06:56]   Forgetting phase complete.
[20:06:58]   Running sysbench CPU benchmark...
[20:07:08]   Final State after Forget: [20:06:58]   Running sysbench CPU benchmark...
3322.46 events/sec
[20:07:08]   Recovery comparison skipped (invalid scores).
[20:07:08] \nShort-Term Cycle 3/3: Starting Potentiation...
[20:07:10]   Running sysbench CPU benchmark...
[20:07:20]   Cycle Start State (Sysbench Score): [20:07:10]   Running sysbench CPU benchmark...
3322.57 events/sec
[20:07:20]   Potentiation Pulse 1/5...
[20:07:20]   Applying stress level 'high' for 3s: --cpu 8 --matrix 0 --vm 8 --vm-bytes 512M --cpu-method int64,float
[20:07:23]   Stress level 'high' finished.
[20:07:25]   Running sysbench CPU benchmark...
[20:07:35]     State after POT Pulse 1: [20:07:25]   Running sysbench CPU benchmark...
3322.46 events/sec
[20:07:35]   Potentiation Pulse 2/5...
[20:07:35]   Applying stress level 'high' for 3s: --cpu 8 --matrix 0 --vm 8 --vm-bytes 512M --cpu-method int64,float
[20:07:38]   Stress level 'high' finished.
[20:07:40]   Running sysbench CPU benchmark...
[20:07:50]     State after POT Pulse 2: [20:07:40]   Running sysbench CPU benchmark...
3325.78 events/sec
[20:07:50]   Potentiation Pulse 3/5...
[20:07:50]   Applying stress level 'high' for 3s: --cpu 8 --matrix 0 --vm 8 --vm-bytes 512M --cpu-method int64,float
[20:07:53]   Stress level 'high' finished.
[20:07:55]   Running sysbench CPU benchmark...
[20:08:05]     State after POT Pulse 3: [20:07:55]   Running sysbench CPU benchmark...
3321.17 events/sec
[20:08:05]   Potentiation Pulse 4/5...
[20:08:05]   Applying stress level 'high' for 3s: --cpu 8 --matrix 0 --vm 8 --vm-bytes 512M --cpu-method int64,float
[20:08:08]   Stress level 'high' finished.
[20:08:10]   Running sysbench CPU benchmark...
[20:08:20]     State after POT Pulse 4: [20:08:10]   Running sysbench CPU benchmark...
3324.94 events/sec
[20:08:20]   Potentiation Pulse 5/5...
[20:08:20]   Applying stress level 'high' for 3s: --cpu 8 --matrix 0 --vm 8 --vm-bytes 512M --cpu-method int64,float
[20:08:23]   Stress level 'high' finished.
[20:08:25]   Running sysbench CPU benchmark...
[20:08:35]     State after POT Pulse 5: [20:08:25]   Running sysbench CPU benchmark...
3325.98 events/sec
[20:08:35] Short-Term Cycle 3/3: Starting Depression...
[20:08:35]   Depression Pulse 1/5...
[20:08:35]   Applying IDLE state for 3s.
[20:08:40]   Running sysbench CPU benchmark...
[20:08:50]     State after DEP Pulse 1: [20:08:40]   Running sysbench CPU benchmark...
3322.25 events/sec
[20:08:50]   Depression Pulse 2/5...
[20:08:50]   Applying IDLE state for 3s.
[20:08:55]   Running sysbench CPU benchmark...
[20:09:05]     State after DEP Pulse 2: [20:08:55]   Running sysbench CPU benchmark...
3323.14 events/sec
[20:09:05]   Depression Pulse 3/5...
[20:09:05]   Applying IDLE state for 3s.
[20:09:10]   Running sysbench CPU benchmark...
[20:09:21]     State after DEP Pulse 3: [20:09:10]   Running sysbench CPU benchmark...
3322.67 events/sec
[20:09:21]   Depression Pulse 4/5...
[20:09:21]   Applying IDLE state for 3s.
[20:09:26]   Running sysbench CPU benchmark...
[20:09:36]     State after DEP Pulse 4: [20:09:26]   Running sysbench CPU benchmark...
3321.89 events/sec
[20:09:36]   Depression Pulse 5/5...
[20:09:36]   Applying IDLE state for 3s.
[20:09:41]   Running sysbench CPU benchmark...
[20:09:51]     State after DEP Pulse 5: [20:09:41]   Running sysbench CPU benchmark...
3320.99 events/sec
[20:09:51] Short-Term Cycle 3/3: Starting Forgetting/Relaxation Phase (30s)...
[20:09:56]   Running sysbench CPU benchmark...
[20:10:06]   Forget Time +0s: State=[20:09:56]   Running sysbench CPU benchmark...
3326.35 events/sec
[20:10:11]   Running sysbench CPU benchmark...
[20:10:21]   Forget Time +15s: State=[20:10:11]   Running sysbench CPU benchmark...
3324.01 events/sec
[20:10:21]   Forgetting phase complete.
[20:10:23]   Running sysbench CPU benchmark...
[20:10:33]   Final State after Forget: [20:10:23]   Running sysbench CPU benchmark...
3326.67 events/sec
[20:10:33]   Recovery comparison skipped (invalid scores).
[20:10:33] [✓] SYNAPSE SHORT-TERM MODE COMPLETED.
[20:10:33] \n[4] SYNAPSE MODE TEST (Long-Term Plasticity Analogy)
[20:10:33] Parameters: POT_Load='max', DEP_Load='idle', Pulse=10s
[20:10:33] Bipolar Cycles=50, Retention Test=60s
[20:10:33] Long-Term Cycle 1/50: Applying Intense Potentiation Pulse...
[20:10:33]   Applying stress level 'max' for 10s: --cpu 8 --matrix 8 --vm 8 --vm-bytes 1G --cpu-method all
[20:10:43]   Stress level 'max' finished.
[20:10:44] Long-Term Cycle 1/50: Applying Intense Depression Pulse/State...
[20:10:44]   Applying IDLE state for 10s.
[20:10:55] Long-Term Cycle 2/50: Applying Intense Potentiation Pulse...
[20:10:55]   Applying stress level 'max' for 10s: --cpu 8 --matrix 8 --vm 8 --vm-bytes 1G --cpu-method all
[20:11:05]   Stress level 'max' finished.
[20:11:06] Long-Term Cycle 2/50: Applying Intense Depression Pulse/State...
[20:11:06]   Applying IDLE state for 10s.
[20:11:17] Long-Term Cycle 3/50: Applying Intense Potentiation Pulse...
[20:11:17]   Applying stress level 'max' for 10s: --cpu 8 --matrix 8 --vm 8 --vm-bytes 1G --cpu-method all
[20:11:29]   Stress level 'max' finished.
[20:11:30] Long-Term Cycle 3/50: Applying Intense Depression Pulse/State...
[20:11:30]   Applying IDLE state for 10s.
[20:11:41] Long-Term Cycle 4/50: Applying Intense Potentiation Pulse...
[20:11:41]   Applying stress level 'max' for 10s: --cpu 8 --matrix 8 --vm 8 --vm-bytes 1G --cpu-method all
[20:11:51]   Stress level 'max' finished.
[20:11:52] Long-Term Cycle 4/50: Applying Intense Depression Pulse/State...
[20:11:52]   Applying IDLE state for 10s.
[20:12:03] Long-Term Cycle 5/50: Applying Intense Potentiation Pulse...
[20:12:03]   Applying stress level 'max' for 10s: --cpu 8 --matrix 8 --vm 8 --vm-bytes 1G --cpu-method all
[20:12:14]   Stress level 'max' finished.
[20:12:15] Long-Term Cycle 5/50: Applying Intense Depression Pulse/State...
[20:12:15]   Applying IDLE state for 10s.
[20:12:26] Long-Term Cycle 6/50: Applying Intense Potentiation Pulse...
[20:12:26]   Applying stress level 'max' for 10s: --cpu 8 --matrix 8 --vm 8 --vm-bytes 1G --cpu-method all
[20:12:37]   Stress level 'max' finished.
[20:12:38] Long-Term Cycle 6/50: Applying Intense Depression Pulse/State...
[20:12:38]   Applying IDLE state for 10s.
[20:12:49] Long-Term Cycle 7/50: Applying Intense Potentiation Pulse...
[20:12:49]   Applying stress level 'max' for 10s: --cpu 8 --matrix 8 --vm 8 --vm-bytes 1G --cpu-method all
[20:13:00]   Stress level 'max' finished.
[20:13:01] Long-Term Cycle 7/50: Applying Intense Depression Pulse/State...
[20:13:01]   Applying IDLE state for 10s.
[20:13:12] Long-Term Cycle 8/50: Applying Intense Potentiation Pulse...
[20:13:12]   Applying stress level 'max' for 10s: --cpu 8 --matrix 8 --vm 8 --vm-bytes 1G --cpu-method all
[20:13:22]   Stress level 'max' finished.
[20:13:23] Long-Term Cycle 8/50: Applying Intense Depression Pulse/State...
[20:13:23]   Applying IDLE state for 10s.
[20:13:34] Long-Term Cycle 9/50: Applying Intense Potentiation Pulse...
[20:13:34]   Applying stress level 'max' for 10s: --cpu 8 --matrix 8 --vm 8 --vm-bytes 1G --cpu-method all
[20:13:44]   Stress level 'max' finished.
[20:13:45] Long-Term Cycle 9/50: Applying Intense Depression Pulse/State...
[20:13:45]   Applying IDLE state for 10s.
[20:13:56] Long-Term Cycle 10/50: Applying Intense Potentiation Pulse...
[20:13:56]   Applying stress level 'max' for 10s: --cpu 8 --matrix 8 --vm 8 --vm-bytes 1G --cpu-method all
[20:14:07]   Stress level 'max' finished.
[20:14:08] Long-Term Cycle 10/50: Applying Intense Depression Pulse/State...
[20:14:08]   Applying IDLE state for 10s.
[20:14:19]   Periodic integrity check (Cycle 10)...
[20:14:19]   Integrity OK.
[20:14:19] Long-Term Cycle 11/50: Applying Intense Potentiation Pulse...
[20:14:19]   Applying stress level 'max' for 10s: --cpu 8 --matrix 8 --vm 8 --vm-bytes 1G --cpu-method all
[20:14:29]   Stress level 'max' finished.
[20:14:30] Long-Term Cycle 11/50: Applying Intense Depression Pulse/State...
[20:14:30]   Applying IDLE state for 10s.
[20:14:41] Long-Term Cycle 12/50: Applying Intense Potentiation Pulse...
[20:14:41]   Applying stress level 'max' for 10s: --cpu 8 --matrix 8 --vm 8 --vm-bytes 1G --cpu-method all
[20:14:52]   Stress level 'max' finished.
[20:14:53] Long-Term Cycle 12/50: Applying Intense Depression Pulse/State...
[20:14:53]   Applying IDLE state for 10s.
[20:15:04] Long-Term Cycle 13/50: Applying Intense Potentiation Pulse...
[20:15:04]   Applying stress level 'max' for 10s: --cpu 8 --matrix 8 --vm 8 --vm-bytes 1G --cpu-method all
[20:15:14]   Stress level 'max' finished.
[20:15:15] Long-Term Cycle 13/50: Applying Intense Depression Pulse/State...
[20:15:15]   Applying IDLE state for 10s.
[20:15:26] Long-Term Cycle 14/50: Applying Intense Potentiation Pulse...
[20:15:26]   Applying stress level 'max' for 10s: --cpu 8 --matrix 8 --vm 8 --vm-bytes 1G --cpu-method all
[20:15:37]   Stress level 'max' finished.
[20:15:38] Long-Term Cycle 14/50: Applying Intense Depression Pulse/State...
[20:15:38]   Applying IDLE state for 10s.
[20:15:49] Long-Term Cycle 15/50: Applying Intense Potentiation Pulse...
[20:15:49]   Applying stress level 'max' for 10s: --cpu 8 --matrix 8 --vm 8 --vm-bytes 1G --cpu-method all
[20:15:59]   Stress level 'max' finished.
[20:16:00] Long-Term Cycle 15/50: Applying Intense Depression Pulse/State...
[20:16:00]   Applying IDLE state for 10s.
[20:16:11] Long-Term Cycle 16/50: Applying Intense Potentiation Pulse...
[20:16:11]   Applying stress level 'max' for 10s: --cpu 8 --matrix 8 --vm 8 --vm-bytes 1G --cpu-method all
[20:16:23]   Stress level 'max' finished.
[20:16:24] Long-Term Cycle 16/50: Applying Intense Depression Pulse/State...
[20:16:24]   Applying IDLE state for 10s.
[20:16:35] Long-Term Cycle 17/50: Applying Intense Potentiation Pulse...
[20:16:35]   Applying stress level 'max' for 10s: --cpu 8 --matrix 8 --vm 8 --vm-bytes 1G --cpu-method all
[20:16:45]   Stress level 'max' finished.
[20:16:46] Long-Term Cycle 17/50: Applying Intense Depression Pulse/State...
[20:16:46]   Applying IDLE state for 10s.
[20:16:57] Long-Term Cycle 18/50: Applying Intense Potentiation Pulse...
[20:16:57]   Applying stress level 'max' for 10s: --cpu 8 --matrix 8 --vm 8 --vm-bytes 1G --cpu-method all
[20:17:07]   Stress level 'max' finished.
[20:17:08] Long-Term Cycle 18/50: Applying Intense Depression Pulse/State...
[20:17:08]   Applying IDLE state for 10s.
[20:17:19] Long-Term Cycle 19/50: Applying Intense Potentiation Pulse...
[20:17:19]   Applying stress level 'max' for 10s: --cpu 8 --matrix 8 --vm 8 --vm-bytes 1G --cpu-method all
[20:17:30]   Stress level 'max' finished.
[20:17:31] Long-Term Cycle 19/50: Applying Intense Depression Pulse/State...
[20:17:31]   Applying IDLE state for 10s.
[20:17:42] Long-Term Cycle 20/50: Applying Intense Potentiation Pulse...
[20:17:42]   Applying stress level 'max' for 10s: --cpu 8 --matrix 8 --vm 8 --vm-bytes 1G --cpu-method all
[20:17:52]   Stress level 'max' finished.
[20:17:53] Long-Term Cycle 20/50: Applying Intense Depression Pulse/State...
[20:17:53]   Applying IDLE state for 10s.
[20:18:04]   Periodic integrity check (Cycle 20)...
[20:18:04]   Integrity OK.
[20:18:04] Long-Term Cycle 21/50: Applying Intense Potentiation Pulse...
[20:18:04]   Applying stress level 'max' for 10s: --cpu 8 --matrix 8 --vm 8 --vm-bytes 1G --cpu-method all
[20:18:15]   Stress level 'max' finished.
[20:18:16] Long-Term Cycle 21/50: Applying Intense Depression Pulse/State...
[20:18:16]   Applying IDLE state for 10s.
[20:18:27] Long-Term Cycle 22/50: Applying Intense Potentiation Pulse...
[20:18:27]   Applying stress level 'max' for 10s: --cpu 8 --matrix 8 --vm 8 --vm-bytes 1G --cpu-method all
[20:18:37]   Stress level 'max' finished.
[20:18:38] Long-Term Cycle 22/50: Applying Intense Depression Pulse/State...
[20:18:38]   Applying IDLE state for 10s.
[20:18:49] Long-Term Cycle 23/50: Applying Intense Potentiation Pulse...
[20:18:49]   Applying stress level 'max' for 10s: --cpu 8 --matrix 8 --vm 8 --vm-bytes 1G --cpu-method all
[20:19:00]   Stress level 'max' finished.
[20:19:01] Long-Term Cycle 23/50: Applying Intense Depression Pulse/State...
[20:19:01]   Applying IDLE state for 10s.
[20:19:12] Long-Term Cycle 24/50: Applying Intense Potentiation Pulse...
[20:19:12]   Applying stress level 'max' for 10s: --cpu 8 --matrix 8 --vm 8 --vm-bytes 1G --cpu-method all
[20:19:22]   Stress level 'max' finished.
[20:19:23] Long-Term Cycle 24/50: Applying Intense Depression Pulse/State...
[20:19:23]   Applying IDLE state for 10s.
[20:19:34] Long-Term Cycle 25/50: Applying Intense Potentiation Pulse...
[20:19:34]   Applying stress level 'max' for 10s: --cpu 8 --matrix 8 --vm 8 --vm-bytes 1G --cpu-method all
[20:19:44]   Stress level 'max' finished.
[20:19:45] Long-Term Cycle 25/50: Applying Intense Depression Pulse/State...
[20:19:45]   Applying IDLE state for 10s.
[20:19:56] Long-Term Cycle 26/50: Applying Intense Potentiation Pulse...
[20:19:56]   Applying stress level 'max' for 10s: --cpu 8 --matrix 8 --vm 8 --vm-bytes 1G --cpu-method all
[20:20:07]   Stress level 'max' finished.
[20:20:08] Long-Term Cycle 26/50: Applying Intense Depression Pulse/State...
[20:20:08]   Applying IDLE state for 10s.
[20:20:19] Long-Term Cycle 27/50: Applying Intense Potentiation Pulse...
[20:20:19]   Applying stress level 'max' for 10s: --cpu 8 --matrix 8 --vm 8 --vm-bytes 1G --cpu-method all
[20:20:29]   Stress level 'max' finished.
[20:20:30] Long-Term Cycle 27/50: Applying Intense Depression Pulse/State...
[20:20:30]   Applying IDLE state for 10s.
[20:20:41] Long-Term Cycle 28/50: Applying Intense Potentiation Pulse...
[20:20:41]   Applying stress level 'max' for 10s: --cpu 8 --matrix 8 --vm 8 --vm-bytes 1G --cpu-method all
[20:20:51]   Stress level 'max' finished.
[20:20:52] Long-Term Cycle 28/50: Applying Intense Depression Pulse/State...
[20:20:52]   Applying IDLE state for 10s.
[20:21:03] Long-Term Cycle 29/50: Applying Intense Potentiation Pulse...
[20:21:03]   Applying stress level 'max' for 10s: --cpu 8 --matrix 8 --vm 8 --vm-bytes 1G --cpu-method all
[20:21:14]   Stress level 'max' finished.
[20:21:15] Long-Term Cycle 29/50: Applying Intense Depression Pulse/State...
[20:21:15]   Applying IDLE state for 10s.
[20:21:26] Long-Term Cycle 30/50: Applying Intense Potentiation Pulse...
[20:21:26]   Applying stress level 'max' for 10s: --cpu 8 --matrix 8 --vm 8 --vm-bytes 1G --cpu-method all
[20:21:36]   Stress level 'max' finished.
[20:21:37] Long-Term Cycle 30/50: Applying Intense Depression Pulse/State...
[20:21:37]   Applying IDLE state for 10s.
[20:21:48]   Periodic integrity check (Cycle 30)...
[20:21:48]   Integrity OK.
[20:21:48] Long-Term Cycle 31/50: Applying Intense Potentiation Pulse...
[20:21:48]   Applying stress level 'max' for 10s: --cpu 8 --matrix 8 --vm 8 --vm-bytes 1G --cpu-method all
[20:21:58]   Stress level 'max' finished.
[20:21:59] Long-Term Cycle 31/50: Applying Intense Depression Pulse/State...
[20:21:59]   Applying IDLE state for 10s.
[20:22:10] Long-Term Cycle 32/50: Applying Intense Potentiation Pulse...
[20:22:10]   Applying stress level 'max' for 10s: --cpu 8 --matrix 8 --vm 8 --vm-bytes 1G --cpu-method all
[20:22:21]   Stress level 'max' finished.
[20:22:22] Long-Term Cycle 32/50: Applying Intense Depression Pulse/State...
[20:22:22]   Applying IDLE state for 10s.
[20:22:33] Long-Term Cycle 33/50: Applying Intense Potentiation Pulse...
[20:22:33]   Applying stress level 'max' for 10s: --cpu 8 --matrix 8 --vm 8 --vm-bytes 1G --cpu-method all
[20:22:43]   Stress level 'max' finished.
[20:22:44] Long-Term Cycle 33/50: Applying Intense Depression Pulse/State...
[20:22:44]   Applying IDLE state for 10s.
[20:22:55] Long-Term Cycle 34/50: Applying Intense Potentiation Pulse...
[20:22:55]   Applying stress level 'max' for 10s: --cpu 8 --matrix 8 --vm 8 --vm-bytes 1G --cpu-method all
[20:23:05]   Stress level 'max' finished.
[20:23:06] Long-Term Cycle 34/50: Applying Intense Depression Pulse/State...
[20:23:06]   Applying IDLE state for 10s.
[20:23:17] Long-Term Cycle 35/50: Applying Intense Potentiation Pulse...
[20:23:17]   Applying stress level 'max' for 10s: --cpu 8 --matrix 8 --vm 8 --vm-bytes 1G --cpu-method all
[20:23:28]   Stress level 'max' finished.
[20:23:29] Long-Term Cycle 35/50: Applying Intense Depression Pulse/State...
[20:23:29]   Applying IDLE state for 10s.
[20:23:40] Long-Term Cycle 36/50: Applying Intense Potentiation Pulse...
[20:23:40]   Applying stress level 'max' for 10s: --cpu 8 --matrix 8 --vm 8 --vm-bytes 1G --cpu-method all
[20:23:51]   Stress level 'max' finished.
[20:23:52] Long-Term Cycle 36/50: Applying Intense Depression Pulse/State...
[20:23:52]   Applying IDLE state for 10s.
[20:24:03] Long-Term Cycle 37/50: Applying Intense Potentiation Pulse...
[20:24:03]   Applying stress level 'max' for 10s: --cpu 8 --matrix 8 --vm 8 --vm-bytes 1G --cpu-method all
[20:24:13]   Stress level 'max' finished.
[20:24:14] Long-Term Cycle 37/50: Applying Intense Depression Pulse/State...
[20:24:14]   Applying IDLE state for 10s.
[20:24:25] Long-Term Cycle 38/50: Applying Intense Potentiation Pulse...
[20:24:25]   Applying stress level 'max' for 10s: --cpu 8 --matrix 8 --vm 8 --vm-bytes 1G --cpu-method all
[20:24:36]   Stress level 'max' finished.
[20:24:37] Long-Term Cycle 38/50: Applying Intense Depression Pulse/State...
[20:24:37]   Applying IDLE state for 10s.
[20:24:48] Long-Term Cycle 39/50: Applying Intense Potentiation Pulse...
[20:24:48]   Applying stress level 'max' for 10s: --cpu 8 --matrix 8 --vm 8 --vm-bytes 1G --cpu-method all
[20:24:58]   Stress level 'max' finished.
[20:24:59] Long-Term Cycle 39/50: Applying Intense Depression Pulse/State...
[20:24:59]   Applying IDLE state for 10s.
[20:25:10] Long-Term Cycle 40/50: Applying Intense Potentiation Pulse...
[20:25:10]   Applying stress level 'max' for 10s: --cpu 8 --matrix 8 --vm 8 --vm-bytes 1G --cpu-method all
[20:25:21]   Stress level 'max' finished.
[20:25:22] Long-Term Cycle 40/50: Applying Intense Depression Pulse/State...
[20:25:22]   Applying IDLE state for 10s.
[20:25:33]   Periodic integrity check (Cycle 40)...
[20:25:33]   Integrity OK.
[20:25:33] Long-Term Cycle 41/50: Applying Intense Potentiation Pulse...
[20:25:33]   Applying stress level 'max' for 10s: --cpu 8 --matrix 8 --vm 8 --vm-bytes 1G --cpu-method all
[20:25:43]   Stress level 'max' finished.
[20:25:44] Long-Term Cycle 41/50: Applying Intense Depression Pulse/State...
[20:25:44]   Applying IDLE state for 10s.
[20:25:55] Long-Term Cycle 42/50: Applying Intense Potentiation Pulse...
[20:25:55]   Applying stress level 'max' for 10s: --cpu 8 --matrix 8 --vm 8 --vm-bytes 1G --cpu-method all
[20:26:05]   Stress level 'max' finished.
[20:26:06] Long-Term Cycle 42/50: Applying Intense Depression Pulse/State...
[20:26:06]   Applying IDLE state for 10s.
[20:26:17] Long-Term Cycle 43/50: Applying Intense Potentiation Pulse...
[20:26:17]   Applying stress level 'max' for 10s: --cpu 8 --matrix 8 --vm 8 --vm-bytes 1G --cpu-method all
[20:26:28]   Stress level 'max' finished.
[20:26:29] Long-Term Cycle 43/50: Applying Intense Depression Pulse/State...
[20:26:29]   Applying IDLE state for 10s.
[20:26:40] Long-Term Cycle 44/50: Applying Intense Potentiation Pulse...
[20:26:40]   Applying stress level 'max' for 10s: --cpu 8 --matrix 8 --vm 8 --vm-bytes 1G --cpu-method all
[20:26:52]   Stress level 'max' finished.
[20:26:53] Long-Term Cycle 44/50: Applying Intense Depression Pulse/State...
[20:26:53]   Applying IDLE state for 10s.
[20:27:04] Long-Term Cycle 45/50: Applying Intense Potentiation Pulse...
[20:27:04]   Applying stress level 'max' for 10s: --cpu 8 --matrix 8 --vm 8 --vm-bytes 1G --cpu-method all
[20:27:15]   Stress level 'max' finished.
[20:27:16] Long-Term Cycle 45/50: Applying Intense Depression Pulse/State...
[20:27:16]   Applying IDLE state for 10s.
[20:27:27] Long-Term Cycle 46/50: Applying Intense Potentiation Pulse...
[20:27:27]   Applying stress level 'max' for 10s: --cpu 8 --matrix 8 --vm 8 --vm-bytes 1G --cpu-method all
[20:27:37]   Stress level 'max' finished.
[20:27:38] Long-Term Cycle 46/50: Applying Intense Depression Pulse/State...
[20:27:38]   Applying IDLE state for 10s.
[20:27:49] Long-Term Cycle 47/50: Applying Intense Potentiation Pulse...
[20:27:49]   Applying stress level 'max' for 10s: --cpu 8 --matrix 8 --vm 8 --vm-bytes 1G --cpu-method all
[20:27:59]   Stress level 'max' finished.
[20:28:00] Long-Term Cycle 47/50: Applying Intense Depression Pulse/State...
[20:28:00]   Applying IDLE state for 10s.
[20:28:11] Long-Term Cycle 48/50: Applying Intense Potentiation Pulse...
[20:28:11]   Applying stress level 'max' for 10s: --cpu 8 --matrix 8 --vm 8 --vm-bytes 1G --cpu-method all
[20:28:22]   Stress level 'max' finished.
[20:28:23] Long-Term Cycle 48/50: Applying Intense Depression Pulse/State...
[20:28:23]   Applying IDLE state for 10s.
[20:28:34] Long-Term Cycle 49/50: Applying Intense Potentiation Pulse...
[20:28:34]   Applying stress level 'max' for 10s: --cpu 8 --matrix 8 --vm 8 --vm-bytes 1G --cpu-method all
[20:28:44]   Stress level 'max' finished.
[20:28:45] Long-Term Cycle 49/50: Applying Intense Depression Pulse/State...
[20:28:45]   Applying IDLE state for 10s.
[20:28:56] Long-Term Cycle 50/50: Applying Intense Potentiation Pulse...
[20:28:56]   Applying stress level 'max' for 10s: --cpu 8 --matrix 8 --vm 8 --vm-bytes 1G --cpu-method all
[20:29:07]   Stress level 'max' finished.
[20:29:08] Long-Term Cycle 50/50: Applying Intense Depression Pulse/State...
[20:29:08]   Applying IDLE state for 10s.
[20:29:19]   Periodic integrity check (Cycle 50)...
[20:29:19]   Integrity OK.
[20:29:19] Long-Term Cycling Phase complete (50 cycles).
[20:29:19] Starting Retention Test Phase (60s idle)...
[20:30:19] Retention Test: Final Checks...
[20:30:19]   Hash after retention: fd2cd8b8c4baa2cc65054dc3a37cd5da
[20:30:19]   [✓] Data integrity preserved after retention.
[20:30:19]   [✓] No new critical errors in dmesg post-retention.
[20:30:19]   Running sysbench CPU benchmark...
[20:30:29]   Final Performance State: [20:30:19]   Running sysbench CPU benchmark...
3316.33 events/sec (Baseline: [19:58:27]   Running sysbench CPU benchmark...
3321.07)
[20:30:29] [✓] SYNAPSE LONG-TERM MODE COMPLETED: System endured cycling and retention test without critical persistent failures. Check warnings for performance degradation.
[20:30:29] \n[5] FINAL SYSTEM STATE & OVERALL EVALUATION
[20:30:29]   Running sysbench CPU benchmark...
[20:30:39] Final frequency: 2700000 KHz (Baseline: 400000 KHz)
[20:30:39] Final temp: 45 C (Baseline: 39 C)
[20:30:39] Final Sysbench Score: [20:30:29]   Running sysbench CPU benchmark...
3322.72 events/sec (Baseline: [19:58:27]   Running sysbench CPU benchmark...
3321.07)
[20:30:39] Final MD5 Check: fd2cd8b8c4baa2cc65054dc3a37cd5da (Original: fd2cd8b8c4baa2cc65054dc3a37cd5da)
[20:30:39] \n--- OVERALL VERDICT (NS-RAM Analogy Interpretation) ---
[20:30:39] ⚠️  SYSTEM STRESSED BUT STABLE: Completed tests without critical failures, but warnings indicate non-ideal behavior (throttling, slow recovery, performance dip). (Analogy: Device operated near/beyond optimal point, showing stress effects but no permanent failure mode).
[20:30:39] Test completed at: Mon May 12 08:30:39 PM CEST 2025
[20:30:39] Log file saved to: nsram_analogy_results_20250512_195816.log
[20:30:39] [*] Cleaning up background processes and files...
[20:30:39] [*] Resetting system state (best effort)...
[20:30:39] [*] Cleanup finished.
