[19:45:27] === Advanced NS-RAM System Analogy Stress Test v2 ===
[19:45:27] Start time: Mon May 12 07:45:27 PM CEST 2025
[19:45:27] !!! EXTREME WARNING: DANGEROUS & EXPERIMENTAL SCRIPT !!!
[19:45:27] Mode: ALL
[19:45:27] CPU: Intel(R) Core(TM) i7-8559U CPU @ 2.70GHz
BIOS Intel(R) Core(TM) i7-8559U CPU @ 2.70GHz To Be Filled By O.E.M. CPU @ 2.3GHz
[19:45:27] Kernel: 6.11.0-25-generic
[19:45:27] [*] Warming up sysbench...
[19:45:37] [1] SYSTEM SETUP & BASELINE
[19:45:37] [*] Setting performance governor & disabling turbo/boost...
[19:45:37] [*] Disabling ASLR...
[19:45:38] Initial frequency: 400000 KHz
[19:45:38] Initial temp: 39 C
[19:45:38] [*] Compiling custom stress tools (hammer, spec_havoc)...
[19:45:38] [*] Running Baseline Performance (Sysbench)...
[19:45:38]   Running sysbench CPU benchmark...
[19:45:48] Baseline Sysbench CPU Score: [19:45:38]   Running sysbench CPU benchmark...
3325.53 events/sec
[19:45:48] [*] Generating test data (20 MB)...
[19:45:48] Original data hash (MD5): ac43a665b3b7c6ee3d53767ac97fae60
[19:45:48] \n[2] NEURON MODE TEST (LIF Analogy)
[19:45:48] Parameters: Amplitude='max', ON=5s, OFF=5s, Cycles=10
[19:45:48] Estimated duration: 100s
[19:45:48] Neuron Cycle 1/10: Applying Pulse (ON)...
[19:45:48]   Applying stress level 'max' for 5s: --cpu 8 --matrix 8 --vm 8 --vm-bytes 1G --cpu-method all
[19:45:53]   Stress level 'max' finished.
[19:45:53]   Pulse End: Temp=51C, Freq=2700863KHz
[19:45:53] Neuron Cycle 1/10: Recovery phase (OFF - Leaking)...
[19:45:58]   Recovery End: Temp=42C (Drop: 9C), Freq=2700408KHz (Recovered: true)
[19:45:58]   Recovery Time Measured (tau_r analogy): 5.003108997s
[19:45:58] Neuron Cycle 2/10: Applying Pulse (ON)...
[19:45:58]   Applying stress level 'max' for 5s: --cpu 8 --matrix 8 --vm 8 --vm-bytes 1G --cpu-method all
[19:46:04]   Stress level 'max' finished.
[19:46:04]   Pulse End: Temp=45C, Freq=2701753KHz
[19:46:04] Neuron Cycle 2/10: Recovery phase (OFF - Leaking)...
[19:46:09]   Recovery End: Temp=41C (Drop: 4C), Freq=2700934KHz (Recovered: true)
[19:46:09]   Recovery Time Measured (tau_r analogy): 5.003147835s
[19:46:09]   [!] WARN: Low temperature drop during recovery (< 5C). System may be heat-saturated.
[19:46:09] Neuron Cycle 3/10: Applying Pulse (ON)...
[19:46:09]   Applying stress level 'max' for 5s: --cpu 8 --matrix 8 --vm 8 --vm-bytes 1G --cpu-method all
[19:46:14]   Stress level 'max' finished.
[19:46:14]   Pulse End: Temp=50C, Freq=2700016KHz
[19:46:14] Neuron Cycle 3/10: Recovery phase (OFF - Leaking)...
[19:46:19]   Recovery End: Temp=41C (Drop: 9C), Freq=2700018KHz (Recovered: true)
[19:46:19]   Recovery Time Measured (tau_r analogy): 5.003899403s
[19:46:19] Neuron Cycle 4/10: Applying Pulse (ON)...
[19:46:19]   Applying stress level 'max' for 5s: --cpu 8 --matrix 8 --vm 8 --vm-bytes 1G --cpu-method all
[19:46:24]   Stress level 'max' finished.
[19:46:24]   Pulse End: Temp=46C, Freq=2699983KHz
[19:46:24] Neuron Cycle 4/10: Recovery phase (OFF - Leaking)...
[19:46:29]   Recovery End: Temp=41C (Drop: 5C), Freq=2700023KHz (Recovered: true)
[19:46:29]   Recovery Time Measured (tau_r analogy): 5.003819654s
[19:46:29] Neuron Cycle 5/10: Applying Pulse (ON)...
[19:46:29]   Applying stress level 'max' for 5s: --cpu 8 --matrix 8 --vm 8 --vm-bytes 1G --cpu-method all
[19:46:34]   Stress level 'max' finished.
[19:46:34]   Pulse End: Temp=48C, Freq=2700007KHz
[19:46:34] Neuron Cycle 5/10: Recovery phase (OFF - Leaking)...
[19:46:39]   Recovery End: Temp=41C (Drop: 7C), Freq=2700097KHz (Recovered: true)
[19:46:39]   Recovery Time Measured (tau_r analogy): 5.003942230s
[19:46:39] Neuron Cycle 6/10: Applying Pulse (ON)...
[19:46:39]   Applying stress level 'max' for 5s: --cpu 8 --matrix 8 --vm 8 --vm-bytes 1G --cpu-method all
[19:46:45]   Stress level 'max' finished.
[19:46:45]   Pulse End: Temp=46C, Freq=2699767KHz
[19:46:45] Neuron Cycle 6/10: Recovery phase (OFF - Leaking)...
[19:46:50]   Recovery End: Temp=40C (Drop: 6C), Freq=2699974KHz (Recovered: true)
[19:46:50]   Recovery Time Measured (tau_r analogy): 5.003977687s
[19:46:50] Neuron Cycle 7/10: Applying Pulse (ON)...
[19:46:50]   Applying stress level 'max' for 5s: --cpu 8 --matrix 8 --vm 8 --vm-bytes 1G --cpu-method all
[19:46:55]   Stress level 'max' finished.
[19:46:55]   Pulse End: Temp=49C, Freq=2700912KHz
[19:46:55] Neuron Cycle 7/10: Recovery phase (OFF - Leaking)...
[19:47:00]   Recovery End: Temp=42C (Drop: 7C), Freq=2700028KHz (Recovered: true)
[19:47:00]   Recovery Time Measured (tau_r analogy): 5.003012698s
[19:47:00] Neuron Cycle 8/10: Applying Pulse (ON)...
[19:47:00]   Applying stress level 'max' for 5s: --cpu 8 --matrix 8 --vm 8 --vm-bytes 1G --cpu-method all
[19:47:05]   Stress level 'max' finished.
[19:47:05]   Pulse End: Temp=48C, Freq=2702580KHz
[19:47:05] Neuron Cycle 8/10: Recovery phase (OFF - Leaking)...
[19:47:10]   Recovery End: Temp=42C (Drop: 6C), Freq=2699834KHz (Recovered: true)
[19:47:10]   Recovery Time Measured (tau_r analogy): 5.003140659s
[19:47:10] Neuron Cycle 9/10: Applying Pulse (ON)...
[19:47:10]   Applying stress level 'max' for 5s: --cpu 8 --matrix 8 --vm 8 --vm-bytes 1G --cpu-method all
[19:47:15]   Stress level 'max' finished.
[19:47:15]   Pulse End: Temp=51C, Freq=2697393KHz
[19:47:15] Neuron Cycle 9/10: Recovery phase (OFF - Leaking)...
[19:47:20]   Recovery End: Temp=41C (Drop: 10C), Freq=2700029KHz (Recovered: true)
[19:47:20]   Recovery Time Measured (tau_r analogy): 5.003724601s
[19:47:20] Neuron Cycle 10/10: Applying Pulse (ON)...
[19:47:20]   Applying stress level 'max' for 5s: --cpu 8 --matrix 8 --vm 8 --vm-bytes 1G --cpu-method all
[19:47:25]   Stress level 'max' finished.
[19:47:25]   Pulse End: Temp=50C, Freq=2699992KHz
[19:47:25] Neuron Cycle 10/10: Recovery phase (OFF - Leaking)...
[19:47:30]   Recovery End: Temp=41C (Drop: 9C), Freq=2699993KHz (Recovered: true)
[19:47:30]   Recovery Time Measured (tau_r analogy): 5.003933506s
[19:47:30] [✓] NEURON MODE COMPLETED: System processed 10 pulses. Check warnings for recovery issues.
[19:47:30] \n[3] SYNAPSE MODE TEST (Short-Term Plasticity Analogy)
[19:47:30] Parameters: POT_Load='high', DEP_Load='idle', Pulse=3s
[19:47:30] POT Pulses=5, DEP Pulses=5, Forget=30s, Cycles=3
[19:47:30] \nShort-Term Cycle 1/3: Starting Potentiation...
[19:47:32]   Running sysbench CPU benchmark...
[19:47:42]   Cycle Start State (Sysbench Score): [19:47:32]   Running sysbench CPU benchmark...
3323.96 events/sec
[19:47:43]   Potentiation Pulse 1/5...
[19:47:43]   Applying stress level 'high' for 3s: --cpu 8 --matrix 0 --vm 8 --vm-bytes 512M --cpu-method int64,float
[19:47:46]   Stress level 'high' finished.
[19:47:48]   Running sysbench CPU benchmark...
[19:47:58]     State after POT Pulse 1: [19:47:48]   Running sysbench CPU benchmark...
3322.78 events/sec
[19:47:58]   Potentiation Pulse 2/5...
[19:47:58]   Applying stress level 'high' for 3s: --cpu 8 --matrix 0 --vm 8 --vm-bytes 512M --cpu-method int64,float
[19:48:01]   Stress level 'high' finished.
[19:48:03]   Running sysbench CPU benchmark...
[19:48:13]     State after POT Pulse 2: [19:48:03]   Running sysbench CPU benchmark...
3316.40 events/sec
[19:48:13]   Potentiation Pulse 3/5...
[19:48:13]   Applying stress level 'high' for 3s: --cpu 8 --matrix 0 --vm 8 --vm-bytes 512M --cpu-method int64,float
[19:48:16]   Stress level 'high' finished.
[19:48:18]   Running sysbench CPU benchmark...
[19:48:28]     State after POT Pulse 3: [19:48:18]   Running sysbench CPU benchmark...
3320.43 events/sec
[19:48:28]   Potentiation Pulse 4/5...
[19:48:28]   Applying stress level 'high' for 3s: --cpu 8 --matrix 0 --vm 8 --vm-bytes 512M --cpu-method int64,float
[19:48:31]   Stress level 'high' finished.
[19:48:33]   Running sysbench CPU benchmark...
[19:48:43]     State after POT Pulse 4: [19:48:33]   Running sysbench CPU benchmark...
3324.99 events/sec
[19:48:43]   Potentiation Pulse 5/5...
[19:48:43]   Applying stress level 'high' for 3s: --cpu 8 --matrix 0 --vm 8 --vm-bytes 512M --cpu-method int64,float
[19:48:46]   Stress level 'high' finished.
[19:48:48]   Running sysbench CPU benchmark...
[19:48:58]     State after POT Pulse 5: [19:48:48]   Running sysbench CPU benchmark...
3320.52 events/sec
[19:48:58] Short-Term Cycle 1/3: Starting Depression...
[19:48:58]   Depression Pulse 1/5...
[19:48:58]   Applying IDLE state for 3s.
[19:49:03]   Running sysbench CPU benchmark...
[19:49:13]     State after DEP Pulse 1: [19:49:03]   Running sysbench CPU benchmark...
3321.73 events/sec
[19:49:13]   Depression Pulse 2/5...
[19:49:13]   Applying IDLE state for 3s.
[19:49:18]   Running sysbench CPU benchmark...
[19:49:28]     State after DEP Pulse 2: [19:49:18]   Running sysbench CPU benchmark...
3320.28 events/sec
[19:49:28]   Depression Pulse 3/5...
[19:49:28]   Applying IDLE state for 3s.
[19:49:33]   Running sysbench CPU benchmark...
[19:49:43]     State after DEP Pulse 3: [19:49:33]   Running sysbench CPU benchmark...
3323.37 events/sec
[19:49:43]   Depression Pulse 4/5...
[19:49:43]   Applying IDLE state for 3s.
[19:49:48]   Running sysbench CPU benchmark...
[19:49:58]     State after DEP Pulse 4: [19:49:48]   Running sysbench CPU benchmark...
3324.33 events/sec
[19:49:58]   Depression Pulse 5/5...
[19:49:58]   Applying IDLE state for 3s.
[19:50:03]   Running sysbench CPU benchmark...
[19:50:13]     State after DEP Pulse 5: [19:50:03]   Running sysbench CPU benchmark...
3321.25 events/sec
[19:50:13] Short-Term Cycle 1/3: Starting Forgetting/Relaxation Phase (30s)...
[19:50:18]   Running sysbench CPU benchmark...
[19:50:28]   Forget Time +0s: State=[19:50:18]   Running sysbench CPU benchmark...
3322.04 events/sec
[19:50:33]   Running sysbench CPU benchmark...
[19:50:43]   Forget Time +15s: State=[19:50:33]   Running sysbench CPU benchmark...
3324.14 events/sec
[19:50:43]   Forgetting phase complete.
[19:50:45]   Running sysbench CPU benchmark...
[19:50:55]   Final State after Forget: [19:50:45]   Running sysbench CPU benchmark...
3319.65 events/sec
[19:50:55]   Recovery comparison skipped (invalid scores).
[19:50:55] \nShort-Term Cycle 2/3: Starting Potentiation...
[19:50:57]   Running sysbench CPU benchmark...
[19:51:07]   Cycle Start State (Sysbench Score): [19:50:57]   Running sysbench CPU benchmark...
3325.48 events/sec
[19:51:07]   Potentiation Pulse 1/5...
[19:51:07]   Applying stress level 'high' for 3s: --cpu 8 --matrix 0 --vm 8 --vm-bytes 512M --cpu-method int64,float
[19:51:10]   Stress level 'high' finished.
[19:51:12]   Running sysbench CPU benchmark...
[19:51:22]     State after POT Pulse 1: [19:51:12]   Running sysbench CPU benchmark...
3318.36 events/sec
[19:51:22]   Potentiation Pulse 2/5...
[19:51:22]   Applying stress level 'high' for 3s: --cpu 8 --matrix 0 --vm 8 --vm-bytes 512M --cpu-method int64,float
[19:51:25]   Stress level 'high' finished.
[19:51:27]   Running sysbench CPU benchmark...
[19:51:37]     State after POT Pulse 2: [19:51:27]   Running sysbench CPU benchmark...
3320.90 events/sec
[19:51:37]   Potentiation Pulse 3/5...
[19:51:37]   Applying stress level 'high' for 3s: --cpu 8 --matrix 0 --vm 8 --vm-bytes 512M --cpu-method int64,float
[19:51:40]   Stress level 'high' finished.
[19:51:42]   Running sysbench CPU benchmark...
[19:51:52]     State after POT Pulse 3: [19:51:42]   Running sysbench CPU benchmark...
3319.90 events/sec
[19:51:52]   Potentiation Pulse 4/5...
[19:51:52]   Applying stress level 'high' for 3s: --cpu 8 --matrix 0 --vm 8 --vm-bytes 512M --cpu-method int64,float
[19:51:55]   Stress level 'high' finished.
[19:51:57]   Running sysbench CPU benchmark...
[19:52:07]     State after POT Pulse 4: [19:51:57]   Running sysbench CPU benchmark...
3324.81 events/sec
[19:52:07]   Potentiation Pulse 5/5...
[19:52:07]   Applying stress level 'high' for 3s: --cpu 8 --matrix 0 --vm 8 --vm-bytes 512M --cpu-method int64,float
[19:52:10]   Stress level 'high' finished.
[19:52:12]   Running sysbench CPU benchmark...
[19:52:22]     State after POT Pulse 5: [19:52:12]   Running sysbench CPU benchmark...
3323.96 events/sec
[19:52:22] Short-Term Cycle 2/3: Starting Depression...
[19:52:22]   Depression Pulse 1/5...
[19:52:22]   Applying IDLE state for 3s.
[19:52:27]   Running sysbench CPU benchmark...
[19:52:37]     State after DEP Pulse 1: [19:52:27]   Running sysbench CPU benchmark...
3323.52 events/sec
[19:52:37]   Depression Pulse 2/5...
[19:52:37]   Applying IDLE state for 3s.
[19:52:42]   Running sysbench CPU benchmark...
[19:52:52]     State after DEP Pulse 2: [19:52:42]   Running sysbench CPU benchmark...
3322.01 events/sec
[19:52:52]   Depression Pulse 3/5...
[19:52:52]   Applying IDLE state for 3s.
[19:52:57]   Running sysbench CPU benchmark...
[19:53:07]     State after DEP Pulse 3: [19:52:57]   Running sysbench CPU benchmark...
3321.97 events/sec
[19:53:07]   Depression Pulse 4/5...
[19:53:07]   Applying IDLE state for 3s.
[19:53:12]   Running sysbench CPU benchmark...
[19:53:22]     State after DEP Pulse 4: [19:53:12]   Running sysbench CPU benchmark...
3321.92 events/sec
[19:53:22]   Depression Pulse 5/5...
[19:53:22]   Applying IDLE state for 3s.
[19:53:27]   Running sysbench CPU benchmark...
[19:53:37]     State after DEP Pulse 5: [19:53:27]   Running sysbench CPU benchmark...
3322.56 events/sec
[19:53:37] Short-Term Cycle 2/3: Starting Forgetting/Relaxation Phase (30s)...
[19:53:42]   Running sysbench CPU benchmark...
[19:53:52]   Forget Time +0s: State=[19:53:42]   Running sysbench CPU benchmark...
3322.30 events/sec
[19:53:57]   Running sysbench CPU benchmark...
[19:54:07]   Forget Time +15s: State=[19:53:57]   Running sysbench CPU benchmark...
3324.13 events/sec
[19:54:07]   Forgetting phase complete.
[19:54:09]   Running sysbench CPU benchmark...
[19:54:19]   Final State after Forget: [19:54:09]   Running sysbench CPU benchmark...
3322.04 events/sec
[19:54:19]   Recovery comparison skipped (invalid scores).
[19:54:19] \nShort-Term Cycle 3/3: Starting Potentiation...
[19:54:21]   Running sysbench CPU benchmark...
[19:54:31]   Cycle Start State (Sysbench Score): [19:54:21]   Running sysbench CPU benchmark...
3319.77 events/sec
[19:54:31]   Potentiation Pulse 1/5...
[19:54:31]   Applying stress level 'high' for 3s: --cpu 8 --matrix 0 --vm 8 --vm-bytes 512M --cpu-method int64,float
[19:54:34]   Stress level 'high' finished.
[19:54:36]   Running sysbench CPU benchmark...
[19:54:46]     State after POT Pulse 1: [19:54:36]   Running sysbench CPU benchmark...
3319.93 events/sec
[19:54:46]   Potentiation Pulse 2/5...
[19:54:46]   Applying stress level 'high' for 3s: --cpu 8 --matrix 0 --vm 8 --vm-bytes 512M --cpu-method int64,float
[19:54:49]   Stress level 'high' finished.
[19:54:51]   Running sysbench CPU benchmark...
[19:55:01]     State after POT Pulse 2: [19:54:51]   Running sysbench CPU benchmark...
3323.79 events/sec
[19:55:01]   Potentiation Pulse 3/5...
[19:55:01]   Applying stress level 'high' for 3s: --cpu 8 --matrix 0 --vm 8 --vm-bytes 512M --cpu-method int64,float
[19:55:04]   Stress level 'high' finished.
[19:55:06]   Running sysbench CPU benchmark...
[19:55:16]     State after POT Pulse 3: [19:55:06]   Running sysbench CPU benchmark...
3321.47 events/sec
[19:55:16]   Potentiation Pulse 4/5...
[19:55:16]   Applying stress level 'high' for 3s: --cpu 8 --matrix 0 --vm 8 --vm-bytes 512M --cpu-method int64,float
[19:55:19]   Stress level 'high' finished.
[19:55:21]   Running sysbench CPU benchmark...
[19:55:30] [*] Cleaning up background processes and files...
[19:55:30] [*] Resetting system state (best effort)...
[19:55:30] [*] Cleanup finished.
[19:55:30] [*] Cleaning up background processes and files...
[19:55:30] [*] Resetting system state (best effort)...
[19:55:30] [*] Cleanup finished.
