[10:56:33] === Advanced NS-RAM System Analogy Stress Test v2 ===
[10:56:33] Start time: Tue May 13 10:56:33 AM CEST 2025
[10:56:33] !!! EXTREME WARNING: DANGEROUS & EXPERIMENTAL SCRIPT !!!
[10:56:33] Mode: ALL
[10:56:33] CPU: Intel(R) Core(TM) i7-8559U CPU @ 2.70GHz
BIOS Intel(R) Core(TM) i7-8559U CPU @ 2.70GHz To Be Filled By O.E.M. CPU @ 2.3GHz
[10:56:33] Kernel: 6.11.0-25-generic
[10:56:33] [*] Warming up sysbench...
[10:56:43] [1] SYSTEM SETUP & BASELINE
[10:56:43] [*] Setting performance governor & disabling turbo/boost...
[10:56:43] [*] Disabling ASLR...
[10:56:44] Initial frequency: 2702027 KHz
[10:56:44] Initial temp: 41 C
[10:56:44] [*] Compiling custom stress tools (hammer, spec_havoc)...
[10:56:45] [*] Running Baseline Performance (Sysbench)...
[10:56:45]   Running sysbench CPU benchmark...
[10:56:55]   3320.38 events/sec
[10:56:55] Baseline Sysbench CPU Score: [10:56:45]   Running sysbench CPU benchmark...
[10:56:55]   3320.38 events/sec
3320.38 events/sec
[10:56:55] [*] Generating test data (20 MB)...
[10:56:55] Original data hash (MD5): fdb6d53ac2d40d27e298167f047b4e34
[10:56:55] \n[2] NEURON MODE TEST (LIF Analogy)
[10:56:55] Parameters: Amplitude='max', ON=5s, OFF=5s, Cycles=10
[10:56:55] Estimated duration: 100s
[10:56:55] Neuron Cycle 1/10: Applying Pulse (ON)...
[10:56:55]   Applying stress level 'max' for 5s: --cpu 8 --matrix 8 --vm 8 --vm-bytes 1G --cpu-method all
[10:57:00]   Stress level 'max' finished.
[10:57:00]   Pulse End: Temp=48C, Freq=2703323KHz
[10:57:00] Neuron Cycle 1/10: Recovery phase (OFF - Leaking)...
[10:57:05]   Recovery End: Temp=41C (Drop: 7C), Freq=2701905KHz (Recovered: true)
[10:57:05]   Recovery Time Measured (tau_r analogy): 5.003926389s
[10:57:05] Neuron Cycle 2/10: Applying Pulse (ON)...
[10:57:05]   Applying stress level 'max' for 5s: --cpu 8 --matrix 8 --vm 8 --vm-bytes 1G --cpu-method all
[10:57:10]   Stress level 'max' finished.
[10:57:10]   Pulse End: Temp=48C, Freq=2698643KHz
[10:57:10] Neuron Cycle 2/10: Recovery phase (OFF - Leaking)...
[10:57:15]   Recovery End: Temp=40C (Drop: 8C), Freq=2700288KHz (Recovered: true)
[10:57:15]   Recovery Time Measured (tau_r analogy): 5.003921371s
[10:57:15] Neuron Cycle 3/10: Applying Pulse (ON)...
[10:57:15]   Applying stress level 'max' for 5s: --cpu 8 --matrix 8 --vm 8 --vm-bytes 1G --cpu-method all
[10:57:21]   Stress level 'max' finished.
[10:57:21]   Pulse End: Temp=45C, Freq=2700033KHz
[10:57:21] Neuron Cycle 3/10: Recovery phase (OFF - Leaking)...
[10:57:26]   Recovery End: Temp=41C (Drop: 4C), Freq=2699971KHz (Recovered: true)
[10:57:26]   Recovery Time Measured (tau_r analogy): 5.003227962s
[10:57:26]   [!] WARN: Low temperature drop during recovery (< 5C). System may be heat-saturated.
[10:57:26] Neuron Cycle 4/10: Applying Pulse (ON)...
[10:57:26]   Applying stress level 'max' for 5s: --cpu 8 --matrix 8 --vm 8 --vm-bytes 1G --cpu-method all
[10:57:31]   Stress level 'max' finished.
[10:57:31]   Pulse End: Temp=45C, Freq=2700003KHz
[10:57:31] Neuron Cycle 4/10: Recovery phase (OFF - Leaking)...
[10:57:36]   Recovery End: Temp=40C (Drop: 5C), Freq=2700075KHz (Recovered: true)
[10:57:36]   Recovery Time Measured (tau_r analogy): 5.003456481s
[10:57:36] Neuron Cycle 5/10: Applying Pulse (ON)...
[10:57:36]   Applying stress level 'max' for 5s: --cpu 8 --matrix 8 --vm 8 --vm-bytes 1G --cpu-method all
[10:57:42]   Stress level 'max' finished.
[10:57:42]   Pulse End: Temp=45C, Freq=2700090KHz
[10:57:42] Neuron Cycle 5/10: Recovery phase (OFF - Leaking)...
[10:57:47]   Recovery End: Temp=42C (Drop: 3C), Freq=2699978KHz (Recovered: true)
[10:57:47]   Recovery Time Measured (tau_r analogy): 5.002814533s
[10:57:47]   [!] WARN: Low temperature drop during recovery (< 5C). System may be heat-saturated.
[10:57:47] Neuron Cycle 6/10: Applying Pulse (ON)...
[10:57:47]   Applying stress level 'max' for 5s: --cpu 8 --matrix 8 --vm 8 --vm-bytes 1G --cpu-method all
[10:57:52]   Stress level 'max' finished.
[10:57:52]   Pulse End: Temp=46C, Freq=2700053KHz
[10:57:52] Neuron Cycle 6/10: Recovery phase (OFF - Leaking)...
[10:57:57]   Recovery End: Temp=42C (Drop: 4C), Freq=2700016KHz (Recovered: true)
[10:57:57]   Recovery Time Measured (tau_r analogy): 5.003968488s
[10:57:57]   [!] WARN: Low temperature drop during recovery (< 5C). System may be heat-saturated.
[10:57:57] Neuron Cycle 7/10: Applying Pulse (ON)...
[10:57:57]   Applying stress level 'max' for 5s: --cpu 8 --matrix 8 --vm 8 --vm-bytes 1G --cpu-method all
[10:58:03]   Stress level 'max' finished.
[10:58:03]   Pulse End: Temp=45C, Freq=2701767KHz
[10:58:03] Neuron Cycle 7/10: Recovery phase (OFF - Leaking)...
[10:58:08]   Recovery End: Temp=41C (Drop: 4C), Freq=2700031KHz (Recovered: true)
[10:58:08]   Recovery Time Measured (tau_r analogy): 5.002890943s
[10:58:08]   [!] WARN: Low temperature drop during recovery (< 5C). System may be heat-saturated.
[10:58:08] Neuron Cycle 8/10: Applying Pulse (ON)...
[10:58:08]   Applying stress level 'max' for 5s: --cpu 8 --matrix 8 --vm 8 --vm-bytes 1G --cpu-method all
[10:58:13]   Stress level 'max' finished.
[10:58:13]   Pulse End: Temp=49C, Freq=2699992KHz
[10:58:13] Neuron Cycle 8/10: Recovery phase (OFF - Leaking)...
[10:58:18]   Recovery End: Temp=42C (Drop: 7C), Freq=2700214KHz (Recovered: true)
[10:58:18]   Recovery Time Measured (tau_r analogy): 5.003957158s
[10:58:18] Neuron Cycle 9/10: Applying Pulse (ON)...
[10:58:18]   Applying stress level 'max' for 5s: --cpu 8 --matrix 8 --vm 8 --vm-bytes 1G --cpu-method all
[10:58:23]   Stress level 'max' finished.
[10:58:23]   Pulse End: Temp=48C, Freq=2700141KHz
[10:58:23] Neuron Cycle 9/10: Recovery phase (OFF - Leaking)...
[10:58:28]   Recovery End: Temp=41C (Drop: 7C), Freq=2700000KHz (Recovered: true)
[10:58:28]   Recovery Time Measured (tau_r analogy): 5.003969764s
[10:58:28] Neuron Cycle 10/10: Applying Pulse (ON)...
[10:58:28]   Applying stress level 'max' for 5s: --cpu 8 --matrix 8 --vm 8 --vm-bytes 1G --cpu-method all
[10:58:33]   Stress level 'max' finished.
[10:58:33]   Pulse End: Temp=50C, Freq=2700583KHz
[10:58:33] Neuron Cycle 10/10: Recovery phase (OFF - Leaking)...
[10:58:38]   Recovery End: Temp=42C (Drop: 8C), Freq=2702329KHz (Recovered: true)
[10:58:38]   Recovery Time Measured (tau_r analogy): 5.003873119s
[10:58:38] [✓] NEURON MODE COMPLETED: System processed 10 pulses. Check warnings for recovery issues.
[10:58:38] \n[3] SYNAPSE MODE TEST (Short-Term Plasticity Analogy)
[10:58:38] Parameters: POT_Load='high', DEP_Load='idle', Pulse=3s
[10:58:38] POT Pulses=5, DEP Pulses=5, Forget=30s, Cycles=3
[10:58:38] \nShort-Term Cycle 1/3: Starting Potentiation...
[10:58:40]   Running sysbench CPU benchmark...
[10:58:50]   3321.33 events/sec
[10:58:50]   Cycle Start State (Sysbench Score): [10:58:40]   Running sysbench CPU benchmark...
[10:58:50]   3321.33 events/sec
3321.33 events/sec
[10:58:50]   Potentiation Pulse 1/5...
[10:58:50]   Applying stress level 'high' for 3s: --cpu 8 --matrix 0 --vm 8 --vm-bytes 512M --cpu-method int64,float
[10:58:53]   Stress level 'high' finished.
[10:58:55]   Running sysbench CPU benchmark...
[10:59:05]   3318.55 events/sec
[10:59:05]     State after POT Pulse 1: [10:58:55]   Running sysbench CPU benchmark...
[10:59:05]   3318.55 events/sec
3318.55 events/sec
[10:59:05]   Potentiation Pulse 2/5...
[10:59:05]   Applying stress level 'high' for 3s: --cpu 8 --matrix 0 --vm 8 --vm-bytes 512M --cpu-method int64,float
[10:59:08]   Stress level 'high' finished.
[10:59:10]   Running sysbench CPU benchmark...
[10:59:20]   3318.27 events/sec
[10:59:20]     State after POT Pulse 2: [10:59:10]   Running sysbench CPU benchmark...
[10:59:20]   3318.27 events/sec
3318.27 events/sec
[10:59:20]   Potentiation Pulse 3/5...
[10:59:20]   Applying stress level 'high' for 3s: --cpu 8 --matrix 0 --vm 8 --vm-bytes 512M --cpu-method int64,float
[10:59:23]   Stress level 'high' finished.
[10:59:25]   Running sysbench CPU benchmark...
[10:59:35]   3318.44 events/sec
[10:59:35]     State after POT Pulse 3: [10:59:25]   Running sysbench CPU benchmark...
[10:59:35]   3318.44 events/sec
3318.44 events/sec
[10:59:35]   Potentiation Pulse 4/5...
[10:59:35]   Applying stress level 'high' for 3s: --cpu 8 --matrix 0 --vm 8 --vm-bytes 512M --cpu-method int64,float
[10:59:38]   Stress level 'high' finished.
[10:59:40]   Running sysbench CPU benchmark...
[10:59:50]   3316.82 events/sec
[10:59:50]     State after POT Pulse 4: [10:59:40]   Running sysbench CPU benchmark...
[10:59:50]   3316.82 events/sec
3316.82 events/sec
[10:59:50]   Potentiation Pulse 5/5...
[10:59:50]   Applying stress level 'high' for 3s: --cpu 8 --matrix 0 --vm 8 --vm-bytes 512M --cpu-method int64,float
[10:59:53]   Stress level 'high' finished.
[10:59:55]   Running sysbench CPU benchmark...
[11:00:05]   3318.25 events/sec
[11:00:05]     State after POT Pulse 5: [10:59:55]   Running sysbench CPU benchmark...
[11:00:05]   3318.25 events/sec
3318.25 events/sec
[11:00:05] Short-Term Cycle 1/3: Starting Depression...
[11:00:05]   Depression Pulse 1/5...
[11:00:06]   Applying IDLE state for 3s.
[11:00:11]   Running sysbench CPU benchmark...
[11:00:21]   3321.64 events/sec
[11:00:21]     State after DEP Pulse 1: [11:00:11]   Running sysbench CPU benchmark...
[11:00:21]   3321.64 events/sec
3321.64 events/sec
[11:00:21]   Depression Pulse 2/5...
[11:00:21]   Applying IDLE state for 3s.
[11:00:26]   Running sysbench CPU benchmark...
[11:00:36]   3321.28 events/sec
[11:00:36]     State after DEP Pulse 2: [11:00:26]   Running sysbench CPU benchmark...
[11:00:36]   3321.28 events/sec
3321.28 events/sec
[11:00:36]   Depression Pulse 3/5...
[11:00:36]   Applying IDLE state for 3s.
[11:00:41]   Running sysbench CPU benchmark...
[11:00:51]   3317.97 events/sec
[11:00:51]     State after DEP Pulse 3: [11:00:41]   Running sysbench CPU benchmark...
[11:00:51]   3317.97 events/sec
3317.97 events/sec
[11:00:51]   Depression Pulse 4/5...
[11:00:51]   Applying IDLE state for 3s.
[11:00:56]   Running sysbench CPU benchmark...
[11:01:06]   3320.36 events/sec
[11:01:06]     State after DEP Pulse 4: [11:00:56]   Running sysbench CPU benchmark...
[11:01:06]   3320.36 events/sec
3320.36 events/sec
[11:01:06]   Depression Pulse 5/5...
[11:01:06]   Applying IDLE state for 3s.
[11:01:11]   Running sysbench CPU benchmark...
[11:01:21]   3321.77 events/sec
[11:01:21]     State after DEP Pulse 5: [11:01:11]   Running sysbench CPU benchmark...
[11:01:21]   3321.77 events/sec
3321.77 events/sec
[11:01:21] Short-Term Cycle 1/3: Starting Forgetting/Relaxation Phase (30s)...
[11:01:26]   Running sysbench CPU benchmark...
[11:01:36]   3275.47 events/sec
[11:01:36]   Forget Time +0s: State=[11:01:26]   Running sysbench CPU benchmark...
[11:01:36]   3275.47 events/sec
3275.47 events/sec
[11:01:41]   Running sysbench CPU benchmark...
[11:01:51]   3202.51 events/sec
[11:01:51]   Forget Time +15s: State=[11:01:41]   Running sysbench CPU benchmark...
[11:01:51]   3202.51 events/sec
3202.51 events/sec
[11:01:51]   Forgetting phase complete.
[11:01:53]   Running sysbench CPU benchmark...
[11:02:03]   3304.04 events/sec
[11:02:03]   Final State after Forget: [11:01:53]   Running sysbench CPU benchmark...
[11:02:03]   3304.04 events/sec
3304.04 events/sec
[11:02:03]   Recovery comparison skipped (invalid scores: current=[11:01:53]   Running sysbench CPU benchmark...
[11:02:03]   3304.04 events/sec
3304.04, baseline=[10:56:45]   Running sysbench CPU benchmark...
[10:56:55]   3320.38 events/sec
3320.38).
[11:02:03] \nShort-Term Cycle 2/3: Starting Potentiation...
[11:02:05]   Running sysbench CPU benchmark...
[11:02:15]   3316.75 events/sec
[11:02:15]   Cycle Start State (Sysbench Score): [11:02:05]   Running sysbench CPU benchmark...
[11:02:15]   3316.75 events/sec
3316.75 events/sec
[11:02:15]   Potentiation Pulse 1/5...
[11:02:15]   Applying stress level 'high' for 3s: --cpu 8 --matrix 0 --vm 8 --vm-bytes 512M --cpu-method int64,float
[11:02:18]   Stress level 'high' finished.
[11:02:20]   Running sysbench CPU benchmark...
[11:02:30]   3317.65 events/sec
[11:02:30]     State after POT Pulse 1: [11:02:20]   Running sysbench CPU benchmark...
[11:02:30]   3317.65 events/sec
3317.65 events/sec
[11:02:30]   Potentiation Pulse 2/5...
[11:02:30]   Applying stress level 'high' for 3s: --cpu 8 --matrix 0 --vm 8 --vm-bytes 512M --cpu-method int64,float
[11:02:33]   Stress level 'high' finished.
[11:02:35]   Running sysbench CPU benchmark...
[11:02:45]   3321.59 events/sec
[11:02:45]     State after POT Pulse 2: [11:02:35]   Running sysbench CPU benchmark...
[11:02:45]   3321.59 events/sec
3321.59 events/sec
[11:02:45]   Potentiation Pulse 3/5...
[11:02:45]   Applying stress level 'high' for 3s: --cpu 8 --matrix 0 --vm 8 --vm-bytes 512M --cpu-method int64,float
[11:02:48]   Stress level 'high' finished.
[11:02:50]   Running sysbench CPU benchmark...
[11:03:00]   3316.76 events/sec
[11:03:00]     State after POT Pulse 3: [11:02:50]   Running sysbench CPU benchmark...
[11:03:00]   3316.76 events/sec
3316.76 events/sec
[11:03:00]   Potentiation Pulse 4/5...
[11:03:00]   Applying stress level 'high' for 3s: --cpu 8 --matrix 0 --vm 8 --vm-bytes 512M --cpu-method int64,float
[11:03:03]   Stress level 'high' finished.
[11:03:05]   Running sysbench CPU benchmark...
[11:03:15]   3321.41 events/sec
[11:03:15]     State after POT Pulse 4: [11:03:05]   Running sysbench CPU benchmark...
[11:03:15]   3321.41 events/sec
3321.41 events/sec
[11:03:15]   Potentiation Pulse 5/5...
[11:03:15]   Applying stress level 'high' for 3s: --cpu 8 --matrix 0 --vm 8 --vm-bytes 512M --cpu-method int64,float
[11:03:18]   Stress level 'high' finished.
[11:03:20]   Running sysbench CPU benchmark...
[11:03:30]   3316.33 events/sec
[11:03:30]     State after POT Pulse 5: [11:03:20]   Running sysbench CPU benchmark...
[11:03:30]   3316.33 events/sec
3316.33 events/sec
[11:03:30] Short-Term Cycle 2/3: Starting Depression...
[11:03:30]   Depression Pulse 1/5...
[11:03:30]   Applying IDLE state for 3s.
[11:03:35]   Running sysbench CPU benchmark...
[11:03:45]   3322.41 events/sec
[11:03:45]     State after DEP Pulse 1: [11:03:35]   Running sysbench CPU benchmark...
[11:03:45]   3322.41 events/sec
3322.41 events/sec
[11:03:45]   Depression Pulse 2/5...
[11:03:45]   Applying IDLE state for 3s.
[11:03:50]   Running sysbench CPU benchmark...
[11:04:00]   3318.14 events/sec
[11:04:00]     State after DEP Pulse 2: [11:03:50]   Running sysbench CPU benchmark...
[11:04:00]   3318.14 events/sec
3318.14 events/sec
[11:04:00]   Depression Pulse 3/5...
[11:04:00]   Applying IDLE state for 3s.
[11:04:05]   Running sysbench CPU benchmark...
[11:04:15]   3320.00 events/sec
[11:04:15]     State after DEP Pulse 3: [11:04:05]   Running sysbench CPU benchmark...
[11:04:15]   3320.00 events/sec
3320.00 events/sec
[11:04:15]   Depression Pulse 4/5...
[11:04:15]   Applying IDLE state for 3s.
[11:04:20]   Running sysbench CPU benchmark...
[11:04:30]   3320.20 events/sec
[11:04:30]     State after DEP Pulse 4: [11:04:20]   Running sysbench CPU benchmark...
[11:04:30]   3320.20 events/sec
3320.20 events/sec
[11:04:30]   Depression Pulse 5/5...
[11:04:30]   Applying IDLE state for 3s.
[11:04:35]   Running sysbench CPU benchmark...
[11:04:45]   3319.75 events/sec
[11:04:45]     State after DEP Pulse 5: [11:04:35]   Running sysbench CPU benchmark...
[11:04:45]   3319.75 events/sec
3319.75 events/sec
[11:04:45] Short-Term Cycle 2/3: Starting Forgetting/Relaxation Phase (30s)...
[11:04:50]   Running sysbench CPU benchmark...
[11:05:00]   3320.82 events/sec
[11:05:00]   Forget Time +0s: State=[11:04:50]   Running sysbench CPU benchmark...
[11:05:00]   3320.82 events/sec
3320.82 events/sec
[11:05:05]   Running sysbench CPU benchmark...
[11:05:15]   3325.29 events/sec
[11:05:15]   Forget Time +15s: State=[11:05:05]   Running sysbench CPU benchmark...
[11:05:15]   3325.29 events/sec
3325.29 events/sec
[11:05:15]   Forgetting phase complete.
[11:05:17]   Running sysbench CPU benchmark...
[11:05:27]   3319.01 events/sec
[11:05:27]   Final State after Forget: [11:05:17]   Running sysbench CPU benchmark...
[11:05:27]   3319.01 events/sec
3319.01 events/sec
[11:05:27]   Recovery comparison skipped (invalid scores: current=[11:05:17]   Running sysbench CPU benchmark...
[11:05:27]   3319.01 events/sec
3319.01, baseline=[10:56:45]   Running sysbench CPU benchmark...
[10:56:55]   3320.38 events/sec
3320.38).
[11:05:27] \nShort-Term Cycle 3/3: Starting Potentiation...
[11:05:29]   Running sysbench CPU benchmark...
[11:05:39]   3322.54 events/sec
[11:05:39]   Cycle Start State (Sysbench Score): [11:05:29]   Running sysbench CPU benchmark...
[11:05:39]   3322.54 events/sec
3322.54 events/sec
[11:05:39]   Potentiation Pulse 1/5...
[11:05:39]   Applying stress level 'high' for 3s: --cpu 8 --matrix 0 --vm 8 --vm-bytes 512M --cpu-method int64,float
[11:05:42]   Stress level 'high' finished.
[11:05:44]   Running sysbench CPU benchmark...
[11:05:54]   3315.35 events/sec
[11:05:54]     State after POT Pulse 1: [11:05:44]   Running sysbench CPU benchmark...
[11:05:54]   3315.35 events/sec
3315.35 events/sec
[11:05:54]   Potentiation Pulse 2/5...
[11:05:54]   Applying stress level 'high' for 3s: --cpu 8 --matrix 0 --vm 8 --vm-bytes 512M --cpu-method int64,float
[11:05:57]   Stress level 'high' finished.
[11:05:59]   Running sysbench CPU benchmark...
[11:06:09]   3319.07 events/sec
[11:06:09]     State after POT Pulse 2: [11:05:59]   Running sysbench CPU benchmark...
[11:06:09]   3319.07 events/sec
3319.07 events/sec
[11:06:09]   Potentiation Pulse 3/5...
[11:06:09]   Applying stress level 'high' for 3s: --cpu 8 --matrix 0 --vm 8 --vm-bytes 512M --cpu-method int64,float
[11:06:12]   Stress level 'high' finished.
[11:06:14]   Running sysbench CPU benchmark...
[11:06:24]   3067.90 events/sec
[11:06:24]     State after POT Pulse 3: [11:06:14]   Running sysbench CPU benchmark...
[11:06:24]   3067.90 events/sec
3067.90 events/sec
[11:06:24]   Potentiation Pulse 4/5...
[11:06:24]   Applying stress level 'high' for 3s: --cpu 8 --matrix 0 --vm 8 --vm-bytes 512M --cpu-method int64,float
[11:06:27]   Stress level 'high' finished.
[11:06:29]   Running sysbench CPU benchmark...
[11:06:39]   3146.05 events/sec
[11:06:39]     State after POT Pulse 4: [11:06:29]   Running sysbench CPU benchmark...
[11:06:39]   3146.05 events/sec
3146.05 events/sec
[11:06:39]   Potentiation Pulse 5/5...
[11:06:39]   Applying stress level 'high' for 3s: --cpu 8 --matrix 0 --vm 8 --vm-bytes 512M --cpu-method int64,float
[11:06:42]   Stress level 'high' finished.
[11:06:44]   Running sysbench CPU benchmark...
[11:06:54]   2614.34 events/sec
[11:06:54]     State after POT Pulse 5: [11:06:44]   Running sysbench CPU benchmark...
[11:06:54]   2614.34 events/sec
2614.34 events/sec
[11:06:54] Short-Term Cycle 3/3: Starting Depression...
[11:06:54]   Depression Pulse 1/5...
[11:06:54]   Applying IDLE state for 3s.
[11:06:59]   Running sysbench CPU benchmark...
[11:07:09]   2904.68 events/sec
[11:07:09]     State after DEP Pulse 1: [11:06:59]   Running sysbench CPU benchmark...
[11:07:09]   2904.68 events/sec
2904.68 events/sec
[11:07:09]   Depression Pulse 2/5...
[11:07:09]   Applying IDLE state for 3s.
[11:07:14]   Running sysbench CPU benchmark...
[11:07:24]   3320.02 events/sec
[11:07:24]     State after DEP Pulse 2: [11:07:14]   Running sysbench CPU benchmark...
[11:07:24]   3320.02 events/sec
3320.02 events/sec
[11:07:24]   Depression Pulse 3/5...
[11:07:25]   Applying IDLE state for 3s.
[11:07:30]   Running sysbench CPU benchmark...
[11:07:40]   3323.37 events/sec
[11:07:40]     State after DEP Pulse 3: [11:07:30]   Running sysbench CPU benchmark...
[11:07:40]   3323.37 events/sec
3323.37 events/sec
[11:07:40]   Depression Pulse 4/5...
[11:07:40]   Applying IDLE state for 3s.
[11:07:45]   Running sysbench CPU benchmark...
[11:07:55]   3320.69 events/sec
[11:07:55]     State after DEP Pulse 4: [11:07:45]   Running sysbench CPU benchmark...
[11:07:55]   3320.69 events/sec
3320.69 events/sec
[11:07:55]   Depression Pulse 5/5...
[11:07:55]   Applying IDLE state for 3s.
