[10:21:18] === Advanced NS-RAM System Analogy Stress Test v2 ===
[10:21:18] Start time: Tue May 13 10:21:18 AM CEST 2025
[10:21:18] !!! EXTREME WARNING: DANGEROUS & EXPERIMENTAL SCRIPT !!!
[10:21:18] Mode: ALL
[10:21:18] CPU: Intel(R) Core(TM) i7-8559U CPU @ 2.70GHz
BIOS Intel(R) Core(TM) i7-8559U CPU @ 2.70GHz To Be Filled By O.E.M. CPU @ 2.3GHz
[10:21:18] Kernel: 6.11.0-25-generic
[10:21:18] [*] Warming up sysbench...
[10:21:28] [1] SYSTEM SETUP & BASELINE
[10:21:28] [*] Setting performance governor & disabling turbo/boost...
[10:21:28] [*] Disabling ASLR...
[10:21:29] Initial frequency: 2700008 KHz
[10:21:29] Initial temp: 44 C
[10:21:29] [*] Compiling custom stress tools (hammer, spec_havoc)...
[10:21:29] [*] Running Baseline Performance (Sysbench)...
[10:21:29]   Running sysbench CPU benchmark...
[10:21:39]   3324.93 events/sec
[10:21:39] Baseline Sysbench CPU Score: [10:21:29]   Running sysbench CPU benchmark...
[10:21:39]   3324.93 events/sec
3324.93 events/sec
[10:21:39] [*] Generating test data (20 MB)...
[10:21:39] Original data hash (MD5): 193364a481957798394f74d6af0e8082
[10:21:40] \n[2] NEURON MODE TEST (LIF Analogy)
[10:21:40] Parameters: Amplitude='max', ON=5s, OFF=5s, Cycles=10
[10:21:40] Estimated duration: 100s
[10:21:40] Neuron Cycle 1/10: Applying Pulse (ON)...
[10:21:40]   Applying stress level 'max' for 5s: --cpu 8 --matrix 8 --vm 8 --vm-bytes 1G --cpu-method all
[10:21:45]   Stress level 'max' finished.
[10:21:45]   Pulse End: Temp=52C, Freq=2700019KHz
[10:21:45] Neuron Cycle 1/10: Recovery phase (OFF - Leaking)...
[10:21:50]   Recovery End: Temp=43C (Drop: 9C), Freq=2700011KHz (Recovered: true)
[10:21:50]   Recovery Time Measured (tau_r analogy): 5.003951624s
[10:21:50] Neuron Cycle 2/10: Applying Pulse (ON)...
[10:21:50]   Applying stress level 'max' for 5s: --cpu 8 --matrix 8 --vm 8 --vm-bytes 1G --cpu-method all
[10:21:55]   Stress level 'max' finished.
[10:21:55]   Pulse End: Temp=52C, Freq=2700150KHz
[10:21:55] Neuron Cycle 2/10: Recovery phase (OFF - Leaking)...
[10:22:00]   Recovery End: Temp=43C (Drop: 9C), Freq=2700030KHz (Recovered: true)
[10:22:00]   Recovery Time Measured (tau_r analogy): 5.003911014s
[10:22:00] Neuron Cycle 3/10: Applying Pulse (ON)...
[10:22:00]   Applying stress level 'max' for 5s: --cpu 8 --matrix 8 --vm 8 --vm-bytes 1G --cpu-method all
[10:22:05]   Stress level 'max' finished.
[10:22:05]   Pulse End: Temp=51C, Freq=2700481KHz
[10:22:05] Neuron Cycle 3/10: Recovery phase (OFF - Leaking)...
[10:22:10]   Recovery End: Temp=43C (Drop: 8C), Freq=2700492KHz (Recovered: true)
[10:22:10]   Recovery Time Measured (tau_r analogy): 5.003893857s
[10:22:10] Neuron Cycle 4/10: Applying Pulse (ON)...
[10:22:10]   Applying stress level 'max' for 5s: --cpu 8 --matrix 8 --vm 8 --vm-bytes 1G --cpu-method all
[10:22:15]   Stress level 'max' finished.
[10:22:15]   Pulse End: Temp=51C, Freq=2700011KHz
[10:22:15] Neuron Cycle 4/10: Recovery phase (OFF - Leaking)...
[10:22:20]   Recovery End: Temp=43C (Drop: 8C), Freq=2700031KHz (Recovered: true)
[10:22:20]   Recovery Time Measured (tau_r analogy): 5.003919597s
[10:22:20] Neuron Cycle 5/10: Applying Pulse (ON)...
[10:22:20]   Applying stress level 'max' for 5s: --cpu 8 --matrix 8 --vm 8 --vm-bytes 1G --cpu-method all
[10:22:26]   Stress level 'max' finished.
[10:22:26]   Pulse End: Temp=49C, Freq=2699907KHz
[10:22:26] Neuron Cycle 5/10: Recovery phase (OFF - Leaking)...
[10:22:31]   Recovery End: Temp=44C (Drop: 5C), Freq=2700021KHz (Recovered: true)
[10:22:31]   Recovery Time Measured (tau_r analogy): 5.003914023s
[10:22:31] Neuron Cycle 6/10: Applying Pulse (ON)...
[10:22:31]   Applying stress level 'max' for 5s: --cpu 8 --matrix 8 --vm 8 --vm-bytes 1G --cpu-method all
[10:22:36]   Stress level 'max' finished.
[10:22:36]   Pulse End: Temp=51C, Freq=2701917KHz
[10:22:36] Neuron Cycle 6/10: Recovery phase (OFF - Leaking)...
[10:22:41]   Recovery End: Temp=44C (Drop: 7C), Freq=2700742KHz (Recovered: true)
[10:22:41]   Recovery Time Measured (tau_r analogy): 5.003951087s
[10:22:41] Neuron Cycle 7/10: Applying Pulse (ON)...
[10:22:41]   Applying stress level 'max' for 5s: --cpu 8 --matrix 8 --vm 8 --vm-bytes 1G --cpu-method all
[10:22:46]   Stress level 'max' finished.
[10:22:46]   Pulse End: Temp=53C, Freq=2699740KHz
[10:22:46] Neuron Cycle 7/10: Recovery phase (OFF - Leaking)...
[10:22:51]   Recovery End: Temp=43C (Drop: 10C), Freq=2700090KHz (Recovered: true)
[10:22:51]   Recovery Time Measured (tau_r analogy): 5.003889923s
[10:22:51] Neuron Cycle 8/10: Applying Pulse (ON)...
[10:22:51]   Applying stress level 'max' for 5s: --cpu 8 --matrix 8 --vm 8 --vm-bytes 1G --cpu-method all
[10:22:56]   Stress level 'max' finished.
[10:22:56]   Pulse End: Temp=48C, Freq=2700031KHz
[10:22:56] Neuron Cycle 8/10: Recovery phase (OFF - Leaking)...
[10:23:01]   Recovery End: Temp=45C (Drop: 3C), Freq=2700040KHz (Recovered: true)
[10:23:01]   Recovery Time Measured (tau_r analogy): 5.003745046s
[10:23:01]   [!] WARN: Low temperature drop during recovery (< 5C). System may be heat-saturated.
[10:23:01] Neuron Cycle 9/10: Applying Pulse (ON)...
[10:23:01]   Applying stress level 'max' for 5s: --cpu 8 --matrix 8 --vm 8 --vm-bytes 1G --cpu-method all
[10:23:07]   Stress level 'max' finished.
[10:23:07]   Pulse End: Temp=51C, Freq=2699646KHz
[10:23:07] Neuron Cycle 9/10: Recovery phase (OFF - Leaking)...
[10:23:12]   Recovery End: Temp=44C (Drop: 7C), Freq=2700635KHz (Recovered: true)
[10:23:12]   Recovery Time Measured (tau_r analogy): 5.003901170s
[10:23:12] Neuron Cycle 10/10: Applying Pulse (ON)...
[10:23:12]   Applying stress level 'max' for 5s: --cpu 8 --matrix 8 --vm 8 --vm-bytes 1G --cpu-method all
[10:23:17]   Stress level 'max' finished.
[10:23:17]   Pulse End: Temp=51C, Freq=2700075KHz
[10:23:17] Neuron Cycle 10/10: Recovery phase (OFF - Leaking)...
[10:23:22]   Recovery End: Temp=43C (Drop: 8C), Freq=2701287KHz (Recovered: true)
[10:23:22]   Recovery Time Measured (tau_r analogy): 5.002817974s
[10:23:22] [✓] NEURON MODE COMPLETED: System processed 10 pulses. Check warnings for recovery issues.
[10:23:22] \n[3] SYNAPSE MODE TEST (Short-Term Plasticity Analogy)
[10:23:22] Parameters: POT_Load='high', DEP_Load='idle', Pulse=3s
[10:23:22] POT Pulses=5, DEP Pulses=5, Forget=30s, Cycles=3
[10:23:22] \nShort-Term Cycle 1/3: Starting Potentiation...
[10:23:24]   Running sysbench CPU benchmark...
[10:23:34]   3325.09 events/sec
[10:23:34]   Cycle Start State (Sysbench Score): [10:23:24]   Running sysbench CPU benchmark...
[10:23:34]   3325.09 events/sec
3325.09 events/sec
[10:23:34]   Potentiation Pulse 1/5...
[10:23:34]   Applying stress level 'high' for 3s: --cpu 8 --matrix 0 --vm 8 --vm-bytes 512M --cpu-method int64,float
[10:23:37]   Stress level 'high' finished.
[10:23:39]   Running sysbench CPU benchmark...
[10:23:49]   3318.97 events/sec
[10:23:49]     State after POT Pulse 1: [10:23:39]   Running sysbench CPU benchmark...
[10:23:49]   3318.97 events/sec
3318.97 events/sec
[10:23:49]   Potentiation Pulse 2/5...
[10:23:49]   Applying stress level 'high' for 3s: --cpu 8 --matrix 0 --vm 8 --vm-bytes 512M --cpu-method int64,float
[10:23:52]   Stress level 'high' finished.
[10:23:54]   Running sysbench CPU benchmark...
[10:24:04]   3320.88 events/sec
[10:24:04]     State after POT Pulse 2: [10:23:54]   Running sysbench CPU benchmark...
[10:24:04]   3320.88 events/sec
3320.88 events/sec
[10:24:04]   Potentiation Pulse 3/5...
[10:24:04]   Applying stress level 'high' for 3s: --cpu 8 --matrix 0 --vm 8 --vm-bytes 512M --cpu-method int64,float
[10:24:07]   Stress level 'high' finished.
[10:24:09]   Running sysbench CPU benchmark...
[10:24:19]   3250.18 events/sec
[10:24:19]     State after POT Pulse 3: [10:24:09]   Running sysbench CPU benchmark...
[10:24:19]   3250.18 events/sec
3250.18 events/sec
[10:24:19]   Potentiation Pulse 4/5...
[10:24:19]   Applying stress level 'high' for 3s: --cpu 8 --matrix 0 --vm 8 --vm-bytes 512M --cpu-method int64,float
[10:24:22]   Stress level 'high' finished.
[10:24:24]   Running sysbench CPU benchmark...
[10:24:34]   3326.34 events/sec
[10:24:34]     State after POT Pulse 4: [10:24:24]   Running sysbench CPU benchmark...
[10:24:34]   3326.34 events/sec
3326.34 events/sec
[10:24:34]   Potentiation Pulse 5/5...
[10:24:34]   Applying stress level 'high' for 3s: --cpu 8 --matrix 0 --vm 8 --vm-bytes 512M --cpu-method int64,float
[10:24:37]   Stress level 'high' finished.
[10:24:39]   Running sysbench CPU benchmark...
[10:24:49]   3318.03 events/sec
[10:24:49]     State after POT Pulse 5: [10:24:39]   Running sysbench CPU benchmark...
[10:24:49]   3318.03 events/sec
3318.03 events/sec
[10:24:49] Short-Term Cycle 1/3: Starting Depression...
[10:24:49]   Depression Pulse 1/5...
[10:24:49]   Applying IDLE state for 3s.
[10:24:54]   Running sysbench CPU benchmark...
[10:25:04]   3321.62 events/sec
[10:25:04]     State after DEP Pulse 1: [10:24:54]   Running sysbench CPU benchmark...
[10:25:04]   3321.62 events/sec
3321.62 events/sec
[10:25:04]   Depression Pulse 2/5...
[10:25:04]   Applying IDLE state for 3s.
[10:25:09]   Running sysbench CPU benchmark...
[10:25:19]   3317.31 events/sec
[10:25:19]     State after DEP Pulse 2: [10:25:09]   Running sysbench CPU benchmark...
[10:25:19]   3317.31 events/sec
3317.31 events/sec
[10:25:19]   Depression Pulse 3/5...
[10:25:19]   Applying IDLE state for 3s.
[10:25:24]   Running sysbench CPU benchmark...
[10:25:34]   3318.92 events/sec
[10:25:34]     State after DEP Pulse 3: [10:25:24]   Running sysbench CPU benchmark...
[10:25:34]   3318.92 events/sec
3318.92 events/sec
[10:25:34]   Depression Pulse 4/5...
[10:25:34]   Applying IDLE state for 3s.
[10:25:39]   Running sysbench CPU benchmark...
[10:25:49]   3317.49 events/sec
[10:25:49]     State after DEP Pulse 4: [10:25:39]   Running sysbench CPU benchmark...
[10:25:49]   3317.49 events/sec
3317.49 events/sec
[10:25:49]   Depression Pulse 5/5...
[10:25:49]   Applying IDLE state for 3s.
[10:25:54]   Running sysbench CPU benchmark...
[10:26:04]   3319.66 events/sec
[10:26:04]     State after DEP Pulse 5: [10:25:54]   Running sysbench CPU benchmark...
[10:26:04]   3319.66 events/sec
3319.66 events/sec
[10:26:04] Short-Term Cycle 1/3: Starting Forgetting/Relaxation Phase (30s)...
[10:26:09]   Running sysbench CPU benchmark...
[10:26:19]   3325.23 events/sec
[10:26:19]   Forget Time +0s: State=[10:26:09]   Running sysbench CPU benchmark...
[10:26:19]   3325.23 events/sec
3325.23 events/sec
[10:26:24]   Running sysbench CPU benchmark...
[10:26:34]   3319.22 events/sec
[10:26:34]   Forget Time +15s: State=[10:26:24]   Running sysbench CPU benchmark...
[10:26:34]   3319.22 events/sec
3319.22 events/sec
[10:26:34]   Forgetting phase complete.
[10:26:36]   Running sysbench CPU benchmark...
[10:26:46]   3317.30 events/sec
[10:26:46]   Final State after Forget: [10:26:36]   Running sysbench CPU benchmark...
[10:26:46]   3317.30 events/sec
3317.30 events/sec
[10:26:46]   Recovery comparison skipped (invalid scores: current=[10:26:36]   Running sysbench CPU benchmark...
[10:26:46]   3317.30 events/sec
3317.30, baseline=[10:21:29]   Running sysbench CPU benchmark...
[10:21:39]   3324.93 events/sec
3324.93).
[10:26:46] \nShort-Term Cycle 2/3: Starting Potentiation...
[10:26:48]   Running sysbench CPU benchmark...
[10:26:58]   3320.94 events/sec
[10:26:58]   Cycle Start State (Sysbench Score): [10:26:48]   Running sysbench CPU benchmark...
[10:26:58]   3320.94 events/sec
3320.94 events/sec
[10:26:58]   Potentiation Pulse 1/5...
[10:26:58]   Applying stress level 'high' for 3s: --cpu 8 --matrix 0 --vm 8 --vm-bytes 512M --cpu-method int64,float
[10:27:01]   Stress level 'high' finished.
[10:27:03]   Running sysbench CPU benchmark...
[10:27:13]   3323.96 events/sec
[10:27:13]     State after POT Pulse 1: [10:27:03]   Running sysbench CPU benchmark...
[10:27:13]   3323.96 events/sec
3323.96 events/sec
[10:27:13]   Potentiation Pulse 2/5...
[10:27:13]   Applying stress level 'high' for 3s: --cpu 8 --matrix 0 --vm 8 --vm-bytes 512M --cpu-method int64,float
[10:27:16]   Stress level 'high' finished.
[10:27:18]   Running sysbench CPU benchmark...
[10:27:28]   3327.59 events/sec
[10:27:28]     State after POT Pulse 2: [10:27:18]   Running sysbench CPU benchmark...
[10:27:28]   3327.59 events/sec
3327.59 events/sec
[10:27:28]   Potentiation Pulse 3/5...
[10:27:28]   Applying stress level 'high' for 3s: --cpu 8 --matrix 0 --vm 8 --vm-bytes 512M --cpu-method int64,float
[10:27:31]   Stress level 'high' finished.
[10:27:33]   Running sysbench CPU benchmark...
[10:27:43]   3322.35 events/sec
[10:27:43]     State after POT Pulse 3: [10:27:33]   Running sysbench CPU benchmark...
[10:27:43]   3322.35 events/sec
3322.35 events/sec
[10:27:43]   Potentiation Pulse 4/5...
[10:27:43]   Applying stress level 'high' for 3s: --cpu 8 --matrix 0 --vm 8 --vm-bytes 512M --cpu-method int64,float
[10:27:46]   Stress level 'high' finished.
[10:27:48]   Running sysbench CPU benchmark...
[10:27:58]   3322.07 events/sec
[10:27:58]     State after POT Pulse 4: [10:27:48]   Running sysbench CPU benchmark...
[10:27:58]   3322.07 events/sec
3322.07 events/sec
[10:27:58]   Potentiation Pulse 5/5...
[10:27:58]   Applying stress level 'high' for 3s: --cpu 8 --matrix 0 --vm 8 --vm-bytes 512M --cpu-method int64,float
[10:28:01]   Stress level 'high' finished.
[10:28:03]   Running sysbench CPU benchmark...
[10:28:13]   3324.60 events/sec
[10:28:13]     State after POT Pulse 5: [10:28:03]   Running sysbench CPU benchmark...
[10:28:13]   3324.60 events/sec
3324.60 events/sec
[10:28:13] Short-Term Cycle 2/3: Starting Depression...
[10:28:13]   Depression Pulse 1/5...
[10:28:13]   Applying IDLE state for 3s.
[10:28:18]   Running sysbench CPU benchmark...
[10:28:28]   3319.45 events/sec
[10:28:28]     State after DEP Pulse 1: [10:28:18]   Running sysbench CPU benchmark...
[10:28:28]   3319.45 events/sec
3319.45 events/sec
[10:28:28]   Depression Pulse 2/5...
[10:28:28]   Applying IDLE state for 3s.
[10:28:33]   Running sysbench CPU benchmark...
[10:28:43]   3321.92 events/sec
[10:28:43]     State after DEP Pulse 2: [10:28:33]   Running sysbench CPU benchmark...
[10:28:43]   3321.92 events/sec
3321.92 events/sec
[10:28:43]   Depression Pulse 3/5...
[10:28:43]   Applying IDLE state for 3s.
[10:28:48]   Running sysbench CPU benchmark...
[10:28:58]   3321.44 events/sec
[10:28:59]     State after DEP Pulse 3: [10:28:48]   Running sysbench CPU benchmark...
[10:28:58]   3321.44 events/sec
3321.44 events/sec
[10:28:59]   Depression Pulse 4/5...
[10:28:59]   Applying IDLE state for 3s.
[10:29:04]   Running sysbench CPU benchmark...
[10:29:14]   3322.09 events/sec
[10:29:14]     State after DEP Pulse 4: [10:29:04]   Running sysbench CPU benchmark...
[10:29:14]   3322.09 events/sec
3322.09 events/sec
[10:29:14]   Depression Pulse 5/5...
[10:29:14]   Applying IDLE state for 3s.
[10:29:19]   Running sysbench CPU benchmark...
[10:29:29]   3314.27 events/sec
[10:29:29]     State after DEP Pulse 5: [10:29:19]   Running sysbench CPU benchmark...
[10:29:29]   3314.27 events/sec
3314.27 events/sec
[10:29:29] Short-Term Cycle 2/3: Starting Forgetting/Relaxation Phase (30s)...
[10:29:34]   Running sysbench CPU benchmark...
[10:29:44]   3321.57 events/sec
[10:29:44]   Forget Time +0s: State=[10:29:34]   Running sysbench CPU benchmark...
[10:29:44]   3321.57 events/sec
3321.57 events/sec
[10:29:49]   Running sysbench CPU benchmark...
[10:29:59]   3321.76 events/sec
[10:29:59]   Forget Time +15s: State=[10:29:49]   Running sysbench CPU benchmark...
[10:29:59]   3321.76 events/sec
3321.76 events/sec
[10:29:59]   Forgetting phase complete.
[10:30:01]   Running sysbench CPU benchmark...
[10:30:11]   3321.54 events/sec
[10:30:11]   Final State after Forget: [10:30:01]   Running sysbench CPU benchmark...
[10:30:11]   3321.54 events/sec
3321.54 events/sec
[10:30:11]   Recovery comparison skipped (invalid scores: current=[10:30:01]   Running sysbench CPU benchmark...
[10:30:11]   3321.54 events/sec
3321.54, baseline=[10:21:29]   Running sysbench CPU benchmark...
[10:21:39]   3324.93 events/sec
3324.93).
[10:30:11] \nShort-Term Cycle 3/3: Starting Potentiation...
[10:30:13]   Running sysbench CPU benchmark...
[10:30:23]   3320.86 events/sec
[10:30:23]   Cycle Start State (Sysbench Score): [10:30:13]   Running sysbench CPU benchmark...
[10:30:23]   3320.86 events/sec
3320.86 events/sec
[10:30:23]   Potentiation Pulse 1/5...
[10:30:23]   Applying stress level 'high' for 3s: --cpu 8 --matrix 0 --vm 8 --vm-bytes 512M --cpu-method int64,float
[10:30:26]   Stress level 'high' finished.
[10:30:28]   Running sysbench CPU benchmark...
[10:30:38]   3316.05 events/sec
[10:30:38]     State after POT Pulse 1: [10:30:28]   Running sysbench CPU benchmark...
[10:30:38]   3316.05 events/sec
3316.05 events/sec
[10:30:38]   Potentiation Pulse 2/5...
[10:30:38]   Applying stress level 'high' for 3s: --cpu 8 --matrix 0 --vm 8 --vm-bytes 512M --cpu-method int64,float
[10:30:41]   Stress level 'high' finished.
[10:30:43]   Running sysbench CPU benchmark...
[10:30:53]   3321.70 events/sec
[10:30:53]     State after POT Pulse 2: [10:30:43]   Running sysbench CPU benchmark...
[10:30:53]   3321.70 events/sec
3321.70 events/sec
[10:30:53]   Potentiation Pulse 3/5...
[10:30:53]   Applying stress level 'high' for 3s: --cpu 8 --matrix 0 --vm 8 --vm-bytes 512M --cpu-method int64,float
[10:30:56]   Stress level 'high' finished.
[10:30:58]   Running sysbench CPU benchmark...
[10:31:08]   3320.50 events/sec
[10:31:08]     State after POT Pulse 3: [10:30:58]   Running sysbench CPU benchmark...
[10:31:08]   3320.50 events/sec
3320.50 events/sec
[10:31:08]   Potentiation Pulse 4/5...
[10:31:08]   Applying stress level 'high' for 3s: --cpu 8 --matrix 0 --vm 8 --vm-bytes 512M --cpu-method int64,float
[10:31:11]   Stress level 'high' finished.
[10:31:13]   Running sysbench CPU benchmark...
[10:31:23]   3318.18 events/sec
[10:31:23]     State after POT Pulse 4: [10:31:13]   Running sysbench CPU benchmark...
[10:31:23]   3318.18 events/sec
3318.18 events/sec
[10:31:23]   Potentiation Pulse 5/5...
[10:31:23]   Applying stress level 'high' for 3s: --cpu 8 --matrix 0 --vm 8 --vm-bytes 512M --cpu-method int64,float
[10:31:26]   Stress level 'high' finished.
[10:31:28]   Running sysbench CPU benchmark...
[10:31:38]   3318.45 events/sec
[10:31:38]     State after POT Pulse 5: [10:31:28]   Running sysbench CPU benchmark...
[10:31:38]   3318.45 events/sec
3318.45 events/sec
[10:31:38] Short-Term Cycle 3/3: Starting Depression...
[10:31:38]   Depression Pulse 1/5...
[10:31:38]   Applying IDLE state for 3s.
[10:31:43]   Running sysbench CPU benchmark...
[10:31:53]   3321.88 events/sec
[10:31:53]     State after DEP Pulse 1: [10:31:43]   Running sysbench CPU benchmark...
[10:31:53]   3321.88 events/sec
3321.88 events/sec
[10:31:53]   Depression Pulse 2/5...
[10:31:53]   Applying IDLE state for 3s.
[10:31:58]   Running sysbench CPU benchmark...
[10:32:08]   3284.17 events/sec
[10:32:08]     State after DEP Pulse 2: [10:31:58]   Running sysbench CPU benchmark...
[10:32:08]   3284.17 events/sec
3284.17 events/sec
[10:32:08]   Depression Pulse 3/5...
[10:32:08]   Applying IDLE state for 3s.
[10:32:13]   Running sysbench CPU benchmark...
[10:32:23]   3322.27 events/sec
[10:32:23]     State after DEP Pulse 3: [10:32:13]   Running sysbench CPU benchmark...
[10:32:23]   3322.27 events/sec
3322.27 events/sec
[10:32:23]   Depression Pulse 4/5...
[10:32:23]   Applying IDLE state for 3s.
[10:32:28]   Running sysbench CPU benchmark...
[10:32:38]   3321.16 events/sec
[10:32:38]     State after DEP Pulse 4: [10:32:28]   Running sysbench CPU benchmark...
[10:32:38]   3321.16 events/sec
3321.16 events/sec
[10:32:38]   Depression Pulse 5/5...
[10:32:38]   Applying IDLE state for 3s.
[10:32:43]   Running sysbench CPU benchmark...
[10:32:53]   3319.69 events/sec
[10:32:53]     State after DEP Pulse 5: [10:32:43]   Running sysbench CPU benchmark...
[10:32:53]   3319.69 events/sec
3319.69 events/sec
[10:32:53] Short-Term Cycle 3/3: Starting Forgetting/Relaxation Phase (30s)...
[10:32:58]   Running sysbench CPU benchmark...
[10:33:08]   3319.22 events/sec
[10:33:08]   Forget Time +0s: State=[10:32:58]   Running sysbench CPU benchmark...
[10:33:08]   3319.22 events/sec
3319.22 events/sec
[10:33:13]   Running sysbench CPU benchmark...
[10:33:23]   3320.90 events/sec
[10:33:23]   Forget Time +15s: State=[10:33:13]   Running sysbench CPU benchmark...
[10:33:23]   3320.90 events/sec
3320.90 events/sec
[10:33:23]   Forgetting phase complete.
[10:33:25]   Running sysbench CPU benchmark...
[10:33:35]   3326.05 events/sec
[10:33:35]   Final State after Forget: [10:33:25]   Running sysbench CPU benchmark...
[10:33:35]   3326.05 events/sec
3326.05 events/sec
[10:33:35]   Recovery comparison skipped (invalid scores: current=[10:33:25]   Running sysbench CPU benchmark...
[10:33:35]   3326.05 events/sec
3326.05, baseline=[10:21:29]   Running sysbench CPU benchmark...
[10:21:39]   3324.93 events/sec
3324.93).
[10:33:35] [✓] SYNAPSE SHORT-TERM MODE COMPLETED.
[10:33:35] \n[4] SYNAPSE MODE TEST (Long-Term Plasticity Analogy)
[10:33:35] Parameters: POT_Load='max', DEP_Load='idle', Pulse=10s
[10:33:35] Bipolar Cycles=50, Retention Test=60s
[10:33:35] Long-Term Cycle 1/50: Applying Intense Potentiation Pulse...
[10:33:35]   Applying stress level 'max' for 10s: --cpu 8 --matrix 8 --vm 8 --vm-bytes 1G --cpu-method all
[10:33:45]   Stress level 'max' finished.
[10:33:46] Long-Term Cycle 1/50: Applying Intense Depression Pulse/State...
[10:33:46]   Applying IDLE state for 10s.
[10:33:57] Long-Term Cycle 2/50: Applying Intense Potentiation Pulse...
[10:33:57]   Applying stress level 'max' for 10s: --cpu 8 --matrix 8 --vm 8 --vm-bytes 1G --cpu-method all
[10:34:08]   Stress level 'max' finished.
[10:34:09] Long-Term Cycle 2/50: Applying Intense Depression Pulse/State...
[10:34:09]   Applying IDLE state for 10s.
[10:34:20] Long-Term Cycle 3/50: Applying Intense Potentiation Pulse...
[10:34:20]   Applying stress level 'max' for 10s: --cpu 8 --matrix 8 --vm 8 --vm-bytes 1G --cpu-method all
[10:34:30]   Stress level 'max' finished.
[10:34:31] Long-Term Cycle 3/50: Applying Intense Depression Pulse/State...
[10:34:31]   Applying IDLE state for 10s.
[10:34:42] Long-Term Cycle 4/50: Applying Intense Potentiation Pulse...
[10:34:42]   Applying stress level 'max' for 10s: --cpu 8 --matrix 8 --vm 8 --vm-bytes 1G --cpu-method all
[10:34:54]   Stress level 'max' finished.
[10:34:55] Long-Term Cycle 4/50: Applying Intense Depression Pulse/State...
[10:34:55]   Applying IDLE state for 10s.
[10:35:06] Long-Term Cycle 5/50: Applying Intense Potentiation Pulse...
[10:35:06]   Applying stress level 'max' for 10s: --cpu 8 --matrix 8 --vm 8 --vm-bytes 1G --cpu-method all
[10:35:16]   Stress level 'max' finished.
[10:35:17] Long-Term Cycle 5/50: Applying Intense Depression Pulse/State...
[10:35:17]   Applying IDLE state for 10s.
[10:35:28] Long-Term Cycle 6/50: Applying Intense Potentiation Pulse...
[10:35:28]   Applying stress level 'max' for 10s: --cpu 8 --matrix 8 --vm 8 --vm-bytes 1G --cpu-method all
[10:35:38]   Stress level 'max' finished.
[10:35:39] Long-Term Cycle 6/50: Applying Intense Depression Pulse/State...
[10:35:39]   Applying IDLE state for 10s.
[10:35:50] Long-Term Cycle 7/50: Applying Intense Potentiation Pulse...
[10:35:50]   Applying stress level 'max' for 10s: --cpu 8 --matrix 8 --vm 8 --vm-bytes 1G --cpu-method all
[10:36:01]   Stress level 'max' finished.
[10:36:02] Long-Term Cycle 7/50: Applying Intense Depression Pulse/State...
[10:36:02]   Applying IDLE state for 10s.
[10:36:13] Long-Term Cycle 8/50: Applying Intense Potentiation Pulse...
[10:36:13]   Applying stress level 'max' for 10s: --cpu 8 --matrix 8 --vm 8 --vm-bytes 1G --cpu-method all
[10:36:23]   Stress level 'max' finished.
[10:36:24] Long-Term Cycle 8/50: Applying Intense Depression Pulse/State...
[10:36:24]   Applying IDLE state for 10s.
[10:36:35] Long-Term Cycle 9/50: Applying Intense Potentiation Pulse...
[10:36:35]   Applying stress level 'max' for 10s: --cpu 8 --matrix 8 --vm 8 --vm-bytes 1G --cpu-method all
[10:36:45]   Stress level 'max' finished.
[10:36:46] Long-Term Cycle 9/50: Applying Intense Depression Pulse/State...
[10:36:46]   Applying IDLE state for 10s.
[10:36:57] Long-Term Cycle 10/50: Applying Intense Potentiation Pulse...
[10:36:57]   Applying stress level 'max' for 10s: --cpu 8 --matrix 8 --vm 8 --vm-bytes 1G --cpu-method all
[10:37:08]   Stress level 'max' finished.
[10:37:09] Long-Term Cycle 10/50: Applying Intense Depression Pulse/State...
[10:37:09]   Applying IDLE state for 10s.
[10:37:20]   Periodic integrity check (Cycle 10)...
[10:37:20]   Integrity OK.
[10:37:20] Long-Term Cycle 11/50: Applying Intense Potentiation Pulse...
[10:37:20]   Applying stress level 'max' for 10s: --cpu 8 --matrix 8 --vm 8 --vm-bytes 1G --cpu-method all
[10:37:30]   Stress level 'max' finished.
[10:37:31] Long-Term Cycle 11/50: Applying Intense Depression Pulse/State...
[10:37:31]   Applying IDLE state for 10s.
[10:37:42] Long-Term Cycle 12/50: Applying Intense Potentiation Pulse...
[10:37:42]   Applying stress level 'max' for 10s: --cpu 8 --matrix 8 --vm 8 --vm-bytes 1G --cpu-method all
[10:37:53]   Stress level 'max' finished.
[10:37:54] Long-Term Cycle 12/50: Applying Intense Depression Pulse/State...
[10:37:54]   Applying IDLE state for 10s.
[10:38:05] Long-Term Cycle 13/50: Applying Intense Potentiation Pulse...
[10:38:05]   Applying stress level 'max' for 10s: --cpu 8 --matrix 8 --vm 8 --vm-bytes 1G --cpu-method all
[10:38:15]   Stress level 'max' finished.
[10:38:16] Long-Term Cycle 13/50: Applying Intense Depression Pulse/State...
[10:38:16]   Applying IDLE state for 10s.
[10:38:27] Long-Term Cycle 14/50: Applying Intense Potentiation Pulse...
[10:38:27]   Applying stress level 'max' for 10s: --cpu 8 --matrix 8 --vm 8 --vm-bytes 1G --cpu-method all
[10:38:39]   Stress level 'max' finished.
[10:38:40] Long-Term Cycle 14/50: Applying Intense Depression Pulse/State...
[10:38:40]   Applying IDLE state for 10s.
[10:38:51] Long-Term Cycle 15/50: Applying Intense Potentiation Pulse...
[10:38:51]   Applying stress level 'max' for 10s: --cpu 8 --matrix 8 --vm 8 --vm-bytes 1G --cpu-method all
[10:39:01]   Stress level 'max' finished.
[10:39:02] Long-Term Cycle 15/50: Applying Intense Depression Pulse/State...
[10:39:02]   Applying IDLE state for 10s.
[10:39:13] Long-Term Cycle 16/50: Applying Intense Potentiation Pulse...
[10:39:13]   Applying stress level 'max' for 10s: --cpu 8 --matrix 8 --vm 8 --vm-bytes 1G --cpu-method all
[10:39:24]   Stress level 'max' finished.
[10:39:25] Long-Term Cycle 16/50: Applying Intense Depression Pulse/State...
[10:39:25]   Applying IDLE state for 10s.
[10:39:36] Long-Term Cycle 17/50: Applying Intense Potentiation Pulse...
[10:39:36]   Applying stress level 'max' for 10s: --cpu 8 --matrix 8 --vm 8 --vm-bytes 1G --cpu-method all
[10:39:47]   Stress level 'max' finished.
[10:39:48] Long-Term Cycle 17/50: Applying Intense Depression Pulse/State...
[10:39:48]   Applying IDLE state for 10s.
[10:39:59] Long-Term Cycle 18/50: Applying Intense Potentiation Pulse...
[10:39:59]   Applying stress level 'max' for 10s: --cpu 8 --matrix 8 --vm 8 --vm-bytes 1G --cpu-method all
[10:40:10]   Stress level 'max' finished.
[10:40:11] Long-Term Cycle 18/50: Applying Intense Depression Pulse/State...
[10:40:11]   Applying IDLE state for 10s.
[10:40:22] Long-Term Cycle 19/50: Applying Intense Potentiation Pulse...
[10:40:22]   Applying stress level 'max' for 10s: --cpu 8 --matrix 8 --vm 8 --vm-bytes 1G --cpu-method all
[10:40:32]   Stress level 'max' finished.
[10:40:33] Long-Term Cycle 19/50: Applying Intense Depression Pulse/State...
[10:40:33]   Applying IDLE state for 10s.
[10:40:44] Long-Term Cycle 20/50: Applying Intense Potentiation Pulse...
[10:40:44]   Applying stress level 'max' for 10s: --cpu 8 --matrix 8 --vm 8 --vm-bytes 1G --cpu-method all
[10:40:55]   Stress level 'max' finished.
[10:40:56] Long-Term Cycle 20/50: Applying Intense Depression Pulse/State...
[10:40:56]   Applying IDLE state for 10s.
[10:41:07]   Periodic integrity check (Cycle 20)...
[10:41:07]   Integrity OK.
[10:41:07] Long-Term Cycle 21/50: Applying Intense Potentiation Pulse...
[10:41:07]   Applying stress level 'max' for 10s: --cpu 8 --matrix 8 --vm 8 --vm-bytes 1G --cpu-method all
[10:41:18]   Stress level 'max' finished.
[10:41:19] Long-Term Cycle 21/50: Applying Intense Depression Pulse/State...
[10:41:19]   Applying IDLE state for 10s.
[10:41:30] Long-Term Cycle 22/50: Applying Intense Potentiation Pulse...
[10:41:30]   Applying stress level 'max' for 10s: --cpu 8 --matrix 8 --vm 8 --vm-bytes 1G --cpu-method all
[10:41:40]   Stress level 'max' finished.
[10:41:41] Long-Term Cycle 22/50: Applying Intense Depression Pulse/State...
[10:41:41]   Applying IDLE state for 10s.
[10:41:52] Long-Term Cycle 23/50: Applying Intense Potentiation Pulse...
[10:41:52]   Applying stress level 'max' for 10s: --cpu 8 --matrix 8 --vm 8 --vm-bytes 1G --cpu-method all
[10:42:03]   Stress level 'max' finished.
[10:42:04] Long-Term Cycle 23/50: Applying Intense Depression Pulse/State...
[10:42:04]   Applying IDLE state for 10s.
[10:42:15] Long-Term Cycle 24/50: Applying Intense Potentiation Pulse...
[10:42:15]   Applying stress level 'max' for 10s: --cpu 8 --matrix 8 --vm 8 --vm-bytes 1G --cpu-method all
[10:42:26]   Stress level 'max' finished.
[10:42:27] Long-Term Cycle 24/50: Applying Intense Depression Pulse/State...
[10:42:27]   Applying IDLE state for 10s.
[10:42:38] Long-Term Cycle 25/50: Applying Intense Potentiation Pulse...
[10:42:38]   Applying stress level 'max' for 10s: --cpu 8 --matrix 8 --vm 8 --vm-bytes 1G --cpu-method all
[10:42:48]   Stress level 'max' finished.
[10:42:49] Long-Term Cycle 25/50: Applying Intense Depression Pulse/State...
[10:42:49]   Applying IDLE state for 10s.
[10:43:00] Long-Term Cycle 26/50: Applying Intense Potentiation Pulse...
[10:43:00]   Applying stress level 'max' for 10s: --cpu 8 --matrix 8 --vm 8 --vm-bytes 1G --cpu-method all
[10:43:10]   Stress level 'max' finished.
[10:43:11] Long-Term Cycle 26/50: Applying Intense Depression Pulse/State...
[10:43:11]   Applying IDLE state for 10s.
[10:43:22] Long-Term Cycle 27/50: Applying Intense Potentiation Pulse...
[10:43:22]   Applying stress level 'max' for 10s: --cpu 8 --matrix 8 --vm 8 --vm-bytes 1G --cpu-method all
[10:43:33]   Stress level 'max' finished.
[10:43:34] Long-Term Cycle 27/50: Applying Intense Depression Pulse/State...
[10:43:34]   Applying IDLE state for 10s.
[10:43:45] Long-Term Cycle 28/50: Applying Intense Potentiation Pulse...
[10:43:45]   Applying stress level 'max' for 10s: --cpu 8 --matrix 8 --vm 8 --vm-bytes 1G --cpu-method all
[10:43:55]   Stress level 'max' finished.
[10:43:56] Long-Term Cycle 28/50: Applying Intense Depression Pulse/State...
[10:43:56]   Applying IDLE state for 10s.
[10:44:07] Long-Term Cycle 29/50: Applying Intense Potentiation Pulse...
[10:44:07]   Applying stress level 'max' for 10s: --cpu 8 --matrix 8 --vm 8 --vm-bytes 1G --cpu-method all
[10:44:18]   Stress level 'max' finished.
[10:44:19] Long-Term Cycle 29/50: Applying Intense Depression Pulse/State...
[10:44:19]   Applying IDLE state for 10s.
[10:44:30] Long-Term Cycle 30/50: Applying Intense Potentiation Pulse...
[10:44:30]   Applying stress level 'max' for 10s: --cpu 8 --matrix 8 --vm 8 --vm-bytes 1G --cpu-method all
[10:44:41]   Stress level 'max' finished.
[10:44:42] Long-Term Cycle 30/50: Applying Intense Depression Pulse/State...
[10:44:42]   Applying IDLE state for 10s.
[10:44:53]   Periodic integrity check (Cycle 30)...
[10:44:53]   Integrity OK.
[10:44:53] Long-Term Cycle 31/50: Applying Intense Potentiation Pulse...
[10:44:53]   Applying stress level 'max' for 10s: --cpu 8 --matrix 8 --vm 8 --vm-bytes 1G --cpu-method all
[10:45:04]   Stress level 'max' finished.
[10:45:05] Long-Term Cycle 31/50: Applying Intense Depression Pulse/State...
[10:45:05]   Applying IDLE state for 10s.
[10:45:16] Long-Term Cycle 32/50: Applying Intense Potentiation Pulse...
[10:45:16]   Applying stress level 'max' for 10s: --cpu 8 --matrix 8 --vm 8 --vm-bytes 1G --cpu-method all
[10:45:26]   Stress level 'max' finished.
[10:45:27] Long-Term Cycle 32/50: Applying Intense Depression Pulse/State...
[10:45:27]   Applying IDLE state for 10s.
[10:45:38] Long-Term Cycle 33/50: Applying Intense Potentiation Pulse...
[10:45:38]   Applying stress level 'max' for 10s: --cpu 8 --matrix 8 --vm 8 --vm-bytes 1G --cpu-method all
[10:45:49]   Stress level 'max' finished.
[10:45:50] Long-Term Cycle 33/50: Applying Intense Depression Pulse/State...
[10:45:50]   Applying IDLE state for 10s.
[10:46:01] Long-Term Cycle 34/50: Applying Intense Potentiation Pulse...
[10:46:01]   Applying stress level 'max' for 10s: --cpu 8 --matrix 8 --vm 8 --vm-bytes 1G --cpu-method all
[10:46:11]   Stress level 'max' finished.
[10:46:12] Long-Term Cycle 34/50: Applying Intense Depression Pulse/State...
[10:46:12]   Applying IDLE state for 10s.
[10:46:23] Long-Term Cycle 35/50: Applying Intense Potentiation Pulse...
[10:46:23]   Applying stress level 'max' for 10s: --cpu 8 --matrix 8 --vm 8 --vm-bytes 1G --cpu-method all
[10:46:34]   Stress level 'max' finished.
[10:46:35] Long-Term Cycle 35/50: Applying Intense Depression Pulse/State...
[10:46:35]   Applying IDLE state for 10s.
[10:46:46] Long-Term Cycle 36/50: Applying Intense Potentiation Pulse...
[10:46:46]   Applying stress level 'max' for 10s: --cpu 8 --matrix 8 --vm 8 --vm-bytes 1G --cpu-method all
[10:46:56]   Stress level 'max' finished.
[10:46:57] Long-Term Cycle 36/50: Applying Intense Depression Pulse/State...
[10:46:57]   Applying IDLE state for 10s.
[10:47:09] Long-Term Cycle 37/50: Applying Intense Potentiation Pulse...
[10:47:09]   Applying stress level 'max' for 10s: --cpu 8 --matrix 8 --vm 8 --vm-bytes 1G --cpu-method all
[10:47:19]   Stress level 'max' finished.
[10:47:20] Long-Term Cycle 37/50: Applying Intense Depression Pulse/State...
[10:47:20]   Applying IDLE state for 10s.
[10:47:31] Long-Term Cycle 38/50: Applying Intense Potentiation Pulse...
[10:47:31]   Applying stress level 'max' for 10s: --cpu 8 --matrix 8 --vm 8 --vm-bytes 1G --cpu-method all
[10:47:41]   Stress level 'max' finished.
[10:47:42] Long-Term Cycle 38/50: Applying Intense Depression Pulse/State...
[10:47:42]   Applying IDLE state for 10s.
[10:47:53] Long-Term Cycle 39/50: Applying Intense Potentiation Pulse...
[10:47:53]   Applying stress level 'max' for 10s: --cpu 8 --matrix 8 --vm 8 --vm-bytes 1G --cpu-method all
[10:48:04]   Stress level 'max' finished.
[10:48:05] Long-Term Cycle 39/50: Applying Intense Depression Pulse/State...
[10:48:05]   Applying IDLE state for 10s.
[10:48:16] Long-Term Cycle 40/50: Applying Intense Potentiation Pulse...
[10:48:16]   Applying stress level 'max' for 10s: --cpu 8 --matrix 8 --vm 8 --vm-bytes 1G --cpu-method all
[10:48:27]   Stress level 'max' finished.
[10:48:28] Long-Term Cycle 40/50: Applying Intense Depression Pulse/State...
[10:48:28]   Applying IDLE state for 10s.
[10:48:39]   Periodic integrity check (Cycle 40)...
[10:48:39]   Integrity OK.
[10:48:39] Long-Term Cycle 41/50: Applying Intense Potentiation Pulse...
[10:48:39]   Applying stress level 'max' for 10s: --cpu 8 --matrix 8 --vm 8 --vm-bytes 1G --cpu-method all
[10:48:49]   Stress level 'max' finished.
[10:48:50] Long-Term Cycle 41/50: Applying Intense Depression Pulse/State...
[10:48:50]   Applying IDLE state for 10s.
[10:49:01] Long-Term Cycle 42/50: Applying Intense Potentiation Pulse...
[10:49:01]   Applying stress level 'max' for 10s: --cpu 8 --matrix 8 --vm 8 --vm-bytes 1G --cpu-method all
[10:49:11]   Stress level 'max' finished.
[10:49:12] Long-Term Cycle 42/50: Applying Intense Depression Pulse/State...
[10:49:12]   Applying IDLE state for 10s.
[10:49:23] Long-Term Cycle 43/50: Applying Intense Potentiation Pulse...
[10:49:23]   Applying stress level 'max' for 10s: --cpu 8 --matrix 8 --vm 8 --vm-bytes 1G --cpu-method all
[10:49:34]   Stress level 'max' finished.
[10:49:35] Long-Term Cycle 43/50: Applying Intense Depression Pulse/State...
[10:49:35]   Applying IDLE state for 10s.
[10:49:46] Long-Term Cycle 44/50: Applying Intense Potentiation Pulse...
[10:49:46]   Applying stress level 'max' for 10s: --cpu 8 --matrix 8 --vm 8 --vm-bytes 1G --cpu-method all
[10:49:56]   Stress level 'max' finished.
[10:49:57] Long-Term Cycle 44/50: Applying Intense Depression Pulse/State...
[10:49:57]   Applying IDLE state for 10s.
[10:50:08] Long-Term Cycle 45/50: Applying Intense Potentiation Pulse...
[10:50:08]   Applying stress level 'max' for 10s: --cpu 8 --matrix 8 --vm 8 --vm-bytes 1G --cpu-method all
[10:50:19]   Stress level 'max' finished.
[10:50:20] Long-Term Cycle 45/50: Applying Intense Depression Pulse/State...
[10:50:20]   Applying IDLE state for 10s.
[10:50:31] Long-Term Cycle 46/50: Applying Intense Potentiation Pulse...
[10:50:31]   Applying stress level 'max' for 10s: --cpu 8 --matrix 8 --vm 8 --vm-bytes 1G --cpu-method all
[10:50:42]   Stress level 'max' finished.
[10:50:43] Long-Term Cycle 46/50: Applying Intense Depression Pulse/State...
[10:50:43]   Applying IDLE state for 10s.
[10:50:54] Long-Term Cycle 47/50: Applying Intense Potentiation Pulse...
[10:50:54]   Applying stress level 'max' for 10s: --cpu 8 --matrix 8 --vm 8 --vm-bytes 1G --cpu-method all
[10:51:04]   Stress level 'max' finished.
[10:51:05] Long-Term Cycle 47/50: Applying Intense Depression Pulse/State...
[10:51:05]   Applying IDLE state for 10s.
[10:51:16] Long-Term Cycle 48/50: Applying Intense Potentiation Pulse...
[10:51:16]   Applying stress level 'max' for 10s: --cpu 8 --matrix 8 --vm 8 --vm-bytes 1G --cpu-method all
[10:51:27]   Stress level 'max' finished.
[10:51:28] Long-Term Cycle 48/50: Applying Intense Depression Pulse/State...
[10:51:28]   Applying IDLE state for 10s.
[10:51:39] Long-Term Cycle 49/50: Applying Intense Potentiation Pulse...
[10:51:39]   Applying stress level 'max' for 10s: --cpu 8 --matrix 8 --vm 8 --vm-bytes 1G --cpu-method all
[10:51:50]   Stress level 'max' finished.
[10:51:51] Long-Term Cycle 49/50: Applying Intense Depression Pulse/State...
[10:51:51]   Applying IDLE state for 10s.
[10:52:02] Long-Term Cycle 50/50: Applying Intense Potentiation Pulse...
[10:52:02]   Applying stress level 'max' for 10s: --cpu 8 --matrix 8 --vm 8 --vm-bytes 1G --cpu-method all
[10:52:12]   Stress level 'max' finished.
[10:52:13] Long-Term Cycle 50/50: Applying Intense Depression Pulse/State...
[10:52:13]   Applying IDLE state for 10s.
[10:52:24]   Periodic integrity check (Cycle 50)...
[10:52:24]   Integrity OK.
[10:52:24] Long-Term Cycling Phase complete (50 cycles).
[10:52:24] Starting Retention Test Phase (60s idle)...
[10:53:24] Retention Test: Final Checks...
[10:53:24]   Hash after retention: 193364a481957798394f74d6af0e8082
[10:53:24]   [✓] Data integrity preserved after retention.
[10:53:24]   [✓] No new critical errors in dmesg post-retention.
[10:53:24]   Running sysbench CPU benchmark...
[10:53:34]   3316.64 events/sec
[10:53:34]   Final Performance State: [10:53:24]   Running sysbench CPU benchmark...
[10:53:34]   3316.64 events/sec
3316.64 events/sec (Baseline: [10:21:29]   Running sysbench CPU benchmark...
[10:21:39]   3324.93 events/sec
3324.93)
[10:53:34] [✓] SYNAPSE LONG-TERM MODE COMPLETED: System endured cycling and retention test without critical persistent failures. Check warnings for performance degradation.
[10:53:34] \n[5] FINAL SYSTEM STATE & OVERALL EVALUATION
[10:53:34]   Running sysbench CPU benchmark...
[10:53:44]   3319.73 events/sec
[10:53:44] Final frequency: 2700023 KHz (Baseline: 2700008 KHz)
[10:53:44] Final temp: 46 C (Baseline: 44 C)
[10:53:44] Final Sysbench Score: [10:53:34]   Running sysbench CPU benchmark...
[10:53:44]   3319.73 events/sec
3319.73 events/sec (Baseline: [10:21:29]   Running sysbench CPU benchmark...
[10:21:39]   3324.93 events/sec
3324.93 events/sec)
[10:53:44] Final MD5 Check: 193364a481957798394f74d6af0e8082 (Original: 193364a481957798394f74d6af0e8082)
[10:53:44] \n--- OVERALL VERDICT (NS-RAM Analogy Interpretation) ---
[10:53:44] ⚠️  SYSTEM STRESSED BUT STABLE: Completed tests without critical failures, but warnings indicate non-ideal behavior (throttling, slow recovery, performance dip). (Analogy: Device operated near/beyond optimal point, showing stress effects but no permanent failure mode).
[10:53:44] Test completed at: Tue May 13 10:53:44 AM CEST 2025
[10:53:44] Log file saved to: nsram_analogy_results_20250513_102118.log
[10:53:44] [*] Cleaning up background processes and files...
[10:53:44] [*] Resetting system state (best effort)...
[10:53:44] [*] Cleanup finished.
