[10:56:33] === Advanced NS-RAM System Analogy Stress Test v2 ===
[10:56:33] Start time: Tue May 13 10:56:33 AM CEST 2025
[10:56:33] !!! EXTREME WARNING: DANGEROUS & EXPERIMENTAL SCRIPT !!!
[10:56:33] Mode: ALL
[10:56:33] CPU: Intel(R) Core(TM) i7-8559U CPU @ 2.70GHz
BIOS Intel(R) Core(TM) i7-8559U CPU @ 2.70GHz To Be Filled By O.E.M. CPU @ 2.3GHz
[10:56:33] Kernel: 6.11.0-25-generic
[10:56:33] [*] Warming up sysbench...
[10:56:43] [1] SYSTEM SETUP & BASELINE
[10:56:43] [*] Setting performance governor & disabling turbo/boost...
[10:56:43] [*] Disabling ASLR...
[10:56:44] Initial frequency: 2702027 KHz
[10:56:44] Initial temp: 41 C
[10:56:44] [*] Compiling custom stress tools (hammer, spec_havoc)...
[10:56:45] [*] Running Baseline Performance (Sysbench)...
[10:56:45]   Running sysbench CPU benchmark...
[10:56:55]   3320.38 events/sec
[10:56:55] Baseline Sysbench CPU Score: [10:56:45]   Running sysbench CPU benchmark...
[10:56:55]   3320.38 events/sec
3320.38 events/sec
[10:56:55] [*] Generating test data (20 MB)...
[10:56:55] Original data hash (MD5): fdb6d53ac2d40d27e298167f047b4e34
[10:56:55] \n[2] NEURON MODE TEST (LIF Analogy)
[10:56:55] Parameters: Amplitude='max', ON=5s, OFF=5s, Cycles=10
[10:56:55] Estimated duration: 100s
[10:56:55] Neuron Cycle 1/10: Applying Pulse (ON)...
[10:56:55]   Applying stress level 'max' for 5s: --cpu 8 --matrix 8 --vm 8 --vm-bytes 1G --cpu-method all
[10:57:00]   Stress level 'max' finished.
[10:57:00]   Pulse End: Temp=48C, Freq=2703323KHz
[10:57:00] Neuron Cycle 1/10: Recovery phase (OFF - Leaking)...
[10:57:05]   Recovery End: Temp=41C (Drop: 7C), Freq=2701905KHz (Recovered: true)
[10:57:05]   Recovery Time Measured (tau_r analogy): 5.003926389s
[10:57:05] Neuron Cycle 2/10: Applying Pulse (ON)...
[10:57:05]   Applying stress level 'max' for 5s: --cpu 8 --matrix 8 --vm 8 --vm-bytes 1G --cpu-method all
[10:57:10]   Stress level 'max' finished.
[10:57:10]   Pulse End: Temp=48C, Freq=2698643KHz
[10:57:10] Neuron Cycle 2/10: Recovery phase (OFF - Leaking)...
[10:57:15]   Recovery End: Temp=40C (Drop: 8C), Freq=2700288KHz (Recovered: true)
[10:57:15]   Recovery Time Measured (tau_r analogy): 5.003921371s
[10:57:15] Neuron Cycle 3/10: Applying Pulse (ON)...
[10:57:15]   Applying stress level 'max' for 5s: --cpu 8 --matrix 8 --vm 8 --vm-bytes 1G --cpu-method all
[10:57:21]   Stress level 'max' finished.
[10:57:21]   Pulse End: Temp=45C, Freq=2700033KHz
[10:57:21] Neuron Cycle 3/10: Recovery phase (OFF - Leaking)...
[10:57:26]   Recovery End: Temp=41C (Drop: 4C), Freq=2699971KHz (Recovered: true)
[10:57:26]   Recovery Time Measured (tau_r analogy): 5.003227962s
[10:57:26]   [!] WARN: Low temperature drop during recovery (< 5C). System may be heat-saturated.
[10:57:26] Neuron Cycle 4/10: Applying Pulse (ON)...
[10:57:26]   Applying stress level 'max' for 5s: --cpu 8 --matrix 8 --vm 8 --vm-bytes 1G --cpu-method all
[10:57:31]   Stress level 'max' finished.
[10:57:31]   Pulse End: Temp=45C, Freq=2700003KHz
[10:57:31] Neuron Cycle 4/10: Recovery phase (OFF - Leaking)...
[10:57:36]   Recovery End: Temp=40C (Drop: 5C), Freq=2700075KHz (Recovered: true)
[10:57:36]   Recovery Time Measured (tau_r analogy): 5.003456481s
[10:57:36] Neuron Cycle 5/10: Applying Pulse (ON)...
[10:57:36]   Applying stress level 'max' for 5s: --cpu 8 --matrix 8 --vm 8 --vm-bytes 1G --cpu-method all
[10:57:42]   Stress level 'max' finished.
[10:57:42]   Pulse End: Temp=45C, Freq=2700090KHz
[10:57:42] Neuron Cycle 5/10: Recovery phase (OFF - Leaking)...
[10:57:47]   Recovery End: Temp=42C (Drop: 3C), Freq=2699978KHz (Recovered: true)
[10:57:47]   Recovery Time Measured (tau_r analogy): 5.002814533s
[10:57:47]   [!] WARN: Low temperature drop during recovery (< 5C). System may be heat-saturated.
[10:57:47] Neuron Cycle 6/10: Applying Pulse (ON)...
[10:57:47]   Applying stress level 'max' for 5s: --cpu 8 --matrix 8 --vm 8 --vm-bytes 1G --cpu-method all
[10:57:52]   Stress level 'max' finished.
[10:57:52]   Pulse End: Temp=46C, Freq=2700053KHz
[10:57:52] Neuron Cycle 6/10: Recovery phase (OFF - Leaking)...
[10:57:57]   Recovery End: Temp=42C (Drop: 4C), Freq=2700016KHz (Recovered: true)
[10:57:57]   Recovery Time Measured (tau_r analogy): 5.003968488s
[10:57:57]   [!] WARN: Low temperature drop during recovery (< 5C). System may be heat-saturated.
[10:57:57] Neuron Cycle 7/10: Applying Pulse (ON)...
[10:57:57]   Applying stress level 'max' for 5s: --cpu 8 --matrix 8 --vm 8 --vm-bytes 1G --cpu-method all
[10:58:03]   Stress level 'max' finished.
[10:58:03]   Pulse End: Temp=45C, Freq=2701767KHz
[10:58:03] Neuron Cycle 7/10: Recovery phase (OFF - Leaking)...
[10:58:08]   Recovery End: Temp=41C (Drop: 4C), Freq=2700031KHz (Recovered: true)
[10:58:08]   Recovery Time Measured (tau_r analogy): 5.002890943s
[10:58:08]   [!] WARN: Low temperature drop during recovery (< 5C). System may be heat-saturated.
[10:58:08] Neuron Cycle 8/10: Applying Pulse (ON)...
[10:58:08]   Applying stress level 'max' for 5s: --cpu 8 --matrix 8 --vm 8 --vm-bytes 1G --cpu-method all
[10:58:13]   Stress level 'max' finished.
[10:58:13]   Pulse End: Temp=49C, Freq=2699992KHz
[10:58:13] Neuron Cycle 8/10: Recovery phase (OFF - Leaking)...
[10:58:18]   Recovery End: Temp=42C (Drop: 7C), Freq=2700214KHz (Recovered: true)
[10:58:18]   Recovery Time Measured (tau_r analogy): 5.003957158s
[10:58:18] Neuron Cycle 9/10: Applying Pulse (ON)...
[10:58:18]   Applying stress level 'max' for 5s: --cpu 8 --matrix 8 --vm 8 --vm-bytes 1G --cpu-method all
[10:58:23]   Stress level 'max' finished.
[10:58:23]   Pulse End: Temp=48C, Freq=2700141KHz
[10:58:23] Neuron Cycle 9/10: Recovery phase (OFF - Leaking)...
[10:58:28]   Recovery End: Temp=41C (Drop: 7C), Freq=2700000KHz (Recovered: true)
[10:58:28]   Recovery Time Measured (tau_r analogy): 5.003969764s
[10:58:28] Neuron Cycle 10/10: Applying Pulse (ON)...
[10:58:28]   Applying stress level 'max' for 5s: --cpu 8 --matrix 8 --vm 8 --vm-bytes 1G --cpu-method all
[10:58:33]   Stress level 'max' finished.
[10:58:33]   Pulse End: Temp=50C, Freq=2700583KHz
[10:58:33] Neuron Cycle 10/10: Recovery phase (OFF - Leaking)...
[10:58:38]   Recovery End: Temp=42C (Drop: 8C), Freq=2702329KHz (Recovered: true)
[10:58:38]   Recovery Time Measured (tau_r analogy): 5.003873119s
[10:58:38] [✓] NEURON MODE COMPLETED: System processed 10 pulses. Check warnings for recovery issues.
[10:58:38] \n[3] SYNAPSE MODE TEST (Short-Term Plasticity Analogy)
[10:58:38] Parameters: POT_Load='high', DEP_Load='idle', Pulse=3s
[10:58:38] POT Pulses=5, DEP Pulses=5, Forget=30s, Cycles=3
[10:58:38] \nShort-Term Cycle 1/3: Starting Potentiation...
[10:58:40]   Running sysbench CPU benchmark...
[10:58:50]   3321.33 events/sec
[10:58:50]   Cycle Start State (Sysbench Score): [10:58:40]   Running sysbench CPU benchmark...
[10:58:50]   3321.33 events/sec
3321.33 events/sec
[10:58:50]   Potentiation Pulse 1/5...
[10:58:50]   Applying stress level 'high' for 3s: --cpu 8 --matrix 0 --vm 8 --vm-bytes 512M --cpu-method int64,float
[10:58:53]   Stress level 'high' finished.
[10:58:55]   Running sysbench CPU benchmark...
[10:59:05]   3318.55 events/sec
[10:59:05]     State after POT Pulse 1: [10:58:55]   Running sysbench CPU benchmark...
[10:59:05]   3318.55 events/sec
3318.55 events/sec
[10:59:05]   Potentiation Pulse 2/5...
[10:59:05]   Applying stress level 'high' for 3s: --cpu 8 --matrix 0 --vm 8 --vm-bytes 512M --cpu-method int64,float
[10:59:08]   Stress level 'high' finished.
[10:59:10]   Running sysbench CPU benchmark...
[10:59:20]   3318.27 events/sec
[10:59:20]     State after POT Pulse 2: [10:59:10]   Running sysbench CPU benchmark...
[10:59:20]   3318.27 events/sec
3318.27 events/sec
[10:59:20]   Potentiation Pulse 3/5...
[10:59:20]   Applying stress level 'high' for 3s: --cpu 8 --matrix 0 --vm 8 --vm-bytes 512M --cpu-method int64,float
[10:59:23]   Stress level 'high' finished.
[10:59:25]   Running sysbench CPU benchmark...
[10:59:35]   3318.44 events/sec
[10:59:35]     State after POT Pulse 3: [10:59:25]   Running sysbench CPU benchmark...
[10:59:35]   3318.44 events/sec
3318.44 events/sec
[10:59:35]   Potentiation Pulse 4/5...
[10:59:35]   Applying stress level 'high' for 3s: --cpu 8 --matrix 0 --vm 8 --vm-bytes 512M --cpu-method int64,float
[10:59:38]   Stress level 'high' finished.
[10:59:40]   Running sysbench CPU benchmark...
[10:59:50]   3316.82 events/sec
[10:59:50]     State after POT Pulse 4: [10:59:40]   Running sysbench CPU benchmark...
[10:59:50]   3316.82 events/sec
3316.82 events/sec
[10:59:50]   Potentiation Pulse 5/5...
[10:59:50]   Applying stress level 'high' for 3s: --cpu 8 --matrix 0 --vm 8 --vm-bytes 512M --cpu-method int64,float
[10:59:53]   Stress level 'high' finished.
[10:59:55]   Running sysbench CPU benchmark...
[11:00:05]   3318.25 events/sec
[11:00:05]     State after POT Pulse 5: [10:59:55]   Running sysbench CPU benchmark...
[11:00:05]   3318.25 events/sec
3318.25 events/sec
[11:00:05] Short-Term Cycle 1/3: Starting Depression...
[11:00:05]   Depression Pulse 1/5...
[11:00:06]   Applying IDLE state for 3s.
[11:00:11]   Running sysbench CPU benchmark...
[11:00:21]   3321.64 events/sec
[11:00:21]     State after DEP Pulse 1: [11:00:11]   Running sysbench CPU benchmark...
[11:00:21]   3321.64 events/sec
3321.64 events/sec
[11:00:21]   Depression Pulse 2/5...
[11:00:21]   Applying IDLE state for 3s.
[11:00:26]   Running sysbench CPU benchmark...
[11:00:36]   3321.28 events/sec
[11:00:36]     State after DEP Pulse 2: [11:00:26]   Running sysbench CPU benchmark...
[11:00:36]   3321.28 events/sec
3321.28 events/sec
[11:00:36]   Depression Pulse 3/5...
[11:00:36]   Applying IDLE state for 3s.
[11:00:41]   Running sysbench CPU benchmark...
[11:00:51]   3317.97 events/sec
[11:00:51]     State after DEP Pulse 3: [11:00:41]   Running sysbench CPU benchmark...
[11:00:51]   3317.97 events/sec
3317.97 events/sec
[11:00:51]   Depression Pulse 4/5...
[11:00:51]   Applying IDLE state for 3s.
[11:00:56]   Running sysbench CPU benchmark...
[11:01:06]   3320.36 events/sec
[11:01:06]     State after DEP Pulse 4: [11:00:56]   Running sysbench CPU benchmark...
[11:01:06]   3320.36 events/sec
3320.36 events/sec
[11:01:06]   Depression Pulse 5/5...
[11:01:06]   Applying IDLE state for 3s.
[11:01:11]   Running sysbench CPU benchmark...
[11:01:21]   3321.77 events/sec
[11:01:21]     State after DEP Pulse 5: [11:01:11]   Running sysbench CPU benchmark...
[11:01:21]   3321.77 events/sec
3321.77 events/sec
[11:01:21] Short-Term Cycle 1/3: Starting Forgetting/Relaxation Phase (30s)...
[11:01:26]   Running sysbench CPU benchmark...
[11:01:36]   3275.47 events/sec
[11:01:36]   Forget Time +0s: State=[11:01:26]   Running sysbench CPU benchmark...
[11:01:36]   3275.47 events/sec
3275.47 events/sec
[11:01:41]   Running sysbench CPU benchmark...
[11:01:51]   3202.51 events/sec
[11:01:51]   Forget Time +15s: State=[11:01:41]   Running sysbench CPU benchmark...
[11:01:51]   3202.51 events/sec
3202.51 events/sec
[11:01:51]   Forgetting phase complete.
[11:01:53]   Running sysbench CPU benchmark...
[11:02:03]   3304.04 events/sec
[11:02:03]   Final State after Forget: [11:01:53]   Running sysbench CPU benchmark...
[11:02:03]   3304.04 events/sec
3304.04 events/sec
[11:02:03]   Recovery comparison skipped (invalid scores: current=[11:01:53]   Running sysbench CPU benchmark...
[11:02:03]   3304.04 events/sec
3304.04, baseline=[10:56:45]   Running sysbench CPU benchmark...
[10:56:55]   3320.38 events/sec
3320.38).
[11:02:03] \nShort-Term Cycle 2/3: Starting Potentiation...
[11:02:05]   Running sysbench CPU benchmark...
[11:02:15]   3316.75 events/sec
[11:02:15]   Cycle Start State (Sysbench Score): [11:02:05]   Running sysbench CPU benchmark...
[11:02:15]   3316.75 events/sec
3316.75 events/sec
[11:02:15]   Potentiation Pulse 1/5...
[11:02:15]   Applying stress level 'high' for 3s: --cpu 8 --matrix 0 --vm 8 --vm-bytes 512M --cpu-method int64,float
[11:02:18]   Stress level 'high' finished.
[11:02:20]   Running sysbench CPU benchmark...
[11:02:30]   3317.65 events/sec
[11:02:30]     State after POT Pulse 1: [11:02:20]   Running sysbench CPU benchmark...
[11:02:30]   3317.65 events/sec
3317.65 events/sec
[11:02:30]   Potentiation Pulse 2/5...
[11:02:30]   Applying stress level 'high' for 3s: --cpu 8 --matrix 0 --vm 8 --vm-bytes 512M --cpu-method int64,float
[11:02:33]   Stress level 'high' finished.
[11:02:35]   Running sysbench CPU benchmark...
[11:02:45]   3321.59 events/sec
[11:02:45]     State after POT Pulse 2: [11:02:35]   Running sysbench CPU benchmark...
[11:02:45]   3321.59 events/sec
3321.59 events/sec
[11:02:45]   Potentiation Pulse 3/5...
[11:02:45]   Applying stress level 'high' for 3s: --cpu 8 --matrix 0 --vm 8 --vm-bytes 512M --cpu-method int64,float
[11:02:48]   Stress level 'high' finished.
[11:02:50]   Running sysbench CPU benchmark...
[11:03:00]   3316.76 events/sec
[11:03:00]     State after POT Pulse 3: [11:02:50]   Running sysbench CPU benchmark...
[11:03:00]   3316.76 events/sec
3316.76 events/sec
[11:03:00]   Potentiation Pulse 4/5...
[11:03:00]   Applying stress level 'high' for 3s: --cpu 8 --matrix 0 --vm 8 --vm-bytes 512M --cpu-method int64,float
[11:03:03]   Stress level 'high' finished.
[11:03:05]   Running sysbench CPU benchmark...
[11:03:15]   3321.41 events/sec
[11:03:15]     State after POT Pulse 4: [11:03:05]   Running sysbench CPU benchmark...
[11:03:15]   3321.41 events/sec
3321.41 events/sec
[11:03:15]   Potentiation Pulse 5/5...
[11:03:15]   Applying stress level 'high' for 3s: --cpu 8 --matrix 0 --vm 8 --vm-bytes 512M --cpu-method int64,float
[11:03:18]   Stress level 'high' finished.
[11:03:20]   Running sysbench CPU benchmark...
[11:03:30]   3316.33 events/sec
[11:03:30]     State after POT Pulse 5: [11:03:20]   Running sysbench CPU benchmark...
[11:03:30]   3316.33 events/sec
3316.33 events/sec
[11:03:30] Short-Term Cycle 2/3: Starting Depression...
[11:03:30]   Depression Pulse 1/5...
[11:03:30]   Applying IDLE state for 3s.
[11:03:35]   Running sysbench CPU benchmark...
[11:03:45]   3322.41 events/sec
[11:03:45]     State after DEP Pulse 1: [11:03:35]   Running sysbench CPU benchmark...
[11:03:45]   3322.41 events/sec
3322.41 events/sec
[11:03:45]   Depression Pulse 2/5...
[11:03:45]   Applying IDLE state for 3s.
[11:03:50]   Running sysbench CPU benchmark...
[11:04:00]   3318.14 events/sec
[11:04:00]     State after DEP Pulse 2: [11:03:50]   Running sysbench CPU benchmark...
[11:04:00]   3318.14 events/sec
3318.14 events/sec
[11:04:00]   Depression Pulse 3/5...
[11:04:00]   Applying IDLE state for 3s.
[11:04:05]   Running sysbench CPU benchmark...
[11:04:15]   3320.00 events/sec
[11:04:15]     State after DEP Pulse 3: [11:04:05]   Running sysbench CPU benchmark...
[11:04:15]   3320.00 events/sec
3320.00 events/sec
[11:04:15]   Depression Pulse 4/5...
[11:04:15]   Applying IDLE state for 3s.
[11:04:20]   Running sysbench CPU benchmark...
[11:04:30]   3320.20 events/sec
[11:04:30]     State after DEP Pulse 4: [11:04:20]   Running sysbench CPU benchmark...
[11:04:30]   3320.20 events/sec
3320.20 events/sec
[11:04:30]   Depression Pulse 5/5...
[11:04:30]   Applying IDLE state for 3s.
[11:04:35]   Running sysbench CPU benchmark...
[11:04:45]   3319.75 events/sec
[11:04:45]     State after DEP Pulse 5: [11:04:35]   Running sysbench CPU benchmark...
[11:04:45]   3319.75 events/sec
3319.75 events/sec
[11:04:45] Short-Term Cycle 2/3: Starting Forgetting/Relaxation Phase (30s)...
[11:04:50]   Running sysbench CPU benchmark...
[11:05:00]   3320.82 events/sec
[11:05:00]   Forget Time +0s: State=[11:04:50]   Running sysbench CPU benchmark...
[11:05:00]   3320.82 events/sec
3320.82 events/sec
[11:05:05]   Running sysbench CPU benchmark...
[11:05:15]   3325.29 events/sec
[11:05:15]   Forget Time +15s: State=[11:05:05]   Running sysbench CPU benchmark...
[11:05:15]   3325.29 events/sec
3325.29 events/sec
[11:05:15]   Forgetting phase complete.
[11:05:17]   Running sysbench CPU benchmark...
[11:05:27]   3319.01 events/sec
[11:05:27]   Final State after Forget: [11:05:17]   Running sysbench CPU benchmark...
[11:05:27]   3319.01 events/sec
3319.01 events/sec
[11:05:27]   Recovery comparison skipped (invalid scores: current=[11:05:17]   Running sysbench CPU benchmark...
[11:05:27]   3319.01 events/sec
3319.01, baseline=[10:56:45]   Running sysbench CPU benchmark...
[10:56:55]   3320.38 events/sec
3320.38).
[11:05:27] \nShort-Term Cycle 3/3: Starting Potentiation...
[11:05:29]   Running sysbench CPU benchmark...
[11:05:39]   3322.54 events/sec
[11:05:39]   Cycle Start State (Sysbench Score): [11:05:29]   Running sysbench CPU benchmark...
[11:05:39]   3322.54 events/sec
3322.54 events/sec
[11:05:39]   Potentiation Pulse 1/5...
[11:05:39]   Applying stress level 'high' for 3s: --cpu 8 --matrix 0 --vm 8 --vm-bytes 512M --cpu-method int64,float
[11:05:42]   Stress level 'high' finished.
[11:05:44]   Running sysbench CPU benchmark...
[11:05:54]   3315.35 events/sec
[11:05:54]     State after POT Pulse 1: [11:05:44]   Running sysbench CPU benchmark...
[11:05:54]   3315.35 events/sec
3315.35 events/sec
[11:05:54]   Potentiation Pulse 2/5...
[11:05:54]   Applying stress level 'high' for 3s: --cpu 8 --matrix 0 --vm 8 --vm-bytes 512M --cpu-method int64,float
[11:05:57]   Stress level 'high' finished.
[11:05:59]   Running sysbench CPU benchmark...
[11:06:09]   3319.07 events/sec
[11:06:09]     State after POT Pulse 2: [11:05:59]   Running sysbench CPU benchmark...
[11:06:09]   3319.07 events/sec
3319.07 events/sec
[11:06:09]   Potentiation Pulse 3/5...
[11:06:09]   Applying stress level 'high' for 3s: --cpu 8 --matrix 0 --vm 8 --vm-bytes 512M --cpu-method int64,float
[11:06:12]   Stress level 'high' finished.
[11:06:14]   Running sysbench CPU benchmark...
[11:06:24]   3067.90 events/sec
[11:06:24]     State after POT Pulse 3: [11:06:14]   Running sysbench CPU benchmark...
[11:06:24]   3067.90 events/sec
3067.90 events/sec
[11:06:24]   Potentiation Pulse 4/5...
[11:06:24]   Applying stress level 'high' for 3s: --cpu 8 --matrix 0 --vm 8 --vm-bytes 512M --cpu-method int64,float
[11:06:27]   Stress level 'high' finished.
[11:06:29]   Running sysbench CPU benchmark...
[11:06:39]   3146.05 events/sec
[11:06:39]     State after POT Pulse 4: [11:06:29]   Running sysbench CPU benchmark...
[11:06:39]   3146.05 events/sec
3146.05 events/sec
[11:06:39]   Potentiation Pulse 5/5...
[11:06:39]   Applying stress level 'high' for 3s: --cpu 8 --matrix 0 --vm 8 --vm-bytes 512M --cpu-method int64,float
[11:06:42]   Stress level 'high' finished.
[11:06:44]   Running sysbench CPU benchmark...
[11:06:54]   2614.34 events/sec
[11:06:54]     State after POT Pulse 5: [11:06:44]   Running sysbench CPU benchmark...
[11:06:54]   2614.34 events/sec
2614.34 events/sec
[11:06:54] Short-Term Cycle 3/3: Starting Depression...
[11:06:54]   Depression Pulse 1/5...
[11:06:54]   Applying IDLE state for 3s.
[11:06:59]   Running sysbench CPU benchmark...
[11:07:09]   2904.68 events/sec
[11:07:09]     State after DEP Pulse 1: [11:06:59]   Running sysbench CPU benchmark...
[11:07:09]   2904.68 events/sec
2904.68 events/sec
[11:07:09]   Depression Pulse 2/5...
[11:07:09]   Applying IDLE state for 3s.
[11:07:14]   Running sysbench CPU benchmark...
[11:07:24]   3320.02 events/sec
[11:07:24]     State after DEP Pulse 2: [11:07:14]   Running sysbench CPU benchmark...
[11:07:24]   3320.02 events/sec
3320.02 events/sec
[11:07:24]   Depression Pulse 3/5...
[11:07:25]   Applying IDLE state for 3s.
[11:07:30]   Running sysbench CPU benchmark...
[11:07:40]   3323.37 events/sec
[11:07:40]     State after DEP Pulse 3: [11:07:30]   Running sysbench CPU benchmark...
[11:07:40]   3323.37 events/sec
3323.37 events/sec
[11:07:40]   Depression Pulse 4/5...
[11:07:40]   Applying IDLE state for 3s.
[11:07:45]   Running sysbench CPU benchmark...
[11:07:55]   3320.69 events/sec
[11:07:55]     State after DEP Pulse 4: [11:07:45]   Running sysbench CPU benchmark...
[11:07:55]   3320.69 events/sec
3320.69 events/sec
[11:07:55]   Depression Pulse 5/5...
[11:07:55]   Applying IDLE state for 3s.
[11:08:00]   Running sysbench CPU benchmark...
[11:08:10]   3319.91 events/sec
[11:08:10]     State after DEP Pulse 5: [11:08:00]   Running sysbench CPU benchmark...
[11:08:10]   3319.91 events/sec
3319.91 events/sec
[11:08:10] Short-Term Cycle 3/3: Starting Forgetting/Relaxation Phase (30s)...
[11:08:15]   Running sysbench CPU benchmark...
[11:08:25]   3257.06 events/sec
[11:08:25]   Forget Time +0s: State=[11:08:15]   Running sysbench CPU benchmark...
[11:08:25]   3257.06 events/sec
3257.06 events/sec
[11:08:30]   Running sysbench CPU benchmark...
[11:08:40]   3269.56 events/sec
[11:08:40]   Forget Time +15s: State=[11:08:30]   Running sysbench CPU benchmark...
[11:08:40]   3269.56 events/sec
3269.56 events/sec
[11:08:40]   Forgetting phase complete.
[11:08:42]   Running sysbench CPU benchmark...
[11:08:52]   3315.88 events/sec
[11:08:52]   Final State after Forget: [11:08:42]   Running sysbench CPU benchmark...
[11:08:52]   3315.88 events/sec
3315.88 events/sec
[11:08:52]   Recovery comparison skipped (invalid scores: current=[11:08:42]   Running sysbench CPU benchmark...
[11:08:52]   3315.88 events/sec
3315.88, baseline=[10:56:45]   Running sysbench CPU benchmark...
[10:56:55]   3320.38 events/sec
3320.38).
[11:08:52] [✓] SYNAPSE SHORT-TERM MODE COMPLETED.
[11:08:52] \n[4] SYNAPSE MODE TEST (Long-Term Plasticity Analogy)
[11:08:52] Parameters: POT_Load='max', DEP_Load='idle', Pulse=10s
[11:08:52] Bipolar Cycles=50, Retention Test=60s
[11:08:52] Long-Term Cycle 1/50: Applying Intense Potentiation Pulse...
[11:08:52]   Applying stress level 'max' for 10s: --cpu 8 --matrix 8 --vm 8 --vm-bytes 1G --cpu-method all
[11:09:02]   Stress level 'max' finished.
[11:09:03] Long-Term Cycle 1/50: Applying Intense Depression Pulse/State...
[11:09:03]   Applying IDLE state for 10s.
[11:09:14] Long-Term Cycle 2/50: Applying Intense Potentiation Pulse...
[11:09:14]   Applying stress level 'max' for 10s: --cpu 8 --matrix 8 --vm 8 --vm-bytes 1G --cpu-method all
[11:09:25]   Stress level 'max' finished.
[11:09:26] Long-Term Cycle 2/50: Applying Intense Depression Pulse/State...
[11:09:26]   Applying IDLE state for 10s.
[11:09:37] Long-Term Cycle 3/50: Applying Intense Potentiation Pulse...
[11:09:37]   Applying stress level 'max' for 10s: --cpu 8 --matrix 8 --vm 8 --vm-bytes 1G --cpu-method all
[11:09:48]   Stress level 'max' finished.
[11:09:49] Long-Term Cycle 3/50: Applying Intense Depression Pulse/State...
[11:09:49]   Applying IDLE state for 10s.
[11:10:00] Long-Term Cycle 4/50: Applying Intense Potentiation Pulse...
[11:10:00]   Applying stress level 'max' for 10s: --cpu 8 --matrix 8 --vm 8 --vm-bytes 1G --cpu-method all
[11:10:10]   Stress level 'max' finished.
[11:10:12] Long-Term Cycle 4/50: Applying Intense Depression Pulse/State...
[11:10:12]   Applying IDLE state for 10s.
[11:10:23] Long-Term Cycle 5/50: Applying Intense Potentiation Pulse...
[11:10:23]   Applying stress level 'max' for 10s: --cpu 8 --matrix 8 --vm 8 --vm-bytes 1G --cpu-method all
[11:10:33]   Stress level 'max' finished.
[11:10:34] Long-Term Cycle 5/50: Applying Intense Depression Pulse/State...
[11:10:34]   Applying IDLE state for 10s.
[11:10:45] Long-Term Cycle 6/50: Applying Intense Potentiation Pulse...
[11:10:45]   Applying stress level 'max' for 10s: --cpu 8 --matrix 8 --vm 8 --vm-bytes 1G --cpu-method all
[11:10:55]   Stress level 'max' finished.
[11:10:56] Long-Term Cycle 6/50: Applying Intense Depression Pulse/State...
[11:10:56]   Applying IDLE state for 10s.
[11:11:07] Long-Term Cycle 7/50: Applying Intense Potentiation Pulse...
[11:11:07]   Applying stress level 'max' for 10s: --cpu 8 --matrix 8 --vm 8 --vm-bytes 1G --cpu-method all
[11:11:18]   Stress level 'max' finished.
[11:11:19] Long-Term Cycle 7/50: Applying Intense Depression Pulse/State...
[11:11:19]   Applying IDLE state for 10s.
[11:11:30] Long-Term Cycle 8/50: Applying Intense Potentiation Pulse...
[11:11:30]   Applying stress level 'max' for 10s: --cpu 8 --matrix 8 --vm 8 --vm-bytes 1G --cpu-method all
[11:11:40]   Stress level 'max' finished.
[11:11:41] Long-Term Cycle 8/50: Applying Intense Depression Pulse/State...
[11:11:41]   Applying IDLE state for 10s.
[11:11:52] Long-Term Cycle 9/50: Applying Intense Potentiation Pulse...
[11:11:52]   Applying stress level 'max' for 10s: --cpu 8 --matrix 8 --vm 8 --vm-bytes 1G --cpu-method all
[11:12:03]   Stress level 'max' finished.
[11:12:04] Long-Term Cycle 9/50: Applying Intense Depression Pulse/State...
[11:12:04]   Applying IDLE state for 10s.
[11:12:15] Long-Term Cycle 10/50: Applying Intense Potentiation Pulse...
[11:12:15]   Applying stress level 'max' for 10s: --cpu 8 --matrix 8 --vm 8 --vm-bytes 1G --cpu-method all
[11:12:25]   Stress level 'max' finished.
[11:12:27] Long-Term Cycle 10/50: Applying Intense Depression Pulse/State...
[11:12:27]   Applying IDLE state for 10s.
[11:12:37]   Periodic integrity check (Cycle 10)...
[11:12:37]   Integrity OK.
[11:12:38] Long-Term Cycle 11/50: Applying Intense Potentiation Pulse...
[11:12:38]   Applying stress level 'max' for 10s: --cpu 8 --matrix 8 --vm 8 --vm-bytes 1G --cpu-method all
[11:12:48]   Stress level 'max' finished.
[11:12:49] Long-Term Cycle 11/50: Applying Intense Depression Pulse/State...
[11:12:49]   Applying IDLE state for 10s.
[11:13:00] Long-Term Cycle 12/50: Applying Intense Potentiation Pulse...
[11:13:00]   Applying stress level 'max' for 10s: --cpu 8 --matrix 8 --vm 8 --vm-bytes 1G --cpu-method all
[11:13:10]   Stress level 'max' finished.
[11:13:11] Long-Term Cycle 12/50: Applying Intense Depression Pulse/State...
[11:13:11]   Applying IDLE state for 10s.
[11:13:22] Long-Term Cycle 13/50: Applying Intense Potentiation Pulse...
[11:13:22]   Applying stress level 'max' for 10s: --cpu 8 --matrix 8 --vm 8 --vm-bytes 1G --cpu-method all
[11:13:33]   Stress level 'max' finished.
[11:13:34] Long-Term Cycle 13/50: Applying Intense Depression Pulse/State...
[11:13:34]   Applying IDLE state for 10s.
[11:13:45] Long-Term Cycle 14/50: Applying Intense Potentiation Pulse...
[11:13:45]   Applying stress level 'max' for 10s: --cpu 8 --matrix 8 --vm 8 --vm-bytes 1G --cpu-method all
[11:13:57]   Stress level 'max' finished.
[11:13:58] Long-Term Cycle 14/50: Applying Intense Depression Pulse/State...
[11:13:58]   Applying IDLE state for 10s.
[11:14:09] Long-Term Cycle 15/50: Applying Intense Potentiation Pulse...
[11:14:09]   Applying stress level 'max' for 10s: --cpu 8 --matrix 8 --vm 8 --vm-bytes 1G --cpu-method all
[11:14:19]   Stress level 'max' finished.
[11:14:20] Long-Term Cycle 15/50: Applying Intense Depression Pulse/State...
[11:14:20]   Applying IDLE state for 10s.
[11:14:31] Long-Term Cycle 16/50: Applying Intense Potentiation Pulse...
[11:14:31]   Applying stress level 'max' for 10s: --cpu 8 --matrix 8 --vm 8 --vm-bytes 1G --cpu-method all
[11:14:41]   Stress level 'max' finished.
[11:14:42] Long-Term Cycle 16/50: Applying Intense Depression Pulse/State...
[11:14:42]   Applying IDLE state for 10s.
[11:14:53] Long-Term Cycle 17/50: Applying Intense Potentiation Pulse...
[11:14:53]   Applying stress level 'max' for 10s: --cpu 8 --matrix 8 --vm 8 --vm-bytes 1G --cpu-method all
[11:15:04]   Stress level 'max' finished.
[11:15:05] Long-Term Cycle 17/50: Applying Intense Depression Pulse/State...
[11:15:05]   Applying IDLE state for 10s.
[11:15:16] Long-Term Cycle 18/50: Applying Intense Potentiation Pulse...
[11:15:16]   Applying stress level 'max' for 10s: --cpu 8 --matrix 8 --vm 8 --vm-bytes 1G --cpu-method all
[11:15:27]   Stress level 'max' finished.
[11:15:28] Long-Term Cycle 18/50: Applying Intense Depression Pulse/State...
[11:15:28]   Applying IDLE state for 10s.
[11:15:39] Long-Term Cycle 19/50: Applying Intense Potentiation Pulse...
[11:15:39]   Applying stress level 'max' for 10s: --cpu 8 --matrix 8 --vm 8 --vm-bytes 1G --cpu-method all
[11:15:49]   Stress level 'max' finished.
[11:15:50] Long-Term Cycle 19/50: Applying Intense Depression Pulse/State...
[11:15:50]   Applying IDLE state for 10s.
[11:16:01] Long-Term Cycle 20/50: Applying Intense Potentiation Pulse...
[11:16:01]   Applying stress level 'max' for 10s: --cpu 8 --matrix 8 --vm 8 --vm-bytes 1G --cpu-method all
[11:16:12]   Stress level 'max' finished.
[11:16:13] Long-Term Cycle 20/50: Applying Intense Depression Pulse/State...
[11:16:13]   Applying IDLE state for 10s.
[11:16:23]   Periodic integrity check (Cycle 20)...
[11:16:23]   Integrity OK.
[11:16:24] Long-Term Cycle 21/50: Applying Intense Potentiation Pulse...
[11:16:24]   Applying stress level 'max' for 10s: --cpu 8 --matrix 8 --vm 8 --vm-bytes 1G --cpu-method all
[11:16:35]   Stress level 'max' finished.
[11:16:36] Long-Term Cycle 21/50: Applying Intense Depression Pulse/State...
[11:16:36]   Applying IDLE state for 10s.
[11:16:47] Long-Term Cycle 22/50: Applying Intense Potentiation Pulse...
[11:16:47]   Applying stress level 'max' for 10s: --cpu 8 --matrix 8 --vm 8 --vm-bytes 1G --cpu-method all
[11:16:57]   Stress level 'max' finished.
[11:16:58] Long-Term Cycle 22/50: Applying Intense Depression Pulse/State...
[11:16:58]   Applying IDLE state for 10s.
[11:17:09] Long-Term Cycle 23/50: Applying Intense Potentiation Pulse...
[11:17:09]   Applying stress level 'max' for 10s: --cpu 8 --matrix 8 --vm 8 --vm-bytes 1G --cpu-method all
[11:17:20]   Stress level 'max' finished.
[11:17:21] Long-Term Cycle 23/50: Applying Intense Depression Pulse/State...
[11:17:21]   Applying IDLE state for 10s.
[11:17:32] Long-Term Cycle 24/50: Applying Intense Potentiation Pulse...
[11:17:32]   Applying stress level 'max' for 10s: --cpu 8 --matrix 8 --vm 8 --vm-bytes 1G --cpu-method all
[11:17:42]   Stress level 'max' finished.
[11:17:43] Long-Term Cycle 24/50: Applying Intense Depression Pulse/State...
[11:17:43]   Applying IDLE state for 10s.
[11:17:54] Long-Term Cycle 25/50: Applying Intense Potentiation Pulse...
[11:17:54]   Applying stress level 'max' for 10s: --cpu 8 --matrix 8 --vm 8 --vm-bytes 1G --cpu-method all
[11:18:05]   Stress level 'max' finished.
[11:18:06] Long-Term Cycle 25/50: Applying Intense Depression Pulse/State...
[11:18:06]   Applying IDLE state for 10s.
[11:18:17] Long-Term Cycle 26/50: Applying Intense Potentiation Pulse...
[11:18:17]   Applying stress level 'max' for 10s: --cpu 8 --matrix 8 --vm 8 --vm-bytes 1G --cpu-method all
[11:18:27]   Stress level 'max' finished.
[11:18:28] Long-Term Cycle 26/50: Applying Intense Depression Pulse/State...
[11:18:28]   Applying IDLE state for 10s.
[11:18:39] Long-Term Cycle 27/50: Applying Intense Potentiation Pulse...
[11:18:39]   Applying stress level 'max' for 10s: --cpu 8 --matrix 8 --vm 8 --vm-bytes 1G --cpu-method all
[11:18:49]   Stress level 'max' finished.
[11:18:50] Long-Term Cycle 27/50: Applying Intense Depression Pulse/State...
[11:18:50]   Applying IDLE state for 10s.
[11:19:01] Long-Term Cycle 28/50: Applying Intense Potentiation Pulse...
[11:19:01]   Applying stress level 'max' for 10s: --cpu 8 --matrix 8 --vm 8 --vm-bytes 1G --cpu-method all
[11:19:12]   Stress level 'max' finished.
[11:19:13] Long-Term Cycle 28/50: Applying Intense Depression Pulse/State...
[11:19:13]   Applying IDLE state for 10s.
[11:19:24] Long-Term Cycle 29/50: Applying Intense Potentiation Pulse...
[11:19:24]   Applying stress level 'max' for 10s: --cpu 8 --matrix 8 --vm 8 --vm-bytes 1G --cpu-method all
[11:19:34]   Stress level 'max' finished.
[11:19:35] Long-Term Cycle 29/50: Applying Intense Depression Pulse/State...
[11:19:35]   Applying IDLE state for 10s.
[11:19:46] Long-Term Cycle 30/50: Applying Intense Potentiation Pulse...
[11:19:46]   Applying stress level 'max' for 10s: --cpu 8 --matrix 8 --vm 8 --vm-bytes 1G --cpu-method all
[11:19:56]   Stress level 'max' finished.
[11:19:57] Long-Term Cycle 30/50: Applying Intense Depression Pulse/State...
[11:19:57]   Applying IDLE state for 10s.
[11:20:07]   Periodic integrity check (Cycle 30)...
[11:20:08]   Integrity OK.
[11:20:09] Long-Term Cycle 31/50: Applying Intense Potentiation Pulse...
[11:20:09]   Applying stress level 'max' for 10s: --cpu 8 --matrix 8 --vm 8 --vm-bytes 1G --cpu-method all
[11:20:19]   Stress level 'max' finished.
[11:20:20] Long-Term Cycle 31/50: Applying Intense Depression Pulse/State...
[11:20:20]   Applying IDLE state for 10s.
[11:20:31] Long-Term Cycle 32/50: Applying Intense Potentiation Pulse...
[11:20:31]   Applying stress level 'max' for 10s: --cpu 8 --matrix 8 --vm 8 --vm-bytes 1G --cpu-method all
[11:20:42]   Stress level 'max' finished.
[11:20:43] Long-Term Cycle 32/50: Applying Intense Depression Pulse/State...
[11:20:43]   Applying IDLE state for 10s.
[11:20:54] Long-Term Cycle 33/50: Applying Intense Potentiation Pulse...
[11:20:54]   Applying stress level 'max' for 10s: --cpu 8 --matrix 8 --vm 8 --vm-bytes 1G --cpu-method all
[11:21:04]   Stress level 'max' finished.
[11:21:05] Long-Term Cycle 33/50: Applying Intense Depression Pulse/State...
[11:21:05]   Applying IDLE state for 10s.
[11:21:16] Long-Term Cycle 34/50: Applying Intense Potentiation Pulse...
[11:21:16]   Applying stress level 'max' for 10s: --cpu 8 --matrix 8 --vm 8 --vm-bytes 1G --cpu-method all
[11:21:27]   Stress level 'max' finished.
[11:21:28] Long-Term Cycle 34/50: Applying Intense Depression Pulse/State...
[11:21:28]   Applying IDLE state for 10s.
[11:21:39] Long-Term Cycle 35/50: Applying Intense Potentiation Pulse...
[11:21:39]   Applying stress level 'max' for 10s: --cpu 8 --matrix 8 --vm 8 --vm-bytes 1G --cpu-method all
[11:21:49]   Stress level 'max' finished.
[11:21:50] Long-Term Cycle 35/50: Applying Intense Depression Pulse/State...
[11:21:50]   Applying IDLE state for 10s.
[11:22:01] Long-Term Cycle 36/50: Applying Intense Potentiation Pulse...
[11:22:01]   Applying stress level 'max' for 10s: --cpu 8 --matrix 8 --vm 8 --vm-bytes 1G --cpu-method all
[11:22:11]   Stress level 'max' finished.
[11:22:12] Long-Term Cycle 36/50: Applying Intense Depression Pulse/State...
[11:22:12]   Applying IDLE state for 10s.
[11:22:24] Long-Term Cycle 37/50: Applying Intense Potentiation Pulse...
[11:22:24]   Applying stress level 'max' for 10s: --cpu 8 --matrix 8 --vm 8 --vm-bytes 1G --cpu-method all
[11:22:34]   Stress level 'max' finished.
[11:22:35] Long-Term Cycle 37/50: Applying Intense Depression Pulse/State...
[11:22:35]   Applying IDLE state for 10s.
[11:22:46] Long-Term Cycle 38/50: Applying Intense Potentiation Pulse...
[11:22:46]   Applying stress level 'max' for 10s: --cpu 8 --matrix 8 --vm 8 --vm-bytes 1G --cpu-method all
[11:22:56]   Stress level 'max' finished.
[11:22:57] Long-Term Cycle 38/50: Applying Intense Depression Pulse/State...
[11:22:57]   Applying IDLE state for 10s.
[11:23:08] Long-Term Cycle 39/50: Applying Intense Potentiation Pulse...
[11:23:08]   Applying stress level 'max' for 10s: --cpu 8 --matrix 8 --vm 8 --vm-bytes 1G --cpu-method all
[11:23:19]   Stress level 'max' finished.
[11:23:20] Long-Term Cycle 39/50: Applying Intense Depression Pulse/State...
[11:23:20]   Applying IDLE state for 10s.
[11:23:31] Long-Term Cycle 40/50: Applying Intense Potentiation Pulse...
[11:23:31]   Applying stress level 'max' for 10s: --cpu 8 --matrix 8 --vm 8 --vm-bytes 1G --cpu-method all
[11:23:41]   Stress level 'max' finished.
[11:23:42] Long-Term Cycle 40/50: Applying Intense Depression Pulse/State...
[11:23:42]   Applying IDLE state for 10s.
[11:23:52]   Periodic integrity check (Cycle 40)...
[11:23:52]   Integrity OK.
[11:23:53] Long-Term Cycle 41/50: Applying Intense Potentiation Pulse...
[11:23:53]   Applying stress level 'max' for 10s: --cpu 8 --matrix 8 --vm 8 --vm-bytes 1G --cpu-method all
[11:24:03]   Stress level 'max' finished.
[11:24:04] Long-Term Cycle 41/50: Applying Intense Depression Pulse/State...
[11:24:04]   Applying IDLE state for 10s.
[11:24:15] Long-Term Cycle 42/50: Applying Intense Potentiation Pulse...
[11:24:15]   Applying stress level 'max' for 10s: --cpu 8 --matrix 8 --vm 8 --vm-bytes 1G --cpu-method all
[11:24:25]   Stress level 'max' finished.
[11:24:26] Long-Term Cycle 42/50: Applying Intense Depression Pulse/State...
[11:24:26]   Applying IDLE state for 10s.
[11:24:37] Long-Term Cycle 43/50: Applying Intense Potentiation Pulse...
[11:24:37]   Applying stress level 'max' for 10s: --cpu 8 --matrix 8 --vm 8 --vm-bytes 1G --cpu-method all
[11:24:47]   Stress level 'max' finished.
[11:24:48] Long-Term Cycle 43/50: Applying Intense Depression Pulse/State...
[11:24:48]   Applying IDLE state for 10s.
[11:24:59] Long-Term Cycle 44/50: Applying Intense Potentiation Pulse...
[11:24:59]   Applying stress level 'max' for 10s: --cpu 8 --matrix 8 --vm 8 --vm-bytes 1G --cpu-method all
[11:25:10]   Stress level 'max' finished.
[11:25:11] Long-Term Cycle 44/50: Applying Intense Depression Pulse/State...
[11:25:11]   Applying IDLE state for 10s.
[11:25:22] Long-Term Cycle 45/50: Applying Intense Potentiation Pulse...
[11:25:22]   Applying stress level 'max' for 10s: --cpu 8 --matrix 8 --vm 8 --vm-bytes 1G --cpu-method all
[11:25:32]   Stress level 'max' finished.
[11:25:33] Long-Term Cycle 45/50: Applying Intense Depression Pulse/State...
[11:25:33]   Applying IDLE state for 10s.
[11:25:44] Long-Term Cycle 46/50: Applying Intense Potentiation Pulse...
[11:25:44]   Applying stress level 'max' for 10s: --cpu 8 --matrix 8 --vm 8 --vm-bytes 1G --cpu-method all
[11:25:55]   Stress level 'max' finished.
[11:25:56] Long-Term Cycle 46/50: Applying Intense Depression Pulse/State...
[11:25:56]   Applying IDLE state for 10s.
[11:26:07] Long-Term Cycle 47/50: Applying Intense Potentiation Pulse...
[11:26:07]   Applying stress level 'max' for 10s: --cpu 8 --matrix 8 --vm 8 --vm-bytes 1G --cpu-method all
[11:26:17]   Stress level 'max' finished.
[11:26:18] Long-Term Cycle 47/50: Applying Intense Depression Pulse/State...
[11:26:18]   Applying IDLE state for 10s.
[11:26:29] Long-Term Cycle 48/50: Applying Intense Potentiation Pulse...
[11:26:29]   Applying stress level 'max' for 10s: --cpu 8 --matrix 8 --vm 8 --vm-bytes 1G --cpu-method all
[11:26:39]   Stress level 'max' finished.
[11:26:40] Long-Term Cycle 48/50: Applying Intense Depression Pulse/State...
[11:26:40]   Applying IDLE state for 10s.
[11:26:51] Long-Term Cycle 49/50: Applying Intense Potentiation Pulse...
[11:26:51]   Applying stress level 'max' for 10s: --cpu 8 --matrix 8 --vm 8 --vm-bytes 1G --cpu-method all
[11:27:02]   Stress level 'max' finished.
[11:27:03] Long-Term Cycle 49/50: Applying Intense Depression Pulse/State...
[11:27:03]   Applying IDLE state for 10s.
[11:27:14] Long-Term Cycle 50/50: Applying Intense Potentiation Pulse...
[11:27:14]   Applying stress level 'max' for 10s: --cpu 8 --matrix 8 --vm 8 --vm-bytes 1G --cpu-method all
[11:27:24]   Stress level 'max' finished.
[11:27:25] Long-Term Cycle 50/50: Applying Intense Depression Pulse/State...
[11:27:25]   Applying IDLE state for 10s.
[11:27:35]   Periodic integrity check (Cycle 50)...
[11:27:35]   Integrity OK.
[11:27:36] Long-Term Cycling Phase complete (50 cycles).
[11:27:36] Starting Retention Test Phase (60s idle)...
[11:27:36]   Running sysbench CPU benchmark...
[11:27:46]   3320.66 events/sec
[11:27:46]   Running sysbench CPU benchmark...
[11:27:56]   3325.04 events/sec
[11:28:06]   Running sysbench CPU benchmark...
[11:28:17]   3325.37 events/sec
[11:28:26]   Running sysbench CPU benchmark...
[11:28:36]   3326.50 events/sec
[11:28:49] [*] Cleaning up background processes and files...
[11:28:49] [*] Resetting system state (best effort)...
[11:28:49] [*] Cleanup finished.
[11:28:49] [*] Cleaning up background processes and files...
[11:28:49] [*] Resetting system state (best effort)...
[11:28:49] [*] Cleanup finished.
