[09:58:54] === Advanced NS-RAM System Analogy Stress Test v2 ===
[09:58:54] Start time: Tue May 13 09:58:54 AM CEST 2025
[09:58:54] !!! EXTREME WARNING: DANGEROUS & EXPERIMENTAL SCRIPT !!!
[09:58:54] Mode: ALL
[09:58:54] CPU: Intel(R) Core(TM) i7-8559U CPU @ 2.70GHz
BIOS Intel(R) Core(TM) i7-8559U CPU @ 2.70GHz To Be Filled By O.E.M. CPU @ 2.3GHz
[09:58:54] Kernel: 6.11.0-25-generic
[09:58:54] [*] Warming up sysbench...
[09:59:04] [1] SYSTEM SETUP & BASELINE
[09:59:04] [*] Setting performance governor & disabling turbo/boost...
[09:59:04] [*] Disabling ASLR...
[09:59:05] Initial frequency: 2700000 KHz
[09:59:05] Initial temp: 40 C
[09:59:05] [*] Compiling custom stress tools (hammer, spec_havoc)...
[09:59:06] [*] Running Baseline Performance (Sysbench)...
[09:59:06]   Running sysbench CPU benchmark...
[09:59:15] [*] Cleaning up background processes and files...
[09:59:15] [*] Resetting system state (best effort)...
[09:59:15] [*] Cleanup finished.
[09:59:15] [*] Cleaning up background processes and files...
[09:59:15] [*] Resetting system state (best effort)...
[09:59:15] [*] Cleanup finished.
