[09:55:11] === Advanced NS-RAM System Analogy Stress Test v2 ===
[09:55:11] Start time: Tue May 13 09:55:11 AM CEST 2025
[09:55:11] !!! EXTREME WARNING: DANGEROUS & EXPERIMENTAL SCRIPT !!!
[09:55:11] Mode: ALL
[09:55:11] CPU: Intel(R) Core(TM) i7-8559U CPU @ 2.70GHz
BIOS Intel(R) Core(TM) i7-8559U CPU @ 2.70GHz To Be Filled By O.E.M. CPU @ 2.3GHz
[09:55:11] Kernel: 6.11.0-25-generic
[09:55:11] [*] Warming up sysbench...
[09:55:21] [1] SYSTEM SETUP & BASELINE
[09:55:21] [*] Setting performance governor & disabling turbo/boost...
[09:55:21] [*] Disabling ASLR...
[09:55:22] Initial frequency: 2700107 KHz
[09:55:22] Initial temp: 40 C
[09:55:22] [*] Compiling custom stress tools (hammer, spec_havoc)...
[09:55:22] [*] Running Baseline Performance (Sysbench)...
[09:55:22]   Running sysbench CPU benchmark...
[09:55:30] [*] Cleaning up background processes and files...
[09:55:30] [*] Resetting system state (best effort)...
[09:55:30] [*] Cleanup finished.
[09:55:30] [*] Cleaning up background processes and files...
[09:55:30] [*] Resetting system state (best effort)...
[09:55:30] [*] Cleanup finished.
