[16:12:27] === Advanced NS-RAM System Analogy Stress Test v2.1 ===
[16:12:27] Start time: Tue May 13 04:12:27 PM CEST 2025
[16:12:27] !!! EXTREME WARNING: DANGEROUS & EXPERIMENTAL SCRIPT !!!
[16:12:27] Mode: ALL
[16:12:27] CPU: Intel(R) Core(TM) i7-8559U CPU @ 2.70GHz
BIOS Intel(R) Core(TM) i7-8559U CPU @ 2.70GHz To Be Filled By O.E.M. CPU @ 2.3GHz
[16:12:27] Kernel: 6.11.0-25-generic
[16:12:27] [*] Warming up sysbench...
[16:12:37] [1] SYSTEM SETUP & BASELINE
[16:12:37] [*] Setting performance governor & disabling turbo/boost...
[16:12:37] [*] Disabling ASLR (stability control)...
[16:12:38] Initial frequency: 2701077 KHz
[16:12:38] Initial temp: 41 C
[16:12:38] [*] Compiling custom stress tools...
[16:12:38] [*] Compiling enhanced hammer tool...
[16:12:39] [+] Hammer compilation successful
[16:12:39] [*] Compiling enhanced spec_havoc tool...
[16:12:39] [+] Spec Havoc compilation successful
[16:12:39] [*] Running Baseline Performance (Sysbench)...
[16:12:39]   Running sysbench CPU benchmark...
[16:12:49]   3320.50 events/sec
[16:12:49] Baseline Sysbench CPU Score: [16:12:39]   Running sysbench CPU benchmark...
[16:12:49]   3320.50 events/sec
3320.50 events/sec
[16:12:49] [*] Generating test data (20 MB)...
[16:12:49] Original data hash (MD5): 4874dbaabc95e3b179cd6501aa6b64f8
[16:12:49] \n[2] NEURON MODE TEST (LIF Analogy)
[16:12:49] Parameters: Amplitude='max', τon=5s, τoff=5s, Cycles=10
[16:12:49] NS-RAM Paper Analog: Testing Leaky Integrate & Fire neuron behavior (Fig. 2a,b)
[16:12:49] Estimated duration: 100s
[16:12:49] Neuron Cycle 1/10: Applying Pulse (τon)...
[16:12:49]   Applying stress level 'max' for 5s: --cpu 8 --matrix 8 --vm 8 --vm-bytes 1G --cpu-method all
[16:12:55]   Stress level 'max' finished.
[16:12:55]   Pulse End: Temp=44C (Δ+3C), Freq=2702050KHz
[16:12:55] Neuron Cycle 1/10: Recovery phase (τoff - Leaking)...
[16:13:00]   Recovery End: Temp=39C (Δ-5C), Freq=2707770KHz (Recovered: true)
[16:13:00]   Recovery Time τr: 5.002815703s (NS-RAM VG2 Analog)
[16:13:00] Neuron Cycle 2/10: Applying Pulse (τon)...
[16:13:00]   Applying stress level 'max' for 5s: --cpu 8 --matrix 8 --vm 8 --vm-bytes 1G --cpu-method all
[16:13:05]   Stress level 'max' finished.
[16:13:05]   Pulse End: Temp=46C (Δ+7C), Freq=2697706KHz
[16:13:05] Neuron Cycle 2/10: Recovery phase (τoff - Leaking)...
[16:13:10]   Recovery End: Temp=40C (Δ-6C), Freq=2700014KHz (Recovered: true)
[16:13:10]   Recovery Time τr: 5.003989457s (NS-RAM VG2 Analog)
[16:13:10] Neuron Cycle 3/10: Applying Pulse (τon)...
[16:13:10]   Applying stress level 'max' for 5s: --cpu 8 --matrix 8 --vm 8 --vm-bytes 1G --cpu-method all
[16:13:15]   Stress level 'max' finished.
[16:13:15]   Pulse End: Temp=48C (Δ+8C), Freq=2700226KHz
[16:13:15] Neuron Cycle 3/10: Recovery phase (τoff - Leaking)...
[16:13:20]   Recovery End: Temp=39C (Δ-9C), Freq=2700003KHz (Recovered: true)
[16:13:20]   Recovery Time τr: 5.003047838s (NS-RAM VG2 Analog)
[16:13:20] Neuron Cycle 4/10: Applying Pulse (τon)...
[16:13:20]   Applying stress level 'max' for 5s: --cpu 8 --matrix 8 --vm 8 --vm-bytes 1G --cpu-method all
[16:13:25]   Stress level 'max' finished.
[16:13:25]   Pulse End: Temp=48C (Δ+9C), Freq=2699996KHz
[16:13:25] Neuron Cycle 4/10: Recovery phase (τoff - Leaking)...
[16:13:30]   Recovery End: Temp=40C (Δ-8C), Freq=2700506KHz (Recovered: true)
[16:13:30]   Recovery Time τr: 5.003423924s (NS-RAM VG2 Analog)
[16:13:30] Neuron Cycle 5/10: Applying Pulse (τon)...
[16:13:30]   Applying stress level 'max' for 5s: --cpu 8 --matrix 8 --vm 8 --vm-bytes 1G --cpu-method all
[16:13:36]   Stress level 'max' finished.
[16:13:36]   Pulse End: Temp=44C (Δ+4C), Freq=2700007KHz
[16:13:36] Neuron Cycle 5/10: Recovery phase (τoff - Leaking)...
[16:13:41]   Recovery End: Temp=40C (Δ-4C), Freq=2700033KHz (Recovered: true)
[16:13:41]   Recovery Time τr: 5.002892927s (NS-RAM VG2 Analog)
[16:13:41]   [!] WARN: Low temperature drop during recovery (< 5C). System may be heat-saturated.
[16:13:41] Neuron Cycle 6/10: Applying Pulse (τon)...
[16:13:41]   Applying stress level 'max' for 5s: --cpu 8 --matrix 8 --vm 8 --vm-bytes 1G --cpu-method all
[16:13:46]   Stress level 'max' finished.
[16:13:46]   Pulse End: Temp=49C (Δ+9C), Freq=2699971KHz
[16:13:46] Neuron Cycle 6/10: Recovery phase (τoff - Leaking)...
[16:13:51]   Recovery End: Temp=40C (Δ-9C), Freq=2701193KHz (Recovered: true)
[16:13:51]   Recovery Time τr: 5.003908528s (NS-RAM VG2 Analog)
[16:13:51] Neuron Cycle 7/10: Applying Pulse (τon)...
[16:13:51]   Applying stress level 'max' for 5s: --cpu 8 --matrix 8 --vm 8 --vm-bytes 1G --cpu-method all
[16:13:56]   Stress level 'max' finished.
[16:13:56]   Pulse End: Temp=49C (Δ+9C), Freq=2699975KHz
[16:13:56] Neuron Cycle 7/10: Recovery phase (τoff - Leaking)...
[16:14:01]   Recovery End: Temp=40C (Δ-9C), Freq=2700722KHz (Recovered: true)
[16:14:01]   Recovery Time τr: 5.003934782s (NS-RAM VG2 Analog)
[16:14:01] Neuron Cycle 8/10: Applying Pulse (τon)...
[16:14:01]   Applying stress level 'max' for 5s: --cpu 8 --matrix 8 --vm 8 --vm-bytes 1G --cpu-method all
[16:14:06]   Stress level 'max' finished.
[16:14:06]   Pulse End: Temp=49C (Δ+9C), Freq=2701187KHz
[16:14:06] Neuron Cycle 8/10: Recovery phase (τoff - Leaking)...
[16:14:11]   Recovery End: Temp=40C (Δ-9C), Freq=2700029KHz (Recovered: true)
[16:14:11]   Recovery Time τr: 5.003835091s (NS-RAM VG2 Analog)
[16:14:11] Neuron Cycle 9/10: Applying Pulse (τon)...
[16:14:11]   Applying stress level 'max' for 5s: --cpu 8 --matrix 8 --vm 8 --vm-bytes 1G --cpu-method all
[16:14:16]   Stress level 'max' finished.
[16:14:16]   Pulse End: Temp=48C (Δ+8C), Freq=2693750KHz
[16:14:16] Neuron Cycle 9/10: Recovery phase (τoff - Leaking)...
[16:14:21]   Recovery End: Temp=41C (Δ-7C), Freq=2699427KHz (Recovered: true)
[16:14:21]   Recovery Time τr: 5.003929200s (NS-RAM VG2 Analog)
[16:14:21] Neuron Cycle 10/10: Applying Pulse (τon)...
[16:14:21]   Applying stress level 'max' for 5s: --cpu 8 --matrix 8 --vm 8 --vm-bytes 1G --cpu-method all
[16:14:27]   Stress level 'max' finished.
[16:14:27]   Pulse End: Temp=45C (Δ+4C), Freq=2699979KHz
[16:14:27] Neuron Cycle 10/10: Recovery phase (τoff - Leaking)...
[16:14:32]   Recovery End: Temp=41C (Δ-4C), Freq=2698949KHz (Recovered: true)
[16:14:32]   Recovery Time τr: 5.003939825s (NS-RAM VG2 Analog)
[16:14:32]   [!] WARN: Low temperature drop during recovery (< 5C). System may be heat-saturated.
[16:14:32] [✓] NEURON MODE COMPLETED: System processed 10 pulses. LIF behavior observed.
[16:14:32] \n[3] SYNAPSE MODE TEST (Short-Term Plasticity Analogy)
[16:14:32] Parameters: POT_Load='high', DEP_Load='idle', Pulse=3s
[16:14:32] POT Pulses=5, DEP Pulses=5, Forget=30s, Cycles=3
[16:14:32] NS-RAM Paper Analog: Testing STP dynamics (Fig. 2c,d and 3a)
[16:14:32] \nShort-Term Cycle 1/3: Starting Potentiation...
[16:14:34]   Running sysbench CPU benchmark...
[16:14:44]   3324.78 events/sec
[16:14:44]   Cycle Start State (Sysbench Score): [16:14:34]   Running sysbench CPU benchmark...
[16:14:44]   3324.78 events/sec
3324.78 events/sec
[16:14:44]   Potentiation Pulse 1/5 (NS-RAM: VPOT)...
[16:14:44]   Running memory hammer (VPOT analog) during potentiation...
[16:14:44]   Applying stress level 'high' for 3s: --cpu 8 --matrix 0 --vm 8 --vm-bytes 512M --cpu-method int64,float
[16:14:47]   Stress level 'high' finished.
[16:14:49]   Running sysbench CPU benchmark...
[16:14:59]   3321.92 events/sec
[16:14:59]     State after POT Pulse 1: [16:14:49]   Running sysbench CPU benchmark...
[16:14:59]   3321.92 events/sec
3321.92 events/sec
[16:14:59]   Potentiation Pulse 2/5 (NS-RAM: VPOT)...
[16:14:59]   Running memory hammer (VPOT analog) during potentiation...
[16:14:59]   Applying stress level 'high' for 3s: --cpu 8 --matrix 0 --vm 8 --vm-bytes 512M --cpu-method int64,float
[16:15:02]   Stress level 'high' finished.
[16:15:04]   Running sysbench CPU benchmark...
[16:15:14]   3320.88 events/sec
[16:15:14]     State after POT Pulse 2: [16:15:04]   Running sysbench CPU benchmark...
[16:15:14]   3320.88 events/sec
3320.88 events/sec
[16:15:14]   Potentiation Pulse 3/5 (NS-RAM: VPOT)...
[16:15:14]   Running memory hammer (VPOT analog) during potentiation...
[16:15:14]   Applying stress level 'high' for 3s: --cpu 8 --matrix 0 --vm 8 --vm-bytes 512M --cpu-method int64,float
[16:15:17]   Stress level 'high' finished.
[16:15:19]   Running sysbench CPU benchmark...
[16:15:29]   3324.63 events/sec
[16:15:29]     State after POT Pulse 3: [16:15:19]   Running sysbench CPU benchmark...
[16:15:29]   3324.63 events/sec
3324.63 events/sec
[16:15:29]   Potentiation Pulse 4/5 (NS-RAM: VPOT)...
[16:15:29]   Running memory hammer (VPOT analog) during potentiation...
[16:15:29]   Applying stress level 'high' for 3s: --cpu 8 --matrix 0 --vm 8 --vm-bytes 512M --cpu-method int64,float
[16:15:32]   Stress level 'high' finished.
[16:15:34]   Running sysbench CPU benchmark...
[16:15:44]   3319.71 events/sec
[16:15:44]     State after POT Pulse 4: [16:15:34]   Running sysbench CPU benchmark...
[16:15:44]   3319.71 events/sec
3319.71 events/sec
[16:15:44]   Potentiation Pulse 5/5 (NS-RAM: VPOT)...
[16:15:44]   Running memory hammer (VPOT analog) during potentiation...
[16:15:44]   Applying stress level 'high' for 3s: --cpu 8 --matrix 0 --vm 8 --vm-bytes 512M --cpu-method int64,float
[16:15:47]   Stress level 'high' finished.
[16:15:49]   Running sysbench CPU benchmark...
[16:15:59]   3323.57 events/sec
[16:15:59]     State after POT Pulse 5: [16:15:49]   Running sysbench CPU benchmark...
[16:15:59]   3323.57 events/sec
3323.57 events/sec
[16:15:59] Short-Term Cycle 1/3: Starting Depression...
[16:15:59]   Depression Pulse 1/5 (NS-RAM: VDEP)...
[16:15:59]   Applying IDLE state for 3s.
[16:16:04]   Running sysbench CPU benchmark...
[16:16:14]   3324.59 events/sec
[16:16:14]     State after DEP Pulse 1: [16:16:04]   Running sysbench CPU benchmark...
[16:16:14]   3324.59 events/sec
3324.59 events/sec
[16:16:14]   Depression Pulse 2/5 (NS-RAM: VDEP)...
[16:16:14]   Applying IDLE state for 3s.
[16:16:19]   Running sysbench CPU benchmark...
[16:16:29]   3316.38 events/sec
[16:16:29]     State after DEP Pulse 2: [16:16:19]   Running sysbench CPU benchmark...
[16:16:29]   3316.38 events/sec
3316.38 events/sec
[16:16:29]   Depression Pulse 3/5 (NS-RAM: VDEP)...
[16:16:29]   Applying IDLE state for 3s.
[16:16:34]   Running sysbench CPU benchmark...
[16:16:44]   3322.12 events/sec
[16:16:44]     State after DEP Pulse 3: [16:16:34]   Running sysbench CPU benchmark...
[16:16:44]   3322.12 events/sec
3322.12 events/sec
[16:16:44]   Depression Pulse 4/5 (NS-RAM: VDEP)...
[16:16:44]   Applying IDLE state for 3s.
[16:16:49]   Running sysbench CPU benchmark...
[16:16:59]   3322.37 events/sec
[16:16:59]     State after DEP Pulse 4: [16:16:49]   Running sysbench CPU benchmark...
[16:16:59]   3322.37 events/sec
3322.37 events/sec
[16:16:59]   Depression Pulse 5/5 (NS-RAM: VDEP)...
[16:16:59]   Applying IDLE state for 3s.
[16:17:04]   Running sysbench CPU benchmark...
[16:17:14]   3324.37 events/sec
[16:17:14]     State after DEP Pulse 5: [16:17:04]   Running sysbench CPU benchmark...
[16:17:14]   3324.37 events/sec
3324.37 events/sec
[16:17:14] Short-Term Cycle 1/3: Starting Forgetting/Relaxation Phase (30s)...
[16:17:14]   Running sysbench CPU benchmark...
[16:17:24]   3322.54 events/sec
[16:17:24]   Forget Time +0s: State=[16:17:14]   Running sysbench CPU benchmark...
[16:17:24]   3322.54 events/sec
3322.54 events/sec
[16:17:29]   Running sysbench CPU benchmark...
[16:17:39]   3319.31 events/sec
[16:17:39]   Forget Time +15s: State=[16:17:29]   Running sysbench CPU benchmark...
[16:17:39]   3319.31 events/sec
3319.31 events/sec
[16:17:44]   Forgetting phase complete.
[16:17:46]   Running sysbench CPU benchmark...
[16:17:56]   3323.26 events/sec
[16:17:56]   Final State after Forget: [16:17:46]   Running sysbench CPU benchmark...
[16:17:56]   3323.26 events/sec
3323.26 events/sec
[16:17:56]   Recovery comparison skipped (invalid scores: current=[16:17:46]   Running sysbench CPU benchmark...
[16:17:56]   3323.26 events/sec
3323.26, baseline=[16:12:39]   Running sysbench CPU benchmark...
[16:12:49]   3320.50 events/sec
3320.50).
[16:17:56] \nShort-Term Cycle 2/3: Starting Potentiation...
[16:17:58]   Running sysbench CPU benchmark...
[16:18:08]   3325.16 events/sec
[16:18:08]   Cycle Start State (Sysbench Score): [16:17:58]   Running sysbench CPU benchmark...
[16:18:08]   3325.16 events/sec
3325.16 events/sec
[16:18:08]   Potentiation Pulse 1/5 (NS-RAM: VPOT)...
[16:18:08]   Running memory hammer (VPOT analog) during potentiation...
[16:18:08]   Applying stress level 'high' for 3s: --cpu 8 --matrix 0 --vm 8 --vm-bytes 512M --cpu-method int64,float
[16:18:11]   Stress level 'high' finished.
[16:18:13]   Running sysbench CPU benchmark...
[16:18:23]   3313.40 events/sec
[16:18:23]     State after POT Pulse 1: [16:18:13]   Running sysbench CPU benchmark...
[16:18:23]   3313.40 events/sec
3313.40 events/sec
[16:18:23]   Potentiation Pulse 2/5 (NS-RAM: VPOT)...
[16:18:23]   Running memory hammer (VPOT analog) during potentiation...
[16:18:23]   Applying stress level 'high' for 3s: --cpu 8 --matrix 0 --vm 8 --vm-bytes 512M --cpu-method int64,float
[16:18:26]   Stress level 'high' finished.
[16:18:28]   Running sysbench CPU benchmark...
[16:18:38]   3321.47 events/sec
[16:18:38]     State after POT Pulse 2: [16:18:28]   Running sysbench CPU benchmark...
[16:18:38]   3321.47 events/sec
3321.47 events/sec
[16:18:38]   Potentiation Pulse 3/5 (NS-RAM: VPOT)...
[16:18:38]   Running memory hammer (VPOT analog) during potentiation...
[16:18:38]   Applying stress level 'high' for 3s: --cpu 8 --matrix 0 --vm 8 --vm-bytes 512M --cpu-method int64,float
[16:18:41]   Stress level 'high' finished.
[16:18:43]   Running sysbench CPU benchmark...
[16:18:53]   3322.18 events/sec
[16:18:53]     State after POT Pulse 3: [16:18:43]   Running sysbench CPU benchmark...
[16:18:53]   3322.18 events/sec
3322.18 events/sec
[16:18:53]   Potentiation Pulse 4/5 (NS-RAM: VPOT)...
[16:18:53]   Running memory hammer (VPOT analog) during potentiation...
[16:18:53]   Applying stress level 'high' for 3s: --cpu 8 --matrix 0 --vm 8 --vm-bytes 512M --cpu-method int64,float
[16:18:56]   Stress level 'high' finished.
[16:18:58]   Running sysbench CPU benchmark...
[16:19:08]   3320.67 events/sec
[16:19:08]     State after POT Pulse 4: [16:18:58]   Running sysbench CPU benchmark...
[16:19:08]   3320.67 events/sec
3320.67 events/sec
[16:19:08]   Potentiation Pulse 5/5 (NS-RAM: VPOT)...
[16:19:08]   Running memory hammer (VPOT analog) during potentiation...
[16:19:08]   Applying stress level 'high' for 3s: --cpu 8 --matrix 0 --vm 8 --vm-bytes 512M --cpu-method int64,float
[16:19:11]   Stress level 'high' finished.
[16:19:13]   Running sysbench CPU benchmark...
[16:19:23]   3318.80 events/sec
[16:19:23]     State after POT Pulse 5: [16:19:13]   Running sysbench CPU benchmark...
[16:19:23]   3318.80 events/sec
3318.80 events/sec
[16:19:23] Short-Term Cycle 2/3: Starting Depression...
[16:19:23]   Depression Pulse 1/5 (NS-RAM: VDEP)...
[16:19:23]   Applying IDLE state for 3s.
[16:19:29]   Running sysbench CPU benchmark...
[16:19:39]   3323.09 events/sec
[16:19:39]     State after DEP Pulse 1: [16:19:29]   Running sysbench CPU benchmark...
[16:19:39]   3323.09 events/sec
3323.09 events/sec
[16:19:39]   Depression Pulse 2/5 (NS-RAM: VDEP)...
[16:19:39]   Applying IDLE state for 3s.
[16:19:44]   Running sysbench CPU benchmark...
[16:19:54]   3320.90 events/sec
[16:19:54]     State after DEP Pulse 2: [16:19:44]   Running sysbench CPU benchmark...
[16:19:54]   3320.90 events/sec
3320.90 events/sec
[16:19:54]   Depression Pulse 3/5 (NS-RAM: VDEP)...
[16:19:54]   Applying IDLE state for 3s.
[16:19:59]   Running sysbench CPU benchmark...
[16:20:09]   3324.54 events/sec
[16:20:09]     State after DEP Pulse 3: [16:19:59]   Running sysbench CPU benchmark...
[16:20:09]   3324.54 events/sec
3324.54 events/sec
[16:20:09]   Depression Pulse 4/5 (NS-RAM: VDEP)...
[16:20:09]   Applying IDLE state for 3s.
[16:20:14]   Running sysbench CPU benchmark...
[16:20:24]   3322.53 events/sec
[16:20:24]     State after DEP Pulse 4: [16:20:14]   Running sysbench CPU benchmark...
[16:20:24]   3322.53 events/sec
3322.53 events/sec
[16:20:24]   Depression Pulse 5/5 (NS-RAM: VDEP)...
[16:20:24]   Applying IDLE state for 3s.
[16:20:29]   Running sysbench CPU benchmark...
[16:20:39]   3324.42 events/sec
[16:20:39]     State after DEP Pulse 5: [16:20:29]   Running sysbench CPU benchmark...
[16:20:39]   3324.42 events/sec
3324.42 events/sec
[16:20:39] Short-Term Cycle 2/3: Starting Forgetting/Relaxation Phase (30s)...
[16:20:39]   Running sysbench CPU benchmark...
[16:20:49]   3321.23 events/sec
[16:20:49]   Forget Time +0s: State=[16:20:39]   Running sysbench CPU benchmark...
[16:20:49]   3321.23 events/sec
3321.23 events/sec
[16:20:54]   Running sysbench CPU benchmark...
[16:21:04]   3324.60 events/sec
[16:21:04]   Forget Time +15s: State=[16:20:54]   Running sysbench CPU benchmark...
[16:21:04]   3324.60 events/sec
3324.60 events/sec
[16:21:09]   Forgetting phase complete.
[16:21:11]   Running sysbench CPU benchmark...
[16:21:21]   3325.35 events/sec
[16:21:21]   Final State after Forget: [16:21:11]   Running sysbench CPU benchmark...
[16:21:21]   3325.35 events/sec
3325.35 events/sec
[16:21:21]   Recovery comparison skipped (invalid scores: current=[16:21:11]   Running sysbench CPU benchmark...
[16:21:21]   3325.35 events/sec
3325.35, baseline=[16:12:39]   Running sysbench CPU benchmark...
[16:12:49]   3320.50 events/sec
3320.50).
[16:21:21] \nShort-Term Cycle 3/3: Starting Potentiation...
[16:21:23]   Running sysbench CPU benchmark...
[16:21:33]   3318.56 events/sec
[16:21:33]   Cycle Start State (Sysbench Score): [16:21:23]   Running sysbench CPU benchmark...
[16:21:33]   3318.56 events/sec
3318.56 events/sec
[16:21:33]   Potentiation Pulse 1/5 (NS-RAM: VPOT)...
[16:21:33]   Running memory hammer (VPOT analog) during potentiation...
[16:21:33]   Applying stress level 'high' for 3s: --cpu 8 --matrix 0 --vm 8 --vm-bytes 512M --cpu-method int64,float
[16:21:36]   Stress level 'high' finished.
[16:21:38]   Running sysbench CPU benchmark...
[16:21:48]   3320.04 events/sec
[16:21:48]     State after POT Pulse 1: [16:21:38]   Running sysbench CPU benchmark...
[16:21:48]   3320.04 events/sec
3320.04 events/sec
[16:21:48]   Potentiation Pulse 2/5 (NS-RAM: VPOT)...
[16:21:48]   Running memory hammer (VPOT analog) during potentiation...
[16:21:48]   Applying stress level 'high' for 3s: --cpu 8 --matrix 0 --vm 8 --vm-bytes 512M --cpu-method int64,float
[16:21:51]   Stress level 'high' finished.
[16:21:53]   Running sysbench CPU benchmark...
[16:22:03]   3323.81 events/sec
[16:22:03]     State after POT Pulse 2: [16:21:53]   Running sysbench CPU benchmark...
[16:22:03]   3323.81 events/sec
3323.81 events/sec
[16:22:03]   Potentiation Pulse 3/5 (NS-RAM: VPOT)...
[16:22:03]   Running memory hammer (VPOT analog) during potentiation...
[16:22:03]   Applying stress level 'high' for 3s: --cpu 8 --matrix 0 --vm 8 --vm-bytes 512M --cpu-method int64,float
[16:22:06]   Stress level 'high' finished.
[16:22:08]   Running sysbench CPU benchmark...
[16:22:18]   3320.00 events/sec
[16:22:18]     State after POT Pulse 3: [16:22:08]   Running sysbench CPU benchmark...
[16:22:18]   3320.00 events/sec
3320.00 events/sec
[16:22:18]   Potentiation Pulse 4/5 (NS-RAM: VPOT)...
[16:22:18]   Running memory hammer (VPOT analog) during potentiation...
[16:22:18]   Applying stress level 'high' for 3s: --cpu 8 --matrix 0 --vm 8 --vm-bytes 512M --cpu-method int64,float
[16:22:21]   Stress level 'high' finished.
[16:22:23]   Running sysbench CPU benchmark...
[16:22:33]   3324.23 events/sec
[16:22:33]     State after POT Pulse 4: [16:22:23]   Running sysbench CPU benchmark...
[16:22:33]   3324.23 events/sec
3324.23 events/sec
[16:22:33]   Potentiation Pulse 5/5 (NS-RAM: VPOT)...
[16:22:33]   Running memory hammer (VPOT analog) during potentiation...
[16:22:33]   Applying stress level 'high' for 3s: --cpu 8 --matrix 0 --vm 8 --vm-bytes 512M --cpu-method int64,float
[16:22:36]   Stress level 'high' finished.
[16:22:38]   Running sysbench CPU benchmark...
[16:22:48]   3320.56 events/sec
[16:22:48]     State after POT Pulse 5: [16:22:38]   Running sysbench CPU benchmark...
[16:22:48]   3320.56 events/sec
3320.56 events/sec
[16:22:48] Short-Term Cycle 3/3: Starting Depression...
[16:22:48]   Depression Pulse 1/5 (NS-RAM: VDEP)...
[16:22:48]   Applying IDLE state for 3s.
[16:22:53]   Running sysbench CPU benchmark...
[16:23:03]   3323.59 events/sec
[16:23:03]     State after DEP Pulse 1: [16:22:53]   Running sysbench CPU benchmark...
[16:23:03]   3323.59 events/sec
3323.59 events/sec
[16:23:03]   Depression Pulse 2/5 (NS-RAM: VDEP)...
[16:23:03]   Applying IDLE state for 3s.
[16:23:08]   Running sysbench CPU benchmark...
[16:23:18]   3321.80 events/sec
[16:23:18]     State after DEP Pulse 2: [16:23:08]   Running sysbench CPU benchmark...
[16:23:18]   3321.80 events/sec
3321.80 events/sec
[16:23:18]   Depression Pulse 3/5 (NS-RAM: VDEP)...
[16:23:18]   Applying IDLE state for 3s.
[16:23:23]   Running sysbench CPU benchmark...
[16:23:33]   3323.86 events/sec
[16:23:33]     State after DEP Pulse 3: [16:23:23]   Running sysbench CPU benchmark...
[16:23:33]   3323.86 events/sec
3323.86 events/sec
[16:23:33]   Depression Pulse 4/5 (NS-RAM: VDEP)...
[16:23:33]   Applying IDLE state for 3s.
[16:23:38]   Running sysbench CPU benchmark...
[16:23:48]   3323.76 events/sec
[16:23:48]     State after DEP Pulse 4: [16:23:38]   Running sysbench CPU benchmark...
[16:23:48]   3323.76 events/sec
3323.76 events/sec
[16:23:48]   Depression Pulse 5/5 (NS-RAM: VDEP)...
[16:23:48]   Applying IDLE state for 3s.
[16:23:53]   Running sysbench CPU benchmark...
[16:24:03]   3321.13 events/sec
[16:24:03]     State after DEP Pulse 5: [16:23:53]   Running sysbench CPU benchmark...
[16:24:03]   3321.13 events/sec
3321.13 events/sec
[16:24:03] Short-Term Cycle 3/3: Starting Forgetting/Relaxation Phase (30s)...
[16:24:03]   Running sysbench CPU benchmark...
[16:24:13]   3321.40 events/sec
[16:24:13]   Forget Time +0s: State=[16:24:03]   Running sysbench CPU benchmark...
[16:24:13]   3321.40 events/sec
3321.40 events/sec
[16:24:18]   Running sysbench CPU benchmark...
[16:24:28]   3322.76 events/sec
[16:24:28]   Forget Time +15s: State=[16:24:18]   Running sysbench CPU benchmark...
[16:24:28]   3322.76 events/sec
3322.76 events/sec
[16:24:33]   Forgetting phase complete.
[16:24:35]   Running sysbench CPU benchmark...
[16:24:45]   3321.23 events/sec
[16:24:45]   Final State after Forget: [16:24:35]   Running sysbench CPU benchmark...
[16:24:45]   3321.23 events/sec
3321.23 events/sec
[16:24:45]   Recovery comparison skipped (invalid scores: current=[16:24:35]   Running sysbench CPU benchmark...
[16:24:45]   3321.23 events/sec
3321.23, baseline=[16:12:39]   Running sysbench CPU benchmark...
[16:12:49]   3320.50 events/sec
3320.50).
[16:24:45] [✓] SYNAPSE SHORT-TERM MODE COMPLETED. STP dynamics observed.
[16:24:45] \n[4] SYNAPSE MODE TEST (Long-Term Plasticity Analogy)
[16:24:45] Parameters: POT_Load='max', DEP_Load='idle', Pulse=10s
[16:24:45] Bipolar Cycles=50, Retention Test=60s
[16:24:45] NS-RAM Paper Analog: Testing LTP behavior (Fig. 3b-d and 4)
[16:24:45] Long-Term Cycle 1/50: Applying Intense Potentiation Pulse...
[16:24:45]   Applying stress level 'max' for 10s: --cpu 8 --matrix 8 --vm 8 --vm-bytes 1G --cpu-method all
[16:24:56]   Stress level 'max' finished.
[16:24:56]   Running sysbench CPU benchmark...
[16:25:06]   3322.75 events/sec
[16:25:07] Long-Term Cycle 1/50: Applying Depression Phase...
[16:25:07]   Applying IDLE state for 10s.
[16:25:17]   Running sysbench CPU benchmark...
[16:25:27]   3325.14 events/sec
[16:25:28] Long-Term Cycle 2/50: Applying Intense Potentiation Pulse...
[16:25:28]   Applying stress level 'max' for 10s: --cpu 8 --matrix 8 --vm 8 --vm-bytes 1G --cpu-method all
[16:25:38]   Stress level 'max' finished.
[16:25:38]   Running sysbench CPU benchmark...
[16:25:48]   3324.95 events/sec
[16:25:49] Long-Term Cycle 2/50: Applying Depression Phase...
[16:25:49]   Applying IDLE state for 10s.
[16:25:59]   Running sysbench CPU benchmark...
[16:26:09]   3320.21 events/sec
[16:26:10] Long-Term Cycle 3/50: Applying Intense Potentiation Pulse...
[16:26:10]   Applying stress level 'max' for 10s: --cpu 8 --matrix 8 --vm 8 --vm-bytes 1G --cpu-method all
[16:26:21]   Stress level 'max' finished.
[16:26:21]   Running sysbench CPU benchmark...
[16:26:31]   3325.32 events/sec
[16:26:32] Long-Term Cycle 3/50: Applying Depression Phase...
[16:26:32]   Applying IDLE state for 10s.
[16:26:42]   Running sysbench CPU benchmark...
[16:26:52]   3319.73 events/sec
[16:26:53] Long-Term Cycle 4/50: Applying Intense Potentiation Pulse...
[16:26:53]   Applying stress level 'max' for 10s: --cpu 8 --matrix 8 --vm 8 --vm-bytes 1G --cpu-method all
[16:27:04]   Stress level 'max' finished.
[16:27:04]   Running sysbench CPU benchmark...
[16:27:14]   3325.32 events/sec
[16:27:15] Long-Term Cycle 4/50: Applying Depression Phase...
[16:27:15]   Applying IDLE state for 10s.
[16:27:25]   Running sysbench CPU benchmark...
[16:27:35]   3325.69 events/sec
[16:27:36] Long-Term Cycle 5/50: Applying Intense Potentiation Pulse...
[16:27:36]   Adding hammer stress during cycle 5 (NS-RAM: Charge-trapping analog)
[16:27:36]   Applying stress level 'max' for 10s: --cpu 8 --matrix 8 --vm 8 --vm-bytes 1G --cpu-method all
[16:27:46]   Stress level 'max' finished.
[16:27:46]   Running sysbench CPU benchmark...
[16:27:56]   3326.54 events/sec
[16:27:57] Long-Term Cycle 5/50: Applying Depression Phase...
[16:27:57]   Applying IDLE state for 10s.
[16:28:07]   Running sysbench CPU benchmark...
[16:28:17]   3324.72 events/sec
[16:28:18] Long-Term Cycle 6/50: Applying Intense Potentiation Pulse...
[16:28:18]   Applying stress level 'max' for 10s: --cpu 8 --matrix 8 --vm 8 --vm-bytes 1G --cpu-method all
[16:28:28]   Stress level 'max' finished.
[16:28:28]   Running sysbench CPU benchmark...
[16:28:38]   3323.12 events/sec
[16:28:39] Long-Term Cycle 6/50: Applying Depression Phase...
[16:28:39]   Applying IDLE state for 10s.
[16:28:49]   Running sysbench CPU benchmark...
[16:28:59]   3320.24 events/sec
[16:29:00] Long-Term Cycle 7/50: Applying Intense Potentiation Pulse...
[16:29:00]   Applying stress level 'max' for 10s: --cpu 8 --matrix 8 --vm 8 --vm-bytes 1G --cpu-method all
[16:29:11]   Stress level 'max' finished.
[16:29:11]   Running sysbench CPU benchmark...
[16:29:21]   3322.57 events/sec
[16:29:22] Long-Term Cycle 7/50: Applying Depression Phase...
[16:29:22]   Applying IDLE state for 10s.
[16:29:32]   Running sysbench CPU benchmark...
[16:29:42]   3323.99 events/sec
[16:29:43] Long-Term Cycle 8/50: Applying Intense Potentiation Pulse...
[16:29:43]   Applying stress level 'max' for 10s: --cpu 8 --matrix 8 --vm 8 --vm-bytes 1G --cpu-method all
[16:29:53]   Stress level 'max' finished.
[16:29:53]   Running sysbench CPU benchmark...
[16:30:03]   3281.10 events/sec
[16:30:04] Long-Term Cycle 8/50: Applying Depression Phase...
[16:30:04]   Applying IDLE state for 10s.
[16:30:14]   Running sysbench CPU benchmark...
[16:30:24]   3280.93 events/sec
[16:30:25] Long-Term Cycle 9/50: Applying Intense Potentiation Pulse...
[16:30:25]   Applying stress level 'max' for 10s: --cpu 8 --matrix 8 --vm 8 --vm-bytes 1G --cpu-method all
[16:30:36]   Stress level 'max' finished.
[16:30:36]   Running sysbench CPU benchmark...
[16:30:36] [*] Cleaning up processes and files...
[16:30:36] [*] Resetting system state...
[16:30:36] [*] Cleanup finished.
[16:30:36] [*] Cleaning up processes and files...
[16:30:36] [*] Resetting system state...
[16:30:36] [*] Cleanup finished.
