[12:04:05] === Advanced NS-RAM System Analogy Stress Test v2 ===
[12:04:05] Start time: Tue May 13 12:04:05 PM CEST 2025
[12:04:05] !!! EXTREME WARNING: DANGEROUS & EXPERIMENTAL SCRIPT !!!
[12:04:05] Mode: ALL
[12:04:05] CPU: Intel(R) Core(TM) i7-8559U CPU @ 2.70GHz
BIOS Intel(R) Core(TM) i7-8559U CPU @ 2.70GHz To Be Filled By O.E.M. CPU @ 2.3GHz
[12:04:05] Kernel: 6.11.0-25-generic
[12:04:05] [*] Warming up sysbench...
[12:04:15] [1] SYSTEM SETUP & BASELINE
[12:04:15] [*] Setting performance governor & disabling turbo/boost...
[12:04:15] [*] Disabling ASLR...
[12:04:16] Initial frequency: 400000 KHz
[12:04:16] Initial temp: 46 C
[12:04:16] [*] Compiling custom stress tools (hammer, spec_havoc)...
[12:04:16] [*] Running Baseline Performance (Sysbench)...
[12:04:16]   Running sysbench CPU benchmark...
[12:04:26]   3320.11 events/sec
[12:04:26] Baseline Sysbench CPU Score: [12:04:16]   Running sysbench CPU benchmark...
[12:04:26]   3320.11 events/sec
3320.11 events/sec
[12:04:26] [*] Generating test data (20 MB)...
[12:04:26] Original data hash (MD5): 46caee5586012def9dbc3aaf0e564b20
[12:04:27] \n[2] NEURON MODE TEST (LIF Analogy)
[12:04:27] Parameters: Amplitude='max', ON=5s, OFF=5s, Cycles=10
[12:04:27] Estimated duration: 100s
[12:04:27] Neuron Cycle 1/10: Applying Pulse (ON)...
[12:04:27]   Applying stress level 'max' for 5s: --cpu 8 --matrix 8 --vm 8 --vm-bytes 1G --cpu-method all
[12:04:32]   Stress level 'max' finished.
[12:04:32]   Pulse End: Temp=53C, Freq=2702397KHz
[12:04:32] Neuron Cycle 1/10: Recovery phase (OFF - Leaking)...
[12:04:37]   Recovery End: Temp=44C (Drop: 9C), Freq=2698864KHz (Recovered: true)
[12:04:37]   Recovery Time Measured (tau_r analogy): 5.003960288s
[12:04:37] Neuron Cycle 2/10: Applying Pulse (ON)...
[12:04:37]   Applying stress level 'max' for 5s: --cpu 8 --matrix 8 --vm 8 --vm-bytes 1G --cpu-method all
[12:04:42]   Stress level 'max' finished.
[12:04:42]   Pulse End: Temp=53C, Freq=2700481KHz
[12:04:42] Neuron Cycle 2/10: Recovery phase (OFF - Leaking)...
[12:04:47]   Recovery End: Temp=44C (Drop: 9C), Freq=2700045KHz (Recovered: true)
[12:04:47]   Recovery Time Measured (tau_r analogy): 5.003029091s
[12:04:47] Neuron Cycle 3/10: Applying Pulse (ON)...
[12:04:47]   Applying stress level 'max' for 5s: --cpu 8 --matrix 8 --vm 8 --vm-bytes 1G --cpu-method all
[12:04:52]   Stress level 'max' finished.
[12:04:52]   Pulse End: Temp=49C, Freq=2703129KHz
[12:04:52] Neuron Cycle 3/10: Recovery phase (OFF - Leaking)...
[12:04:57]   Recovery End: Temp=45C (Drop: 4C), Freq=2706715KHz (Recovered: true)
[12:04:57]   Recovery Time Measured (tau_r analogy): 5.004033309s
[12:04:57]   [!] WARN: Low temperature drop during recovery (< 5C). System may be heat-saturated.
[12:04:57] Neuron Cycle 4/10: Applying Pulse (ON)...
[12:04:57]   Applying stress level 'max' for 5s: --cpu 8 --matrix 8 --vm 8 --vm-bytes 1G --cpu-method all
[12:05:03]   Stress level 'max' finished.
[12:05:03]   Pulse End: Temp=49C, Freq=2699985KHz
[12:05:03] Neuron Cycle 4/10: Recovery phase (OFF - Leaking)...
[12:05:08]   Recovery End: Temp=44C (Drop: 5C), Freq=2700075KHz (Recovered: true)
[12:05:08]   Recovery Time Measured (tau_r analogy): 5.003028223s
[12:05:08] Neuron Cycle 5/10: Applying Pulse (ON)...
[12:05:08]   Applying stress level 'max' for 5s: --cpu 8 --matrix 8 --vm 8 --vm-bytes 1G --cpu-method all
[12:05:13]   Stress level 'max' finished.
[12:05:13]   Pulse End: Temp=50C, Freq=2700784KHz
[12:05:13] Neuron Cycle 5/10: Recovery phase (OFF - Leaking)...
[12:05:18]   Recovery End: Temp=44C (Drop: 6C), Freq=2697130KHz (Recovered: true)
[12:05:18]   Recovery Time Measured (tau_r analogy): 5.002892397s
[12:05:18] Neuron Cycle 6/10: Applying Pulse (ON)...
[12:05:18]   Applying stress level 'max' for 5s: --cpu 8 --matrix 8 --vm 8 --vm-bytes 1G --cpu-method all
[12:05:24]   Stress level 'max' finished.
[12:05:24]   Pulse End: Temp=50C, Freq=2701705KHz
[12:05:24] Neuron Cycle 6/10: Recovery phase (OFF - Leaking)...
[12:05:29]   Recovery End: Temp=44C (Drop: 6C), Freq=2700455KHz (Recovered: true)
[12:05:29]   Recovery Time Measured (tau_r analogy): 5.003137769s
[12:05:29] Neuron Cycle 7/10: Applying Pulse (ON)...
[12:05:29]   Applying stress level 'max' for 5s: --cpu 8 --matrix 8 --vm 8 --vm-bytes 1G --cpu-method all
[12:05:34]   Stress level 'max' finished.
[12:05:34]   Pulse End: Temp=48C, Freq=2700208KHz
[12:05:34] Neuron Cycle 7/10: Recovery phase (OFF - Leaking)...
[12:05:39]   Recovery End: Temp=45C (Drop: 3C), Freq=2701170KHz (Recovered: true)
[12:05:39]   Recovery Time Measured (tau_r analogy): 5.002873138s
[12:05:39]   [!] WARN: Low temperature drop during recovery (< 5C). System may be heat-saturated.
[12:05:39] Neuron Cycle 8/10: Applying Pulse (ON)...
[12:05:39]   Applying stress level 'max' for 5s: --cpu 8 --matrix 8 --vm 8 --vm-bytes 1G --cpu-method all
[12:05:44]   Stress level 'max' finished.
[12:05:44]   Pulse End: Temp=51C, Freq=2700764KHz
[12:05:44] Neuron Cycle 8/10: Recovery phase (OFF - Leaking)...
[12:05:49]   Recovery End: Temp=44C (Drop: 7C), Freq=2698575KHz (Recovered: true)
[12:05:49]   Recovery Time Measured (tau_r analogy): 5.003163995s
[12:05:49] Neuron Cycle 9/10: Applying Pulse (ON)...
[12:05:49]   Applying stress level 'max' for 5s: --cpu 8 --matrix 8 --vm 8 --vm-bytes 1G --cpu-method all
[12:05:56]   Stress level 'max' finished.
[12:05:56]   Pulse End: Temp=47C, Freq=2699091KHz
[12:05:56] Neuron Cycle 9/10: Recovery phase (OFF - Leaking)...
[12:06:01]   Recovery End: Temp=45C (Drop: 2C), Freq=2698296KHz (Recovered: true)
[12:06:01]   Recovery Time Measured (tau_r analogy): 5.003172648s
[12:06:01]   [!] WARN: Low temperature drop during recovery (< 5C). System may be heat-saturated.
[12:06:01] Neuron Cycle 10/10: Applying Pulse (ON)...
[12:06:01]   Applying stress level 'max' for 5s: --cpu 8 --matrix 8 --vm 8 --vm-bytes 1G --cpu-method all
[12:06:06]   Stress level 'max' finished.
[12:06:06]   Pulse End: Temp=48C, Freq=2700053KHz
[12:06:06] Neuron Cycle 10/10: Recovery phase (OFF - Leaking)...
[12:06:11]   Recovery End: Temp=45C (Drop: 3C), Freq=2698770KHz (Recovered: true)
[12:06:11]   Recovery Time Measured (tau_r analogy): 5.004288223s
[12:06:11]   [!] WARN: Low temperature drop during recovery (< 5C). System may be heat-saturated.
[12:06:11] [✓] NEURON MODE COMPLETED: System processed 10 pulses. Check warnings for recovery issues.
[12:06:11] \n[3] SYNAPSE MODE TEST (Short-Term Plasticity Analogy)
[12:06:11] Parameters: POT_Load='high', DEP_Load='idle', Pulse=3s
[12:06:11] POT Pulses=5, DEP Pulses=5, Forget=30s, Cycles=3
[12:06:11] \nShort-Term Cycle 1/3: Starting Potentiation...
[12:06:13]   Running sysbench CPU benchmark...
[12:06:23]   3251.64 events/sec
[12:06:23]   Cycle Start State (Sysbench Score): [12:06:13]   Running sysbench CPU benchmark...
[12:06:23]   3251.64 events/sec
3251.64 events/sec
[12:06:23]   Potentiation Pulse 1/5...
[12:06:23]   Applying stress level 'high' for 3s: --cpu 8 --matrix 0 --vm 8 --vm-bytes 512M --cpu-method int64,float
[12:06:26]   Stress level 'high' finished.
[12:06:28]   Running sysbench CPU benchmark...
[12:06:38]   3322.26 events/sec
[12:06:38]     State after POT Pulse 1: [12:06:28]   Running sysbench CPU benchmark...
[12:06:38]   3322.26 events/sec
3322.26 events/sec
[12:06:38]   Potentiation Pulse 2/5...
[12:06:38]   Applying stress level 'high' for 3s: --cpu 8 --matrix 0 --vm 8 --vm-bytes 512M --cpu-method int64,float
[12:06:41]   Stress level 'high' finished.
[12:06:43]   Running sysbench CPU benchmark...
[12:06:53]   3320.08 events/sec
[12:06:53]     State after POT Pulse 2: [12:06:43]   Running sysbench CPU benchmark...
[12:06:53]   3320.08 events/sec
3320.08 events/sec
[12:06:53]   Potentiation Pulse 3/5...
[12:06:53]   Applying stress level 'high' for 3s: --cpu 8 --matrix 0 --vm 8 --vm-bytes 512M --cpu-method int64,float
[12:06:56]   Stress level 'high' finished.
[12:06:58]   Running sysbench CPU benchmark...
[12:07:08]   3324.40 events/sec
[12:07:08]     State after POT Pulse 3: [12:06:58]   Running sysbench CPU benchmark...
[12:07:08]   3324.40 events/sec
3324.40 events/sec
[12:07:08]   Potentiation Pulse 4/5...
[12:07:08]   Applying stress level 'high' for 3s: --cpu 8 --matrix 0 --vm 8 --vm-bytes 512M --cpu-method int64,float
[12:07:11]   Stress level 'high' finished.
[12:07:13]   Running sysbench CPU benchmark...
[12:07:24]   3322.77 events/sec
[12:07:24]     State after POT Pulse 4: [12:07:13]   Running sysbench CPU benchmark...
[12:07:24]   3322.77 events/sec
3322.77 events/sec
[12:07:24]   Potentiation Pulse 5/5...
[12:07:24]   Applying stress level 'high' for 3s: --cpu 8 --matrix 0 --vm 8 --vm-bytes 512M --cpu-method int64,float
[12:07:27]   Stress level 'high' finished.
[12:07:29]   Running sysbench CPU benchmark...
[12:07:39]   3323.18 events/sec
[12:07:39]     State after POT Pulse 5: [12:07:29]   Running sysbench CPU benchmark...
[12:07:39]   3323.18 events/sec
3323.18 events/sec
[12:07:39] Short-Term Cycle 1/3: Starting Depression...
[12:07:39]   Depression Pulse 1/5...
[12:07:39]   Applying IDLE state for 3s.
[12:07:44]   Running sysbench CPU benchmark...
[12:07:54]   3323.42 events/sec
[12:07:54]     State after DEP Pulse 1: [12:07:44]   Running sysbench CPU benchmark...
[12:07:54]   3323.42 events/sec
3323.42 events/sec
[12:07:54]   Depression Pulse 2/5...
[12:07:54]   Applying IDLE state for 3s.
[12:07:59]   Running sysbench CPU benchmark...
[12:08:09]   3324.98 events/sec
[12:08:09]     State after DEP Pulse 2: [12:07:59]   Running sysbench CPU benchmark...
[12:08:09]   3324.98 events/sec
3324.98 events/sec
[12:08:09]   Depression Pulse 3/5...
[12:08:09]   Applying IDLE state for 3s.
[12:08:14]   Running sysbench CPU benchmark...
[12:08:24]   3316.08 events/sec
[12:08:24]     State after DEP Pulse 3: [12:08:14]   Running sysbench CPU benchmark...
[12:08:24]   3316.08 events/sec
3316.08 events/sec
[12:08:24]   Depression Pulse 4/5...
[12:08:24]   Applying IDLE state for 3s.
[12:08:29]   Running sysbench CPU benchmark...
[12:08:39]   3322.22 events/sec
[12:08:39]     State after DEP Pulse 4: [12:08:29]   Running sysbench CPU benchmark...
[12:08:39]   3322.22 events/sec
3322.22 events/sec
[12:08:39]   Depression Pulse 5/5...
[12:08:39]   Applying IDLE state for 3s.
[12:08:44]   Running sysbench CPU benchmark...
[12:08:54]   3317.06 events/sec
[12:08:54]     State after DEP Pulse 5: [12:08:44]   Running sysbench CPU benchmark...
[12:08:54]   3317.06 events/sec
3317.06 events/sec
[12:08:54] Short-Term Cycle 1/3: Starting Forgetting/Relaxation Phase (30s)...
[12:08:59]   Running sysbench CPU benchmark...
[12:09:09]   3321.08 events/sec
[12:09:09]   Forget Time +0s: State=[12:08:59]   Running sysbench CPU benchmark...
[12:09:09]   3321.08 events/sec
3321.08 events/sec
[12:09:14]   Running sysbench CPU benchmark...
[12:09:24]   3315.15 events/sec
[12:09:24]   Forget Time +15s: State=[12:09:14]   Running sysbench CPU benchmark...
[12:09:24]   3315.15 events/sec
3315.15 events/sec
[12:09:24]   Forgetting phase complete.
[12:09:26]   Running sysbench CPU benchmark...
[12:09:36]   3323.79 events/sec
[12:09:36]   Final State after Forget: [12:09:26]   Running sysbench CPU benchmark...
[12:09:36]   3323.79 events/sec
3323.79 events/sec
[12:09:36]   Recovery comparison skipped (invalid scores: current=[12:09:26]   Running sysbench CPU benchmark...
[12:09:36]   3323.79 events/sec
3323.79, baseline=[12:04:16]   Running sysbench CPU benchmark...
[12:04:26]   3320.11 events/sec
3320.11).
[12:09:36] \nShort-Term Cycle 2/3: Starting Potentiation...
[12:09:38]   Running sysbench CPU benchmark...
[12:09:48]   3322.74 events/sec
[12:09:48]   Cycle Start State (Sysbench Score): [12:09:38]   Running sysbench CPU benchmark...
[12:09:48]   3322.74 events/sec
3322.74 events/sec
[12:09:48]   Potentiation Pulse 1/5...
[12:09:48]   Applying stress level 'high' for 3s: --cpu 8 --matrix 0 --vm 8 --vm-bytes 512M --cpu-method int64,float
[12:09:51]   Stress level 'high' finished.
[12:09:53]   Running sysbench CPU benchmark...
[12:10:03]   3322.58 events/sec
[12:10:03]     State after POT Pulse 1: [12:09:53]   Running sysbench CPU benchmark...
[12:10:03]   3322.58 events/sec
3322.58 events/sec
[12:10:03]   Potentiation Pulse 2/5...
[12:10:03]   Applying stress level 'high' for 3s: --cpu 8 --matrix 0 --vm 8 --vm-bytes 512M --cpu-method int64,float
[12:10:06]   Stress level 'high' finished.
[12:10:08]   Running sysbench CPU benchmark...
[12:10:18]   3320.47 events/sec
[12:10:18]     State after POT Pulse 2: [12:10:08]   Running sysbench CPU benchmark...
[12:10:18]   3320.47 events/sec
3320.47 events/sec
[12:10:18]   Potentiation Pulse 3/5...
[12:10:18]   Applying stress level 'high' for 3s: --cpu 8 --matrix 0 --vm 8 --vm-bytes 512M --cpu-method int64,float
[12:10:21]   Stress level 'high' finished.
[12:10:23]   Running sysbench CPU benchmark...
[12:10:33]   3323.28 events/sec
[12:10:33]     State after POT Pulse 3: [12:10:23]   Running sysbench CPU benchmark...
[12:10:33]   3323.28 events/sec
3323.28 events/sec
[12:10:33]   Potentiation Pulse 4/5...
[12:10:33]   Applying stress level 'high' for 3s: --cpu 8 --matrix 0 --vm 8 --vm-bytes 512M --cpu-method int64,float
[12:10:36]   Stress level 'high' finished.
[12:10:38]   Running sysbench CPU benchmark...
[12:10:48]   3322.50 events/sec
[12:10:48]     State after POT Pulse 4: [12:10:38]   Running sysbench CPU benchmark...
[12:10:48]   3322.50 events/sec
3322.50 events/sec
[12:10:48]   Potentiation Pulse 5/5...
[12:10:48]   Applying stress level 'high' for 3s: --cpu 8 --matrix 0 --vm 8 --vm-bytes 512M --cpu-method int64,float
[12:10:51]   Stress level 'high' finished.
[12:10:53]   Running sysbench CPU benchmark...
[12:11:03]   3323.44 events/sec
[12:11:03]     State after POT Pulse 5: [12:10:53]   Running sysbench CPU benchmark...
[12:11:03]   3323.44 events/sec
3323.44 events/sec
[12:11:03] Short-Term Cycle 2/3: Starting Depression...
[12:11:03]   Depression Pulse 1/5...
[12:11:03]   Applying IDLE state for 3s.
[12:11:08]   Running sysbench CPU benchmark...
[12:11:18]   3322.36 events/sec
[12:11:18]     State after DEP Pulse 1: [12:11:08]   Running sysbench CPU benchmark...
[12:11:18]   3322.36 events/sec
3322.36 events/sec
[12:11:18]   Depression Pulse 2/5...
[12:11:18]   Applying IDLE state for 3s.
[12:11:23]   Running sysbench CPU benchmark...
[12:11:33]   3322.00 events/sec
[12:11:33]     State after DEP Pulse 2: [12:11:23]   Running sysbench CPU benchmark...
[12:11:33]   3322.00 events/sec
3322.00 events/sec
[12:11:33]   Depression Pulse 3/5...
[12:11:33]   Applying IDLE state for 3s.
[12:11:38]   Running sysbench CPU benchmark...
[12:11:48]   3323.61 events/sec
[12:11:48]     State after DEP Pulse 3: [12:11:38]   Running sysbench CPU benchmark...
[12:11:48]   3323.61 events/sec
3323.61 events/sec
[12:11:48]   Depression Pulse 4/5...
[12:11:48]   Applying IDLE state for 3s.
[12:11:49] [*] Cleaning up background processes and files...
[12:11:49] [*] Resetting system state (best effort)...
[12:11:49] [*] Cleanup finished.
[12:11:49] [*] Cleaning up background processes and files...
[12:11:49] [*] Resetting system state (best effort)...
[12:11:50] [*] Cleanup finished.
