[19:33:45] === Advanced NS-RAM System Analogy Stress Test v2 ===
[19:33:45] Start time: Mon May 12 07:33:45 PM CEST 2025
[19:33:45] !!! EXTREME WARNING: DANGEROUS & EXPERIMENTAL SCRIPT !!!
[19:33:45] Mode: ALL
[19:33:45] CPU: Intel(R) Core(TM) i7-8559U CPU @ 2.70GHz
BIOS Intel(R) Core(TM) i7-8559U CPU @ 2.70GHz To Be Filled By O.E.M. CPU @ 2.3GHz
[19:33:45] Kernel: 6.11.0-25-generic
[19:33:45] [1] SYSTEM SETUP & BASELINE
[19:33:45] [*] Setting performance governor & disabling turbo/boost...
[19:33:45] [*] Disabling ASLR...
[19:33:46] Initial frequency: 400000 KHz
[19:33:46] Initial temp: 33 C
[19:33:46] [*] Compiling custom stress tools (hammer, spec_havoc)...
[19:33:46] [*] Running Baseline Performance (Sysbench)...
[19:33:46]   Running sysbench CPU benchmark...
[19:33:56]   WARN: Sysbench failed to produce valid score.
[19:33:56] Baseline Sysbench CPU Score: [19:33:46]   Running sysbench CPU benchmark...
[19:33:56]   WARN: Sysbench failed to produce valid score.
N/A events/sec
[19:33:56] [*] Generating test data (20 MB)...
[19:33:56] Original data hash (MD5): 245d4c2f398034e5a8a753132c9e6a29
[19:33:57] \n[2] NEURON MODE TEST (LIF Analogy)
[19:33:57] Parameters: Amplitude='max', ON=5s, OFF=5s, Cycles=10
[19:33:57] Estimated duration: 100s
[19:33:57] Neuron Cycle 1/10: Applying Pulse (ON)...
[19:33:57]   Applying stress level 'max' for 5s: --cpu 8 --matrix 8 --vm 8 --vm-bytes 1G --cpu-method all
[19:34:02]   Stress level 'max' finished.
[19:34:02]   Pulse End: Temp=45C, Freq=2700154KHz
[19:34:02] Neuron Cycle 1/10: Recovery phase (OFF - Leaking)...
[19:34:07]   Recovery End: Temp=37C (Drop: 8C), Freq=2700000KHz (Recovered: true)
[19:34:07]   Recovery Time Measured (tau_r analogy): 5.003678423s
[19:34:07] Neuron Cycle 2/10: Applying Pulse (ON)...
[19:34:07]   Applying stress level 'max' for 5s: --cpu 8 --matrix 8 --vm 8 --vm-bytes 1G --cpu-method all
[19:34:12]   Stress level 'max' finished.
[19:34:12]   Pulse End: Temp=42C, Freq=2700055KHz
[19:34:12] Neuron Cycle 2/10: Recovery phase (OFF - Leaking)...
[19:34:17]   Recovery End: Temp=37C (Drop: 5C), Freq=2699702KHz (Recovered: true)
[19:34:17]   Recovery Time Measured (tau_r analogy): 5.004040299s
[19:34:17] Neuron Cycle 3/10: Applying Pulse (ON)...
[19:34:17]   Applying stress level 'max' for 5s: --cpu 8 --matrix 8 --vm 8 --vm-bytes 1G --cpu-method all
[19:34:22]   Stress level 'max' finished.
[19:34:22]   Pulse End: Temp=50C, Freq=2701335KHz
[19:34:22] Neuron Cycle 3/10: Recovery phase (OFF - Leaking)...
[19:34:27]   Recovery End: Temp=39C (Drop: 11C), Freq=2700018KHz (Recovered: true)
[19:34:27]   Recovery Time Measured (tau_r analogy): 5.002973456s
[19:34:27] Neuron Cycle 4/10: Applying Pulse (ON)...
[19:34:27]   Applying stress level 'max' for 5s: --cpu 8 --matrix 8 --vm 8 --vm-bytes 1G --cpu-method all
[19:34:33]   Stress level 'max' finished.
[19:34:33]   Pulse End: Temp=47C, Freq=2700008KHz
[19:34:33] Neuron Cycle 4/10: Recovery phase (OFF - Leaking)...
[19:34:38]   Recovery End: Temp=39C (Drop: 8C), Freq=2702188KHz (Recovered: true)
[19:34:38]   Recovery Time Measured (tau_r analogy): 5.003629113s
[19:34:38] Neuron Cycle 5/10: Applying Pulse (ON)...
[19:34:38]   Applying stress level 'max' for 5s: --cpu 8 --matrix 8 --vm 8 --vm-bytes 1G --cpu-method all
[19:34:43]   Stress level 'max' finished.
[19:34:43]   Pulse End: Temp=47C, Freq=2699524KHz
[19:34:43] Neuron Cycle 5/10: Recovery phase (OFF - Leaking)...
[19:34:48]   Recovery End: Temp=38C (Drop: 9C), Freq=2699996KHz (Recovered: true)
[19:34:48]   Recovery Time Measured (tau_r analogy): 5.003865180s
[19:34:48] Neuron Cycle 6/10: Applying Pulse (ON)...
[19:34:48]   Applying stress level 'max' for 5s: --cpu 8 --matrix 8 --vm 8 --vm-bytes 1G --cpu-method all
[19:34:53]   Stress level 'max' finished.
[19:34:53]   Pulse End: Temp=43C, Freq=2699996KHz
[19:34:53] Neuron Cycle 6/10: Recovery phase (OFF - Leaking)...
[19:34:58]   Recovery End: Temp=40C (Drop: 3C), Freq=2700075KHz (Recovered: true)
[19:34:58]   Recovery Time Measured (tau_r analogy): 5.003256677s
[19:34:58]   [!] WARN: Low temperature drop during recovery (< 5C). System may be heat-saturated.
[19:34:58] Neuron Cycle 7/10: Applying Pulse (ON)...
[19:34:58]   Applying stress level 'max' for 5s: --cpu 8 --matrix 8 --vm 8 --vm-bytes 1G --cpu-method all
[19:35:04]   Stress level 'max' finished.
[19:35:04]   Pulse End: Temp=44C, Freq=2700641KHz
[19:35:04] Neuron Cycle 7/10: Recovery phase (OFF - Leaking)...
[19:35:09]   Recovery End: Temp=40C (Drop: 4C), Freq=2701117KHz (Recovered: true)
[19:35:09]   Recovery Time Measured (tau_r analogy): 5.003830964s
[19:35:09]   [!] WARN: Low temperature drop during recovery (< 5C). System may be heat-saturated.
[19:35:09] Neuron Cycle 8/10: Applying Pulse (ON)...
[19:35:09]   Applying stress level 'max' for 5s: --cpu 8 --matrix 8 --vm 8 --vm-bytes 1G --cpu-method all
[19:35:14]   Stress level 'max' finished.
[19:35:14]   Pulse End: Temp=48C, Freq=2702958KHz
[19:35:14] Neuron Cycle 8/10: Recovery phase (OFF - Leaking)...
[19:35:19]   Recovery End: Temp=40C (Drop: 8C), Freq=2703153KHz (Recovered: true)
[19:35:19]   Recovery Time Measured (tau_r analogy): 5.002814279s
[19:35:19] Neuron Cycle 9/10: Applying Pulse (ON)...
[19:35:19]   Applying stress level 'max' for 5s: --cpu 8 --matrix 8 --vm 8 --vm-bytes 1G --cpu-method all
[19:35:24]   Stress level 'max' finished.
[19:35:24]   Pulse End: Temp=45C, Freq=2700005KHz
[19:35:24] Neuron Cycle 9/10: Recovery phase (OFF - Leaking)...
[19:35:29]   Recovery End: Temp=40C (Drop: 5C), Freq=2700464KHz (Recovered: true)
[19:35:29]   Recovery Time Measured (tau_r analogy): 5.003818772s
[19:35:29] Neuron Cycle 10/10: Applying Pulse (ON)...
[19:35:29]   Applying stress level 'max' for 5s: --cpu 8 --matrix 8 --vm 8 --vm-bytes 1G --cpu-method all
[19:35:35]   Stress level 'max' finished.
[19:35:35]   Pulse End: Temp=45C, Freq=2700926KHz
[19:35:35] Neuron Cycle 10/10: Recovery phase (OFF - Leaking)...
[19:35:40]   Recovery End: Temp=40C (Drop: 5C), Freq=2698440KHz (Recovered: true)
[19:35:40]   Recovery Time Measured (tau_r analogy): 5.003817540s
[19:35:40] [✓] NEURON MODE COMPLETED: System processed 10 pulses. Check warnings for recovery issues.
[19:35:40] \n[3] SYNAPSE MODE TEST (Short-Term Plasticity Analogy)
[19:35:40] Parameters: POT_Load='high', DEP_Load='idle', Pulse=3s
[19:35:40] POT Pulses=5, DEP Pulses=5, Forget=30s, Cycles=3
[19:35:40] \nShort-Term Cycle 1/3: Starting Potentiation...
[19:35:40]   Running sysbench CPU benchmark...
[19:35:50]   WARN: Sysbench failed to produce valid score.
[19:35:50]   Cycle Start State (Sysbench Score): [19:35:40]   Running sysbench CPU benchmark...
[19:35:50]   WARN: Sysbench failed to produce valid score.
N/A events/sec
[19:35:50]   Potentiation Pulse 1/5...
[19:35:50]   Applying stress level 'high' for 3s: --cpu 8 --matrix 0 --vm 8 --vm-bytes 512M --cpu-method int64,float
[19:35:53]   Stress level 'high' finished.
[19:35:53]   Running sysbench CPU benchmark...
[19:36:03]   WARN: Sysbench failed to produce valid score.
[19:36:03]     State after POT Pulse 1: [19:35:53]   Running sysbench CPU benchmark...
[19:36:03]   WARN: Sysbench failed to produce valid score.
N/A events/sec
[19:36:03]   Potentiation Pulse 2/5...
[19:36:03]   Applying stress level 'high' for 3s: --cpu 8 --matrix 0 --vm 8 --vm-bytes 512M --cpu-method int64,float
[19:36:06]   Stress level 'high' finished.
[19:36:07]   Running sysbench CPU benchmark...
[19:36:17]   WARN: Sysbench failed to produce valid score.
[19:36:17]     State after POT Pulse 2: [19:36:07]   Running sysbench CPU benchmark...
[19:36:17]   WARN: Sysbench failed to produce valid score.
N/A events/sec
[19:36:17]   Potentiation Pulse 3/5...
[19:36:17]   Applying stress level 'high' for 3s: --cpu 8 --matrix 0 --vm 8 --vm-bytes 512M --cpu-method int64,float
[19:36:20]   Stress level 'high' finished.
[19:36:20]   Running sysbench CPU benchmark...
[19:36:30]   WARN: Sysbench failed to produce valid score.
[19:36:30]     State after POT Pulse 3: [19:36:20]   Running sysbench CPU benchmark...
[19:36:30]   WARN: Sysbench failed to produce valid score.
N/A events/sec
[19:36:30]   Potentiation Pulse 4/5...
[19:36:30]   Applying stress level 'high' for 3s: --cpu 8 --matrix 0 --vm 8 --vm-bytes 512M --cpu-method int64,float
[19:36:34]   Stress level 'high' finished.
[19:36:34]   Running sysbench CPU benchmark...
[19:36:44]   WARN: Sysbench failed to produce valid score.
[19:36:44]     State after POT Pulse 4: [19:36:34]   Running sysbench CPU benchmark...
[19:36:44]   WARN: Sysbench failed to produce valid score.
N/A events/sec
[19:36:44]   Potentiation Pulse 5/5...
[19:36:44]   Applying stress level 'high' for 3s: --cpu 8 --matrix 0 --vm 8 --vm-bytes 512M --cpu-method int64,float
[19:36:47]   Stress level 'high' finished.
[19:36:48]   Running sysbench CPU benchmark...
[19:36:58]   WARN: Sysbench failed to produce valid score.
[19:36:58]     State after POT Pulse 5: [19:36:48]   Running sysbench CPU benchmark...
[19:36:58]   WARN: Sysbench failed to produce valid score.
N/A events/sec
[19:36:58] Short-Term Cycle 1/3: Starting Depression...
[19:36:58]   Depression Pulse 1/5...
[19:36:58]   Applying IDLE state for 3s.
[19:37:01]   Running sysbench CPU benchmark...
[19:37:11]   WARN: Sysbench failed to produce valid score.
[19:37:11]     State after DEP Pulse 1: [19:37:01]   Running sysbench CPU benchmark...
[19:37:11]   WARN: Sysbench failed to produce valid score.
N/A events/sec
[19:37:11]   Depression Pulse 2/5...
[19:37:11]   Applying IDLE state for 3s.
[19:37:15]   Running sysbench CPU benchmark...
[19:37:25]   WARN: Sysbench failed to produce valid score.
[19:37:25]     State after DEP Pulse 2: [19:37:15]   Running sysbench CPU benchmark...
[19:37:25]   WARN: Sysbench failed to produce valid score.
N/A events/sec
[19:37:25]   Depression Pulse 3/5...
[19:37:25]   Applying IDLE state for 3s.
[19:37:28]   Running sysbench CPU benchmark...
[19:37:31] [*] Cleaning up background processes and files...
[19:37:31] [*] Resetting system state (best effort)...
[19:37:31] [*] Cleanup finished.
[19:37:31] [*] Cleaning up background processes and files...
[19:37:31] [*] Resetting system state (best effort)...
[19:37:31] [*] Cleanup finished.
