[11:39:12] === Advanced NS-RAM System Analogy Stress Test v2 ===
[11:39:12] Start time: Tue May 13 11:39:12 AM CEST 2025
[11:39:12] !!! EXTREME WARNING: DANGEROUS & EXPERIMENTAL SCRIPT !!!
[11:39:12] Mode: ALL
[11:39:12] CPU: Intel(R) Core(TM) i7-8559U CPU @ 2.70GHz
BIOS Intel(R) Core(TM) i7-8559U CPU @ 2.70GHz To Be Filled By O.E.M. CPU @ 2.3GHz
[11:39:12] Kernel: 6.11.0-25-generic
[11:39:12] [*] Warming up sysbench...
[11:39:22] [1] SYSTEM SETUP & BASELINE
[11:39:22] [*] Setting performance governor & disabling turbo/boost...
[11:39:22] [*] Disabling ASLR...
[11:39:23] Initial frequency: 2700033 KHz
[11:39:23] Initial temp: 45 C
[11:39:23] [*] Compiling custom stress tools (hammer, spec_havoc)...
[11:39:23] [*] Running Baseline Performance (Sysbench)...
[11:39:23]   Running sysbench CPU benchmark...
[11:39:33]   3320.44 events/sec
[11:39:33] Baseline Sysbench CPU Score: [11:39:23]   Running sysbench CPU benchmark...
[11:39:33]   3320.44 events/sec
3320.44 events/sec
[11:39:33] [*] Generating test data (20 MB)...
[11:39:34] Original data hash (MD5): abec5da3508fb20d26c86cee02aecca9
[11:39:34] \n[2] NEURON MODE TEST (LIF Analogy)
[11:39:34] Parameters: Amplitude='max', ON=5s, OFF=5s, Cycles=10
[11:39:34] Estimated duration: 100s
[11:39:34] Neuron Cycle 1/10: Applying Pulse (ON)...
[11:39:34]   Applying stress level 'max' for 5s: --cpu 8 --matrix 8 --vm 8 --vm-bytes 1G --cpu-method all
[11:39:39]   Stress level 'max' finished.
[11:39:39]   Pulse End: Temp=51C, Freq=2700014KHz
[11:39:39] Neuron Cycle 1/10: Recovery phase (OFF - Leaking)...
[11:39:44]   Recovery End: Temp=42C (Drop: 9C), Freq=2699986KHz (Recovered: true)
[11:39:44]   Recovery Time Measured (tau_r analogy): 5.003884899s
[11:39:44] Neuron Cycle 2/10: Applying Pulse (ON)...
[11:39:44]   Applying stress level 'max' for 5s: --cpu 8 --matrix 8 --vm 8 --vm-bytes 1G --cpu-method all
[11:39:49]   Stress level 'max' finished.
[11:39:49]   Pulse End: Temp=51C, Freq=2701983KHz
[11:39:49] Neuron Cycle 2/10: Recovery phase (OFF - Leaking)...
[11:39:54]   Recovery End: Temp=42C (Drop: 9C), Freq=2701434KHz (Recovered: true)
[11:39:54]   Recovery Time Measured (tau_r analogy): 5.003077953s
[11:39:54] Neuron Cycle 3/10: Applying Pulse (ON)...
[11:39:54]   Applying stress level 'max' for 5s: --cpu 8 --matrix 8 --vm 8 --vm-bytes 1G --cpu-method all
[11:40:00]   Stress level 'max' finished.
[11:40:00]   Pulse End: Temp=46C, Freq=2699937KHz
[11:40:00] Neuron Cycle 3/10: Recovery phase (OFF - Leaking)...
[11:40:05]   Recovery End: Temp=42C (Drop: 4C), Freq=2701086KHz (Recovered: true)
[11:40:05]   Recovery Time Measured (tau_r analogy): 5.003911560s
[11:40:05]   [!] WARN: Low temperature drop during recovery (< 5C). System may be heat-saturated.
[11:40:05] Neuron Cycle 4/10: Applying Pulse (ON)...
[11:40:05]   Applying stress level 'max' for 5s: --cpu 8 --matrix 8 --vm 8 --vm-bytes 1G --cpu-method all
[11:40:11]   Stress level 'max' finished.
[11:40:11]   Pulse End: Temp=45C, Freq=2700086KHz
[11:40:11] Neuron Cycle 4/10: Recovery phase (OFF - Leaking)...
[11:40:16]   Recovery End: Temp=42C (Drop: 3C), Freq=2699989KHz (Recovered: true)
[11:40:16]   Recovery Time Measured (tau_r analogy): 5.003930408s
[11:40:16]   [!] WARN: Low temperature drop during recovery (< 5C). System may be heat-saturated.
[11:40:16] Neuron Cycle 5/10: Applying Pulse (ON)...
[11:40:16]   Applying stress level 'max' for 5s: --cpu 8 --matrix 8 --vm 8 --vm-bytes 1G --cpu-method all
[11:40:21]   Stress level 'max' finished.
[11:40:21]   Pulse End: Temp=46C, Freq=2699960KHz
[11:40:21] Neuron Cycle 5/10: Recovery phase (OFF - Leaking)...
[11:40:26]   Recovery End: Temp=42C (Drop: 4C), Freq=2700000KHz (Recovered: true)
[11:40:26]   Recovery Time Measured (tau_r analogy): 5.003048168s
[11:40:26]   [!] WARN: Low temperature drop during recovery (< 5C). System may be heat-saturated.
[11:40:26] Neuron Cycle 6/10: Applying Pulse (ON)...
[11:40:26]   Applying stress level 'max' for 5s: --cpu 8 --matrix 8 --vm 8 --vm-bytes 1G --cpu-method all
[11:40:32]   Stress level 'max' finished.
[11:40:32]   Pulse End: Temp=48C, Freq=2700244KHz
[11:40:32] Neuron Cycle 6/10: Recovery phase (OFF - Leaking)...
[11:40:37]   Recovery End: Temp=42C (Drop: 6C), Freq=2699541KHz (Recovered: true)
[11:40:37]   Recovery Time Measured (tau_r analogy): 5.003927209s
[11:40:37] Neuron Cycle 7/10: Applying Pulse (ON)...
[11:40:37]   Applying stress level 'max' for 5s: --cpu 8 --matrix 8 --vm 8 --vm-bytes 1G --cpu-method all
[11:40:42]   Stress level 'max' finished.
[11:40:42]   Pulse End: Temp=49C, Freq=2700012KHz
[11:40:42] Neuron Cycle 7/10: Recovery phase (OFF - Leaking)...
[11:40:47]   Recovery End: Temp=42C (Drop: 7C), Freq=2700004KHz (Recovered: true)
[11:40:47]   Recovery Time Measured (tau_r analogy): 5.003908478s
[11:40:47] Neuron Cycle 8/10: Applying Pulse (ON)...
[11:40:47]   Applying stress level 'max' for 5s: --cpu 8 --matrix 8 --vm 8 --vm-bytes 1G --cpu-method all
[11:40:52]   Stress level 'max' finished.
[11:40:52]   Pulse End: Temp=47C, Freq=2700602KHz
[11:40:52] Neuron Cycle 8/10: Recovery phase (OFF - Leaking)...
[11:40:57]   Recovery End: Temp=42C (Drop: 5C), Freq=2700027KHz (Recovered: true)
[11:40:57]   Recovery Time Measured (tau_r analogy): 5.003024567s
[11:40:57] Neuron Cycle 9/10: Applying Pulse (ON)...
[11:40:57]   Applying stress level 'max' for 5s: --cpu 8 --matrix 8 --vm 8 --vm-bytes 1G --cpu-method all
[11:41:02]   Stress level 'max' finished.
[11:41:02]   Pulse End: Temp=50C, Freq=2702858KHz
[11:41:02] Neuron Cycle 9/10: Recovery phase (OFF - Leaking)...
[11:41:07]   Recovery End: Temp=41C (Drop: 9C), Freq=2700585KHz (Recovered: true)
[11:41:07]   Recovery Time Measured (tau_r analogy): 5.003873229s
[11:41:07] Neuron Cycle 10/10: Applying Pulse (ON)...
[11:41:07]   Applying stress level 'max' for 5s: --cpu 8 --matrix 8 --vm 8 --vm-bytes 1G --cpu-method all
[11:41:12]   Stress level 'max' finished.
[11:41:12]   Pulse End: Temp=45C, Freq=2699970KHz
[11:41:12] Neuron Cycle 10/10: Recovery phase (OFF - Leaking)...
[11:41:17]   Recovery End: Temp=42C (Drop: 3C), Freq=2700026KHz (Recovered: true)
[11:41:17]   Recovery Time Measured (tau_r analogy): 5.003409787s
[11:41:17]   [!] WARN: Low temperature drop during recovery (< 5C). System may be heat-saturated.
[11:41:17] [✓] NEURON MODE COMPLETED: System processed 10 pulses. Check warnings for recovery issues.
[11:41:17] \n[3] SYNAPSE MODE TEST (Short-Term Plasticity Analogy)
[11:41:17] Parameters: POT_Load='high', DEP_Load='idle', Pulse=3s
[11:41:17] POT Pulses=5, DEP Pulses=5, Forget=30s, Cycles=3
[11:41:17] \nShort-Term Cycle 1/3: Starting Potentiation...
[11:41:20]   Running sysbench CPU benchmark...
[11:41:30]   3321.31 events/sec
[11:41:30]   Cycle Start State (Sysbench Score): [11:41:20]   Running sysbench CPU benchmark...
[11:41:30]   3321.31 events/sec
3321.31 events/sec
[11:41:30]   Potentiation Pulse 1/5...
[11:41:30]   Applying stress level 'high' for 3s: --cpu 8 --matrix 0 --vm 8 --vm-bytes 512M --cpu-method int64,float
[11:41:33]   Stress level 'high' finished.
[11:41:35]   Running sysbench CPU benchmark...
[11:41:45]   3321.81 events/sec
[11:41:45]     State after POT Pulse 1: [11:41:35]   Running sysbench CPU benchmark...
[11:41:45]   3321.81 events/sec
3321.81 events/sec
[11:41:45]   Potentiation Pulse 2/5...
[11:41:45]   Applying stress level 'high' for 3s: --cpu 8 --matrix 0 --vm 8 --vm-bytes 512M --cpu-method int64,float
[11:41:48]   Stress level 'high' finished.
[11:41:50]   Running sysbench CPU benchmark...
[11:42:00]   3320.43 events/sec
[11:42:00]     State after POT Pulse 2: [11:41:50]   Running sysbench CPU benchmark...
[11:42:00]   3320.43 events/sec
3320.43 events/sec
[11:42:00]   Potentiation Pulse 3/5...
[11:42:00]   Applying stress level 'high' for 3s: --cpu 8 --matrix 0 --vm 8 --vm-bytes 512M --cpu-method int64,float
[11:42:03]   Stress level 'high' finished.
[11:42:05]   Running sysbench CPU benchmark...
[11:42:15]   3323.57 events/sec
[11:42:15]     State after POT Pulse 3: [11:42:05]   Running sysbench CPU benchmark...
[11:42:15]   3323.57 events/sec
3323.57 events/sec
[11:42:15]   Potentiation Pulse 4/5...
[11:42:15]   Applying stress level 'high' for 3s: --cpu 8 --matrix 0 --vm 8 --vm-bytes 512M --cpu-method int64,float
[11:42:18]   Stress level 'high' finished.
[11:42:20]   Running sysbench CPU benchmark...
[11:42:30]   3320.10 events/sec
[11:42:30]     State after POT Pulse 4: [11:42:20]   Running sysbench CPU benchmark...
[11:42:30]   3320.10 events/sec
3320.10 events/sec
[11:42:30]   Potentiation Pulse 5/5...
[11:42:30]   Applying stress level 'high' for 3s: --cpu 8 --matrix 0 --vm 8 --vm-bytes 512M --cpu-method int64,float
[11:42:33]   Stress level 'high' finished.
[11:42:35]   Running sysbench CPU benchmark...
[11:42:45]   3322.27 events/sec
[11:42:45]     State after POT Pulse 5: [11:42:35]   Running sysbench CPU benchmark...
[11:42:45]   3322.27 events/sec
3322.27 events/sec
[11:42:45] Short-Term Cycle 1/3: Starting Depression...
[11:42:45]   Depression Pulse 1/5...
[11:42:45]   Applying IDLE state for 3s.
[11:42:50]   Running sysbench CPU benchmark...
[11:43:00]   3317.46 events/sec
[11:43:00]     State after DEP Pulse 1: [11:42:50]   Running sysbench CPU benchmark...
[11:43:00]   3317.46 events/sec
3317.46 events/sec
[11:43:00]   Depression Pulse 2/5...
[11:43:00]   Applying IDLE state for 3s.
[11:43:05]   Running sysbench CPU benchmark...
[11:43:15]   3322.30 events/sec
[11:43:15]     State after DEP Pulse 2: [11:43:05]   Running sysbench CPU benchmark...
[11:43:15]   3322.30 events/sec
3322.30 events/sec
[11:43:15]   Depression Pulse 3/5...
[11:43:15]   Applying IDLE state for 3s.
[11:43:20]   Running sysbench CPU benchmark...
[11:43:30]   3319.46 events/sec
[11:43:30]     State after DEP Pulse 3: [11:43:20]   Running sysbench CPU benchmark...
[11:43:30]   3319.46 events/sec
3319.46 events/sec
[11:43:30]   Depression Pulse 4/5...
[11:43:30]   Applying IDLE state for 3s.
[11:43:35]   Running sysbench CPU benchmark...
[11:43:45]   3318.54 events/sec
[11:43:45]     State after DEP Pulse 4: [11:43:35]   Running sysbench CPU benchmark...
[11:43:45]   3318.54 events/sec
3318.54 events/sec
[11:43:45]   Depression Pulse 5/5...
[11:43:45]   Applying IDLE state for 3s.
[11:43:50]   Running sysbench CPU benchmark...
[11:44:00]   3320.02 events/sec
[11:44:00]     State after DEP Pulse 5: [11:43:50]   Running sysbench CPU benchmark...
[11:44:00]   3320.02 events/sec
3320.02 events/sec
[11:44:00] Short-Term Cycle 1/3: Starting Forgetting/Relaxation Phase (30s)...
[11:44:05]   Running sysbench CPU benchmark...
[11:44:15]   3324.86 events/sec
[11:44:15]   Forget Time +0s: State=[11:44:05]   Running sysbench CPU benchmark...
[11:44:15]   3324.86 events/sec
3324.86 events/sec
[11:44:20]   Running sysbench CPU benchmark...
[11:44:30]   3320.68 events/sec
[11:44:30]   Forget Time +15s: State=[11:44:20]   Running sysbench CPU benchmark...
[11:44:30]   3320.68 events/sec
3320.68 events/sec
[11:44:30]   Forgetting phase complete.
[11:44:32]   Running sysbench CPU benchmark...
[11:44:42]   3327.83 events/sec
[11:44:42]   Final State after Forget: [11:44:32]   Running sysbench CPU benchmark...
[11:44:42]   3327.83 events/sec
3327.83 events/sec
[11:44:42]   Recovery comparison skipped (invalid scores: current=[11:44:32]   Running sysbench CPU benchmark...
[11:44:42]   3327.83 events/sec
3327.83, baseline=[11:39:23]   Running sysbench CPU benchmark...
[11:39:33]   3320.44 events/sec
3320.44).
[11:44:42] \nShort-Term Cycle 2/3: Starting Potentiation...
[11:44:44]   Running sysbench CPU benchmark...
[11:44:54]   3321.27 events/sec
[11:44:54]   Cycle Start State (Sysbench Score): [11:44:44]   Running sysbench CPU benchmark...
[11:44:54]   3321.27 events/sec
3321.27 events/sec
[11:44:54]   Potentiation Pulse 1/5...
[11:44:54]   Applying stress level 'high' for 3s: --cpu 8 --matrix 0 --vm 8 --vm-bytes 512M --cpu-method int64,float
[11:44:57]   Stress level 'high' finished.
[11:44:59]   Running sysbench CPU benchmark...
[11:45:09]   3319.18 events/sec
[11:45:09]     State after POT Pulse 1: [11:44:59]   Running sysbench CPU benchmark...
[11:45:09]   3319.18 events/sec
3319.18 events/sec
[11:45:09]   Potentiation Pulse 2/5...
[11:45:09]   Applying stress level 'high' for 3s: --cpu 8 --matrix 0 --vm 8 --vm-bytes 512M --cpu-method int64,float
[11:45:12]   Stress level 'high' finished.
[11:45:14]   Running sysbench CPU benchmark...
[11:45:24]   3321.65 events/sec
[11:45:24]     State after POT Pulse 2: [11:45:14]   Running sysbench CPU benchmark...
[11:45:24]   3321.65 events/sec
3321.65 events/sec
[11:45:24]   Potentiation Pulse 3/5...
[11:45:24]   Applying stress level 'high' for 3s: --cpu 8 --matrix 0 --vm 8 --vm-bytes 512M --cpu-method int64,float
[11:45:27]   Stress level 'high' finished.
[11:45:29]   Running sysbench CPU benchmark...
[11:45:39]   3324.17 events/sec
[11:45:39]     State after POT Pulse 3: [11:45:29]   Running sysbench CPU benchmark...
[11:45:39]   3324.17 events/sec
3324.17 events/sec
[11:45:39]   Potentiation Pulse 4/5...
[11:45:39]   Applying stress level 'high' for 3s: --cpu 8 --matrix 0 --vm 8 --vm-bytes 512M --cpu-method int64,float
[11:45:42]   Stress level 'high' finished.
[11:45:44]   Running sysbench CPU benchmark...
[11:45:54]   3323.02 events/sec
[11:45:54]     State after POT Pulse 4: [11:45:44]   Running sysbench CPU benchmark...
[11:45:54]   3323.02 events/sec
3323.02 events/sec
[11:45:54]   Potentiation Pulse 5/5...
[11:45:54]   Applying stress level 'high' for 3s: --cpu 8 --matrix 0 --vm 8 --vm-bytes 512M --cpu-method int64,float
[11:45:57]   Stress level 'high' finished.
[11:45:59]   Running sysbench CPU benchmark...
[11:46:09]   3322.34 events/sec
[11:46:09]     State after POT Pulse 5: [11:45:59]   Running sysbench CPU benchmark...
[11:46:09]   3322.34 events/sec
3322.34 events/sec
[11:46:09] Short-Term Cycle 2/3: Starting Depression...
[11:46:09]   Depression Pulse 1/5...
[11:46:09]   Applying IDLE state for 3s.
[11:46:14]   Running sysbench CPU benchmark...
[11:46:24]   3318.91 events/sec
[11:46:24]     State after DEP Pulse 1: [11:46:14]   Running sysbench CPU benchmark...
[11:46:24]   3318.91 events/sec
3318.91 events/sec
[11:46:24]   Depression Pulse 2/5...
[11:46:24]   Applying IDLE state for 3s.
[11:46:29]   Running sysbench CPU benchmark...
[11:46:39]   3319.83 events/sec
[11:46:39]     State after DEP Pulse 2: [11:46:29]   Running sysbench CPU benchmark...
[11:46:39]   3319.83 events/sec
3319.83 events/sec
[11:46:39]   Depression Pulse 3/5...
[11:46:39]   Applying IDLE state for 3s.
[11:46:44]   Running sysbench CPU benchmark...
[11:46:54]   3321.45 events/sec
[11:46:54]     State after DEP Pulse 3: [11:46:44]   Running sysbench CPU benchmark...
[11:46:54]   3321.45 events/sec
3321.45 events/sec
[11:46:54]   Depression Pulse 4/5...
[11:46:54]   Applying IDLE state for 3s.
[11:46:59]   Running sysbench CPU benchmark...
[11:47:09]   3323.79 events/sec
[11:47:09]     State after DEP Pulse 4: [11:46:59]   Running sysbench CPU benchmark...
[11:47:09]   3323.79 events/sec
3323.79 events/sec
[11:47:09]   Depression Pulse 5/5...
[11:47:09]   Applying IDLE state for 3s.
[11:47:14]   Running sysbench CPU benchmark...
[11:47:24]   3322.18 events/sec
[11:47:24]     State after DEP Pulse 5: [11:47:14]   Running sysbench CPU benchmark...
[11:47:24]   3322.18 events/sec
3322.18 events/sec
[11:47:24] Short-Term Cycle 2/3: Starting Forgetting/Relaxation Phase (30s)...
[11:47:29]   Running sysbench CPU benchmark...
[11:47:39]   3322.25 events/sec
[11:47:39]   Forget Time +0s: State=[11:47:29]   Running sysbench CPU benchmark...
[11:47:39]   3322.25 events/sec
3322.25 events/sec
[11:47:44]   Running sysbench CPU benchmark...
[11:47:54]   3323.08 events/sec
[11:47:54]   Forget Time +15s: State=[11:47:44]   Running sysbench CPU benchmark...
[11:47:54]   3323.08 events/sec
3323.08 events/sec
[11:47:54]   Forgetting phase complete.
[11:47:56]   Running sysbench CPU benchmark...
[11:48:06]   3323.63 events/sec
[11:48:06]   Final State after Forget: [11:47:56]   Running sysbench CPU benchmark...
[11:48:06]   3323.63 events/sec
3323.63 events/sec
[11:48:06]   Recovery comparison skipped (invalid scores: current=[11:47:56]   Running sysbench CPU benchmark...
[11:48:06]   3323.63 events/sec
3323.63, baseline=[11:39:23]   Running sysbench CPU benchmark...
[11:39:33]   3320.44 events/sec
3320.44).
[11:48:06] \nShort-Term Cycle 3/3: Starting Potentiation...
[11:48:08]   Running sysbench CPU benchmark...
[11:48:18]   3322.43 events/sec
[11:48:18]   Cycle Start State (Sysbench Score): [11:48:08]   Running sysbench CPU benchmark...
[11:48:18]   3322.43 events/sec
3322.43 events/sec
[11:48:18]   Potentiation Pulse 1/5...
[11:48:18]   Applying stress level 'high' for 3s: --cpu 8 --matrix 0 --vm 8 --vm-bytes 512M --cpu-method int64,float
[11:48:21]   Stress level 'high' finished.
[11:48:23]   Running sysbench CPU benchmark...
[11:48:33]   3322.86 events/sec
[11:48:34]     State after POT Pulse 1: [11:48:23]   Running sysbench CPU benchmark...
[11:48:33]   3322.86 events/sec
3322.86 events/sec
[11:48:34]   Potentiation Pulse 2/5...
[11:48:34]   Applying stress level 'high' for 3s: --cpu 8 --matrix 0 --vm 8 --vm-bytes 512M --cpu-method int64,float
[11:48:37]   Stress level 'high' finished.
[11:48:39]   Running sysbench CPU benchmark...
[11:48:49]   3323.66 events/sec
[11:48:49]     State after POT Pulse 2: [11:48:39]   Running sysbench CPU benchmark...
[11:48:49]   3323.66 events/sec
3323.66 events/sec
[11:48:49]   Potentiation Pulse 3/5...
[11:48:49]   Applying stress level 'high' for 3s: --cpu 8 --matrix 0 --vm 8 --vm-bytes 512M --cpu-method int64,float
[11:48:52]   Stress level 'high' finished.
[11:48:54]   Running sysbench CPU benchmark...
[11:49:04]   3319.39 events/sec
[11:49:04]     State after POT Pulse 3: [11:48:54]   Running sysbench CPU benchmark...
[11:49:04]   3319.39 events/sec
3319.39 events/sec
[11:49:04]   Potentiation Pulse 4/5...
[11:49:04]   Applying stress level 'high' for 3s: --cpu 8 --matrix 0 --vm 8 --vm-bytes 512M --cpu-method int64,float
[11:49:07]   Stress level 'high' finished.
[11:49:09]   Running sysbench CPU benchmark...
[11:49:19]   3321.58 events/sec
[11:49:19]     State after POT Pulse 4: [11:49:09]   Running sysbench CPU benchmark...
[11:49:19]   3321.58 events/sec
3321.58 events/sec
[11:49:19]   Potentiation Pulse 5/5...
[11:49:19]   Applying stress level 'high' for 3s: --cpu 8 --matrix 0 --vm 8 --vm-bytes 512M --cpu-method int64,float
[11:49:22]   Stress level 'high' finished.
[11:49:24]   Running sysbench CPU benchmark...
[11:49:34]   3321.01 events/sec
[11:49:34]     State after POT Pulse 5: [11:49:24]   Running sysbench CPU benchmark...
[11:49:34]   3321.01 events/sec
3321.01 events/sec
[11:49:34] Short-Term Cycle 3/3: Starting Depression...
[11:49:34]   Depression Pulse 1/5...
[11:49:34]   Applying IDLE state for 3s.
[11:49:39]   Running sysbench CPU benchmark...
[11:49:49]   3320.76 events/sec
[11:49:49]     State after DEP Pulse 1: [11:49:39]   Running sysbench CPU benchmark...
[11:49:49]   3320.76 events/sec
3320.76 events/sec
[11:49:49]   Depression Pulse 2/5...
[11:49:49]   Applying IDLE state for 3s.
[11:49:54]   Running sysbench CPU benchmark...
[11:50:04]   3317.29 events/sec
[11:50:04]     State after DEP Pulse 2: [11:49:54]   Running sysbench CPU benchmark...
[11:50:04]   3317.29 events/sec
3317.29 events/sec
[11:50:04]   Depression Pulse 3/5...
[11:50:04]   Applying IDLE state for 3s.
[11:50:09]   Running sysbench CPU benchmark...
[11:50:19]   3320.27 events/sec
[11:50:19]     State after DEP Pulse 3: [11:50:09]   Running sysbench CPU benchmark...
[11:50:19]   3320.27 events/sec
3320.27 events/sec
[11:50:19]   Depression Pulse 4/5...
[11:50:19]   Applying IDLE state for 3s.
[11:50:24]   Running sysbench CPU benchmark...
[11:50:34]   3322.59 events/sec
[11:50:34]     State after DEP Pulse 4: [11:50:24]   Running sysbench CPU benchmark...
[11:50:34]   3322.59 events/sec
3322.59 events/sec
[11:50:34]   Depression Pulse 5/5...
[11:50:34]   Applying IDLE state for 3s.
[11:50:39]   Running sysbench CPU benchmark...
[11:50:49]   3321.45 events/sec
[11:50:49]     State after DEP Pulse 5: [11:50:39]   Running sysbench CPU benchmark...
[11:50:49]   3321.45 events/sec
3321.45 events/sec
[11:50:49] Short-Term Cycle 3/3: Starting Forgetting/Relaxation Phase (30s)...
[11:50:54]   Running sysbench CPU benchmark...
[11:51:04]   3322.29 events/sec
[11:51:04]   Forget Time +0s: State=[11:50:54]   Running sysbench CPU benchmark...
[11:51:04]   3322.29 events/sec
3322.29 events/sec
[11:51:09]   Running sysbench CPU benchmark...
[11:51:19]   3322.97 events/sec
[11:51:19]   Forget Time +15s: State=[11:51:09]   Running sysbench CPU benchmark...
[11:51:19]   3322.97 events/sec
3322.97 events/sec
[11:51:19]   Forgetting phase complete.
[11:51:21]   Running sysbench CPU benchmark...
[11:51:31]   3320.98 events/sec
[11:51:31]   Final State after Forget: [11:51:21]   Running sysbench CPU benchmark...
[11:51:31]   3320.98 events/sec
3320.98 events/sec
[11:51:31]   Recovery comparison skipped (invalid scores: current=[11:51:21]   Running sysbench CPU benchmark...
[11:51:31]   3320.98 events/sec
3320.98, baseline=[11:39:23]   Running sysbench CPU benchmark...
[11:39:33]   3320.44 events/sec
3320.44).
[11:51:31] [✓] SYNAPSE SHORT-TERM MODE COMPLETED.
[11:51:31] \n[4] SYNAPSE MODE TEST (Long-Term Plasticity Analogy)
[11:51:31] Parameters: POT_Load='max', DEP_Load='idle', Pulse=10s
[11:51:31] Bipolar Cycles=50, Retention Test=60s
[11:51:31] Long-Term Cycle 1/50: Applying Intense Potentiation Pulse...
[11:51:31]   Applying stress level 'max' for 10s: --cpu 8 --matrix 8 --vm 8 --vm-bytes 1G --cpu-method all
[11:51:42]   Stress level 'max' finished.
[11:51:43] Long-Term Cycle 1/50: Applying Intense Depression Pulse/State...
[11:51:43]   Applying IDLE state for 10s.
[11:51:54] Long-Term Cycle 2/50: Applying Intense Potentiation Pulse...
[11:51:54]   Applying stress level 'max' for 10s: --cpu 8 --matrix 8 --vm 8 --vm-bytes 1G --cpu-method all
[11:52:04]   Stress level 'max' finished.
[11:52:05] Long-Term Cycle 2/50: Applying Intense Depression Pulse/State...
[11:52:05]   Applying IDLE state for 10s.
[11:52:16] Long-Term Cycle 3/50: Applying Intense Potentiation Pulse...
[11:52:16]   Applying stress level 'max' for 10s: --cpu 8 --matrix 8 --vm 8 --vm-bytes 1G --cpu-method all
[11:52:27]   Stress level 'max' finished.
[11:52:28] Long-Term Cycle 3/50: Applying Intense Depression Pulse/State...
[11:52:28]   Applying IDLE state for 10s.
[11:52:39] Long-Term Cycle 4/50: Applying Intense Potentiation Pulse...
[11:52:39]   Applying stress level 'max' for 10s: --cpu 8 --matrix 8 --vm 8 --vm-bytes 1G --cpu-method all
[11:52:49]   Stress level 'max' finished.
[11:52:50] Long-Term Cycle 4/50: Applying Intense Depression Pulse/State...
[11:52:50]   Applying IDLE state for 10s.
[11:53:01] Long-Term Cycle 5/50: Applying Intense Potentiation Pulse...
[11:53:01]   Applying stress level 'max' for 10s: --cpu 8 --matrix 8 --vm 8 --vm-bytes 1G --cpu-method all
[11:53:11]   Stress level 'max' finished.
[11:53:12] Long-Term Cycle 5/50: Applying Intense Depression Pulse/State...
[11:53:12]   Applying IDLE state for 10s.
[11:53:23] Long-Term Cycle 6/50: Applying Intense Potentiation Pulse...
[11:53:23]   Applying stress level 'max' for 10s: --cpu 8 --matrix 8 --vm 8 --vm-bytes 1G --cpu-method all
[11:53:34]   Stress level 'max' finished.
[11:53:35] Long-Term Cycle 6/50: Applying Intense Depression Pulse/State...
[11:53:35]   Applying IDLE state for 10s.
[11:53:46] Long-Term Cycle 7/50: Applying Intense Potentiation Pulse...
[11:53:46]   Applying stress level 'max' for 10s: --cpu 8 --matrix 8 --vm 8 --vm-bytes 1G --cpu-method all
[11:53:57]   Stress level 'max' finished.
[11:53:58] Long-Term Cycle 7/50: Applying Intense Depression Pulse/State...
[11:53:58]   Applying IDLE state for 10s.
[11:54:09] Long-Term Cycle 8/50: Applying Intense Potentiation Pulse...
[11:54:09]   Applying stress level 'max' for 10s: --cpu 8 --matrix 8 --vm 8 --vm-bytes 1G --cpu-method all
[11:54:19]   Stress level 'max' finished.
[11:54:20] Long-Term Cycle 8/50: Applying Intense Depression Pulse/State...
[11:54:20]   Applying IDLE state for 10s.
[11:54:31] Long-Term Cycle 9/50: Applying Intense Potentiation Pulse...
[11:54:31]   Applying stress level 'max' for 10s: --cpu 8 --matrix 8 --vm 8 --vm-bytes 1G --cpu-method all
[11:54:42]   Stress level 'max' finished.
[11:54:43] Long-Term Cycle 9/50: Applying Intense Depression Pulse/State...
[11:54:43]   Applying IDLE state for 10s.
[11:54:54] Long-Term Cycle 10/50: Applying Intense Potentiation Pulse...
[11:54:54]   Applying stress level 'max' for 10s: --cpu 8 --matrix 8 --vm 8 --vm-bytes 1G --cpu-method all
[11:55:05]   Stress level 'max' finished.
[11:55:06] Long-Term Cycle 10/50: Applying Intense Depression Pulse/State...
[11:55:06]   Applying IDLE state for 10s.
[11:55:17]   Periodic integrity check (Cycle 10)...
[11:55:17]   Integrity OK.
[11:55:18] Long-Term Cycle 11/50: Applying Intense Potentiation Pulse...
[11:55:18]   Applying stress level 'max' for 10s: --cpu 8 --matrix 8 --vm 8 --vm-bytes 1G --cpu-method all
[11:55:28]   Stress level 'max' finished.
[11:55:29] Long-Term Cycle 11/50: Applying Intense Depression Pulse/State...
[11:55:29]   Applying IDLE state for 10s.
[11:55:41] Long-Term Cycle 12/50: Applying Intense Potentiation Pulse...
[11:55:41]   Applying stress level 'max' for 10s: --cpu 8 --matrix 8 --vm 8 --vm-bytes 1G --cpu-method all
[11:55:52]   Stress level 'max' finished.
[11:55:53] Long-Term Cycle 12/50: Applying Intense Depression Pulse/State...
[11:55:53]   Applying IDLE state for 10s.
[11:56:04] Long-Term Cycle 13/50: Applying Intense Potentiation Pulse...
[11:56:04]   Applying stress level 'max' for 10s: --cpu 8 --matrix 8 --vm 8 --vm-bytes 1G --cpu-method all
[11:56:14]   Stress level 'max' finished.
[11:56:15] Long-Term Cycle 13/50: Applying Intense Depression Pulse/State...
[11:56:15]   Applying IDLE state for 10s.
[11:56:26] Long-Term Cycle 14/50: Applying Intense Potentiation Pulse...
[11:56:26]   Applying stress level 'max' for 10s: --cpu 8 --matrix 8 --vm 8 --vm-bytes 1G --cpu-method all
[11:56:37]   Stress level 'max' finished.
[11:56:38] Long-Term Cycle 14/50: Applying Intense Depression Pulse/State...
[11:56:38]   Applying IDLE state for 10s.
[11:56:49] Long-Term Cycle 15/50: Applying Intense Potentiation Pulse...
[11:56:49]   Applying stress level 'max' for 10s: --cpu 8 --matrix 8 --vm 8 --vm-bytes 1G --cpu-method all
[11:56:59]   Stress level 'max' finished.
[11:57:00] Long-Term Cycle 15/50: Applying Intense Depression Pulse/State...
[11:57:00]   Applying IDLE state for 10s.
[11:57:11] Long-Term Cycle 16/50: Applying Intense Potentiation Pulse...
[11:57:11]   Applying stress level 'max' for 10s: --cpu 8 --matrix 8 --vm 8 --vm-bytes 1G --cpu-method all
[11:57:22]   Stress level 'max' finished.
[11:57:23] Long-Term Cycle 16/50: Applying Intense Depression Pulse/State...
[11:57:23]   Applying IDLE state for 10s.
[11:57:34] Long-Term Cycle 17/50: Applying Intense Potentiation Pulse...
[11:57:34]   Applying stress level 'max' for 10s: --cpu 8 --matrix 8 --vm 8 --vm-bytes 1G --cpu-method all
[11:57:45]   Stress level 'max' finished.
[11:57:46] Long-Term Cycle 17/50: Applying Intense Depression Pulse/State...
[11:57:46]   Applying IDLE state for 10s.
[11:57:57] Long-Term Cycle 18/50: Applying Intense Potentiation Pulse...
[11:57:57]   Applying stress level 'max' for 10s: --cpu 8 --matrix 8 --vm 8 --vm-bytes 1G --cpu-method all
[11:58:07]   Stress level 'max' finished.
[11:58:08] Long-Term Cycle 18/50: Applying Intense Depression Pulse/State...
[11:58:08]   Applying IDLE state for 10s.
[11:58:19] Long-Term Cycle 19/50: Applying Intense Potentiation Pulse...
[11:58:19]   Applying stress level 'max' for 10s: --cpu 8 --matrix 8 --vm 8 --vm-bytes 1G --cpu-method all
[11:58:29]   Stress level 'max' finished.
[11:58:30] Long-Term Cycle 19/50: Applying Intense Depression Pulse/State...
[11:58:30]   Applying IDLE state for 10s.
[11:58:41] Long-Term Cycle 20/50: Applying Intense Potentiation Pulse...
[11:58:41]   Applying stress level 'max' for 10s: --cpu 8 --matrix 8 --vm 8 --vm-bytes 1G --cpu-method all
[11:58:52]   Stress level 'max' finished.
[11:58:53] Long-Term Cycle 20/50: Applying Intense Depression Pulse/State...
[11:58:53]   Applying IDLE state for 10s.
[11:59:03]   Periodic integrity check (Cycle 20)...
[11:59:03]   Integrity OK.
[11:59:04] Long-Term Cycle 21/50: Applying Intense Potentiation Pulse...
[11:59:04]   Applying stress level 'max' for 10s: --cpu 8 --matrix 8 --vm 8 --vm-bytes 1G --cpu-method all
[11:59:14]   Stress level 'max' finished.
[11:59:15] Long-Term Cycle 21/50: Applying Intense Depression Pulse/State...
[11:59:15]   Applying IDLE state for 10s.
[11:59:26] Long-Term Cycle 22/50: Applying Intense Potentiation Pulse...
[11:59:26]   Applying stress level 'max' for 10s: --cpu 8 --matrix 8 --vm 8 --vm-bytes 1G --cpu-method all
[11:59:36]   Stress level 'max' finished.
[11:59:37] Long-Term Cycle 22/50: Applying Intense Depression Pulse/State...
[11:59:37]   Applying IDLE state for 10s.
[11:59:48] Long-Term Cycle 23/50: Applying Intense Potentiation Pulse...
[11:59:48]   Applying stress level 'max' for 10s: --cpu 8 --matrix 8 --vm 8 --vm-bytes 1G --cpu-method all
[11:59:59]   Stress level 'max' finished.
[12:00:00] Long-Term Cycle 23/50: Applying Intense Depression Pulse/State...
[12:00:00]   Applying IDLE state for 10s.
[12:00:11] Long-Term Cycle 24/50: Applying Intense Potentiation Pulse...
[12:00:11]   Applying stress level 'max' for 10s: --cpu 8 --matrix 8 --vm 8 --vm-bytes 1G --cpu-method all
[12:00:21]   Stress level 'max' finished.
[12:00:22] Long-Term Cycle 24/50: Applying Intense Depression Pulse/State...
[12:00:22]   Applying IDLE state for 10s.
[12:00:33] Long-Term Cycle 25/50: Applying Intense Potentiation Pulse...
[12:00:33]   Applying stress level 'max' for 10s: --cpu 8 --matrix 8 --vm 8 --vm-bytes 1G --cpu-method all
[12:00:44]   Stress level 'max' finished.
[12:00:45] Long-Term Cycle 25/50: Applying Intense Depression Pulse/State...
[12:00:45]   Applying IDLE state for 10s.
[12:00:56] Long-Term Cycle 26/50: Applying Intense Potentiation Pulse...
[12:00:56]   Applying stress level 'max' for 10s: --cpu 8 --matrix 8 --vm 8 --vm-bytes 1G --cpu-method all
[12:01:06]   Stress level 'max' finished.
[12:01:07] Long-Term Cycle 26/50: Applying Intense Depression Pulse/State...
[12:01:07]   Applying IDLE state for 10s.
[12:01:18] Long-Term Cycle 27/50: Applying Intense Potentiation Pulse...
[12:01:18]   Applying stress level 'max' for 10s: --cpu 8 --matrix 8 --vm 8 --vm-bytes 1G --cpu-method all
[12:01:29]   Stress level 'max' finished.
[12:01:30] Long-Term Cycle 27/50: Applying Intense Depression Pulse/State...
[12:01:30]   Applying IDLE state for 10s.
[12:01:41] Long-Term Cycle 28/50: Applying Intense Potentiation Pulse...
[12:01:41]   Applying stress level 'max' for 10s: --cpu 8 --matrix 8 --vm 8 --vm-bytes 1G --cpu-method all
[12:01:51]   Stress level 'max' finished.
[12:01:52] Long-Term Cycle 28/50: Applying Intense Depression Pulse/State...
[12:01:52]   Applying IDLE state for 10s.
[12:02:03] Long-Term Cycle 29/50: Applying Intense Potentiation Pulse...
[12:02:03]   Applying stress level 'max' for 10s: --cpu 8 --matrix 8 --vm 8 --vm-bytes 1G --cpu-method all
[12:02:14]   Stress level 'max' finished.
[12:02:15] Long-Term Cycle 29/50: Applying Intense Depression Pulse/State...
[12:02:15]   Applying IDLE state for 10s.
[12:02:26] Long-Term Cycle 30/50: Applying Intense Potentiation Pulse...
[12:02:26]   Applying stress level 'max' for 10s: --cpu 8 --matrix 8 --vm 8 --vm-bytes 1G --cpu-method all
[12:02:36]   Stress level 'max' finished.
[12:02:37] Long-Term Cycle 30/50: Applying Intense Depression Pulse/State...
[12:02:37]   Applying IDLE state for 10s.
[12:02:47]   Periodic integrity check (Cycle 30)...
[12:02:47]   Integrity OK.
[12:02:48] Long-Term Cycle 31/50: Applying Intense Potentiation Pulse...
[12:02:48]   Applying stress level 'max' for 10s: --cpu 8 --matrix 8 --vm 8 --vm-bytes 1G --cpu-method all
[12:02:58]   Stress level 'max' finished.
[12:02:59] Long-Term Cycle 31/50: Applying Intense Depression Pulse/State...
[12:02:59]   Applying IDLE state for 10s.
[12:03:10] Long-Term Cycle 32/50: Applying Intense Potentiation Pulse...
[12:03:10]   Applying stress level 'max' for 10s: --cpu 8 --matrix 8 --vm 8 --vm-bytes 1G --cpu-method all
[12:03:21]   Stress level 'max' finished.
[12:03:22] Long-Term Cycle 32/50: Applying Intense Depression Pulse/State...
[12:03:22]   Applying IDLE state for 10s.
[12:03:33] Long-Term Cycle 33/50: Applying Intense Potentiation Pulse...
[12:03:33]   Applying stress level 'max' for 10s: --cpu 8 --matrix 8 --vm 8 --vm-bytes 1G --cpu-method all
[12:03:38] [*] Cleaning up background processes and files...
[12:03:39] [*] Resetting system state (best effort)...
[12:03:39] [*] Cleanup finished.
[12:03:39] [*] Cleaning up background processes and files...
[12:03:39] [*] Resetting system state (best effort)...
[12:03:39] [*] Cleanup finished.
